[ 2016-11-21T00:55:32+08:00 ] ::1 /westylegit/code/index.php/Exterior/Account/login.shtml?email=aiforvu%40westyle.com&password=-126124-5314-22-1181121087652-95104-111-878123&sign_type=MD5&sign=-39109499-76-54-95-23-27112997393188-51
INFO: [ app_init ] --START--
INFO: Run Behavior\BuildLiteBehavior [ RunTime:0.000119s ]
INFO: [ app_init ] --END-- [ RunTime:0.039091s ]
INFO: [ app_begin ] --START--
INFO: Run Behavior\ReadHtmlCacheBehavior [ RunTime:0.010467s ]
INFO: [ app_begin ] --END-- [ RunTime:0.011052s ]
INFO: [ app_end ] --START--
INFO: Run Behavior\ShowPageTraceBehavior [ RunTime:0.011348s ]
INFO: [ app_end ] --END-- [ RunTime:0.012302s ]

[ 2016-11-21T01:00:40+08:00 ] 192.168.1.40 /westylegit/code/index.php/Exterior/Account/login.shtml?email=aiforvu%40westyle.com&password=-126124-5314-22-1181121087652-95104-111-878123
INFO: [ app_init ] --START--
INFO: Run Behavior\BuildLiteBehavior [ RunTime:0.000072s ]
INFO: [ app_init ] --END-- [ RunTime:0.001089s ]
INFO: [ app_begin ] --START--
INFO: Run Behavior\ReadHtmlCacheBehavior [ RunTime:0.001228s ]
INFO: [ app_begin ] --END-- [ RunTime:0.001578s ]
INFO: [ app_end ] --START--
INFO: Run Behavior\ShowPageTraceBehavior [ RunTime:0.001344s ]
INFO: [ app_end ] --END-- [ RunTime:0.001704s ]

[ 2016-11-21T01:01:36+08:00 ] 192.168.1.89 /westylegit/code/index.php/Exterior/Account/login.shtml?email=aiforvu%40westyle.com&password=-126124-5314-22-1181121087652-95104-111-878123&sign_type=MD5&sign=-39109499-76-54-95-23-27112997393188-51
INFO: [ app_init ] --START--
INFO: Run Behavior\BuildLiteBehavior [ RunTime:0.000058s ]
INFO: [ app_init ] --END-- [ RunTime:0.001022s ]
INFO: [ app_begin ] --START--
INFO: Run Behavior\ReadHtmlCacheBehavior [ RunTime:0.001282s ]
INFO: [ app_begin ] --END-- [ RunTime:0.001604s ]
INFO: [ app_end ] --START--
INFO: Run Behavior\ShowPageTraceBehavior [ RunTime:0.000773s ]
INFO: [ app_end ] --END-- [ RunTime:0.000963s ]

[ 2016-11-21T01:02:16+08:00 ] 192.168.1.89 /westylegit/code/index.php/Exterior/Account/login.shtml?email=aiforu%40westyle.com&password=-126124-5314-22-1181121087652-95104-111-878123&sign_type=MD5&sign=31-83779463-109-47-58-12273-1310388-99-119114
INFO: [ app_init ] --START--
INFO: Run Behavior\BuildLiteBehavior [ RunTime:0.000110s ]
INFO: [ app_init ] --END-- [ RunTime:0.001555s ]
INFO: [ app_begin ] --START--
INFO: Run Behavior\ReadHtmlCacheBehavior [ RunTime:0.001475s ]
INFO: [ app_begin ] --END-- [ RunTime:0.001885s ]
INFO: [ app_end ] --START--
INFO: Run Behavior\ShowPageTraceBehavior [ RunTime:0.001300s ]
INFO: [ app_end ] --END-- [ RunTime:0.001719s ]

[ 2016-11-21T01:10:15+08:00 ] 192.168.1.89 /westylegit/code/index.php/Exterior/Account/login.shtml?email=aiforu%40westyle.com&password=-126124-5314-22-1181121087652-95104-111-878123&sign_type=MD5&sign=31-83779463-109-47-58-12273-1310388-99-119114
INFO: [ app_init ] --START--
INFO: Run Behavior\BuildLiteBehavior [ RunTime:0.000039s ]
INFO: [ app_init ] --END-- [ RunTime:0.000743s ]
INFO: [ app_begin ] --START--
INFO: Run Behavior\ReadHtmlCacheBehavior [ RunTime:0.000820s ]
INFO: [ app_begin ] --END-- [ RunTime:0.001002s ]
INFO: [ app_end ] --START--
INFO: Run Behavior\ShowPageTraceBehavior [ RunTime:0.000792s ]
INFO: [ app_end ] --END-- [ RunTime:0.000974s ]

[ 2016-11-21T01:10:27+08:00 ] 192.168.1.89 /westylegit/code/index.php/Exterior/Account/login.shtml?email=aiforu%40westyle.com&password=-80111869051-12393-81-91108-127-106-12527-8668&sign_type=MD5&sign=-5318-119-120-9696583-4435-51-103884969-111
INFO: [ app_init ] --START--
INFO: Run Behavior\BuildLiteBehavior [ RunTime:0.000075s ]
INFO: [ app_init ] --END-- [ RunTime:0.001055s ]
INFO: [ app_begin ] --START--
INFO: Run Behavior\ReadHtmlCacheBehavior [ RunTime:0.000641s ]
INFO: [ app_begin ] --END-- [ RunTime:0.000829s ]
INFO: [ app_end ] --START--
INFO: Run Behavior\ShowPageTraceBehavior [ RunTime:0.000652s ]
INFO: [ app_end ] --END-- [ RunTime:0.000843s ]

[ 2016-11-21T01:10:40+08:00 ] 192.168.1.89 /westylegit/code/index.php/Exterior/Account/login.shtml?email=aiforu%40westyle.com&password=-80111869051-12393-81-91108-127-106-12527-8668&sign_type=MD5&sign=-5318-119-120-9696583-4435-51-103884969-111
INFO: [ app_init ] --START--
INFO: Run Behavior\BuildLiteBehavior [ RunTime:0.000039s ]
INFO: [ app_init ] --END-- [ RunTime:0.000576s ]
INFO: [ app_begin ] --START--
INFO: Run Behavior\ReadHtmlCacheBehavior [ RunTime:0.000565s ]
INFO: [ app_begin ] --END-- [ RunTime:0.000722s ]
INFO: [ app_end ] --START--
INFO: Run Behavior\ShowPageTraceBehavior [ RunTime:0.000587s ]
INFO: [ app_end ] --END-- [ RunTime:0.000753s ]

[ 2016-11-21T01:11:04+08:00 ] 192.168.1.40 /westylegit/code/index.php/Exterior/Account/login.shtml?email=aiforvu%40westyle.com&password=-126124-5314-22-1181121087652-95104-111-878123
INFO: [ app_init ] --START--
INFO: Run Behavior\BuildLiteBehavior [ RunTime:0.000075s ]
INFO: [ app_init ] --END-- [ RunTime:0.000948s ]
INFO: [ app_begin ] --START--
INFO: Run Behavior\ReadHtmlCacheBehavior [ RunTime:0.000639s ]
INFO: [ app_begin ] --END-- [ RunTime:0.000820s ]
INFO: [ app_end ] --START--
INFO: Run Behavior\ShowPageTraceBehavior [ RunTime:0.000982s ]
INFO: [ app_end ] --END-- [ RunTime:0.001343s ]

[ 2016-11-21T02:22:26+08:00 ] 192.168.1.40 /westylegit/code/index.php/Exterior/Account/login.shtml?email=aiforvu%40westyle.com&password=-126124-5314-22-1181121087652-95104-111-878123
INFO: [ app_init ] --START--
INFO: Run Behavior\BuildLiteBehavior [ RunTime:0.000193s ]
INFO: [ app_init ] --END-- [ RunTime:0.011121s ]
INFO: [ app_begin ] --START--
INFO: Run Behavior\ReadHtmlCacheBehavior [ RunTime:0.009944s ]
INFO: [ app_begin ] --END-- [ RunTime:0.010214s ]
INFO: [ app_end ] --START--
INFO: Run Behavior\ShowPageTraceBehavior [ RunTime:0.014076s ]
INFO: [ app_end ] --END-- [ RunTime:0.014317s ]

[ 2016-11-21T02:58:13+08:00 ] 192.168.1.89 /westylegit/code/index.php/Exterior/Account/login.shtml?email=aiforu%40westyle.com&password=-126124-5314-22-1181121087652-95104-111-878123&sign_type=MD5&sign=31-83779463-109-47-58-12273-1310388-99-119114
INFO: [ app_init ] --START--
INFO: Run Behavior\BuildLiteBehavior [ RunTime:0.000080s ]
INFO: [ app_init ] --END-- [ RunTime:0.012786s ]
INFO: [ app_begin ] --START--
INFO: Run Behavior\ReadHtmlCacheBehavior [ RunTime:0.029291s ]
INFO: [ app_begin ] --END-- [ RunTime:0.029695s ]
INFO: [ app_end ] --START--
INFO: Run Behavior\ShowPageTraceBehavior [ RunTime:0.013939s ]
INFO: [ app_end ] --END-- [ RunTime:0.014136s ]

[ 2016-11-21T03:04:19+08:00 ] 192.168.1.89 /westylegit/code/index.php/Exterior/Account/login.shtml?email=aiforu%40westyle.com&password=827CCB0EEA8A706C4C34A16891F84E7B&sign_type=MD5&sign=D31486BA8B4B03C917019EAA1B637A76
INFO: [ app_init ] --START--
INFO: Run Behavior\BuildLiteBehavior [ RunTime:0.000061s ]
INFO: [ app_init ] --END-- [ RunTime:0.001230s ]
INFO: [ app_begin ] --START--
INFO: Run Behavior\ReadHtmlCacheBehavior [ RunTime:0.000838s ]
INFO: [ app_begin ] --END-- [ RunTime:0.001049s ]
INFO: [ app_end ] --START--
INFO: Run Behavior\ShowPageTraceBehavior [ RunTime:0.000760s ]
INFO: [ app_end ] --END-- [ RunTime:0.000935s ]

[ 2016-11-21T03:05:07+08:00 ] 192.168.1.89 /westylegit/code/index.php/Exterior/Account/login.shtml?email=aiforu%40westyle.com&password=827CCB0EEA8A706C4C34A16891F84E7B&sign_type=MD5&sign=D31486BA8B4B03C917019EAA1B637A76
INFO: [ app_init ] --START--
INFO: Run Behavior\BuildLiteBehavior [ RunTime:0.000038s ]
INFO: [ app_init ] --END-- [ RunTime:0.000582s ]
INFO: [ app_begin ] --START--
INFO: Run Behavior\ReadHtmlCacheBehavior [ RunTime:0.000589s ]
INFO: [ app_begin ] --END-- [ RunTime:0.000760s ]
INFO: [ app_end ] --START--
INFO: Run Behavior\ShowPageTraceBehavior [ RunTime:0.000613s ]
INFO: [ app_end ] --END-- [ RunTime:0.000797s ]

[ 2016-11-21T03:05:21+08:00 ] 192.168.1.89 /westylegit/code/index.php/Exterior/Account/login.shtml?email=aiforu%40westyle.com&password=827CCB0EEA8A706C4C34A16891F84E7B&sign_type=MD5&sign=D31486BA8B4B03C917019EAA1B637A76
INFO: [ app_init ] --START--
INFO: Run Behavior\BuildLiteBehavior [ RunTime:0.000033s ]
INFO: [ app_init ] --END-- [ RunTime:0.000515s ]
INFO: [ app_begin ] --START--
INFO: Run Behavior\ReadHtmlCacheBehavior [ RunTime:0.000538s ]
INFO: [ app_begin ] --END-- [ RunTime:0.000703s ]
INFO: [ app_end ] --START--
INFO: Run Behavior\ShowPageTraceBehavior [ RunTime:0.000618s ]
INFO: [ app_end ] --END-- [ RunTime:0.000798s ]

[ 2016-11-21T03:10:43+08:00 ] 192.168.1.89 /westylegit/code/index.php/Exterior/Account/login.shtml?email=aiforu%40westyle.com&password=827ccb0eea8a706c4c34a16891f84e7b&sign_type=MD5&sign=108F75E6975DE13D34211039A3511724
INFO: [ app_init ] --START--
INFO: Run Behavior\BuildLiteBehavior [ RunTime:0.000143s ]
INFO: [ app_init ] --END-- [ RunTime:0.012450s ]
INFO: [ app_begin ] --START--
INFO: Run Behavior\ReadHtmlCacheBehavior [ RunTime:0.013009s ]
INFO: [ app_begin ] --END-- [ RunTime:0.013370s ]
INFO: [ app_end ] --START--
INFO: Run Behavior\ShowPageTraceBehavior [ RunTime:0.014055s ]
INFO: [ app_end ] --END-- [ RunTime:0.014244s ]

[ 2016-11-21T03:11:21+08:00 ] 192.168.1.89 /westylegit/code/index.php/Exterior/Account/login.shtml?email=aiforu%40westyle.com&password=827ccb0eea8a706c4c34a16891f84e7b&sign_type=MD5&sign=108F75E6975DE13D34211039A3511724
INFO: [ app_init ] --START--
INFO: Run Behavior\BuildLiteBehavior [ RunTime:0.000035s ]
INFO: [ app_init ] --END-- [ RunTime:0.000554s ]
INFO: [ app_begin ] --START--
INFO: Run Behavior\ReadHtmlCacheBehavior [ RunTime:0.000733s ]
INFO: [ app_begin ] --END-- [ RunTime:0.000897s ]
INFO: [ app_end ] --START--
INFO: Run Behavior\ShowPageTraceBehavior [ RunTime:0.000682s ]
INFO: [ app_end ] --END-- [ RunTime:0.000941s ]

[ 2016-11-21T03:11:38+08:00 ] 192.168.1.89 /westylegit/code/index.php/Exterior/Account/login.shtml?email=aiforu%40westyle.com&password=827ccb0eea8a706c4c34a16891f84e7b&sign_type=MD5&sign=108F75E6975DE13D34211039A3511724
INFO: [ app_init ] --START--
INFO: Run Behavior\BuildLiteBehavior [ RunTime:0.000060s ]
INFO: [ app_init ] --END-- [ RunTime:0.000945s ]
INFO: [ app_begin ] --START--
INFO: Run Behavior\ReadHtmlCacheBehavior [ RunTime:0.000964s ]
INFO: [ app_begin ] --END-- [ RunTime:0.001248s ]
INFO: [ app_end ] --START--
INFO: Run Behavior\ShowPageTraceBehavior [ RunTime:0.002878s ]
INFO: [ app_end ] --END-- [ RunTime:0.003874s ]

[ 2016-11-21T03:12:23+08:00 ] 192.168.1.89 /westylegit/code/index.php/Exterior/Account/login.shtml?email=aiforu%40westyle.com&password=b06f565a33855dafa56c8196831baa44&sign_type=MD5&sign=2630DD08DD979BF4031CC8D9171B0B22
INFO: [ app_init ] --START--
INFO: Run Behavior\BuildLiteBehavior [ RunTime:0.000119s ]
INFO: [ app_init ] --END-- [ RunTime:0.001650s ]
INFO: [ app_begin ] --START--
INFO: Run Behavior\ReadHtmlCacheBehavior [ RunTime:0.001601s ]
INFO: [ app_begin ] --END-- [ RunTime:0.002081s ]
INFO: [ app_end ] --START--
INFO: Run Behavior\ShowPageTraceBehavior [ RunTime:0.001171s ]
INFO: [ app_end ] --END-- [ RunTime:0.001636s ]

[ 2016-11-21T03:12:41+08:00 ] 192.168.1.89 /westylegit/code/index.php/Exterior/Account/login.shtml?email=aiforu%40westyle.com&password=b06f565a33855dafa56c8196831baa44&sign_type=MD5&sign=2630DD08DD979BF4031CC8D9171B0B22
INFO: [ app_init ] --START--
INFO: Run Behavior\BuildLiteBehavior [ RunTime:0.000063s ]
INFO: [ app_init ] --END-- [ RunTime:0.000920s ]
INFO: [ app_begin ] --START--
INFO: Run Behavior\ReadHtmlCacheBehavior [ RunTime:0.000970s ]
INFO: [ app_begin ] --END-- [ RunTime:0.001313s ]
INFO: [ app_end ] --START--
INFO: Run Behavior\ShowPageTraceBehavior [ RunTime:0.000996s ]
INFO: [ app_end ] --END-- [ RunTime:0.001349s ]

[ 2016-11-21T03:12:53+08:00 ] 192.168.1.89 /westylegit/code/index.php/Exterior/Account/login.shtml?email=aiforu%40westyle.com&password=b06f565a33855dafa56c8196831baa44&sign_type=MD5&sign=2630DD08DD979BF4031CC8D9171B0B22
INFO: [ app_init ] --START--
INFO: Run Behavior\BuildLiteBehavior [ RunTime:0.000055s ]
INFO: [ app_init ] --END-- [ RunTime:0.000968s ]
INFO: [ app_begin ] --START--
INFO: Run Behavior\ReadHtmlCacheBehavior [ RunTime:0.001907s ]
INFO: [ app_begin ] --END-- [ RunTime:0.002397s ]
INFO: [ app_end ] --START--
INFO: Run Behavior\ShowPageTraceBehavior [ RunTime:0.000763s ]
INFO: [ app_end ] --END-- [ RunTime:0.000960s ]

[ 2016-11-21T03:20:46+08:00 ] 192.168.1.89 /westylegit/code/index.php/Exterior/Account/login.shtml?email=aiforu%40westyle.com&password=b06f565a33855dafa56c8196831baa44&sign_type=MD5&sign=2630DD08DD979BF4031CC8D9171B0B22
INFO: [ app_init ] --START--
INFO: Run Behavior\BuildLiteBehavior [ RunTime:0.000078s ]
INFO: [ app_init ] --END-- [ RunTime:0.090715s ]
INFO: [ app_begin ] --START--
INFO: Run Behavior\ReadHtmlCacheBehavior [ RunTime:0.284698s ]
INFO: [ app_begin ] --END-- [ RunTime:0.285331s ]
INFO: [ app_end ] --START--
INFO: Run Behavior\ShowPageTraceBehavior [ RunTime:0.846896s ]
INFO: [ app_end ] --END-- [ RunTime:0.847317s ]

[ 2016-11-21T03:21:14+08:00 ] 192.168.1.89 /westylegit/code/index.php/Exterior/Account/login.shtml?email=aiforu%40westyle.com&password=b06f565a33855dafa56c8196831baa44&sign_type=MD5&sign=2630DD08DD979BF4031CC8D9171B0B22
INFO: [ app_init ] --START--
INFO: Run Behavior\BuildLiteBehavior [ RunTime:0.000057s ]
INFO: [ app_init ] --END-- [ RunTime:0.000888s ]
INFO: [ app_begin ] --START--
INFO: Run Behavior\ReadHtmlCacheBehavior [ RunTime:0.000889s ]
INFO: [ app_begin ] --END-- [ RunTime:0.001154s ]
INFO: [ app_end ] --START--
INFO: Run Behavior\ShowPageTraceBehavior [ RunTime:0.001880s ]
INFO: [ app_end ] --END-- [ RunTime:0.002423s ]

[ 2016-11-21T03:21:44+08:00 ] 192.168.1.40 /westylegit/code/index.php/Exterior/Account/login.shtml?email=aiforu%40westyle.com&password=b06f565a33855dafa56c8196831baa44&sign_type=MD5&sign=2630DD08DD979BF4031CC8D9171B0B22
INFO: [ app_init ] --START--
INFO: Run Behavior\BuildLiteBehavior [ RunTime:0.000073s ]
INFO: [ app_init ] --END-- [ RunTime:0.001084s ]
INFO: [ app_begin ] --START--
INFO: Run Behavior\ReadHtmlCacheBehavior [ RunTime:0.000602s ]
INFO: [ app_begin ] --END-- [ RunTime:0.000792s ]
INFO: [ app_end ] --START--
INFO: Run Behavior\ShowPageTraceBehavior [ RunTime:0.000559s ]
INFO: [ app_end ] --END-- [ RunTime:0.000730s ]

[ 2016-11-21T03:22:14+08:00 ] 192.168.1.40 /westylegit/code/index.php/Exterior/Account/login.shtml?email=aiforu%40westyle.com&password=b06f565a33855dafa56c8196831baa44&sign_type=MD5&sign=2630DD08DD979BF4031CC8D9171B0B22
INFO: [ app_init ] --START--
INFO: Run Behavior\BuildLiteBehavior [ RunTime:0.000034s ]
INFO: [ app_init ] --END-- [ RunTime:0.000628s ]
INFO: [ app_begin ] --START--
INFO: Run Behavior\ReadHtmlCacheBehavior [ RunTime:0.000958s ]
INFO: [ app_begin ] --END-- [ RunTime:0.001150s ]
INFO: [ app_end ] --START--
INFO: Run Behavior\ShowPageTraceBehavior [ RunTime:0.000774s ]
INFO: [ app_end ] --END-- [ RunTime:0.000948s ]

[ 2016-11-21T03:22:30+08:00 ] 192.168.1.89 /westylegit/code/index.php/Exterior/Account/login.shtml?email=aiforu%40westyle.com&password=b06f565a33855dafa56c8196831baa44&sign_type=MD5&sign=2630DD08DD979BF4031CC8D9171B0B22
INFO: [ app_init ] --START--
INFO: Run Behavior\BuildLiteBehavior [ RunTime:0.000053s ]
INFO: [ app_init ] --END-- [ RunTime:0.000697s ]
INFO: [ app_begin ] --START--
INFO: Run Behavior\ReadHtmlCacheBehavior [ RunTime:0.000531s ]
INFO: [ app_begin ] --END-- [ RunTime:0.000686s ]
INFO: [ app_end ] --START--
INFO: Run Behavior\ShowPageTraceBehavior [ RunTime:0.000691s ]
INFO: [ app_end ] --END-- [ RunTime:0.000941s ]

[ 2016-11-21T03:31:41+08:00 ] 192.168.1.89 /westylegit/code/index.php/Exterior/Account/login.shtml?email=aiforu%40westyle.com&password=b06f565a33855dafa56c8196831baa44&sign_type=MD5&sign=2630DD08DD979BF4031CC8D9171B0B22
INFO: [ app_init ] --START--
INFO: Run Behavior\BuildLiteBehavior [ RunTime:0.000041s ]
INFO: [ app_init ] --END-- [ RunTime:0.000891s ]
INFO: [ app_begin ] --START--
INFO: Run Behavior\ReadHtmlCacheBehavior [ RunTime:0.000820s ]
INFO: [ app_begin ] --END-- [ RunTime:0.000995s ]
INFO: [ app_end ] --START--
INFO: Run Behavior\ShowPageTraceBehavior [ RunTime:0.000783s ]
INFO: [ app_end ] --END-- [ RunTime:0.000964s ]

[ 2016-11-21T03:33:29+08:00 ] 192.168.1.89 /westylegit/code/index.php/Exterior/Account/login.shtml?email=aiforu%40westyle.com&password=b06f565a33855dafa56c8196831baa44&sign_type=MD5&sign=2630DD08DD979BF4031CC8D9171B0B22
INFO: [ app_init ] --START--
INFO: Run Behavior\BuildLiteBehavior [ RunTime:0.000053s ]
INFO: [ app_init ] --END-- [ RunTime:0.000877s ]
INFO: [ app_begin ] --START--
INFO: Run Behavior\ReadHtmlCacheBehavior [ RunTime:0.000898s ]
INFO: [ app_begin ] --END-- [ RunTime:0.001157s ]
INFO: [ app_end ] --START--
INFO: Run Behavior\ShowPageTraceBehavior [ RunTime:0.000598s ]
INFO: [ app_end ] --END-- [ RunTime:0.000776s ]

[ 2016-11-21T03:36:46+08:00 ] 192.168.1.89 /westylegit/code/index.php/Exterior/Account/login.shtml?email=aiforu%40westyle.com&password=b06f565a33855dafa56c8196831baa44&sign_type=MD5&sign=2630DD08DD979BF4031CC8D9171B0B22
INFO: [ app_init ] --START--
INFO: Run Behavior\BuildLiteBehavior [ RunTime:0.000064s ]
INFO: [ app_init ] --END-- [ RunTime:0.001166s ]
INFO: [ app_begin ] --START--
INFO: Run Behavior\ReadHtmlCacheBehavior [ RunTime:0.001092s ]
INFO: [ app_begin ] --END-- [ RunTime:0.001358s ]
INFO: [ app_end ] --START--
INFO: Run Behavior\ShowPageTraceBehavior [ RunTime:0.000849s ]
INFO: [ app_end ] --END-- [ RunTime:0.001129s ]

