[ 2016-12-26T06:59:09+08:00 ] ::1 /westylegit/code/index.php/Exterior/Account/login.shtml?email=aiforvu%40westyle.com&password=-126124-5314-22-1181121087652-95104-111-878123&sign_type=MD5&sign=-39109499-76-54-95-23-27112997393188-51
INFO: [ app_init ] --START--
INFO: Run Behavior\BuildLiteBehavior [ RunTime:0.000048s ]
INFO: [ app_init ] --END-- [ RunTime:0.012923s ]
INFO: [ app_begin ] --START--
INFO: Run Behavior\ReadHtmlCacheBehavior [ RunTime:0.084163s ]
INFO: [ app_begin ] --END-- [ RunTime:0.084630s ]
SQL: SHOW COLUMNS FROM `westyle_operator` [ RunTime:0.0111s ]
SQL: SELECT * FROM `westyle_operator` WHERE `operator_email` = 'aiforvu@westyle.com' ORDER BY shop_id desc  [ RunTime:0.0010s ]
NOTIC: [8] Undefined offset: 0 F:\wamp\www\westylegit\code\Application\Exterior\Controller\AccountController.class.php 第 20 行.
INFO: [ app_end ] --START--
INFO: Run Behavior\ShowPageTraceBehavior [ RunTime:0.027687s ]
INFO: [ app_end ] --END-- [ RunTime:0.028017s ]

[ 2016-12-26T06:59:17+08:00 ] ::1 /westylegit/code/index.php/Exterior/Account/login.shtml?email=aiforu%40westyle.com&password=-126124-5314-22-1181121087652-95104-111-878123&sign_type=MD5&sign=-39109499-76-54-95-23-27112997393188-51
INFO: [ app_init ] --START--
INFO: Run Behavior\BuildLiteBehavior [ RunTime:0.000086s ]
INFO: [ app_init ] --END-- [ RunTime:0.001390s ]
INFO: [ app_begin ] --START--
INFO: Run Behavior\ReadHtmlCacheBehavior [ RunTime:0.001980s ]
INFO: [ app_begin ] --END-- [ RunTime:0.002262s ]
SQL: SHOW COLUMNS FROM `westyle_operator` [ RunTime:0.0971s ]
SQL: SELECT * FROM `westyle_operator` WHERE `operator_email` = 'aiforu@westyle.com' ORDER BY shop_id desc  [ RunTime:0.0004s ]
NOTIC: [8] Undefined offset: 0 F:\wamp\www\westylegit\code\Application\Exterior\Controller\AccountController.class.php 第 20 行.
INFO: [ app_end ] --START--
INFO: Run Behavior\ShowPageTraceBehavior [ RunTime:0.001338s ]
INFO: [ app_end ] --END-- [ RunTime:0.001503s ]

[ 2016-12-26T06:59:23+08:00 ] ::1 /westylegit/code/index.php/Exterior/Account/login.shtml?email=aiforvu%40westyle.com&password=-126124-5314-22-1181121087652-95104-111-878123&sign_type=MD5&sign=-39109499-76-54-95-23-27112997393188-51
INFO: [ app_init ] --START--
INFO: Run Behavior\BuildLiteBehavior [ RunTime:0.000057s ]
INFO: [ app_init ] --END-- [ RunTime:0.000939s ]
INFO: [ app_begin ] --START--
INFO: Run Behavior\ReadHtmlCacheBehavior [ RunTime:0.001947s ]
INFO: [ app_begin ] --END-- [ RunTime:0.002343s ]
SQL: SHOW COLUMNS FROM `westyle_operator` [ RunTime:0.0054s ]
SQL: SELECT * FROM `westyle_operator` WHERE `operator_email` = 'aiforvu@westyle.com' ORDER BY shop_id desc  [ RunTime:0.0006s ]
NOTIC: [8] Undefined offset: 0 F:\wamp\www\westylegit\code\Application\Exterior\Controller\AccountController.class.php 第 20 行.
INFO: [ app_end ] --START--
INFO: Run Behavior\ShowPageTraceBehavior [ RunTime:0.001296s ]
INFO: [ app_end ] --END-- [ RunTime:0.001470s ]

[ 2016-12-26T06:59:33+08:00 ] ::1 /westylegit/code/index.php/Exterior/Account/login.shtml?email=aiforvu%40westyle.com&password=-126124-5314-22-1181121087652-95104-111-878123&sign_type=MD5&sign=-39109499-76-54-95-23-27112997393188-51
INFO: [ app_init ] --START--
INFO: Run Behavior\BuildLiteBehavior [ RunTime:0.000077s ]
INFO: [ app_init ] --END-- [ RunTime:0.001152s ]
INFO: [ app_begin ] --START--
INFO: Run Behavior\ReadHtmlCacheBehavior [ RunTime:0.002219s ]
INFO: [ app_begin ] --END-- [ RunTime:0.002921s ]
SQL: SHOW COLUMNS FROM `westyle_operator` [ RunTime:0.0288s ]
SQL: SELECT * FROM `westyle_operator` WHERE `operator_email` = 'aiforvu@westyle.com' ORDER BY shop_id desc  [ RunTime:0.0006s ]
NOTIC: [8] Undefined offset: 0 F:\wamp\www\westylegit\code\Application\Exterior\Controller\AccountController.class.php 第 20 行.
INFO: [ app_end ] --START--
INFO: Run Behavior\ShowPageTraceBehavior [ RunTime:0.001399s ]
INFO: [ app_end ] --END-- [ RunTime:0.001592s ]

[ 2016-12-26T06:59:46+08:00 ] ::1 /westylegit/code/index.php/Exterior/Account/login.shtml?email=aiforu%40westyle.com&password=-126124-5314-22-1181121087652-95104-111-878123&sign_type=MD5&sign=-39109499-76-54-95-23-27112997393188-51
INFO: [ app_init ] --START--
INFO: Run Behavior\BuildLiteBehavior [ RunTime:0.000038s ]
INFO: [ app_init ] --END-- [ RunTime:0.000637s ]
INFO: [ app_begin ] --START--
INFO: Run Behavior\ReadHtmlCacheBehavior [ RunTime:0.001077s ]
INFO: [ app_begin ] --END-- [ RunTime:0.001234s ]
SQL: SHOW COLUMNS FROM `westyle_operator` [ RunTime:0.0403s ]
SQL: SELECT * FROM `westyle_operator` WHERE `operator_email` = 'aiforu@westyle.com' ORDER BY shop_id desc  [ RunTime:0.0004s ]
NOTIC: [8] Undefined offset: 0 F:\wamp\www\westylegit\code\Application\Exterior\Controller\AccountController.class.php 第 20 行.
INFO: [ app_end ] --START--
INFO: Run Behavior\ShowPageTraceBehavior [ RunTime:0.001246s ]
INFO: [ app_end ] --END-- [ RunTime:0.001401s ]

[ 2016-12-26T07:03:45+08:00 ] ::1 /westylegit/code/index.php/Exterior/Account/login.shtml?email=aiforu%40westyle.com&password=-126124-5314-22-1181121087652-95104-111-878123&sign_type=MD5&sign=-39109499-76-54-95-23-27112997393188-51
INFO: [ app_init ] --START--
INFO: Run Behavior\BuildLiteBehavior [ RunTime:0.000035s ]
INFO: [ app_init ] --END-- [ RunTime:0.000668s ]
INFO: [ app_begin ] --START--
INFO: Run Behavior\ReadHtmlCacheBehavior [ RunTime:0.001160s ]
INFO: [ app_begin ] --END-- [ RunTime:0.001333s ]
SQL: SHOW COLUMNS FROM `westyle_operator` [ RunTime:0.0048s ]
SQL: SELECT * FROM `westyle_operator` WHERE `operator_email` = 'aiforu@westyle.com' ORDER BY shop_id desc  [ RunTime:0.0007s ]
NOTIC: [8] Undefined offset: 0 F:\wamp\www\westylegit\code\Application\Exterior\Controller\AccountController.class.php 第 20 行.
INFO: [ app_end ] --START--
INFO: Run Behavior\ShowPageTraceBehavior [ RunTime:0.002018s ]
INFO: [ app_end ] --END-- [ RunTime:0.002366s ]

[ 2016-12-26T07:03:47+08:00 ] ::1 /westylegit/code/index.php/Exterior/Account/login.shtml?email=aiforvu%40westyle.com&password=-126124-5314-22-1181121087652-95104-111-878123&sign_type=MD5&sign=-39109499-76-54-95-23-27112997393188-51
INFO: [ app_init ] --START--
INFO: Run Behavior\BuildLiteBehavior [ RunTime:0.000042s ]
INFO: [ app_init ] --END-- [ RunTime:0.000683s ]
INFO: [ app_begin ] --START--
INFO: Run Behavior\ReadHtmlCacheBehavior [ RunTime:0.001999s ]
INFO: [ app_begin ] --END-- [ RunTime:0.002287s ]
SQL: SHOW COLUMNS FROM `westyle_operator` [ RunTime:0.0073s ]
SQL: SELECT * FROM `westyle_operator` WHERE `operator_email` = 'aiforvu@westyle.com' ORDER BY shop_id desc  [ RunTime:0.0005s ]
NOTIC: [8] Undefined offset: 0 F:\wamp\www\westylegit\code\Application\Exterior\Controller\AccountController.class.php 第 20 行.
INFO: [ app_end ] --START--
INFO: Run Behavior\ShowPageTraceBehavior [ RunTime:0.001549s ]
INFO: [ app_end ] --END-- [ RunTime:0.001793s ]

[ 2016-12-26T07:04:05+08:00 ] ::1 /westylegit/code/index.php/Exterior/Account/login.shtml?email=aiforu%40westyle.com&password=-126124-5314-22-1181121087652-95104-111-878123&sign_type=MD5&sign=-39109499-76-54-95-23-27112997393188-51
INFO: [ app_init ] --START--
INFO: Run Behavior\BuildLiteBehavior [ RunTime:0.000036s ]
INFO: [ app_init ] --END-- [ RunTime:0.000629s ]
INFO: [ app_begin ] --START--
INFO: Run Behavior\ReadHtmlCacheBehavior [ RunTime:0.001130s ]
INFO: [ app_begin ] --END-- [ RunTime:0.001317s ]
SQL: SHOW COLUMNS FROM `westyle_operator` [ RunTime:0.1212s ]
SQL: SELECT * FROM `westyle_operator` WHERE `operator_email` = 'aiforu@westyle.com' ORDER BY shop_id desc  [ RunTime:0.0005s ]
NOTIC: [8] Undefined offset: 0 F:\wamp\www\westylegit\code\Application\Exterior\Controller\AccountController.class.php 第 20 行.
INFO: [ app_end ] --START--
INFO: Run Behavior\ShowPageTraceBehavior [ RunTime:0.001852s ]
INFO: [ app_end ] --END-- [ RunTime:0.002023s ]

