[ 2016-12-16T07:05:15+08:00 ] ::1 /westylegit/code/index.php/Exterior/Alipay/test_refund.php
INFO: [ app_init ] --START--
INFO: Run Behavior\BuildLiteBehavior [ RunTime:0.000212s ]
INFO: [ app_init ] --END-- [ RunTime:0.044969s ]
INFO: [ app_begin ] --START--
INFO: Run Behavior\ReadHtmlCacheBehavior [ RunTime:0.143947s ]
INFO: [ app_begin ] --END-- [ RunTime:0.144690s ]
ERR: 非法操作:test_refund.php

[ 2016-12-16T07:05:43+08:00 ] ::1 /westylegit/code/index.php/Exterior/Alipay/test_refund.php
INFO: [ app_init ] --START--
INFO: Run Behavior\BuildLiteBehavior [ RunTime:0.000038s ]
INFO: [ app_init ] --END-- [ RunTime:0.000595s ]
INFO: [ app_begin ] --START--
INFO: Run Behavior\ReadHtmlCacheBehavior [ RunTime:0.000630s ]
INFO: [ app_begin ] --END-- [ RunTime:0.000806s ]
ERR: 非法操作:test_refund.php

[ 2016-12-16T07:05:55+08:00 ] ::1 /westylegit/code/index.php/Exterior/Alipay/test_refund.shtml
INFO: [ app_init ] --START--
INFO: Run Behavior\BuildLiteBehavior [ RunTime:0.000036s ]
INFO: [ app_init ] --END-- [ RunTime:0.000565s ]
INFO: [ app_begin ] --START--
INFO: Run Behavior\ReadHtmlCacheBehavior [ RunTime:0.000653s ]
INFO: [ app_begin ] --END-- [ RunTime:0.000888s ]
INFO: [ app_end ] --START--
INFO: Run Behavior\ShowPageTraceBehavior [ RunTime:0.028323s ]
INFO: [ app_end ] --END-- [ RunTime:0.029050s ]

[ 2016-12-16T07:19:27+08:00 ] ::1 /westylegit/code/index.php/Exterior/Alipay/test_refund.shtml
INFO: [ app_init ] --START--
INFO: Run Behavior\BuildLiteBehavior [ RunTime:0.000072s ]
INFO: [ app_init ] --END-- [ RunTime:0.000978s ]
INFO: [ app_begin ] --START--
INFO: Run Behavior\ReadHtmlCacheBehavior [ RunTime:0.000881s ]
INFO: [ app_begin ] --END-- [ RunTime:0.001063s ]
INFO: [ app_end ] --START--
INFO: Run Behavior\ShowPageTraceBehavior [ RunTime:0.002793s ]
INFO: [ app_end ] --END-- [ RunTime:0.003387s ]

[ 2016-12-16T08:01:26+08:00 ] ::1 /westylegit/code/index.php/Exterior/Alipay/req_to_bank
INFO: [ app_init ] --START--
INFO: Run Behavior\BuildLiteBehavior [ RunTime:0.000036s ]
INFO: [ app_init ] --END-- [ RunTime:0.000719s ]
INFO: [ app_begin ] --START--
INFO: Run Behavior\ReadHtmlCacheBehavior [ RunTime:0.000763s ]
INFO: [ app_begin ] --END-- [ RunTime:0.000919s ]

[ 2016-12-16T08:01:33+08:00 ] ::1 /westylegit/code/index.php/Exterior/Alipay/req_to_bank.sthml
INFO: [ app_init ] --START--
INFO: Run Behavior\BuildLiteBehavior [ RunTime:0.000109s ]
INFO: [ app_init ] --END-- [ RunTime:0.002027s ]
INFO: [ app_begin ] --START--
INFO: Run Behavior\ReadHtmlCacheBehavior [ RunTime:0.002703s ]
INFO: [ app_begin ] --END-- [ RunTime:0.003267s ]

[ 2016-12-16T08:01:45+08:00 ] ::1 /westylegit/code/index.php/Exterior/Alipay/req_to_bank.sthml
INFO: [ app_init ] --START--
INFO: Run Behavior\BuildLiteBehavior [ RunTime:0.000065s ]
INFO: [ app_init ] --END-- [ RunTime:0.001037s ]
INFO: [ app_begin ] --START--
INFO: Run Behavior\ReadHtmlCacheBehavior [ RunTime:0.001191s ]
INFO: [ app_begin ] --END-- [ RunTime:0.001440s ]

[ 2016-12-16T08:02:16+08:00 ] ::1 /westylegit/code/index.php/Exterior/Alipay/req_to_bank.sthml
INFO: [ app_init ] --START--
INFO: Run Behavior\BuildLiteBehavior [ RunTime:0.000033s ]
INFO: [ app_init ] --END-- [ RunTime:0.000522s ]
INFO: [ app_begin ] --START--
INFO: Run Behavior\ReadHtmlCacheBehavior [ RunTime:0.000540s ]
INFO: [ app_begin ] --END-- [ RunTime:0.000693s ]

[ 2016-12-16T08:02:32+08:00 ] ::1 /westylegit/code/index.php/Exterior/Alipay/req_to_bank.sthml
INFO: [ app_init ] --START--
INFO: Run Behavior\BuildLiteBehavior [ RunTime:0.000040s ]
INFO: [ app_init ] --END-- [ RunTime:0.000673s ]
INFO: [ app_begin ] --START--
INFO: Run Behavior\ReadHtmlCacheBehavior [ RunTime:0.001833s ]
INFO: [ app_begin ] --END-- [ RunTime:0.002191s ]

[ 2016-12-16T08:03:16+08:00 ] ::1 /westylegit/code/index.php/Exterior/Alipay/req_to_bank.sthml
INFO: [ app_init ] --START--
INFO: Run Behavior\BuildLiteBehavior [ RunTime:0.000038s ]
INFO: [ app_init ] --END-- [ RunTime:0.000672s ]
INFO: [ app_begin ] --START--
INFO: Run Behavior\ReadHtmlCacheBehavior [ RunTime:0.000583s ]
INFO: [ app_begin ] --END-- [ RunTime:0.000748s ]
ERR: 非法操作:req_to_bank.sthml

[ 2016-12-16T08:03:51+08:00 ] ::1 /westylegit/code/index.php/Exterior/Alipay/req_to_bank.shtml
INFO: [ app_init ] --START--
INFO: Run Behavior\BuildLiteBehavior [ RunTime:0.000037s ]
INFO: [ app_init ] --END-- [ RunTime:0.000630s ]
INFO: [ app_begin ] --START--
INFO: Run Behavior\ReadHtmlCacheBehavior [ RunTime:0.000858s ]
INFO: [ app_begin ] --END-- [ RunTime:0.001037s ]
NOTIC: [2] Missing argument 1 for Think\Controller::show(), called in F:\wamp\www\westylegit\code\Application\Exterior\Controller\AlipayController.class.php on line 57 and defined F:\wamp\www\westylegit\code\ThinkPHP\Library\Think\Controller.class.php 第 68 行.
NOTIC: [8] Undefined variable: content F:\wamp\www\westylegit\code\ThinkPHP\Library\Think\Controller.class.php 第 69 行.
INFO: [ view_parse ] --START--
INFO: [ template_filter ] --START--
INFO: Run Behavior\ContentReplaceBehavior [ RunTime:0.030120s ]
INFO: [ template_filter ] --END-- [ RunTime:0.030757s ]
INFO: Run Behavior\ParseTemplateBehavior [ RunTime:0.502344s ]
INFO: [ view_parse ] --END-- [ RunTime:0.503073s ]
INFO: [ view_filter ] --START--
INFO: Run Behavior\WriteHtmlCacheBehavior [ RunTime:0.030718s ]
INFO: Run Behavior\TokenBuildBehavior [ RunTime:0.023283s ]
INFO: [ view_filter ] --END-- [ RunTime:0.054954s ]
INFO: [ app_end ] --START--
INFO: Run Behavior\ShowPageTraceBehavior [ RunTime:0.002924s ]
INFO: [ app_end ] --END-- [ RunTime:0.003514s ]

[ 2016-12-16T08:04:51+08:00 ] ::1 /westylegit/code/index.php/Exterior/Alipay/req_to_bank.shtml
INFO: [ app_init ] --START--
INFO: Run Behavior\BuildLiteBehavior [ RunTime:0.000068s ]
INFO: [ app_init ] --END-- [ RunTime:0.001102s ]
INFO: [ app_begin ] --START--
INFO: Run Behavior\ReadHtmlCacheBehavior [ RunTime:0.001362s ]
INFO: [ app_begin ] --END-- [ RunTime:0.001721s ]
NOTIC: [2] Missing argument 1 for Think\Controller::show(), called in F:\wamp\www\westylegit\code\Application\Exterior\Controller\AlipayController.class.php on line 57 and defined F:\wamp\www\westylegit\code\ThinkPHP\Library\Think\Controller.class.php 第 68 行.
NOTIC: [8] Undefined variable: content F:\wamp\www\westylegit\code\ThinkPHP\Library\Think\Controller.class.php 第 69 行.
INFO: [ view_parse ] --START--
INFO: [ template_filter ] --START--
INFO: Run Behavior\ContentReplaceBehavior [ RunTime:0.000190s ]
INFO: [ template_filter ] --END-- [ RunTime:0.000561s ]
INFO: Run Behavior\ParseTemplateBehavior [ RunTime:0.013807s ]
INFO: [ view_parse ] --END-- [ RunTime:0.014167s ]
INFO: [ view_filter ] --START--
INFO: Run Behavior\WriteHtmlCacheBehavior [ RunTime:0.000934s ]
INFO: Run Behavior\TokenBuildBehavior [ RunTime:0.001479s ]
INFO: [ view_filter ] --END-- [ RunTime:0.002949s ]
INFO: [ app_end ] --START--
INFO: Run Behavior\ShowPageTraceBehavior [ RunTime:0.001729s ]
INFO: [ app_end ] --END-- [ RunTime:0.002097s ]

[ 2016-12-16T08:04:55+08:00 ] ::1 /westylegit/code/index.php/Exterior/Alipay/index.shtml
INFO: [ app_init ] --START--
INFO: Run Behavior\BuildLiteBehavior [ RunTime:0.000036s ]
INFO: [ app_init ] --END-- [ RunTime:0.000554s ]
INFO: [ app_begin ] --START--
INFO: Run Behavior\ReadHtmlCacheBehavior [ RunTime:0.000515s ]
INFO: [ app_begin ] --END-- [ RunTime:0.000668s ]
INFO: [ app_end ] --START--
INFO: Run Behavior\ShowPageTraceBehavior [ RunTime:0.001491s ]
INFO: [ app_end ] --END-- [ RunTime:0.001692s ]

[ 2016-12-16T08:11:40+08:00 ] ::1 /westylegit/code/index.php/Exterior/Alipay/index.shtml
INFO: [ app_init ] --START--
INFO: Run Behavior\BuildLiteBehavior [ RunTime:0.000075s ]
INFO: [ app_init ] --END-- [ RunTime:0.001605s ]
INFO: [ app_begin ] --START--
INFO: Run Behavior\ReadHtmlCacheBehavior [ RunTime:0.001823s ]
INFO: [ app_begin ] --END-- [ RunTime:0.002200s ]
INFO: [ app_end ] --START--
INFO: Run Behavior\ShowPageTraceBehavior [ RunTime:0.001050s ]
INFO: [ app_end ] --END-- [ RunTime:0.001301s ]

[ 2016-12-16T08:25:01+08:00 ] ::1 /westylegit/code/index.php/Exterior/Alipay/index.shtml
INFO: [ app_init ] --START--
INFO: Run Behavior\BuildLiteBehavior [ RunTime:0.000036s ]
INFO: [ app_init ] --END-- [ RunTime:0.000637s ]
INFO: [ app_begin ] --START--
INFO: Run Behavior\ReadHtmlCacheBehavior [ RunTime:0.000790s ]
INFO: [ app_begin ] --END-- [ RunTime:0.000963s ]
NOTIC: [2] Missing argument 1 for Think\Controller::show(), called in F:\wamp\www\westylegit\code\Application\Exterior\Controller\AlipayController.class.php on line 148 and defined F:\wamp\www\westylegit\code\ThinkPHP\Library\Think\Controller.class.php 第 68 行.
NOTIC: [8] Undefined variable: content F:\wamp\www\westylegit\code\ThinkPHP\Library\Think\Controller.class.php 第 69 行.
INFO: [ view_parse ] --START--
INFO: [ template_filter ] --START--
INFO: Run Behavior\ContentReplaceBehavior [ RunTime:0.000100s ]
INFO: [ template_filter ] --END-- [ RunTime:0.000282s ]
INFO: Run Behavior\ParseTemplateBehavior [ RunTime:0.071187s ]
INFO: [ view_parse ] --END-- [ RunTime:0.071387s ]
INFO: [ view_filter ] --START--
INFO: Run Behavior\WriteHtmlCacheBehavior [ RunTime:0.000508s ]
INFO: Run Behavior\TokenBuildBehavior [ RunTime:0.000888s ]
INFO: [ view_filter ] --END-- [ RunTime:0.001640s ]
NOTIC: [2] Cannot modify header information - headers already sent by (output started at F:\wamp\www\westylegit\code\ThinkPHP\Common\functions.php:850) F:\wamp\www\westylegit\code\ThinkPHP\Library\Think\View.class.php 第 91 行.
NOTIC: [2] Cannot modify header information - headers already sent by (output started at F:\wamp\www\westylegit\code\ThinkPHP\Common\functions.php:850) F:\wamp\www\westylegit\code\ThinkPHP\Library\Think\View.class.php 第 92 行.
NOTIC: [2] Cannot modify header information - headers already sent by (output started at F:\wamp\www\westylegit\code\ThinkPHP\Common\functions.php:850) F:\wamp\www\westylegit\code\ThinkPHP\Library\Think\View.class.php 第 93 行.
INFO: [ app_end ] --START--
INFO: Run Behavior\ShowPageTraceBehavior [ RunTime:0.001106s ]
INFO: [ app_end ] --END-- [ RunTime:0.001274s ]

[ 2016-12-16T08:26:02+08:00 ] ::1 /westylegit/code/index.php/Exterior/Alipay/index.shtml
INFO: [ app_init ] --START--
INFO: Run Behavior\BuildLiteBehavior [ RunTime:0.000037s ]
INFO: [ app_init ] --END-- [ RunTime:0.000580s ]
INFO: [ app_begin ] --START--
INFO: Run Behavior\ReadHtmlCacheBehavior [ RunTime:0.000578s ]
INFO: [ app_begin ] --END-- [ RunTime:0.000743s ]
NOTIC: [2] Missing argument 1 for Think\Controller::show(), called in F:\wamp\www\westylegit\code\Application\Exterior\Controller\AlipayController.class.php on line 148 and defined F:\wamp\www\westylegit\code\ThinkPHP\Library\Think\Controller.class.php 第 68 行.
NOTIC: [8] Undefined variable: content F:\wamp\www\westylegit\code\ThinkPHP\Library\Think\Controller.class.php 第 69 行.
INFO: [ view_parse ] --START--
INFO: [ template_filter ] --START--
INFO: Run Behavior\ContentReplaceBehavior [ RunTime:0.000093s ]
INFO: [ template_filter ] --END-- [ RunTime:0.000270s ]
INFO: Run Behavior\ParseTemplateBehavior [ RunTime:0.009261s ]
INFO: [ view_parse ] --END-- [ RunTime:0.009450s ]
INFO: [ view_filter ] --START--
INFO: Run Behavior\WriteHtmlCacheBehavior [ RunTime:0.000384s ]
INFO: Run Behavior\TokenBuildBehavior [ RunTime:0.000902s ]
INFO: [ view_filter ] --END-- [ RunTime:0.001645s ]
NOTIC: [2] Cannot modify header information - headers already sent by (output started at F:\wamp\www\westylegit\code\ThinkPHP\Common\functions.php:850) F:\wamp\www\westylegit\code\ThinkPHP\Library\Think\View.class.php 第 91 行.
NOTIC: [2] Cannot modify header information - headers already sent by (output started at F:\wamp\www\westylegit\code\ThinkPHP\Common\functions.php:850) F:\wamp\www\westylegit\code\ThinkPHP\Library\Think\View.class.php 第 92 行.
NOTIC: [2] Cannot modify header information - headers already sent by (output started at F:\wamp\www\westylegit\code\ThinkPHP\Common\functions.php:850) F:\wamp\www\westylegit\code\ThinkPHP\Library\Think\View.class.php 第 93 行.
INFO: [ app_end ] --START--
INFO: Run Behavior\ShowPageTraceBehavior [ RunTime:0.001397s ]
INFO: [ app_end ] --END-- [ RunTime:0.001604s ]

[ 2016-12-16T08:26:31+08:00 ] ::1 /westylegit/code/index.php/Exterior/Alipay/index.shtml
INFO: [ app_init ] --START--
INFO: Run Behavior\BuildLiteBehavior [ RunTime:0.000069s ]
INFO: [ app_init ] --END-- [ RunTime:0.000955s ]
INFO: [ app_begin ] --START--
INFO: Run Behavior\ReadHtmlCacheBehavior [ RunTime:0.000936s ]
INFO: [ app_begin ] --END-- [ RunTime:0.001281s ]
NOTIC: [2] Missing argument 1 for Think\Controller::show(), called in F:\wamp\www\westylegit\code\Application\Exterior\Controller\AlipayController.class.php on line 148 and defined F:\wamp\www\westylegit\code\ThinkPHP\Library\Think\Controller.class.php 第 68 行.
NOTIC: [8] Undefined variable: content F:\wamp\www\westylegit\code\ThinkPHP\Library\Think\Controller.class.php 第 69 行.
INFO: [ view_parse ] --START--
INFO: [ template_filter ] --START--
INFO: Run Behavior\ContentReplaceBehavior [ RunTime:0.000182s ]
INFO: [ template_filter ] --END-- [ RunTime:0.000521s ]
INFO: Run Behavior\ParseTemplateBehavior [ RunTime:0.013291s ]
INFO: [ view_parse ] --END-- [ RunTime:0.013643s ]
INFO: [ view_filter ] --START--
INFO: Run Behavior\WriteHtmlCacheBehavior [ RunTime:0.000557s ]
INFO: Run Behavior\TokenBuildBehavior [ RunTime:0.001298s ]
INFO: [ view_filter ] --END-- [ RunTime:0.002370s ]
NOTIC: [2] Cannot modify header information - headers already sent by (output started at F:\wamp\www\westylegit\code\ThinkPHP\Common\functions.php:850) F:\wamp\www\westylegit\code\ThinkPHP\Library\Think\View.class.php 第 91 行.
NOTIC: [2] Cannot modify header information - headers already sent by (output started at F:\wamp\www\westylegit\code\ThinkPHP\Common\functions.php:850) F:\wamp\www\westylegit\code\ThinkPHP\Library\Think\View.class.php 第 92 行.
NOTIC: [2] Cannot modify header information - headers already sent by (output started at F:\wamp\www\westylegit\code\ThinkPHP\Common\functions.php:850) F:\wamp\www\westylegit\code\ThinkPHP\Library\Think\View.class.php 第 93 行.
INFO: [ app_end ] --START--
INFO: Run Behavior\ShowPageTraceBehavior [ RunTime:0.001491s ]
INFO: [ app_end ] --END-- [ RunTime:0.001816s ]

[ 2016-12-16T08:31:41+08:00 ] ::1 /westylegit/code/index.php/Exterior/Alipay/index.shtml
INFO: [ app_init ] --START--
INFO: Run Behavior\BuildLiteBehavior [ RunTime:0.000035s ]
INFO: [ app_init ] --END-- [ RunTime:0.000598s ]
INFO: [ app_begin ] --START--
INFO: Run Behavior\ReadHtmlCacheBehavior [ RunTime:0.000965s ]
INFO: [ app_begin ] --END-- [ RunTime:0.001201s ]
INFO: [ app_end ] --START--
INFO: Run Behavior\ShowPageTraceBehavior [ RunTime:0.000890s ]
INFO: [ app_end ] --END-- [ RunTime:0.001059s ]

[ 2016-12-16T08:31:53+08:00 ] ::1 /westylegit/code/index.php/Exterior/Alipay/req_to_bank.shtml
INFO: [ app_init ] --START--
INFO: Run Behavior\BuildLiteBehavior [ RunTime:0.000072s ]
INFO: [ app_init ] --END-- [ RunTime:0.000975s ]
INFO: [ app_begin ] --START--
INFO: Run Behavior\ReadHtmlCacheBehavior [ RunTime:0.001071s ]
INFO: [ app_begin ] --END-- [ RunTime:0.001452s ]
NOTIC: [2] Missing argument 1 for Think\Controller::show(), called in F:\wamp\www\westylegit\code\Application\Exterior\Controller\AlipayController.class.php on line 57 and defined F:\wamp\www\westylegit\code\ThinkPHP\Library\Think\Controller.class.php 第 68 行.
NOTIC: [8] Undefined variable: content F:\wamp\www\westylegit\code\ThinkPHP\Library\Think\Controller.class.php 第 69 行.
INFO: [ view_parse ] --START--
INFO: [ template_filter ] --START--
INFO: Run Behavior\ContentReplaceBehavior [ RunTime:0.000233s ]
INFO: [ template_filter ] --END-- [ RunTime:0.000561s ]
INFO: Run Behavior\ParseTemplateBehavior [ RunTime:0.020697s ]
INFO: [ view_parse ] --END-- [ RunTime:0.021086s ]
INFO: [ view_filter ] --START--
INFO: Run Behavior\WriteHtmlCacheBehavior [ RunTime:0.002825s ]
INFO: Run Behavior\TokenBuildBehavior [ RunTime:0.002208s ]
INFO: [ view_filter ] --END-- [ RunTime:0.005838s ]
INFO: [ app_end ] --START--
INFO: Run Behavior\ShowPageTraceBehavior [ RunTime:0.001771s ]
INFO: [ app_end ] --END-- [ RunTime:0.002146s ]

[ 2016-12-16T08:33:27+08:00 ] ::1 /westylegit/code/index.php/Exterior/Alipay/index.shtml
INFO: [ app_init ] --START--
INFO: Run Behavior\BuildLiteBehavior [ RunTime:0.000037s ]
INFO: [ app_init ] --END-- [ RunTime:0.000582s ]
INFO: [ app_begin ] --START--
INFO: Run Behavior\ReadHtmlCacheBehavior [ RunTime:0.000583s ]
INFO: [ app_begin ] --END-- [ RunTime:0.000836s ]
NOTIC: [2] Missing argument 1 for Think\Controller::show(), called in F:\wamp\www\westylegit\code\Application\Exterior\Controller\AlipayController.class.php on line 145 and defined F:\wamp\www\westylegit\code\ThinkPHP\Library\Think\Controller.class.php 第 68 行.
NOTIC: [8] Undefined variable: content F:\wamp\www\westylegit\code\ThinkPHP\Library\Think\Controller.class.php 第 69 行.
INFO: [ view_parse ] --START--
INFO: [ template_filter ] --START--
INFO: Run Behavior\ContentReplaceBehavior [ RunTime:0.000321s ]
INFO: [ template_filter ] --END-- [ RunTime:0.000888s ]
INFO: Run Behavior\ParseTemplateBehavior [ RunTime:0.027596s ]
INFO: [ view_parse ] --END-- [ RunTime:0.028203s ]
INFO: [ view_filter ] --START--
INFO: Run Behavior\WriteHtmlCacheBehavior [ RunTime:0.001106s ]
INFO: Run Behavior\TokenBuildBehavior [ RunTime:0.002505s ]
INFO: [ view_filter ] --END-- [ RunTime:0.004395s ]
INFO: [ app_end ] --START--
INFO: Run Behavior\ShowPageTraceBehavior [ RunTime:0.003682s ]
INFO: [ app_end ] --END-- [ RunTime:0.004419s ]

