[ 2017-02-21T06:37:15+08:00 ] ::1 /westylegit/code/index.php/Exterior/AlipayTest/pay.shtml?buyer_identity_code=2806293008555298922&currency=EUR&trader_email=example%40aiforu.com&trans_amount=0.01&sign_type=RSA&sign=gr8t%2BzPxN3r6wghzWYyLa1ewvIXqJtso%2FH5Uv8D4Mt44krVPpOq0edc1QWyXo4BS8zCbQT8%2Bz%2Boh%2Be6IPqlSlj9N4e0RCuecBJiwgaoPi%2BBW6ZCW9JSYO2lPUvYUXOkriw3aMl78w5%2F2X7mXwMtgiuqCS6oIFMpWEwRcfUD8p9o%3D
INFO: [ app_init ] --START--
INFO: Run Behavior\BuildLiteBehavior [ RunTime:0.000035s ]
INFO: [ app_init ] --END-- [ RunTime:0.000704s ]
INFO: [ app_begin ] --START--
INFO: Run Behavior\ReadHtmlCacheBehavior [ RunTime:0.001041s ]
INFO: [ app_begin ] --END-- [ RunTime:0.001309s ]
SQL: SHOW COLUMNS FROM `westyle_operator` [ RunTime:0.0196s ]
SQL: SELECT * FROM `westyle_operator` WHERE `operator_email` = 'example@aiforu.com'  [ RunTime:0.0006s ]
NOTIC: [8] Undefined offset: 0 F:\wamp\www\westylegit\code\Application\Exterior\Controller\AlipayTestController.class.php 第 337 行.
SQL: SHOW COLUMNS FROM `westyle_shop` [ RunTime:0.0185s ]
SQL: SELECT * FROM `westyle_shop` WHERE `id` = null  [ RunTime:0.0008s ]
NOTIC: [8] Undefined offset: 0 F:\wamp\www\westylegit\code\Application\Exterior\Controller\AlipayTestController.class.php 第 341 行.
SQL: SHOW COLUMNS FROM `westyle_alipay_trade` [ RunTime:0.4416s ]
SQL: SELECT * FROM `westyle_alipay_trade` WHERE `buyer_identity_code` = '2806293008555298922' LIMIT 1   [ RunTime:0.0106s ]
NOTIC: [8] Undefined index: validate F:\wamp\www\westylegit\code\ThinkPHP\Library\Think\Model.class.php 第 1185 行.
NOTIC: [8] Undefined index: auto F:\wamp\www\westylegit\code\ThinkPHP\Library\Think\Model.class.php 第 1128 行.
SQL: INSERT INTO `westyle_alipay_trade` (`buyer_identity_code`,`currency`,`trader_email`,`trans_amount`,`partner`,`memo`,`alipay_seller_id`,`subject`,`trans_name`,`trans_create_time`,`partner_trans_id`,`state`,`method`) VALUES ('2806293008555298922','EUR','example@aiforu.com','0.01','2088021966645500','Shopping','2088021966645500','shopping','shopping','20170221063713','2017022157535451','1','1') [ RunTime:0.0672s ]
INFO: [ app_end ] --START--
INFO: Run Behavior\ShowPageTraceBehavior [ RunTime:0.164007s ]
INFO: [ app_end ] --END-- [ RunTime:0.164730s ]

[ 2017-02-21T06:37:15+08:00 ] ::1 /westylegit/code/index.php/Exterior/AlipayTest/test_pay.shtml?code=2806293008555298922
INFO: [ app_init ] --START--
INFO: Run Behavior\BuildLiteBehavior [ RunTime:0.000227s ]
INFO: [ app_init ] --END-- [ RunTime:0.034846s ]
INFO: [ app_begin ] --START--
INFO: Run Behavior\ReadHtmlCacheBehavior [ RunTime:0.015936s ]
INFO: [ app_begin ] --END-- [ RunTime:0.016845s ]
INFO: [ app_end ] --START--
INFO: Run Behavior\ShowPageTraceBehavior [ RunTime:0.002785s ]
INFO: [ app_end ] --END-- [ RunTime:0.003414s ]

