[ 2017-02-27T17:58:16+08:00 ] ::1 /westylegit/code/index.php/Exterior/Alipay/pay2.shtml?buyer_identity_code=999&currency=EUR&trader_email=example%40aiforu.com&trans_amount=0.01&sign_type=RSA&sign=eYmAoqhLcuv92XFfV5aVRCYfmIadpr0noMgJhHUchD8%2FMPnSdgP63iph8%2Bu%2BRehVsknOSOqlCAVN10GLiW79Z1sGbdqKcWrv8CS9cU7JA8GiO9WeUZGOeLG2qDyyZmuy%2FzgLxpSY2eFSsKdYWXJEYTcGPGCF10lgQTk91wzAts8%3D
INFO: [ app_init ] --START--
INFO: Run Behavior\BuildLiteBehavior [ RunTime:0.000039s ]
INFO: [ app_init ] --END-- [ RunTime:0.000690s ]
INFO: [ app_begin ] --START--
INFO: Run Behavior\ReadHtmlCacheBehavior [ RunTime:0.001769s ]
INFO: [ app_begin ] --END-- [ RunTime:0.002094s ]
SQL: SHOW COLUMNS FROM `westyle_operator` [ RunTime:0.0885s ]
SQL: SELECT * FROM `westyle_operator` WHERE `operator_email` = 'example@aiforu.com'  [ RunTime:0.0057s ]
NOTIC: [8] Undefined offset: 0 F:\wamp\www\westylegit\code\Application\Exterior\Controller\AlipayController.class.php 第 83 行.
SQL: SHOW COLUMNS FROM `westyle_shop` [ RunTime:0.0359s ]
SQL: SELECT * FROM `westyle_shop` WHERE `id` = null  [ RunTime:0.0034s ]
NOTIC: [8] Undefined offset: 0 F:\wamp\www\westylegit\code\Application\Exterior\Controller\AlipayController.class.php 第 87 行.
SQL: SHOW COLUMNS FROM `westyle_alipay_trade` [ RunTime:0.0498s ]
SQL: SELECT * FROM `westyle_alipay_trade` WHERE `buyer_identity_code` = '999' LIMIT 1   [ RunTime:0.0060s ]

[ 2017-02-27T17:58:16+08:00 ] ::1 /westylegit/code/index.php/Exterior/AlipayTest/test_pay.shtml?code=999
INFO: [ app_init ] --START--
INFO: Run Behavior\BuildLiteBehavior [ RunTime:0.000119s ]
INFO: [ app_init ] --END-- [ RunTime:0.024261s ]
INFO: [ app_begin ] --START--
INFO: Run Behavior\ReadHtmlCacheBehavior [ RunTime:0.015052s ]
INFO: [ app_begin ] --END-- [ RunTime:0.015794s ]
INFO: [ app_end ] --START--
INFO: Run Behavior\ShowPageTraceBehavior [ RunTime:0.033120s ]
INFO: [ app_end ] --END-- [ RunTime:0.033728s ]

[ 2017-02-27T17:58:23+08:00 ] ::1 /westylegit/code/index.php/Exterior/Alipay/pay2.shtml?buyer_identity_code=998&currency=EUR&trader_email=example%40aiforu.com&trans_amount=0.01&sign_type=RSA&sign=iB90%2BMZ3ODjLWazWlFiFC5KstvVvzl%2F9nsXOIzbYQVnGLbvbBnCgw%2BmIryQ4293feo4IghkeFr06vCODtiCkGIRzdl%2BAWk0kO6Oe8l9kkop%2FQjZTmYuysR1dBGgIdxUW1OQ65k1rQ9T0x5oq7MabWkZvW64fG8%2BpK7pUL1cCVYo%3D
INFO: [ app_init ] --START--
INFO: Run Behavior\BuildLiteBehavior [ RunTime:0.000035s ]
INFO: [ app_init ] --END-- [ RunTime:0.000595s ]
INFO: [ app_begin ] --START--
INFO: Run Behavior\ReadHtmlCacheBehavior [ RunTime:0.000768s ]
INFO: [ app_begin ] --END-- [ RunTime:0.000926s ]
SQL: SHOW COLUMNS FROM `westyle_operator` [ RunTime:0.0256s ]
SQL: SELECT * FROM `westyle_operator` WHERE `operator_email` = 'example@aiforu.com'  [ RunTime:0.0005s ]
NOTIC: [8] Undefined offset: 0 F:\wamp\www\westylegit\code\Application\Exterior\Controller\AlipayController.class.php 第 83 行.
SQL: SHOW COLUMNS FROM `westyle_shop` [ RunTime:0.1893s ]
SQL: SELECT * FROM `westyle_shop` WHERE `id` = null  [ RunTime:0.0011s ]
NOTIC: [8] Undefined offset: 0 F:\wamp\www\westylegit\code\Application\Exterior\Controller\AlipayController.class.php 第 87 行.
SQL: SHOW COLUMNS FROM `westyle_alipay_trade` [ RunTime:0.0429s ]
SQL: SELECT * FROM `westyle_alipay_trade` WHERE `buyer_identity_code` = '998' LIMIT 1   [ RunTime:0.0035s ]
NOTIC: [8] Undefined index: validate F:\wamp\www\westylegit\code\ThinkPHP\Library\Think\Model.class.php 第 1185 行.
NOTIC: [8] Undefined index: auto F:\wamp\www\westylegit\code\ThinkPHP\Library\Think\Model.class.php 第 1128 行.
SQL: INSERT INTO `westyle_alipay_trade` (`buyer_identity_code`,`currency`,`trader_email`,`trans_amount`,`partner`,`memo`,`alipay_seller_id`,`subject`,`trans_name`,`trans_create_time`,`partner_trans_id`,`state`,`shop_id`,`method`) VALUES ('998','EUR','example@aiforu.com','0.01','2088021966645500','Shopping','2088021966645500','','','20170227175822','2017022710148545','1',NULL,'1') [ RunTime:0.1038s ]

[ 2017-02-27T17:58:23+08:00 ] ::1 /westylegit/code/index.php/Exterior/AlipayTest/test_pay.shtml?code=998
INFO: [ app_init ] --START--
INFO: Run Behavior\BuildLiteBehavior [ RunTime:0.000045s ]
INFO: [ app_init ] --END-- [ RunTime:0.000526s ]
INFO: [ app_begin ] --START--
INFO: Run Behavior\ReadHtmlCacheBehavior [ RunTime:0.000581s ]
INFO: [ app_begin ] --END-- [ RunTime:0.000754s ]
INFO: [ app_end ] --START--
INFO: Run Behavior\ShowPageTraceBehavior [ RunTime:0.001199s ]
INFO: [ app_end ] --END-- [ RunTime:0.001508s ]

[ 2017-02-27T18:00:08+08:00 ] ::1 /westylegit/code/index.php/Exterior/Alipay/pay2.shtml?buyer_identity_code=997&currency=EUR&trader_email=example%40aiforu.com&trans_amount=0.01&sign_type=RSA&sign=tfUBiwmAX1hj%2BLRmzzBpW7wjqsoWWv7H4udLw8Uan%2FkeqDBaie8EsN30bwlZ%2BMW%2BJ5KPW%2BMel06NMvcWRp%2BZhL6VYyypBwqpvSXBZ0rwpVam1EemItI4%2B3ARNZLJ%2FWygbNuzegeil4vdyoxpmm%2B6k0qTcUpKuEHG9bSKBixOV5U%3D
INFO: [ app_init ] --START--
INFO: Run Behavior\BuildLiteBehavior [ RunTime:0.000040s ]
INFO: [ app_init ] --END-- [ RunTime:0.000696s ]
INFO: [ app_begin ] --START--
INFO: Run Behavior\ReadHtmlCacheBehavior [ RunTime:0.000959s ]
INFO: [ app_begin ] --END-- [ RunTime:0.001311s ]
SQL: SHOW COLUMNS FROM `westyle_operator` [ RunTime:0.0867s ]
SQL: SELECT * FROM `westyle_operator` WHERE `operator_email` = 'example@aiforu.com'  [ RunTime:0.0009s ]
NOTIC: [8] Undefined offset: 0 F:\wamp\www\westylegit\code\Application\Exterior\Controller\AlipayController.class.php 第 83 行.
SQL: SHOW COLUMNS FROM `westyle_shop` [ RunTime:0.1380s ]
SQL: SELECT * FROM `westyle_shop` WHERE `id` = null  [ RunTime:0.0012s ]
NOTIC: [8] Undefined offset: 0 F:\wamp\www\westylegit\code\Application\Exterior\Controller\AlipayController.class.php 第 87 行.
SQL: SHOW COLUMNS FROM `westyle_alipay_trade` [ RunTime:0.0119s ]
SQL: SELECT * FROM `westyle_alipay_trade` WHERE `buyer_identity_code` = '997' LIMIT 1   [ RunTime:0.0031s ]
NOTIC: [8] Undefined index: validate F:\wamp\www\westylegit\code\ThinkPHP\Library\Think\Model.class.php 第 1185 行.
NOTIC: [8] Undefined index: auto F:\wamp\www\westylegit\code\ThinkPHP\Library\Think\Model.class.php 第 1128 行.
SQL: INSERT INTO `westyle_alipay_trade` (`buyer_identity_code`,`currency`,`trader_email`,`trans_amount`,`partner`,`memo`,`alipay_seller_id`,`subject`,`trans_name`,`trans_create_time`,`partner_trans_id`,`state`,`shop_id`,`method`) VALUES ('997','EUR','example@aiforu.com','0.01','2088021966645500','Shopping','2088021966645500','','','20170227180007','2017022755974854','1',NULL,'1') [ RunTime:0.0991s ]

[ 2017-02-27T18:00:08+08:00 ] ::1 /westylegit/code/index.php/Exterior/AlipayTest/test_pay.shtml?code=997
INFO: [ app_init ] --START--
INFO: Run Behavior\BuildLiteBehavior [ RunTime:0.000034s ]
INFO: [ app_init ] --END-- [ RunTime:0.000591s ]
INFO: [ app_begin ] --START--
INFO: Run Behavior\ReadHtmlCacheBehavior [ RunTime:0.000814s ]
INFO: [ app_begin ] --END-- [ RunTime:0.000976s ]
INFO: [ app_end ] --START--
INFO: Run Behavior\ShowPageTraceBehavior [ RunTime:0.002612s ]
INFO: [ app_end ] --END-- [ RunTime:0.003279s ]

[ 2017-02-27T18:00:30+08:00 ] ::1 /westylegit/code/index.php/Exterior/Alipay/pay.shtml?buyer_identity_code=996&currency=EUR&trader_email=example%40aiforu.com&trans_amount=0.01&sign_type=RSA&sign=cLEgss8KqryoOCMZUqa%2F60dAwaDm5CBBL4QtQEea2sSt3US6UxNqsE6bilIeJPbx5bBvOun%2BU5WnxDOb6RQ%2BDMe%2Bg4Oqm21Ss75qkDo%2Fl1PT83TeyHmBHPHOXfBJWtd1eLeMCDqWPXukTvq3TX4dEZK%2BTm%2F%2BwRN8hyuN3TLyv4A%3D
INFO: [ app_init ] --START--
INFO: Run Behavior\BuildLiteBehavior [ RunTime:0.000044s ]
INFO: [ app_init ] --END-- [ RunTime:0.000632s ]
INFO: [ app_begin ] --START--
INFO: Run Behavior\ReadHtmlCacheBehavior [ RunTime:0.000761s ]
INFO: [ app_begin ] --END-- [ RunTime:0.000920s ]
SQL: SHOW COLUMNS FROM `westyle_operator` [ RunTime:0.0778s ]
SQL: SELECT * FROM `westyle_operator` WHERE `operator_email` = 'example@aiforu.com'  [ RunTime:0.0005s ]
NOTIC: [8] Undefined offset: 0 F:\wamp\www\westylegit\code\Application\Exterior\Controller\AlipayController.class.php 第 276 行.
SQL: SHOW COLUMNS FROM `westyle_shop` [ RunTime:0.2026s ]
SQL: SELECT * FROM `westyle_shop` WHERE `id` = null  [ RunTime:0.0013s ]
NOTIC: [8] Undefined offset: 0 F:\wamp\www\westylegit\code\Application\Exterior\Controller\AlipayController.class.php 第 280 行.
SQL: SHOW COLUMNS FROM `westyle_alipay_trade` [ RunTime:0.0128s ]
SQL: SELECT * FROM `westyle_alipay_trade` WHERE `buyer_identity_code` = '996' LIMIT 1   [ RunTime:0.0031s ]
NOTIC: [8] Undefined index: validate F:\wamp\www\westylegit\code\ThinkPHP\Library\Think\Model.class.php 第 1185 行.
NOTIC: [8] Undefined index: auto F:\wamp\www\westylegit\code\ThinkPHP\Library\Think\Model.class.php 第 1128 行.
SQL: INSERT INTO `westyle_alipay_trade` (`buyer_identity_code`,`currency`,`trader_email`,`trans_amount`,`partner`,`memo`,`alipay_seller_id`,`subject`,`trans_name`,`trans_create_time`,`partner_trans_id`,`state`,`shop_id`,`method`) VALUES ('996','EUR','example@aiforu.com','0.01','2088021966645500','Shopping','2088021966645500','','','20170227180028','2017022799100985','0',NULL,'1') [ RunTime:0.2305s ]
NOTIC: [8] Undefined variable: pres F:\wamp\www\westylegit\code\Application\Exterior\Controller\AlipayController.class.php 第 337 行.
NOTIC: [8] Undefined variable: response F:\wamp\www\westylegit\code\Application\Exterior\Controller\AlipayController.class.php 第 338 行.
SQL: UPDATE `westyle_alipay_trade` SET `buyer_identity_code`='996',`currency`='EUR',`trader_email`='example@aiforu.com',`trans_amount`='0.01',`partner`='2088021966645500',`memo`='Shopping',`alipay_seller_id`='2088021966645500',`subject`='',`trans_name`='',`trans_create_time`='20170227180028',`partner_trans_id`='2017022799100985',`state`='3',`PRIVATE_KEY`='ILLEGAL_SIGN' WHERE ( _id=251 ) [ RunTime:0.0732s ]

[ 2017-02-27T18:00:30+08:00 ] ::1 /westylegit/code/index.php/Exterior/AlipayTest/test_pay.shtml?code=996
INFO: [ app_init ] --START--
INFO: Run Behavior\BuildLiteBehavior [ RunTime:0.000067s ]
INFO: [ app_init ] --END-- [ RunTime:0.001878s ]
INFO: [ app_begin ] --START--
INFO: Run Behavior\ReadHtmlCacheBehavior [ RunTime:0.000862s ]
INFO: [ app_begin ] --END-- [ RunTime:0.001040s ]
INFO: [ app_end ] --START--
INFO: Run Behavior\ShowPageTraceBehavior [ RunTime:0.002745s ]
INFO: [ app_end ] --END-- [ RunTime:0.003351s ]

[ 2017-02-27T18:01:39+08:00 ] ::1 /westylegit/code/index.php/Exterior/Alipay/pay.shtml?buyer_identity_code=995&currency=EUR&trader_email=example%40aiforu.com&trans_amount=0.01&sign_type=RSA&sign=KLPjpeE6aAeiU0LI%2FSm7uMiVHEg1S6N0DNex4lU4S%2F5pAw9tBDf5p24F0ubz5U9H1L%2FUAveUAmweB2Nbue2%2Bni%2BqJWlzDut8qt%2F0AStGRN9UZxAolBBp%2BBSWupMbBeg9N81n%2FRBGMfKboNfq48ResPzm8eC7lpLhDhDPQNUcwio%3D
INFO: [ app_init ] --START--
INFO: Run Behavior\BuildLiteBehavior [ RunTime:0.000040s ]
INFO: [ app_init ] --END-- [ RunTime:0.000697s ]
INFO: [ app_begin ] --START--
INFO: Run Behavior\ReadHtmlCacheBehavior [ RunTime:0.000792s ]
INFO: [ app_begin ] --END-- [ RunTime:0.000955s ]
SQL: SHOW COLUMNS FROM `westyle_operator` [ RunTime:0.1112s ]
SQL: SELECT * FROM `westyle_operator` WHERE `operator_email` = 'example@aiforu.com'  [ RunTime:0.0011s ]
NOTIC: [8] Undefined offset: 0 F:\wamp\www\westylegit\code\Application\Exterior\Controller\AlipayController.class.php 第 276 行.
SQL: SHOW COLUMNS FROM `westyle_shop` [ RunTime:0.1443s ]
SQL: SELECT * FROM `westyle_shop` WHERE `id` = null  [ RunTime:0.0015s ]
NOTIC: [8] Undefined offset: 0 F:\wamp\www\westylegit\code\Application\Exterior\Controller\AlipayController.class.php 第 280 行.
SQL: SHOW COLUMNS FROM `westyle_alipay_trade` [ RunTime:0.0119s ]
SQL: SELECT * FROM `westyle_alipay_trade` WHERE `buyer_identity_code` = '995' LIMIT 1   [ RunTime:0.0035s ]
NOTIC: [8] Undefined index: validate F:\wamp\www\westylegit\code\ThinkPHP\Library\Think\Model.class.php 第 1185 行.
NOTIC: [8] Undefined index: auto F:\wamp\www\westylegit\code\ThinkPHP\Library\Think\Model.class.php 第 1128 行.
SQL: INSERT INTO `westyle_alipay_trade` (`buyer_identity_code`,`currency`,`trader_email`,`trans_amount`,`partner`,`memo`,`alipay_seller_id`,`subject`,`trans_name`,`trans_create_time`,`partner_trans_id`,`state`,`shop_id`,`method`) VALUES ('995','EUR','example@aiforu.com','0.01','2088021966645500','Shopping','2088021966645500','','','20170227180138','2017022750525554','0',NULL,'1') [ RunTime:0.0750s ]
NOTIC: [8] Undefined variable: response F:\wamp\www\westylegit\code\Application\Exterior\Controller\AlipayController.class.php 第 338 行.
SQL: UPDATE `westyle_alipay_trade` SET `buyer_identity_code`='995',`currency`='EUR',`trader_email`='example@aiforu.com',`trans_amount`='0.01',`partner`='2088021966645500',`memo`='Shopping',`alipay_seller_id`='2088021966645500',`subject`='',`trans_name`='',`trans_create_time`='20170227180138',`partner_trans_id`='2017022750525554',`state`='3',`PRIVATE_KEY`='ILLEGAL_SIGN' WHERE ( _id=252 ) [ RunTime:0.1095s ]

[ 2017-02-27T18:01:39+08:00 ] ::1 /westylegit/code/index.php/Exterior/AlipayTest/test_pay.shtml?code=995
INFO: [ app_init ] --START--
INFO: Run Behavior\BuildLiteBehavior [ RunTime:0.000048s ]
INFO: [ app_init ] --END-- [ RunTime:0.000581s ]
INFO: [ app_begin ] --START--
INFO: Run Behavior\ReadHtmlCacheBehavior [ RunTime:0.000562s ]
INFO: [ app_begin ] --END-- [ RunTime:0.000729s ]
INFO: [ app_end ] --START--
INFO: Run Behavior\ShowPageTraceBehavior [ RunTime:0.003588s ]
INFO: [ app_end ] --END-- [ RunTime:0.004622s ]

[ 2017-02-27T18:03:30+08:00 ] ::1 /westylegit/code/index.php/Exterior/Alipay/pay.shtml?buyer_identity_code=994&currency=EUR&trader_email=example%40aiforu.com&trans_amount=0.01&sign_type=RSA&sign=Y80HMAf%2FZVd6UKK6dC07ZAIjCfwiYRm%2FDT5ulqNhhkqxBAb8clPT3VNBWMB%2FuBgS0IBCu0W36uuccqsdrCNUbDvsVfFC1FO6zqGaR2AP3Rdp8%2BRFtrt0ZPuziBIYkbUcacNIk1dJ9jDOkxixSp1NyaFzU32t%2BigqUkHO2AR4xZA%3D
INFO: [ app_init ] --START--
INFO: Run Behavior\BuildLiteBehavior [ RunTime:0.000038s ]
INFO: [ app_init ] --END-- [ RunTime:0.000565s ]
INFO: [ app_begin ] --START--
INFO: Run Behavior\ReadHtmlCacheBehavior [ RunTime:0.000566s ]
INFO: [ app_begin ] --END-- [ RunTime:0.000721s ]
SQL: SHOW COLUMNS FROM `westyle_operator` [ RunTime:0.2189s ]
SQL: SELECT * FROM `westyle_operator` WHERE `operator_email` = 'example@aiforu.com'  [ RunTime:0.0005s ]
NOTIC: [8] Undefined offset: 0 F:\wamp\www\westylegit\code\Application\Exterior\Controller\AlipayController.class.php 第 276 行.
SQL: SHOW COLUMNS FROM `westyle_shop` [ RunTime:0.1202s ]
SQL: SELECT * FROM `westyle_shop` WHERE `id` = null  [ RunTime:0.0012s ]
NOTIC: [8] Undefined offset: 0 F:\wamp\www\westylegit\code\Application\Exterior\Controller\AlipayController.class.php 第 280 行.
SQL: SHOW COLUMNS FROM `westyle_alipay_trade` [ RunTime:0.1423s ]
SQL: SELECT * FROM `westyle_alipay_trade` WHERE `buyer_identity_code` = '994' LIMIT 1   [ RunTime:0.0032s ]
NOTIC: [8] Undefined index: validate F:\wamp\www\westylegit\code\ThinkPHP\Library\Think\Model.class.php 第 1185 行.
NOTIC: [8] Undefined index: auto F:\wamp\www\westylegit\code\ThinkPHP\Library\Think\Model.class.php 第 1128 行.
SQL: INSERT INTO `westyle_alipay_trade` (`buyer_identity_code`,`currency`,`trader_email`,`trans_amount`,`partner`,`memo`,`alipay_seller_id`,`subject`,`trans_name`,`trans_create_time`,`partner_trans_id`,`state`,`shop_id`,`method`) VALUES ('994','EUR','example@aiforu.com','0.01','2088021966645500','Shopping','2088021966645500','','','20170227180329','2017022749499757','0',NULL,'1') [ RunTime:0.0568s ]
NOTIC: [8] Undefined variable: response F:\wamp\www\westylegit\code\Application\Exterior\Controller\AlipayController.class.php 第 337 行.
SQL: UPDATE `westyle_alipay_trade` SET `buyer_identity_code`='994',`currency`='EUR',`trader_email`='example@aiforu.com',`trans_amount`='0.01',`partner`='2088021966645500',`memo`='Shopping',`alipay_seller_id`='2088021966645500',`subject`='',`trans_name`='',`trans_create_time`='20170227180329',`partner_trans_id`='2017022749499757',`state`='3',`PRIVATE_KEY`='ILLEGAL_SIGN' WHERE ( _id=253 ) [ RunTime:0.0621s ]

[ 2017-02-27T18:03:30+08:00 ] ::1 /westylegit/code/index.php/Exterior/AlipayTest/test_pay.shtml?code=994
INFO: [ app_init ] --START--
INFO: Run Behavior\BuildLiteBehavior [ RunTime:0.000035s ]
INFO: [ app_init ] --END-- [ RunTime:0.000639s ]
INFO: [ app_begin ] --START--
INFO: Run Behavior\ReadHtmlCacheBehavior [ RunTime:0.000783s ]
INFO: [ app_begin ] --END-- [ RunTime:0.000946s ]
INFO: [ app_end ] --START--
INFO: Run Behavior\ShowPageTraceBehavior [ RunTime:0.003488s ]
INFO: [ app_end ] --END-- [ RunTime:0.004360s ]

[ 2017-02-27T18:04:23+08:00 ] ::1 /westylegit/code/index.php/Exterior/Alipay/pay.shtml?buyer_identity_code=993&currency=EUR&trader_email=example%40aiforu.com&trans_amount=0.01&sign_type=RSA&sign=ZrUtSjwYpctsIjFZ4NRnuWuXJRDk1WUMKQZjQlinQOGalcgODJ9SfzPcJ9U%2BxcQkBcfR5ZQYSTCoQKJLp63FF8qow5g%2Bk9y0m2CfdRJLFeEQXGhQrFYV9j%2FxNu8Cs743jaqbAkxMQ0uMIv1ObLhFV8JeLV0tXwTHEwgGLQqpTNE%3D
INFO: [ app_init ] --START--
INFO: Run Behavior\BuildLiteBehavior [ RunTime:0.000034s ]
INFO: [ app_init ] --END-- [ RunTime:0.000589s ]
INFO: [ app_begin ] --START--
INFO: Run Behavior\ReadHtmlCacheBehavior [ RunTime:0.000753s ]
INFO: [ app_begin ] --END-- [ RunTime:0.000912s ]
SQL: SHOW COLUMNS FROM `westyle_operator` [ RunTime:0.0961s ]
SQL: SELECT * FROM `westyle_operator` WHERE `operator_email` = 'example@aiforu.com'  [ RunTime:0.0014s ]
NOTIC: [8] Undefined offset: 0 F:\wamp\www\westylegit\code\Application\Exterior\Controller\AlipayController.class.php 第 276 行.
SQL: SHOW COLUMNS FROM `westyle_shop` [ RunTime:0.1578s ]
SQL: SELECT * FROM `westyle_shop` WHERE `id` = null  [ RunTime:0.0012s ]
NOTIC: [8] Undefined offset: 0 F:\wamp\www\westylegit\code\Application\Exterior\Controller\AlipayController.class.php 第 280 行.
SQL: SHOW COLUMNS FROM `westyle_alipay_trade` [ RunTime:0.0122s ]
SQL: SELECT * FROM `westyle_alipay_trade` WHERE `buyer_identity_code` = '993' LIMIT 1   [ RunTime:0.0032s ]
NOTIC: [8] Undefined index: validate F:\wamp\www\westylegit\code\ThinkPHP\Library\Think\Model.class.php 第 1185 行.
NOTIC: [8] Undefined index: auto F:\wamp\www\westylegit\code\ThinkPHP\Library\Think\Model.class.php 第 1128 行.
SQL: INSERT INTO `westyle_alipay_trade` (`buyer_identity_code`,`currency`,`trader_email`,`trans_amount`,`partner`,`memo`,`alipay_seller_id`,`subject`,`trans_name`,`trans_create_time`,`partner_trans_id`,`state`,`shop_id`,`method`) VALUES ('993','EUR','example@aiforu.com','0.01','2088021966645500','Shopping','2088021966645500','','','20170227180422','2017022754579955','0',NULL,'1') [ RunTime:0.0767s ]
NOTIC: [8] Undefined variable: response F:\wamp\www\westylegit\code\Application\Exterior\Controller\AlipayController.class.php 第 338 行.
SQL: UPDATE `westyle_alipay_trade` SET `buyer_identity_code`='993',`currency`='EUR',`trader_email`='example@aiforu.com',`trans_amount`='0.01',`partner`='2088021966645500',`memo`='Shopping',`alipay_seller_id`='2088021966645500',`subject`='',`trans_name`='',`trans_create_time`='20170227180422',`partner_trans_id`='2017022754579955',`state`='3',`PRIVATE_KEY`='ILLEGAL_SIGN' WHERE ( _id=254 ) [ RunTime:0.0978s ]

[ 2017-02-27T18:04:23+08:00 ] ::1 /westylegit/code/index.php/Exterior/AlipayTest/test_pay.shtml?code=993
INFO: [ app_init ] --START--
INFO: Run Behavior\BuildLiteBehavior [ RunTime:0.000038s ]
INFO: [ app_init ] --END-- [ RunTime:0.000560s ]
INFO: [ app_begin ] --START--
INFO: Run Behavior\ReadHtmlCacheBehavior [ RunTime:0.000913s ]
INFO: [ app_begin ] --END-- [ RunTime:0.001258s ]
INFO: [ app_end ] --START--
INFO: Run Behavior\ShowPageTraceBehavior [ RunTime:0.003092s ]
INFO: [ app_end ] --END-- [ RunTime:0.004025s ]

[ 2017-02-27T18:04:58+08:00 ] ::1 /westylegit/code/index.php/Exterior/Alipay/pay.shtml?buyer_identity_code=994&currency=EUR&trader_email=example%40aiforu.com&trans_amount=0.01&sign_type=RSA&sign=Y80HMAf%2FZVd6UKK6dC07ZAIjCfwiYRm%2FDT5ulqNhhkqxBAb8clPT3VNBWMB%2FuBgS0IBCu0W36uuccqsdrCNUbDvsVfFC1FO6zqGaR2AP3Rdp8%2BRFtrt0ZPuziBIYkbUcacNIk1dJ9jDOkxixSp1NyaFzU32t%2BigqUkHO2AR4xZA%3D
INFO: [ app_init ] --START--
INFO: Run Behavior\BuildLiteBehavior [ RunTime:0.000034s ]
INFO: [ app_init ] --END-- [ RunTime:0.000563s ]
INFO: [ app_begin ] --START--
INFO: Run Behavior\ReadHtmlCacheBehavior [ RunTime:0.000540s ]
INFO: [ app_begin ] --END-- [ RunTime:0.000757s ]
SQL: SHOW COLUMNS FROM `westyle_operator` [ RunTime:0.1594s ]
SQL: SELECT * FROM `westyle_operator` WHERE `operator_email` = 'example@aiforu.com'  [ RunTime:0.0008s ]
NOTIC: [8] Undefined offset: 0 F:\wamp\www\westylegit\code\Application\Exterior\Controller\AlipayController.class.php 第 276 行.
SQL: SHOW COLUMNS FROM `westyle_shop` [ RunTime:0.0093s ]
SQL: SELECT * FROM `westyle_shop` WHERE `id` = null  [ RunTime:0.0009s ]
NOTIC: [8] Undefined offset: 0 F:\wamp\www\westylegit\code\Application\Exterior\Controller\AlipayController.class.php 第 280 行.
SQL: SHOW COLUMNS FROM `westyle_alipay_trade` [ RunTime:0.1035s ]
SQL: SELECT * FROM `westyle_alipay_trade` WHERE `buyer_identity_code` = '994' LIMIT 1   [ RunTime:0.0032s ]

[ 2017-02-27T18:04:58+08:00 ] ::1 /westylegit/code/index.php/Exterior/AlipayTest/test_pay.shtml?code=994
INFO: [ app_init ] --START--
INFO: Run Behavior\BuildLiteBehavior [ RunTime:0.000038s ]
INFO: [ app_init ] --END-- [ RunTime:0.000571s ]
INFO: [ app_begin ] --START--
INFO: Run Behavior\ReadHtmlCacheBehavior [ RunTime:0.000576s ]
INFO: [ app_begin ] --END-- [ RunTime:0.000733s ]
INFO: [ app_end ] --START--
INFO: Run Behavior\ShowPageTraceBehavior [ RunTime:0.002146s ]
INFO: [ app_end ] --END-- [ RunTime:0.002740s ]

[ 2017-02-27T18:05:06+08:00 ] ::1 /westylegit/code/index.php/Exterior/Alipay/pay.shtml?buyer_identity_code=989&currency=EUR&trader_email=example%40aiforu.com&trans_amount=0.01&sign_type=RSA&sign=kI2EL70WgJgdzeiq0zBQ%2BHVML3MNR8dZcTC4YUJjc7r2hkyfo2miJXTvrJUnXEfkhTuA66OKSV0rINQ6%2BaSU3O6G2benC47Zdzt62vp9GLOPbLN4O1a9oYVrmQJLRsADq4huWWTYUi6u%2FKCWfjHH0Z32MDArxZiZ4V4YX39uyzc%3D
INFO: [ app_init ] --START--
INFO: Run Behavior\BuildLiteBehavior [ RunTime:0.000039s ]
INFO: [ app_init ] --END-- [ RunTime:0.000597s ]
INFO: [ app_begin ] --START--
INFO: Run Behavior\ReadHtmlCacheBehavior [ RunTime:0.000557s ]
INFO: [ app_begin ] --END-- [ RunTime:0.000723s ]
SQL: SHOW COLUMNS FROM `westyle_operator` [ RunTime:0.0798s ]
SQL: SELECT * FROM `westyle_operator` WHERE `operator_email` = 'example@aiforu.com'  [ RunTime:0.0010s ]
NOTIC: [8] Undefined offset: 0 F:\wamp\www\westylegit\code\Application\Exterior\Controller\AlipayController.class.php 第 276 行.
SQL: SHOW COLUMNS FROM `westyle_shop` [ RunTime:0.1393s ]
SQL: SELECT * FROM `westyle_shop` WHERE `id` = null  [ RunTime:0.0010s ]
NOTIC: [8] Undefined offset: 0 F:\wamp\www\westylegit\code\Application\Exterior\Controller\AlipayController.class.php 第 280 行.
SQL: SHOW COLUMNS FROM `westyle_alipay_trade` [ RunTime:0.0099s ]
SQL: SELECT * FROM `westyle_alipay_trade` WHERE `buyer_identity_code` = '989' LIMIT 1   [ RunTime:0.0024s ]
NOTIC: [8] Undefined index: validate F:\wamp\www\westylegit\code\ThinkPHP\Library\Think\Model.class.php 第 1185 行.
NOTIC: [8] Undefined index: auto F:\wamp\www\westylegit\code\ThinkPHP\Library\Think\Model.class.php 第 1128 行.
SQL: INSERT INTO `westyle_alipay_trade` (`buyer_identity_code`,`currency`,`trader_email`,`trans_amount`,`partner`,`memo`,`alipay_seller_id`,`subject`,`trans_name`,`trans_create_time`,`partner_trans_id`,`state`,`shop_id`,`method`) VALUES ('989','EUR','example@aiforu.com','0.01','2088021966645500','Shopping','2088021966645500','','','20170227180505','2017022749489951','0',NULL,'1') [ RunTime:0.0778s ]
NOTIC: [8] Undefined variable: response F:\wamp\www\westylegit\code\Application\Exterior\Controller\AlipayController.class.php 第 338 行.
SQL: UPDATE `westyle_alipay_trade` SET `buyer_identity_code`='989',`currency`='EUR',`trader_email`='example@aiforu.com',`trans_amount`='0.01',`partner`='2088021966645500',`memo`='Shopping',`alipay_seller_id`='2088021966645500',`subject`='',`trans_name`='',`trans_create_time`='20170227180505',`partner_trans_id`='2017022749489951',`state`='3',`PRIVATE_KEY`='ILLEGAL_SIGN' WHERE ( _id=255 ) [ RunTime:0.1090s ]

[ 2017-02-27T18:05:06+08:00 ] ::1 /westylegit/code/index.php/Exterior/AlipayTest/test_pay.shtml?code=989
INFO: [ app_init ] --START--
INFO: Run Behavior\BuildLiteBehavior [ RunTime:0.000033s ]
INFO: [ app_init ] --END-- [ RunTime:0.000513s ]
INFO: [ app_begin ] --START--
INFO: Run Behavior\ReadHtmlCacheBehavior [ RunTime:0.000538s ]
INFO: [ app_begin ] --END-- [ RunTime:0.000701s ]
INFO: [ app_end ] --START--
INFO: Run Behavior\ShowPageTraceBehavior [ RunTime:0.002126s ]
INFO: [ app_end ] --END-- [ RunTime:0.002713s ]

[ 2017-02-27T18:07:54+08:00 ] ::1 /westylegit/code/index.php/Exterior/Alipay/pay.shtml?buyer_identity_code=988&currency=EUR&trader_email=example%40aiforu.com&trans_amount=0.01&sign_type=RSA&sign=UHvI%2FXFLJErgXGUQiWUtYDaXQhmhsw2%2Fi0Wak4%2FXPX%2BOUy1JfMuYIndxa1OHEhztuOWfileP4kwOoxCV4k9evqnMCzMLViAezun27HR8doQ%2B%2FC6BBKlw1dLeCWSfx%2BBu%2F6Xh7i6yddi7aCdlKpBOp41vw9csHVxDge1kudr9N5I%3D
INFO: [ app_init ] --START--
INFO: Run Behavior\BuildLiteBehavior [ RunTime:0.000035s ]
INFO: [ app_init ] --END-- [ RunTime:0.000627s ]
INFO: [ app_begin ] --START--
INFO: Run Behavior\ReadHtmlCacheBehavior [ RunTime:0.000777s ]
INFO: [ app_begin ] --END-- [ RunTime:0.000944s ]
SQL: SHOW COLUMNS FROM `westyle_operator` [ RunTime:0.0542s ]
SQL: SELECT * FROM `westyle_operator` WHERE `operator_email` = 'example@aiforu.com'  [ RunTime:0.0009s ]
NOTIC: [8] Undefined offset: 0 F:\wamp\www\westylegit\code\Application\Exterior\Controller\AlipayController.class.php 第 276 行.
SQL: SHOW COLUMNS FROM `westyle_shop` [ RunTime:0.1617s ]
SQL: SELECT * FROM `westyle_shop` WHERE `id` = null  [ RunTime:0.0010s ]
NOTIC: [8] Undefined offset: 0 F:\wamp\www\westylegit\code\Application\Exterior\Controller\AlipayController.class.php 第 280 行.
SQL: SHOW COLUMNS FROM `westyle_alipay_trade` [ RunTime:0.0124s ]
SQL: SELECT * FROM `westyle_alipay_trade` WHERE `buyer_identity_code` = '988' LIMIT 1   [ RunTime:0.0036s ]
NOTIC: [8] Undefined index: validate F:\wamp\www\westylegit\code\ThinkPHP\Library\Think\Model.class.php 第 1185 行.
NOTIC: [8] Undefined index: auto F:\wamp\www\westylegit\code\ThinkPHP\Library\Think\Model.class.php 第 1128 行.
SQL: INSERT INTO `westyle_alipay_trade` (`buyer_identity_code`,`currency`,`trader_email`,`trans_amount`,`partner`,`memo`,`alipay_seller_id`,`subject`,`trans_name`,`trans_create_time`,`partner_trans_id`,`state`,`shop_id`,`method`) VALUES ('988','EUR','example@aiforu.com','0.01','2088021966645500','Shopping','2088021966645500','','','20170227180753','2017022757549710','0',NULL,'1') [ RunTime:0.0839s ]
NOTIC: [8] Undefined variable: ali_response F:\wamp\www\westylegit\code\Application\Exterior\Controller\AlipayController.class.php 第 342 行.
NOTIC: [8] Trying to get property of non-object F:\wamp\www\westylegit\code\Application\Exterior\Controller\AlipayController.class.php 第 343 行.
NOTIC: [8] Trying to get property of non-object F:\wamp\www\westylegit\code\Application\Exterior\Controller\AlipayController.class.php 第 384 行.
SQL: UPDATE `westyle_alipay_trade` SET `buyer_identity_code`='988',`currency`='EUR',`trader_email`='example@aiforu.com',`trans_amount`='0.01',`partner`='2088021966645500',`memo`='Shopping',`alipay_seller_id`='2088021966645500',`subject`='',`trans_name`='',`trans_create_time`='20170227180753',`partner_trans_id`='2017022757549710',`state`='3',`PRIVATE_KEY`='' WHERE ( _id=256 ) [ RunTime:0.1619s ]

[ 2017-02-27T18:07:54+08:00 ] ::1 /westylegit/code/index.php/Exterior/AlipayTest/test_pay.shtml?code=988
INFO: [ app_init ] --START--
INFO: Run Behavior\BuildLiteBehavior [ RunTime:0.000039s ]
INFO: [ app_init ] --END-- [ RunTime:0.000732s ]
INFO: [ app_begin ] --START--
INFO: Run Behavior\ReadHtmlCacheBehavior [ RunTime:0.000823s ]
INFO: [ app_begin ] --END-- [ RunTime:0.001005s ]
INFO: [ app_end ] --START--
INFO: Run Behavior\ShowPageTraceBehavior [ RunTime:0.002848s ]
INFO: [ app_end ] --END-- [ RunTime:0.003494s ]

[ 2017-02-27T18:13:46+08:00 ] ::1 /westylegit/code/index.php/Exterior/AlipayTest/test_pay.shtml?code=987
INFO: [ app_init ] --START--
INFO: Run Behavior\BuildLiteBehavior [ RunTime:0.000077s ]
INFO: [ app_init ] --END-- [ RunTime:0.001169s ]
INFO: [ app_begin ] --START--
INFO: Run Behavior\ReadHtmlCacheBehavior [ RunTime:0.000810s ]
INFO: [ app_begin ] --END-- [ RunTime:0.000989s ]
INFO: [ app_end ] --START--
INFO: Run Behavior\ShowPageTraceBehavior [ RunTime:0.002718s ]
INFO: [ app_end ] --END-- [ RunTime:0.003290s ]

[ 2017-02-27T18:14:49+08:00 ] ::1 /westylegit/code/index.php/Exterior/AlipayTest/test_pay.shtml?code=986
INFO: [ app_init ] --START--
INFO: Run Behavior\BuildLiteBehavior [ RunTime:0.000040s ]
INFO: [ app_init ] --END-- [ RunTime:0.000611s ]
INFO: [ app_begin ] --START--
INFO: Run Behavior\ReadHtmlCacheBehavior [ RunTime:0.000715s ]
INFO: [ app_begin ] --END-- [ RunTime:0.001007s ]
INFO: [ app_end ] --START--
INFO: Run Behavior\ShowPageTraceBehavior [ RunTime:0.002980s ]
INFO: [ app_end ] --END-- [ RunTime:0.003804s ]

[ 2017-02-27T18:15:29+08:00 ] ::1 /westylegit/code/index.php/Exterior/AlipayTest/test_pay.shtml?code=985
INFO: [ app_init ] --START--
INFO: Run Behavior\BuildLiteBehavior [ RunTime:0.000033s ]
INFO: [ app_init ] --END-- [ RunTime:0.000509s ]
INFO: [ app_begin ] --START--
INFO: Run Behavior\ReadHtmlCacheBehavior [ RunTime:0.000570s ]
INFO: [ app_begin ] --END-- [ RunTime:0.000727s ]
INFO: [ app_end ] --START--
INFO: Run Behavior\ShowPageTraceBehavior [ RunTime:0.003239s ]
INFO: [ app_end ] --END-- [ RunTime:0.004331s ]

[ 2017-02-27T18:20:31+08:00 ] ::1 /westylegit/code/index.php/Exterior/AlipayTest/test_pay.shtml?code=984
INFO: [ app_init ] --START--
INFO: Run Behavior\BuildLiteBehavior [ RunTime:0.000072s ]
INFO: [ app_init ] --END-- [ RunTime:0.001011s ]
INFO: [ app_begin ] --START--
INFO: Run Behavior\ReadHtmlCacheBehavior [ RunTime:0.001066s ]
INFO: [ app_begin ] --END-- [ RunTime:0.001382s ]
INFO: [ app_end ] --START--
INFO: Run Behavior\ShowPageTraceBehavior [ RunTime:0.002786s ]
INFO: [ app_end ] --END-- [ RunTime:0.003366s ]

[ 2017-02-27T18:22:04+08:00 ] ::1 /westylegit/code/index.php/Exterior/AlipayTest/test_pay.shtml?code=983
INFO: [ app_init ] --START--
INFO: Run Behavior\BuildLiteBehavior [ RunTime:0.000039s ]
INFO: [ app_init ] --END-- [ RunTime:0.000691s ]
INFO: [ app_begin ] --START--
INFO: Run Behavior\ReadHtmlCacheBehavior [ RunTime:0.000800s ]
INFO: [ app_begin ] --END-- [ RunTime:0.000972s ]
INFO: [ app_end ] --START--
INFO: Run Behavior\ShowPageTraceBehavior [ RunTime:0.002848s ]
INFO: [ app_end ] --END-- [ RunTime:0.003431s ]

[ 2017-02-27T18:22:34+08:00 ] ::1 /westylegit/code/index.php/Exterior/AlipayTest/test_pay.shtml?code=982
INFO: [ app_init ] --START--
INFO: Run Behavior\BuildLiteBehavior [ RunTime:0.000040s ]
INFO: [ app_init ] --END-- [ RunTime:0.000667s ]
INFO: [ app_begin ] --START--
INFO: Run Behavior\ReadHtmlCacheBehavior [ RunTime:0.000838s ]
INFO: [ app_begin ] --END-- [ RunTime:0.001022s ]
INFO: [ app_end ] --START--
INFO: Run Behavior\ShowPageTraceBehavior [ RunTime:0.002822s ]
INFO: [ app_end ] --END-- [ RunTime:0.003466s ]

[ 2017-02-27T18:22:58+08:00 ] ::1 /westylegit/code/index.php/Exterior/AlipayTest/test_pay.shtml?code=981
INFO: [ app_init ] --START--
INFO: Run Behavior\BuildLiteBehavior [ RunTime:0.000069s ]
INFO: [ app_init ] --END-- [ RunTime:0.000737s ]
INFO: [ app_begin ] --START--
INFO: Run Behavior\ReadHtmlCacheBehavior [ RunTime:0.000939s ]
INFO: [ app_begin ] --END-- [ RunTime:0.001316s ]
INFO: [ app_end ] --START--
INFO: Run Behavior\ShowPageTraceBehavior [ RunTime:0.002167s ]
INFO: [ app_end ] --END-- [ RunTime:0.002750s ]

[ 2017-02-27T18:24:03+08:00 ] ::1 /westylegit/code/index.php/Exterior/AlipayTest/test_pay.shtml?code=980
INFO: [ app_init ] --START--
INFO: Run Behavior\BuildLiteBehavior [ RunTime:0.000033s ]
INFO: [ app_init ] --END-- [ RunTime:0.000512s ]
INFO: [ app_begin ] --START--
INFO: Run Behavior\ReadHtmlCacheBehavior [ RunTime:0.000548s ]
INFO: [ app_begin ] --END-- [ RunTime:0.000713s ]
INFO: [ app_end ] --START--
INFO: Run Behavior\ShowPageTraceBehavior [ RunTime:0.002776s ]
INFO: [ app_end ] --END-- [ RunTime:0.003649s ]

[ 2017-02-27T18:24:36+08:00 ] ::1 /westylegit/code/index.php/Exterior/AlipayTest/test_pay.shtml?code=979
INFO: [ app_init ] --START--
INFO: Run Behavior\BuildLiteBehavior [ RunTime:0.000035s ]
INFO: [ app_init ] --END-- [ RunTime:0.000640s ]
INFO: [ app_begin ] --START--
INFO: Run Behavior\ReadHtmlCacheBehavior [ RunTime:0.000856s ]
INFO: [ app_begin ] --END-- [ RunTime:0.001039s ]
INFO: [ app_end ] --START--
INFO: Run Behavior\ShowPageTraceBehavior [ RunTime:0.003271s ]
INFO: [ app_end ] --END-- [ RunTime:0.003859s ]

[ 2017-02-27T18:24:57+08:00 ] ::1 /westylegit/code/index.php/Exterior/AlipayTest/test_pay.shtml?code=978
INFO: [ app_init ] --START--
INFO: Run Behavior\BuildLiteBehavior [ RunTime:0.000074s ]
INFO: [ app_init ] --END-- [ RunTime:0.001119s ]
INFO: [ app_begin ] --START--
INFO: Run Behavior\ReadHtmlCacheBehavior [ RunTime:0.001004s ]
INFO: [ app_begin ] --END-- [ RunTime:0.001191s ]
INFO: [ app_end ] --START--
INFO: Run Behavior\ShowPageTraceBehavior [ RunTime:0.003773s ]
INFO: [ app_end ] --END-- [ RunTime:0.004542s ]

[ 2017-02-27T18:25:33+08:00 ] ::1 /westylegit/code/index.php/Exterior/AlipayTest/test_pay.shtml?code=288138946064049886
INFO: [ app_init ] --START--
INFO: Run Behavior\BuildLiteBehavior [ RunTime:0.000033s ]
INFO: [ app_init ] --END-- [ RunTime:0.000511s ]
INFO: [ app_begin ] --START--
INFO: Run Behavior\ReadHtmlCacheBehavior [ RunTime:0.000557s ]
INFO: [ app_begin ] --END-- [ RunTime:0.000731s ]
INFO: [ app_end ] --START--
INFO: Run Behavior\ShowPageTraceBehavior [ RunTime:0.002148s ]
INFO: [ app_end ] --END-- [ RunTime:0.002746s ]

[ 2017-02-27T18:30:47+08:00 ] ::1 /westylegit/code/index.php/Exterior/AlipayTest/test_pay.shtml?code=286913004849827392
INFO: [ app_init ] --START--
INFO: Run Behavior\BuildLiteBehavior [ RunTime:0.000040s ]
INFO: [ app_init ] --END-- [ RunTime:0.000673s ]
INFO: [ app_begin ] --START--
INFO: Run Behavior\ReadHtmlCacheBehavior [ RunTime:0.001258s ]
INFO: [ app_begin ] --END-- [ RunTime:0.001439s ]
INFO: [ app_end ] --START--
INFO: Run Behavior\ShowPageTraceBehavior [ RunTime:0.003577s ]
INFO: [ app_end ] --END-- [ RunTime:0.004264s ]

[ 2017-02-27T23:13:22+08:00 ] ::1 /westylegit/code/index.php/Exterior/AlipayTest/test_pay.shtml?code=281616659542397657
INFO: [ app_init ] --START--
INFO: Run Behavior\BuildLiteBehavior [ RunTime:0.000039s ]
INFO: [ app_init ] --END-- [ RunTime:0.000777s ]
INFO: [ app_begin ] --START--
INFO: Run Behavior\ReadHtmlCacheBehavior [ RunTime:0.000830s ]
INFO: [ app_begin ] --END-- [ RunTime:0.001029s ]
INFO: [ app_end ] --START--
INFO: Run Behavior\ShowPageTraceBehavior [ RunTime:0.003282s ]
INFO: [ app_end ] --END-- [ RunTime:0.003896s ]

[ 2017-02-27T23:16:03+08:00 ] ::1 /westylegit/code/index.php/Exterior/AlipayTest/test_pay.shtml?code=281616659542397657
INFO: [ app_init ] --START--
INFO: Run Behavior\BuildLiteBehavior [ RunTime:0.000053s ]
INFO: [ app_init ] --END-- [ RunTime:0.000816s ]
INFO: [ app_begin ] --START--
INFO: Run Behavior\ReadHtmlCacheBehavior [ RunTime:0.000814s ]
INFO: [ app_begin ] --END-- [ RunTime:0.001033s ]
INFO: [ app_end ] --START--
INFO: Run Behavior\ShowPageTraceBehavior [ RunTime:0.003188s ]
INFO: [ app_end ] --END-- [ RunTime:0.003909s ]

[ 2017-02-27T23:16:09+08:00 ] ::1 /westylegit/code/index.php/Exterior/AlipayTest/test_pay.shtml?code=281616659542397658
INFO: [ app_init ] --START--
INFO: Run Behavior\BuildLiteBehavior [ RunTime:0.000037s ]
INFO: [ app_init ] --END-- [ RunTime:0.000614s ]
INFO: [ app_begin ] --START--
INFO: Run Behavior\ReadHtmlCacheBehavior [ RunTime:0.000865s ]
INFO: [ app_begin ] --END-- [ RunTime:0.001050s ]
INFO: [ app_end ] --START--
INFO: Run Behavior\ShowPageTraceBehavior [ RunTime:0.002733s ]
INFO: [ app_end ] --END-- [ RunTime:0.003352s ]

[ 2017-02-27T23:16:38+08:00 ] ::1 /westylegit/code/index.php/Exterior/AlipayTest/test_pay.shtml?code=288199816025045973
INFO: [ app_init ] --START--
INFO: Run Behavior\BuildLiteBehavior [ RunTime:0.000089s ]
INFO: [ app_init ] --END-- [ RunTime:0.001486s ]
INFO: [ app_begin ] --START--
INFO: Run Behavior\ReadHtmlCacheBehavior [ RunTime:0.000708s ]
INFO: [ app_begin ] --END-- [ RunTime:0.000926s ]
INFO: [ app_end ] --START--
INFO: Run Behavior\ShowPageTraceBehavior [ RunTime:0.002234s ]
INFO: [ app_end ] --END-- [ RunTime:0.003100s ]

