[ 2017-01-16T01:26:16+08:00 ] ::1 /westylegit/code/index.php/Exterior/AlipayTest/shown?extra_common_param=%7B%26quot%3Bnotify_mobile%26quot%3B%3A%26quot%3B0033-750277812%26quot%3B%2C%26quot%3Bqrcode%26quot%3B%3A%26quot%3Bhttps%3A%2F%2Fqr.alipay.com%2Focx04525obempgub6uccyd7%26quot%3B%7D&currency=EUR&trans_currency=EUR&subject=seraph+-+1057826168&trade_no=2017011221001004840281596484&paytools_pay_amount=%5B%7B%26quot%3BALIPAYACCOUNT%26quot%3B%3A%26quot%3B0.07%26quot%3B%7D%5D&buyer_email=yxccolin%40sina.com&gmt_create=2017-01-12+07%3A55%3A28&notify_type=trade_status_sync&quantity=1&forex_rate=7.35900000&out_trade_no=0029726498411484178928534&trans_amount=0.01&seller_id=2088521118744342&notify_time=2017-01-12+07%3A55%3A33&trade_status=TRADE_SUCCESS&total_fee=0.07&gmt_payment=2017-01-12+07%3A55%3A32&seller_email=klikandpay%40seraph.fr&notify_action_type=payByAccountAction&price=0.07&buyer_id=2088002972649841&notify_id=1266fd006cad1afd1f64f166ca72d10mhe&merchant_id=1057826168
INFO: [ app_init ] --START--
INFO: Run Behavior\BuildLiteBehavior [ RunTime:0.000085s ]
INFO: [ app_init ] --END-- [ RunTime:0.013412s ]
INFO: [ app_begin ] --START--
INFO: Run Behavior\ReadHtmlCacheBehavior [ RunTime:0.015622s ]
INFO: [ app_begin ] --END-- [ RunTime:0.015984s ]
INFO: [ app_end ] --START--
INFO: Run Behavior\ShowPageTraceBehavior [ RunTime:0.015959s ]
INFO: [ app_end ] --END-- [ RunTime:0.016345s ]

[ 2017-01-16T01:26:30+08:00 ] ::1 /westylegit/code/index.php/Exterior/AlipayTest/shown?extra_common_param=%7B%26quot%3Bnotify_mobile%26quot%3B%3A%26quot%3B0033-750277812%26quot%3B%2C%26quot%3Bqrcode%26quot%3B%3A%26quot%3Bhttps%3A%2F%2Fqr.alipay.com%2Focx04525obempgub6uccyd7%26quot%3B%7D&currency=EUR&trans_currency=EUR&subject=seraph+-+1057826168&trade_no=2017011221001004840281596484&paytools_pay_amount=%5B%7B%26quot%3BALIPAYACCOUNT%26quot%3B%3A%26quot%3B0.07%26quot%3B%7D%5D&buyer_email=yxccolin%40sina.com&gmt_create=2017-01-12+07%3A55%3A28&notify_type=trade_status_sync&quantity=1&forex_rate=7.35900000&out_trade_no=0029726498411484178928534&trans_amount=0.01&seller_id=2088521118744342&notify_time=2017-01-12+07%3A55%3A33&trade_status=TRADE_SUCCESS&total_fee=0.07&gmt_payment=2017-01-12+07%3A55%3A32&seller_email=klikandpay%40seraph.fr&notify_action_type=payByAccountAction&price=0.07&buyer_id=2088002972649841&notify_id=1266fd006cad1afd1f64f166ca72d10mhe&merchant_id=1057826168
INFO: [ app_init ] --START--
INFO: Run Behavior\BuildLiteBehavior [ RunTime:0.000073s ]
INFO: [ app_init ] --END-- [ RunTime:0.001452s ]
INFO: [ app_begin ] --START--
INFO: Run Behavior\ReadHtmlCacheBehavior [ RunTime:0.001975s ]
INFO: [ app_begin ] --END-- [ RunTime:0.002371s ]
INFO: [ app_end ] --START--
INFO: Run Behavior\ShowPageTraceBehavior [ RunTime:0.002098s ]
INFO: [ app_end ] --END-- [ RunTime:0.002528s ]

[ 2017-01-16T01:26:50+08:00 ] ::1 /westylegit/code/index.php/Exterior/AlipayTest/shown?extra_common_param=%7B%26quot%3Bnotify_mobile%26quot%3B%3A%26quot%3B0033-750277812%26quot%3B%2C%26quot%3Bqrcode%26quot%3B%3A%26quot%3Bhttps%3A%2F%2Fqr.alipay.com%2Focx04525obempgub6uccyd7%26quot%3B%7D&currency=EUR&trans_currency=EUR&subject=seraph+-+1057826168&trade_no=2017011221001004840281596484&paytools_pay_amount=%5B%7B%26quot%3BALIPAYACCOUNT%26quot%3B%3A%26quot%3B0.07%26quot%3B%7D%5D&buyer_email=yxccolin%40sina.com&gmt_create=2017-01-12+07%3A55%3A28&notify_type=trade_status_sync&quantity=1&forex_rate=7.35900000&out_trade_no=0029726498411484178928534&trans_amount=0.01&seller_id=2088521118744342&notify_time=2017-01-12+07%3A55%3A33&trade_status=TRADE_SUCCESS&total_fee=0.07&gmt_payment=2017-01-12+07%3A55%3A32&seller_email=klikandpay%40seraph.fr&notify_action_type=payByAccountAction&price=0.07&buyer_id=2088002972649841&notify_id=1266fd006cad1afd1f64f166ca72d10mhe&merchant_id=1057826168
INFO: [ app_init ] --START--
INFO: Run Behavior\BuildLiteBehavior [ RunTime:0.000035s ]
INFO: [ app_init ] --END-- [ RunTime:0.000666s ]
INFO: [ app_begin ] --START--
INFO: Run Behavior\ReadHtmlCacheBehavior [ RunTime:0.002010s ]
INFO: [ app_begin ] --END-- [ RunTime:0.002235s ]
INFO: [ app_end ] --START--
INFO: Run Behavior\ShowPageTraceBehavior [ RunTime:0.001117s ]
INFO: [ app_end ] --END-- [ RunTime:0.001280s ]

[ 2017-01-16T01:27:22+08:00 ] ::1 /westylegit/code/index.php/Exterior/AlipayTest/shown?extra_common_param=%7B%26quot%3Bnotify_mobile%26quot%3B%3A%26quot%3B0033-750277812%26quot%3B%2C%26quot%3Bqrcode%26quot%3B%3A%26quot%3Bhttps%3A%2F%2Fqr.alipay.com%2Focx04525obempgub6uccyd7%26quot%3B%7D&currency=EUR&trans_currency=EUR&subject=seraph+-+1057826168&trade_no=2017011221001004840281596484&paytools_pay_amount=%5B%7B%26quot%3BALIPAYACCOUNT%26quot%3B%3A%26quot%3B0.07%26quot%3B%7D%5D&buyer_email=yxccolin%40sina.com&gmt_create=2017-01-12+07%3A55%3A28&notify_type=trade_status_sync&quantity=1&forex_rate=7.35900000&out_trade_no=0029726498411484178928534&trans_amount=0.01&seller_id=2088521118744342&notify_time=2017-01-12+07%3A55%3A33&trade_status=TRADE_SUCCESS&total_fee=0.07&gmt_payment=2017-01-12+07%3A55%3A32&seller_email=klikandpay%40seraph.fr&notify_action_type=payByAccountAction&price=0.07&buyer_id=2088002972649841&notify_id=1266fd006cad1afd1f64f166ca72d10mhe&merchant_id=1057826168
INFO: [ app_init ] --START--
INFO: Run Behavior\BuildLiteBehavior [ RunTime:0.000037s ]
INFO: [ app_init ] --END-- [ RunTime:0.000648s ]
INFO: [ app_begin ] --START--
INFO: Run Behavior\ReadHtmlCacheBehavior [ RunTime:0.001297s ]
INFO: [ app_begin ] --END-- [ RunTime:0.001484s ]
INFO: [ app_end ] --START--
INFO: Run Behavior\ShowPageTraceBehavior [ RunTime:0.001317s ]
INFO: [ app_end ] --END-- [ RunTime:0.001535s ]

[ 2017-01-16T01:29:17+08:00 ] ::1 /westylegit/code/index.php/Exterior/AlipayTest/shown?extra_common_param=%7B%26quot%3Bnotify_mobile%26quot%3B%3A%26quot%3B0033-750277812%26quot%3B%2C%26quot%3Bqrcode%26quot%3B%3A%26quot%3Bhttps%3A%2F%2Fqr.alipay.com%2Focx04525obempgub6uccyd7%26quot%3B%7D&currency=EUR&trans_currency=EUR&subject=seraph+-+1057826168&trade_no=2017011221001004840281596484&paytools_pay_amount=%5B%7B%26quot%3BALIPAYACCOUNT%26quot%3B%3A%26quot%3B0.07%26quot%3B%7D%5D&buyer_email=yxccolin%40sina.com&gmt_create=2017-01-12+07%3A55%3A28&notify_type=trade_status_sync&quantity=1&forex_rate=7.35900000&out_trade_no=0029726498411484178928534&trans_amount=0.01&seller_id=2088521118744342&notify_time=2017-01-12+07%3A55%3A33&trade_status=TRADE_SUCCESS&total_fee=0.07&gmt_payment=2017-01-12+07%3A55%3A32&seller_email=klikandpay%40seraph.fr&notify_action_type=payByAccountAction&price=0.07&buyer_id=2088002972649841&notify_id=1266fd006cad1afd1f64f166ca72d10mhe&merchant_id=1057826168
INFO: [ app_init ] --START--
INFO: Run Behavior\BuildLiteBehavior [ RunTime:0.000039s ]
INFO: [ app_init ] --END-- [ RunTime:0.000921s ]
INFO: [ app_begin ] --START--
INFO: Run Behavior\ReadHtmlCacheBehavior [ RunTime:0.001176s ]
INFO: [ app_begin ] --END-- [ RunTime:0.001342s ]
NOTIC: [2] str_split() expects at most 2 parameters, 3 given F:\wamp\www\westylegit\code\Application\Common\Common\function.php 第 8 行.
INFO: [ app_end ] --START--
INFO: Run Behavior\ShowPageTraceBehavior [ RunTime:0.001945s ]
INFO: [ app_end ] --END-- [ RunTime:0.002560s ]

[ 2017-01-16T01:29:45+08:00 ] ::1 /westylegit/code/index.php/Exterior/AlipayTest/shown?extra_common_param=%7B%26quot%3Bnotify_mobile%26quot%3B%3A%26quot%3B0033-750277812%26quot%3B%2C%26quot%3Bqrcode%26quot%3B%3A%26quot%3Bhttps%3A%2F%2Fqr.alipay.com%2Focx04525obempgub6uccyd7%26quot%3B%7D&currency=EUR&trans_currency=EUR&subject=seraph+-+1057826168&trade_no=2017011221001004840281596484&paytools_pay_amount=%5B%7B%26quot%3BALIPAYACCOUNT%26quot%3B%3A%26quot%3B0.07%26quot%3B%7D%5D&buyer_email=yxccolin%40sina.com&gmt_create=2017-01-12+07%3A55%3A28&notify_type=trade_status_sync&quantity=1&forex_rate=7.35900000&out_trade_no=0029726498411484178928534&trans_amount=0.01&seller_id=2088521118744342&notify_time=2017-01-12+07%3A55%3A33&trade_status=TRADE_SUCCESS&total_fee=0.07&gmt_payment=2017-01-12+07%3A55%3A32&seller_email=klikandpay%40seraph.fr&notify_action_type=payByAccountAction&price=0.07&buyer_id=2088002972649841&notify_id=1266fd006cad1afd1f64f166ca72d10mhe&merchant_id=1057826168
INFO: [ app_init ] --START--
INFO: Run Behavior\BuildLiteBehavior [ RunTime:0.000056s ]
INFO: [ app_init ] --END-- [ RunTime:0.001167s ]
INFO: [ app_begin ] --START--
INFO: Run Behavior\ReadHtmlCacheBehavior [ RunTime:0.002166s ]
INFO: [ app_begin ] --END-- [ RunTime:0.002479s ]
INFO: [ app_end ] --START--
INFO: Run Behavior\ShowPageTraceBehavior [ RunTime:0.001689s ]
INFO: [ app_end ] --END-- [ RunTime:0.001969s ]

[ 2017-01-16T01:33:05+08:00 ] ::1 /westylegit/code/index.php/Exterior/AlipayTest/shown?extra_common_param=%7B%26quot%3Bnotify_mobile%26quot%3B%3A%26quot%3B0033-750277812%26quot%3B%2C%26quot%3Bqrcode%26quot%3B%3A%26quot%3Bhttps%3A%2F%2Fqr.alipay.com%2Focx04525obempgub6uccyd7%26quot%3B%7D&currency=EUR&trans_currency=EUR&subject=seraph+-+1057826168&trade_no=2017011221001004840281596484&paytools_pay_amount=%5B%7B%26quot%3BALIPAYACCOUNT%26quot%3B%3A%26quot%3B0.07%26quot%3B%7D%5D&buyer_email=yxccolin%40sina.com&gmt_create=2017-01-12+07%3A55%3A28&notify_type=trade_status_sync&quantity=1&forex_rate=7.35900000&out_trade_no=0029726498411484178928534&trans_amount=0.01&seller_id=2088521118744342&notify_time=2017-01-12+07%3A55%3A33&trade_status=TRADE_SUCCESS&total_fee=0.07&gmt_payment=2017-01-12+07%3A55%3A32&seller_email=klikandpay%40seraph.fr&notify_action_type=payByAccountAction&price=0.07&buyer_id=2088002972649841&notify_id=1266fd006cad1afd1f64f166ca72d10mhe&merchant_id=1057826168
INFO: [ app_init ] --START--
INFO: Run Behavior\BuildLiteBehavior [ RunTime:0.000037s ]
INFO: [ app_init ] --END-- [ RunTime:0.000742s ]
INFO: [ app_begin ] --START--
INFO: Run Behavior\ReadHtmlCacheBehavior [ RunTime:0.001869s ]
INFO: [ app_begin ] --END-- [ RunTime:0.002241s ]
INFO: [ app_end ] --START--
INFO: Run Behavior\ShowPageTraceBehavior [ RunTime:0.002086s ]
INFO: [ app_end ] --END-- [ RunTime:0.002499s ]

[ 2017-01-16T07:07:23+08:00 ] ::1 /westylegit/code/index.php/Exterior/AlipayTest/shown?extra_common_param=%7B%26quot%3Bnotify_mobile%26quot%3B%3A%26quot%3B0033-750277812%26quot%3B%2C%26quot%3Bqrcode%26quot%3B%3A%26quot%3Bhttps%3A%2F%2Fqr.alipay.com%2Focx04525obempgub6uccyd7%26quot%3B%7D&currency=EUR&trans_currency=EUR&subject=seraph+-+1057826168&trade_no=2017011221001004840281596484&paytools_pay_amount=%5B%7B%26quot%3BALIPAYACCOUNT%26quot%3B%3A%26quot%3B0.07%26quot%3B%7D%5D&buyer_email=yxccolin%40sina.com&gmt_create=2017-01-12+07%3A55%3A28&notify_type=trade_status_sync&quantity=1&forex_rate=7.35900000&out_trade_no=0029726498411484178928534&trans_amount=0.01&seller_id=2088521118744342&notify_time=2017-01-12+07%3A55%3A33&trade_status=TRADE_SUCCESS&total_fee=0.07&gmt_payment=2017-01-12+07%3A55%3A32&seller_email=klikandpay%40seraph.fr&notify_action_type=payByAccountAction&price=0.07&buyer_id=2088002972649841&notify_id=1266fd006cad1afd1f64f166ca72d10mhe&merchant_id=1057826168
INFO: [ app_init ] --START--
INFO: Run Behavior\BuildLiteBehavior [ RunTime:0.000038s ]
INFO: [ app_init ] --END-- [ RunTime:0.000817s ]
INFO: [ app_begin ] --START--
INFO: Run Behavior\ReadHtmlCacheBehavior [ RunTime:0.001229s ]
INFO: [ app_begin ] --END-- [ RunTime:0.001415s ]
INFO: [ app_end ] --START--
INFO: Run Behavior\ShowPageTraceBehavior [ RunTime:0.001347s ]
INFO: [ app_end ] --END-- [ RunTime:0.001535s ]

[ 2017-01-16T07:09:19+08:00 ] ::1 /westylegit/code/index.php/Exterior/AlipayTest/pay.shtml?buyer_identity_code=281468679394372858&currency=EUR&trader_email=example%40aiforu.com&trans_amount=0.01&sign_type=RSA&sign=pII%2F7z%2B5fHzg0rBvVxsNSxa8QJQdNiN3WmTdpv9zB5qaLYWgPKPpk35W83oad6p7NG8VWPk3%2FFXnY0DKbGEO4gfZx4XD3eGvrL4BtUUTj2pj689j9NnXJWaXObnMh%2BJXEQiGtu70ph6FbwfM5h9cIbG0%2FM%2Bl7ntDc7V43%2FBRSyw%3D
INFO: [ app_init ] --START--
INFO: Run Behavior\BuildLiteBehavior [ RunTime:0.000040s ]
INFO: [ app_init ] --END-- [ RunTime:0.000709s ]
INFO: [ app_begin ] --START--
INFO: Run Behavior\ReadHtmlCacheBehavior [ RunTime:0.001010s ]
INFO: [ app_begin ] --END-- [ RunTime:0.001202s ]
SQL: SHOW COLUMNS FROM `westyle_operator` [ RunTime:0.0136s ]
SQL: SELECT * FROM `westyle_operator` WHERE `operator_email` = 'example@aiforu.com'  [ RunTime:0.0014s ]
NOTIC: [8] Undefined offset: 0 F:\wamp\www\westylegit\code\Application\Exterior\Controller\AlipayTestController.class.php 第 337 行.
SQL: SHOW COLUMNS FROM `westyle_shop` [ RunTime:0.0110s ]
SQL: SELECT * FROM `westyle_shop` WHERE `id` = null  [ RunTime:0.0006s ]
NOTIC: [8] Undefined offset: 0 F:\wamp\www\westylegit\code\Application\Exterior\Controller\AlipayTestController.class.php 第 341 行.
SQL: SHOW COLUMNS FROM `westyle_alipay_trade` [ RunTime:0.0059s ]
SQL: SELECT * FROM `westyle_alipay_trade` WHERE `buyer_identity_code` = '281468679394372858' LIMIT 1   [ RunTime:0.0014s ]
NOTIC: [8] Undefined index: validate F:\wamp\www\westylegit\code\ThinkPHP\Library\Think\Model.class.php 第 1185 行.
NOTIC: [8] Undefined index: auto F:\wamp\www\westylegit\code\ThinkPHP\Library\Think\Model.class.php 第 1128 行.
SQL: INSERT INTO `westyle_alipay_trade` (`buyer_identity_code`,`currency`,`trader_email`,`trans_amount`,`partner`,`memo`,`alipay_seller_id`,`subject`,`trans_name`,`trans_create_time`,`partner_trans_id`,`state`,`method`) VALUES ('281468679394372858','EUR','example@aiforu.com','0.01','2088021966645500','Shopping','2088021966645500','','','20170116070919','2017011610253101','1','1') [ RunTime:0.1713s ]
INFO: [ app_end ] --START--
INFO: Run Behavior\ShowPageTraceBehavior [ RunTime:0.002314s ]
INFO: [ app_end ] --END-- [ RunTime:0.002760s ]

[ 2017-01-16T07:09:19+08:00 ] ::1 /westylegit/code/index.php/Exterior/AlipayTest/test_pay.shtml?code=281468679394372858
INFO: [ app_init ] --START--
INFO: Run Behavior\BuildLiteBehavior [ RunTime:0.000041s ]
INFO: [ app_init ] --END-- [ RunTime:0.000678s ]
INFO: [ app_begin ] --START--
INFO: Run Behavior\ReadHtmlCacheBehavior [ RunTime:0.001194s ]
INFO: [ app_begin ] --END-- [ RunTime:0.001385s ]
INFO: [ app_end ] --START--
INFO: Run Behavior\ShowPageTraceBehavior [ RunTime:0.004851s ]
INFO: [ app_end ] --END-- [ RunTime:0.005607s ]

[ 2017-01-16T07:10:58+08:00 ] ::1 /westylegit/code/index.php/Exterior/AlipayTest/pay.shtml?buyer_identity_code=281468679394372858&currency=EUR&trader_email=example%40aiforu.com&trans_amount=0.01&sign_type=RSA&sign=pII%2F7z%2B5fHzg0rBvVxsNSxa8QJQdNiN3WmTdpv9zB5qaLYWgPKPpk35W83oad6p7NG8VWPk3%2FFXnY0DKbGEO4gfZx4XD3eGvrL4BtUUTj2pj689j9NnXJWaXObnMh%2BJXEQiGtu70ph6FbwfM5h9cIbG0%2FM%2Bl7ntDc7V43%2FBRSyw%3D
INFO: [ app_init ] --START--
INFO: Run Behavior\BuildLiteBehavior [ RunTime:0.000074s ]
INFO: [ app_init ] --END-- [ RunTime:0.000851s ]
INFO: [ app_begin ] --START--
INFO: Run Behavior\ReadHtmlCacheBehavior [ RunTime:0.000987s ]
INFO: [ app_begin ] --END-- [ RunTime:0.001338s ]
SQL: SHOW COLUMNS FROM `westyle_operator` [ RunTime:0.0051s ]
SQL: SELECT * FROM `westyle_operator` WHERE `operator_email` = 'example@aiforu.com'  [ RunTime:0.0004s ]
NOTIC: [8] Undefined offset: 0 F:\wamp\www\westylegit\code\Application\Exterior\Controller\AlipayTestController.class.php 第 337 行.
SQL: SHOW COLUMNS FROM `westyle_shop` [ RunTime:0.0042s ]
SQL: SELECT * FROM `westyle_shop` WHERE `id` = null  [ RunTime:0.0004s ]
NOTIC: [8] Undefined offset: 0 F:\wamp\www\westylegit\code\Application\Exterior\Controller\AlipayTestController.class.php 第 341 行.
SQL: SHOW COLUMNS FROM `westyle_alipay_trade` [ RunTime:0.0047s ]
SQL: SELECT * FROM `westyle_alipay_trade` WHERE `buyer_identity_code` = '281468679394372858' LIMIT 1   [ RunTime:0.0012s ]

[ 2017-01-16T07:10:58+08:00 ] ::1 /westylegit/code/index.php/Exterior/AlipayTest/test_pay.shtml?code=281468679394372858
INFO: [ app_init ] --START--
INFO: Run Behavior\BuildLiteBehavior [ RunTime:0.000036s ]
INFO: [ app_init ] --END-- [ RunTime:0.000659s ]
INFO: [ app_begin ] --START--
INFO: Run Behavior\ReadHtmlCacheBehavior [ RunTime:0.001189s ]
INFO: [ app_begin ] --END-- [ RunTime:0.001357s ]
INFO: [ app_end ] --START--
INFO: Run Behavior\ShowPageTraceBehavior [ RunTime:0.001503s ]
INFO: [ app_end ] --END-- [ RunTime:0.001730s ]

[ 2017-01-16T07:11:04+08:00 ] ::1 /westylegit/code/index.php/Exterior/AlipayTest/pay.shtml?buyer_identity_code=281468679394372850&currency=EUR&trader_email=example%40aiforu.com&trans_amount=0.01&sign_type=RSA&sign=XD3qiI1igSY0w9vzJHxE1lJr0ZNg8D73O%2FYR1oqNXC7gFXAfn44ajpRIzvUsfW%2Bkzms1eGQ0mDbUOQ%2BxBbH9lLUx3n%2BFxV1PkWB%2F7t0HhEaBUgloguXfoA6a1zNge%2FX7R6FszrQevZgBtwBxYnRbqfTGQN8ZEwS0mMlSF%2Bew5Pk%3D
INFO: [ app_init ] --START--
INFO: Run Behavior\BuildLiteBehavior [ RunTime:0.000038s ]
INFO: [ app_init ] --END-- [ RunTime:0.000758s ]
INFO: [ app_begin ] --START--
INFO: Run Behavior\ReadHtmlCacheBehavior [ RunTime:0.001148s ]
INFO: [ app_begin ] --END-- [ RunTime:0.001310s ]
SQL: SHOW COLUMNS FROM `westyle_operator` [ RunTime:0.1526s ]
SQL: SELECT * FROM `westyle_operator` WHERE `operator_email` = 'example@aiforu.com'  [ RunTime:0.0005s ]
NOTIC: [8] Undefined offset: 0 F:\wamp\www\westylegit\code\Application\Exterior\Controller\AlipayTestController.class.php 第 337 行.
SQL: SHOW COLUMNS FROM `westyle_shop` [ RunTime:0.0044s ]
SQL: SELECT * FROM `westyle_shop` WHERE `id` = null  [ RunTime:0.0006s ]
NOTIC: [8] Undefined offset: 0 F:\wamp\www\westylegit\code\Application\Exterior\Controller\AlipayTestController.class.php 第 341 行.
SQL: SHOW COLUMNS FROM `westyle_alipay_trade` [ RunTime:0.0077s ]
SQL: SELECT * FROM `westyle_alipay_trade` WHERE `buyer_identity_code` = '281468679394372850' LIMIT 1   [ RunTime:0.0010s ]
NOTIC: [8] Undefined index: validate F:\wamp\www\westylegit\code\ThinkPHP\Library\Think\Model.class.php 第 1185 行.
NOTIC: [8] Undefined index: auto F:\wamp\www\westylegit\code\ThinkPHP\Library\Think\Model.class.php 第 1128 行.
SQL: INSERT INTO `westyle_alipay_trade` (`buyer_identity_code`,`currency`,`trader_email`,`trans_amount`,`partner`,`memo`,`alipay_seller_id`,`subject`,`trans_name`,`trans_create_time`,`partner_trans_id`,`state`,`method`) VALUES ('281468679394372850','EUR','example@aiforu.com','0.01','2088021966645500','Shopping','2088021966645500','','','20170116071104','2017011656984955','1','1') [ RunTime:0.1582s ]
INFO: [ app_end ] --START--
INFO: Run Behavior\ShowPageTraceBehavior [ RunTime:0.002088s ]
INFO: [ app_end ] --END-- [ RunTime:0.002455s ]

[ 2017-01-16T07:11:04+08:00 ] ::1 /westylegit/code/index.php/Exterior/AlipayTest/test_pay.shtml?code=281468679394372850
INFO: [ app_init ] --START--
INFO: Run Behavior\BuildLiteBehavior [ RunTime:0.000035s ]
INFO: [ app_init ] --END-- [ RunTime:0.000767s ]
INFO: [ app_begin ] --START--
INFO: Run Behavior\ReadHtmlCacheBehavior [ RunTime:0.001121s ]
INFO: [ app_begin ] --END-- [ RunTime:0.001297s ]
INFO: [ app_end ] --START--
INFO: Run Behavior\ShowPageTraceBehavior [ RunTime:0.001667s ]
INFO: [ app_end ] --END-- [ RunTime:0.002050s ]

[ 2017-01-16T07:12:35+08:00 ] ::1 /westylegit/code/index.php/Exterior/AlipayTest/pay.shtml?buyer_identity_code=281468679394372851&currency=EUR&trader_email=example%40aiforu.com&trans_amount=0.01&sign_type=RSA&sign=jBFWm3uCoo028Fm7uayRFK9OW30uVwy4%2FLT7FBFU8iQm7Z%2FneHY2hgNqHjuBbgj3bomhbSzvWKH3HzTjC4My6J6aGyIe5oI7YCODmqVmRVnKIRUgTKrK7sJ%2FJU3umZRTGBhKXFHHppW65WX5lWGvNAYYsFPAl7lwSLrwvxppE6k%3D
INFO: [ app_init ] --START--
INFO: Run Behavior\BuildLiteBehavior [ RunTime:0.000034s ]
INFO: [ app_init ] --END-- [ RunTime:0.000586s ]
INFO: [ app_begin ] --START--
INFO: Run Behavior\ReadHtmlCacheBehavior [ RunTime:0.001292s ]
INFO: [ app_begin ] --END-- [ RunTime:0.001509s ]
SQL: SHOW COLUMNS FROM `westyle_operator` [ RunTime:0.0050s ]
SQL: SELECT * FROM `westyle_operator` WHERE `operator_email` = 'example@aiforu.com'  [ RunTime:0.0004s ]
NOTIC: [8] Undefined offset: 0 F:\wamp\www\westylegit\code\Application\Exterior\Controller\AlipayTestController.class.php 第 337 行.
SQL: SHOW COLUMNS FROM `westyle_shop` [ RunTime:0.0044s ]
SQL: SELECT * FROM `westyle_shop` WHERE `id` = null  [ RunTime:0.0004s ]
NOTIC: [8] Undefined offset: 0 F:\wamp\www\westylegit\code\Application\Exterior\Controller\AlipayTestController.class.php 第 341 行.
SQL: SHOW COLUMNS FROM `westyle_alipay_trade` [ RunTime:0.0046s ]
SQL: SELECT * FROM `westyle_alipay_trade` WHERE `buyer_identity_code` = '281468679394372851' LIMIT 1   [ RunTime:0.0010s ]
NOTIC: [8] Undefined index: validate F:\wamp\www\westylegit\code\ThinkPHP\Library\Think\Model.class.php 第 1185 行.
NOTIC: [8] Undefined index: auto F:\wamp\www\westylegit\code\ThinkPHP\Library\Think\Model.class.php 第 1128 行.
SQL: INSERT INTO `westyle_alipay_trade` (`buyer_identity_code`,`currency`,`trader_email`,`trans_amount`,`partner`,`memo`,`alipay_seller_id`,`subject`,`trans_name`,`trans_create_time`,`partner_trans_id`,`state`,`method`) VALUES ('281468679394372851','EUR','example@aiforu.com','0.01','2088021966645500','Shopping','2088021966645500','','','20170116071235','2017011651489852','1','1') [ RunTime:0.1532s ]
INFO: [ app_end ] --START--
INFO: Run Behavior\ShowPageTraceBehavior [ RunTime:0.004485s ]
INFO: [ app_end ] --END-- [ RunTime:0.004922s ]

[ 2017-01-16T07:12:35+08:00 ] ::1 /westylegit/code/index.php/Exterior/AlipayTest/test_pay.shtml?code=281468679394372851
INFO: [ app_init ] --START--
INFO: Run Behavior\BuildLiteBehavior [ RunTime:0.000040s ]
INFO: [ app_init ] --END-- [ RunTime:0.000800s ]
INFO: [ app_begin ] --START--
INFO: Run Behavior\ReadHtmlCacheBehavior [ RunTime:0.001136s ]
INFO: [ app_begin ] --END-- [ RunTime:0.001301s ]
INFO: [ app_end ] --START--
INFO: Run Behavior\ShowPageTraceBehavior [ RunTime:0.001834s ]
INFO: [ app_end ] --END-- [ RunTime:0.002222s ]

[ 2017-01-16T07:57:11+08:00 ] ::1 /westylegit/code/index.php/Exterior/AlipayTest/shown?extra_common_param=%7B%26quot%3Bnotify_mobile%26quot%3B%3A%26quot%3B0033-750277812%26quot%3B%2C%26quot%3Bqrcode%26quot%3B%3A%26quot%3Bhttps%3A%2F%2Fqr.alipay.com%2Focx04525obempgub6uccyd7%26quot%3B%7D&currency=EUR&trans_currency=EUR&subject=seraph+-+1057826168&trade_no=2017011221001004840281596484&paytools_pay_amount=%5B%7B%26quot%3BALIPAYACCOUNT%26quot%3B%3A%26quot%3B0.07%26quot%3B%7D%5D&buyer_email=yxccolin%40sina.com&gmt_create=2017-01-12+07%3A55%3A28&notify_type=trade_status_sync&quantity=1&forex_rate=7.35900000&out_trade_no=0029726498411484178928534&trans_amount=0.01&seller_id=2088521118744342&notify_time=2017-01-12+07%3A55%3A33&trade_status=TRADE_SUCCESS&total_fee=0.07&gmt_payment=2017-01-12+07%3A55%3A32&seller_email=klikandpay%40seraph.fr&notify_action_type=payByAccountAction&price=0.07&buyer_id=2088002972649841&notify_id=1266fd006cad1afd1f64f166ca72d10mhe&merchant_id=1057826168
INFO: [ app_init ] --START--
INFO: Run Behavior\BuildLiteBehavior [ RunTime:0.000043s ]
INFO: [ app_init ] --END-- [ RunTime:0.024128s ]
INFO: [ app_begin ] --START--
INFO: Run Behavior\ReadHtmlCacheBehavior [ RunTime:0.023196s ]
INFO: [ app_begin ] --END-- [ RunTime:0.023429s ]
INFO: [ app_end ] --START--
INFO: Run Behavior\ShowPageTraceBehavior [ RunTime:0.038075s ]
INFO: [ app_end ] --END-- [ RunTime:0.038506s ]

[ 2017-01-16T08:08:18+08:00 ] ::1 /westylegit/code/index.php/Exterior/AlipayTest/shown?extra_common_param=%7B%26quot%3Bnotify_mobile%26quot%3B%3A%26quot%3B0033-750277812%26quot%3B%2C%26quot%3Bqrcode%26quot%3B%3A%26quot%3Bhttps%3A%2F%2Fqr.alipay.com%2Focx04525obempgub6uccyd7%26quot%3B%7D&currency=EUR&trans_currency=EUR&subject=seraph+-+1057826168&trade_no=2017011221001004840281596484&paytools_pay_amount=%5B%7B%26quot%3BALIPAYACCOUNT%26quot%3B%3A%26quot%3B0.07%26quot%3B%7D%5D&buyer_email=yxccolin%40sina.com&gmt_create=2017-01-12+07%3A55%3A28&notify_type=trade_status_sync&quantity=1&forex_rate=7.35900000&out_trade_no=0029726498411484178928534&trans_amount=0.01&seller_id=2088521118744342&notify_time=2017-01-12+07%3A55%3A33&trade_status=TRADE_SUCCESS&total_fee=0.07&gmt_payment=2017-01-12+07%3A55%3A32&seller_email=klikandpay%40seraph.fr&notify_action_type=payByAccountAction&price=0.07&buyer_id=2088002972649841&notify_id=1266fd006cad1afd1f64f166ca72d10mhe&merchant_id=1057826168
INFO: [ app_init ] --START--
INFO: Run Behavior\BuildLiteBehavior [ RunTime:0.000100s ]
INFO: [ app_init ] --END-- [ RunTime:0.012396s ]
INFO: [ app_begin ] --START--
INFO: Run Behavior\ReadHtmlCacheBehavior [ RunTime:0.010485s ]
INFO: [ app_begin ] --END-- [ RunTime:0.011017s ]
INFO: [ app_end ] --START--
INFO: Run Behavior\ShowPageTraceBehavior [ RunTime:0.018682s ]
INFO: [ app_end ] --END-- [ RunTime:0.019315s ]

[ 2017-01-16T08:09:17+08:00 ] ::1 /westylegit/code/index.php/Exterior/AlipayTest/shown?extra_common_param=%7B%26quot%3Bnotify_mobile%26quot%3B%3A%26quot%3B0033-750277812%26quot%3B%2C%26quot%3Bqrcode%26quot%3B%3A%26quot%3Bhttps%3A%2F%2Fqr.alipay.com%2Focx04525obempgub6uccyd7%26quot%3B%7D&currency=EUR&trans_currency=EUR&subject=seraph+-+1057826168&trade_no=2017011221001004840281596484&paytools_pay_amount=%5B%7B%26quot%3BALIPAYACCOUNT%26quot%3B%3A%26quot%3B0.07%26quot%3B%7D%5D&buyer_email=yxccolin%40sina.com&gmt_create=2017-01-12+07%3A55%3A28&notify_type=trade_status_sync&quantity=1&forex_rate=7.35900000&out_trade_no=0029726498411484178928534&trans_amount=0.01&seller_id=2088521118744342&notify_time=2017-01-12+07%3A55%3A33&trade_status=TRADE_SUCCESS&total_fee=0.07&gmt_payment=2017-01-12+07%3A55%3A32&seller_email=klikandpay%40seraph.fr&notify_action_type=payByAccountAction&price=0.07&buyer_id=2088002972649841&notify_id=1266fd006cad1afd1f64f166ca72d10mhe&merchant_id=1057826168
INFO: [ app_init ] --START--
INFO: Run Behavior\BuildLiteBehavior [ RunTime:0.000060s ]
INFO: [ app_init ] --END-- [ RunTime:0.000966s ]
INFO: [ app_begin ] --START--
INFO: Run Behavior\ReadHtmlCacheBehavior [ RunTime:0.001760s ]
INFO: [ app_begin ] --END-- [ RunTime:0.002049s ]
INFO: [ app_end ] --START--
INFO: Run Behavior\ShowPageTraceBehavior [ RunTime:0.001479s ]
INFO: [ app_end ] --END-- [ RunTime:0.001707s ]

