[ 2017-06-26T00:10:04+08:00 ] ::1 /whateat/index.php/Install/install/install
INFO: [ app_init ] --START--
INFO: Run Behavior\BuildLiteBehavior [ RunTime:0.000037s ]
INFO: [ app_init ] --END-- [ RunTime:0.000724s ]
INFO: [ app_begin ] --START--
INFO: Run Behavior\ReadHtmlCacheBehavior [ RunTime:0.001246s ]
INFO: [ app_begin ] --END-- [ RunTime:0.001420s ]
SQL: SHOW COLUMNS FROM `whateat_admin_group` [ RunTime:0.1176s ]
SQL: SHOW COLUMNS FROM `whateat_admin_node` [ RunTime:0.0051s ]
SQL: SELECT * FROM `whateat_admin_node` ORDER BY id  [ RunTime:0.0006s ]
NOTIC: [8] Undefined index: validate F:\wamp\www\whateat\ThinkPHP\Library\Think\Model.class.php 第 1185 行.
NOTIC: [8] Undefined index: auto F:\wamp\www\whateat\ThinkPHP\Library\Think\Model.class.php 第 1128 行.
SQL: INSERT INTO `whateat_admin_group` (`title`,`description`,`rules`) VALUES ('supervisor','超级管理员，请勿操作','1,7,8,9,10,11,12,13,15') [ RunTime:0.0812s ]
SQL: SHOW COLUMNS FROM `whateat_admin_user` [ RunTime:0.0061s ]
NOTIC: [8] Undefined index: validate F:\wamp\www\whateat\ThinkPHP\Library\Think\Model.class.php 第 1185 行.
NOTIC: [8] Undefined index: auto F:\wamp\www\whateat\ThinkPHP\Library\Think\Model.class.php 第 1128 行.
SQL: INSERT INTO `whateat_admin_user` (`username`,`password`,`admin_group_id`) VALUES ('admin','0192023a7bbd73250516f069df18b500','1') [ RunTime:0.0925s ]
INFO: [ app_end ] --START--
INFO: Run Behavior\ShowPageTraceBehavior [ RunTime:0.001371s ]
INFO: [ app_end ] --END-- [ RunTime:0.001552s ]

[ 2017-06-26T00:13:23+08:00 ] ::1 /whateat/index.php/Install/install/install
INFO: [ app_init ] --START--
INFO: Run Behavior\BuildLiteBehavior [ RunTime:0.000037s ]
INFO: [ app_init ] --END-- [ RunTime:0.000924s ]
INFO: [ app_begin ] --START--
INFO: Run Behavior\ReadHtmlCacheBehavior [ RunTime:0.001739s ]
INFO: [ app_begin ] --END-- [ RunTime:0.002013s ]
SQL: SHOW COLUMNS FROM `whateat_admin_group` [ RunTime:0.0053s ]
SQL: SHOW COLUMNS FROM `whateat_admin_node` [ RunTime:0.0049s ]
SQL: SELECT * FROM `whateat_admin_node` ORDER BY id  [ RunTime:0.0006s ]
NOTIC: [8] Undefined index: validate F:\wamp\www\whateat\ThinkPHP\Library\Think\Model.class.php 第 1185 行.
NOTIC: [8] Undefined index: auto F:\wamp\www\whateat\ThinkPHP\Library\Think\Model.class.php 第 1128 行.
SQL: INSERT INTO `whateat_admin_group` (`title`,`description`,`rules`) VALUES ('supervisor','超级管理员，请勿操作','1,7,8,9,10,11,12,13,15,16,17') [ RunTime:0.1769s ]
SQL: SHOW COLUMNS FROM `whateat_admin_user` [ RunTime:0.1595s ]
NOTIC: [8] Undefined index: validate F:\wamp\www\whateat\ThinkPHP\Library\Think\Model.class.php 第 1185 行.
NOTIC: [8] Undefined index: auto F:\wamp\www\whateat\ThinkPHP\Library\Think\Model.class.php 第 1128 行.
ERR: 1062:Duplicate entry 'admin' for key 'username'
 [ SQL语句 ] : INSERT INTO `whateat_admin_user` (`username`,`password`,`admin_group_id`) VALUES ('admin','0192023a7bbd73250516f069df18b500','2')
ERR: 1062:Duplicate entry 'admin' for key 'username'
 [ SQL语句 ] : INSERT INTO `whateat_admin_user` (`username`,`password`,`admin_group_id`) VALUES ('admin','0192023a7bbd73250516f069df18b500','2')

[ 2017-06-26T00:14:07+08:00 ] ::1 /whateat/index.php/Install/install/install
INFO: [ app_init ] --START--
INFO: Run Behavior\BuildLiteBehavior [ RunTime:0.000038s ]
INFO: [ app_init ] --END-- [ RunTime:0.000726s ]
INFO: [ app_begin ] --START--
INFO: Run Behavior\ReadHtmlCacheBehavior [ RunTime:0.001484s ]
INFO: [ app_begin ] --END-- [ RunTime:0.001763s ]
SQL: SHOW COLUMNS FROM `whateat_admin_group` [ RunTime:0.0082s ]
SQL: SHOW COLUMNS FROM `whateat_admin_node` [ RunTime:0.0049s ]
SQL: SELECT * FROM `whateat_admin_node` ORDER BY id  [ RunTime:0.0006s ]
NOTIC: [8] Undefined index: validate F:\wamp\www\whateat\ThinkPHP\Library\Think\Model.class.php 第 1185 行.
NOTIC: [8] Undefined index: auto F:\wamp\www\whateat\ThinkPHP\Library\Think\Model.class.php 第 1128 行.
SQL: INSERT INTO `whateat_admin_group` (`title`,`description`,`rules`) VALUES ('supervisor','超级管理员，请勿操作','1,7,8,9,10,11,12,13,15,16,17') [ RunTime:0.1301s ]
SQL: SHOW COLUMNS FROM `whateat_admin_user` [ RunTime:0.0057s ]
NOTIC: [8] Undefined index: validate F:\wamp\www\whateat\ThinkPHP\Library\Think\Model.class.php 第 1185 行.
NOTIC: [8] Undefined index: auto F:\wamp\www\whateat\ThinkPHP\Library\Think\Model.class.php 第 1128 行.
ERR: 1062:Duplicate entry 'admin' for key 'username'
 [ SQL语句 ] : INSERT INTO `whateat_admin_user` (`username`,`password`,`admin_group_id`) VALUES ('admin','0192023a7bbd73250516f069df18b500','3')
ERR: 1062:Duplicate entry 'admin' for key 'username'
 [ SQL语句 ] : INSERT INTO `whateat_admin_user` (`username`,`password`,`admin_group_id`) VALUES ('admin','0192023a7bbd73250516f069df18b500','3')

[ 2017-06-26T00:18:44+08:00 ] ::1 /whateat/index.php/Install/install/install
INFO: [ app_init ] --START--
INFO: Run Behavior\BuildLiteBehavior [ RunTime:0.000038s ]
INFO: [ app_init ] --END-- [ RunTime:0.001230s ]
INFO: [ app_begin ] --START--
INFO: Run Behavior\ReadHtmlCacheBehavior [ RunTime:0.001665s ]
INFO: [ app_begin ] --END-- [ RunTime:0.001845s ]

[ 2017-06-26T00:19:34+08:00 ] ::1 /whateat/index.php/Install/install/install
INFO: [ app_init ] --START--
INFO: Run Behavior\BuildLiteBehavior [ RunTime:0.000053s ]
INFO: [ app_init ] --END-- [ RunTime:0.001000s ]
INFO: [ app_begin ] --START--
INFO: Run Behavior\ReadHtmlCacheBehavior [ RunTime:0.001710s ]
INFO: [ app_begin ] --END-- [ RunTime:0.001894s ]

[ 2017-06-26T00:20:13+08:00 ] ::1 /whateat/index.php/Install/install/install
INFO: [ app_init ] --START--
INFO: Run Behavior\BuildLiteBehavior [ RunTime:0.000038s ]
INFO: [ app_init ] --END-- [ RunTime:0.000892s ]
INFO: [ app_begin ] --START--
INFO: Run Behavior\ReadHtmlCacheBehavior [ RunTime:0.001698s ]
INFO: [ app_begin ] --END-- [ RunTime:0.001875s ]
SQL: SHOW COLUMNS FROM `whateat_admin_group` [ RunTime:0.1446s ]
SQL: SHOW COLUMNS FROM `whateat_admin_node` [ RunTime:0.0062s ]
SQL: SELECT * FROM `whateat_admin_node` ORDER BY id  [ RunTime:0.0007s ]
NOTIC: [8] Undefined index: validate F:\wamp\www\whateat\ThinkPHP\Library\Think\Model.class.php 第 1185 行.
NOTIC: [8] Undefined index: auto F:\wamp\www\whateat\ThinkPHP\Library\Think\Model.class.php 第 1128 行.
SQL: INSERT INTO `whateat_admin_group` (`title`,`description`,`rules`) VALUES ('supervisor','超级管理员，请勿操作','1,7,8,9,10,11,12,13,15') [ RunTime:0.1766s ]
SQL: SHOW COLUMNS FROM `whateat_admin_user` [ RunTime:0.0064s ]
NOTIC: [8] Undefined index: validate F:\wamp\www\whateat\ThinkPHP\Library\Think\Model.class.php 第 1185 行.
NOTIC: [8] Undefined index: auto F:\wamp\www\whateat\ThinkPHP\Library\Think\Model.class.php 第 1128 行.
SQL: INSERT INTO `whateat_admin_user` (`username`,`password`,`admin_group_id`) VALUES ('admin','0192023a7bbd73250516f069df18b500','1') [ RunTime:0.1265s ]
NOTIC: [8] Undefined variable: westyleSQL F:\wamp\www\whateat\Application\Install\Controller\InstallController.class.php 第 26 行.
NOTIC: [2] mysqli_query() expects parameter 1 to be mysqli, null given F:\wamp\www\whateat\Application\Install\Controller\InstallController.class.php 第 26 行.
NOTIC: [8] Undefined variable: westyleSQL F:\wamp\www\whateat\Application\Install\Controller\InstallController.class.php 第 29 行.
NOTIC: [2] mysqli_error() expects parameter 1 to be mysqli, null given F:\wamp\www\whateat\Application\Install\Controller\InstallController.class.php 第 29 行.
INFO: [ app_end ] --START--
INFO: Run Behavior\ShowPageTraceBehavior [ RunTime:0.002010s ]
INFO: [ app_end ] --END-- [ RunTime:0.002260s ]

[ 2017-06-26T04:50:26+08:00 ] ::1 /whateat/index.php/Install/install/install
INFO: [ app_init ] --START--
INFO: Run Behavior\BuildLiteBehavior [ RunTime:0.000038s ]
INFO: [ app_init ] --END-- [ RunTime:0.001389s ]
INFO: [ app_begin ] --START--
INFO: Run Behavior\ReadHtmlCacheBehavior [ RunTime:0.001715s ]
INFO: [ app_begin ] --END-- [ RunTime:0.001891s ]
SQL: SHOW COLUMNS FROM `whateat_admin_group` [ RunTime:0.0651s ]
SQL: SHOW COLUMNS FROM `whateat_admin_node` [ RunTime:0.0055s ]
SQL: SELECT * FROM `whateat_admin_node` ORDER BY id  [ RunTime:0.0007s ]
NOTIC: [8] Undefined index: validate F:\wamp\www\whateat\ThinkPHP\Library\Think\Model.class.php 第 1185 行.
NOTIC: [8] Undefined index: auto F:\wamp\www\whateat\ThinkPHP\Library\Think\Model.class.php 第 1128 行.
SQL: INSERT INTO `whateat_admin_group` (`title`,`description`,`rules`) VALUES ('supervisor','超级管理员，请勿操作','1,7,8,9,10,11,12,13,15') [ RunTime:0.1097s ]
SQL: SHOW COLUMNS FROM `whateat_admin_user` [ RunTime:0.0061s ]
NOTIC: [8] Undefined index: validate F:\wamp\www\whateat\ThinkPHP\Library\Think\Model.class.php 第 1185 行.
NOTIC: [8] Undefined index: auto F:\wamp\www\whateat\ThinkPHP\Library\Think\Model.class.php 第 1128 行.
SQL: INSERT INTO `whateat_admin_user` (`username`,`password`,`admin_group_id`) VALUES ('admin','0192023a7bbd73250516f069df18b500','1') [ RunTime:0.0923s ]
NOTIC: [8] Undefined index: validate F:\wamp\www\whateat\ThinkPHP\Library\Think\Model.class.php 第 1185 行.
NOTIC: [8] Undefined index: auto F:\wamp\www\whateat\ThinkPHP\Library\Think\Model.class.php 第 1128 行.
SQL: INSERT INTO `whateat_admin_node` (`controller`,`method`,`name`,`title`,`sort`,`level`,`pid`,`remark`) VALUES ('','','ressouce_center','资源管理中心','2','1','1','') [ RunTime:0.0390s ]
NOTIC: [8] Undefined index: validate F:\wamp\www\whateat\ThinkPHP\Library\Think\Model.class.php 第 1185 行.
NOTIC: [8] Undefined index: auto F:\wamp\www\whateat\ThinkPHP\Library\Think\Model.class.php 第 1128 行.
SQL: INSERT INTO `whateat_admin_node` (`controller`,`method`,`name`,`title`,`sort`,`level`,`pid`,`remark`) VALUES ('Dish','dish','dish_root','菜单管理','1','2','16','') [ RunTime:0.0565s ]
INFO: [ app_end ] --START--
INFO: Run Behavior\ShowPageTraceBehavior [ RunTime:0.001832s ]
INFO: [ app_end ] --END-- [ RunTime:0.002025s ]

[ 2017-06-26T05:30:46+08:00 ] ::1 /whateat/index.php/Install/install/install
INFO: [ app_init ] --START--
INFO: Run Behavior\BuildLiteBehavior [ RunTime:0.000038s ]
INFO: [ app_init ] --END-- [ RunTime:0.000809s ]
INFO: [ app_begin ] --START--
INFO: Run Behavior\ReadHtmlCacheBehavior [ RunTime:0.001353s ]
INFO: [ app_begin ] --END-- [ RunTime:0.001525s ]
SQL: SHOW COLUMNS FROM `whateat_admin_node` [ RunTime:0.0063s ]
NOTIC: [8] Undefined index: validate F:\wamp\www\whateat\ThinkPHP\Library\Think\Model.class.php 第 1185 行.
NOTIC: [8] Undefined index: auto F:\wamp\www\whateat\ThinkPHP\Library\Think\Model.class.php 第 1128 行.
ERR: 1062:Duplicate entry 'ressouce_center' for key 'name'
 [ SQL语句 ] : INSERT INTO `whateat_admin_node` (`controller`,`method`,`name`,`title`,`sort`,`level`,`pid`,`remark`) VALUES ('','','ressouce_center','资源管理中心','2','1','1','')
ERR: 1062:Duplicate entry 'ressouce_center' for key 'name'
 [ SQL语句 ] : INSERT INTO `whateat_admin_node` (`controller`,`method`,`name`,`title`,`sort`,`level`,`pid`,`remark`) VALUES ('','','ressouce_center','资源管理中心','2','1','1','')

[ 2017-06-26T05:31:50+08:00 ] ::1 /whateat/index.php/Install/install/install
INFO: [ app_init ] --START--
INFO: Run Behavior\BuildLiteBehavior [ RunTime:0.000037s ]
INFO: [ app_init ] --END-- [ RunTime:0.000791s ]
INFO: [ app_begin ] --START--
INFO: Run Behavior\ReadHtmlCacheBehavior [ RunTime:0.001351s ]
INFO: [ app_begin ] --END-- [ RunTime:0.001525s ]
SQL: SHOW COLUMNS FROM `whateat_admin_node` [ RunTime:0.1045s ]
NOTIC: [8] Undefined index: validate F:\wamp\www\whateat\ThinkPHP\Library\Think\Model.class.php 第 1185 行.
NOTIC: [8] Undefined index: auto F:\wamp\www\whateat\ThinkPHP\Library\Think\Model.class.php 第 1128 行.
ERR: 1062:Duplicate entry 'ressouce_center' for key 'name'
 [ SQL语句 ] : INSERT INTO `whateat_admin_node` (`controller`,`method`,`name`,`title`,`sort`,`level`,`pid`,`remark`) VALUES ('','','ressouce_center','资源管理中心','2','1','1','')
ERR: 1062:Duplicate entry 'ressouce_center' for key 'name'
 [ SQL语句 ] : INSERT INTO `whateat_admin_node` (`controller`,`method`,`name`,`title`,`sort`,`level`,`pid`,`remark`) VALUES ('','','ressouce_center','资源管理中心','2','1','1','')

[ 2017-06-26T05:32:08+08:00 ] ::1 /whateat/index.php/Install/install/install
INFO: [ app_init ] --START--
INFO: Run Behavior\BuildLiteBehavior [ RunTime:0.000037s ]
INFO: [ app_init ] --END-- [ RunTime:0.000776s ]
INFO: [ app_begin ] --START--
INFO: Run Behavior\ReadHtmlCacheBehavior [ RunTime:0.001330s ]
INFO: [ app_begin ] --END-- [ RunTime:0.001509s ]
SQL: SHOW COLUMNS FROM `whateat_admin_node` [ RunTime:0.0089s ]
NOTIC: [8] Undefined index: validate F:\wamp\www\whateat\ThinkPHP\Library\Think\Model.class.php 第 1185 行.
NOTIC: [8] Undefined index: auto F:\wamp\www\whateat\ThinkPHP\Library\Think\Model.class.php 第 1128 行.
ERR: 1062:Duplicate entry 'ressouce_center' for key 'name'
 [ SQL语句 ] : INSERT INTO `whateat_admin_node` (`controller`,`method`,`name`,`title`,`sort`,`level`,`pid`,`remark`) VALUES ('','','ressouce_center','资源管理中心','2','1','1','')
ERR: 1062:Duplicate entry 'ressouce_center' for key 'name'
 [ SQL语句 ] : INSERT INTO `whateat_admin_node` (`controller`,`method`,`name`,`title`,`sort`,`level`,`pid`,`remark`) VALUES ('','','ressouce_center','资源管理中心','2','1','1','')

[ 2017-06-26T05:32:22+08:00 ] ::1 /whateat/index.php/Install/install/install
INFO: [ app_init ] --START--
INFO: Run Behavior\BuildLiteBehavior [ RunTime:0.000036s ]
INFO: [ app_init ] --END-- [ RunTime:0.000833s ]
INFO: [ app_begin ] --START--
INFO: Run Behavior\ReadHtmlCacheBehavior [ RunTime:0.001355s ]
INFO: [ app_begin ] --END-- [ RunTime:0.001535s ]
SQL: SHOW COLUMNS FROM `whateat_admin_node` [ RunTime:0.0087s ]
NOTIC: [8] Undefined index: validate F:\wamp\www\whateat\ThinkPHP\Library\Think\Model.class.php 第 1185 行.
NOTIC: [8] Undefined index: auto F:\wamp\www\whateat\ThinkPHP\Library\Think\Model.class.php 第 1128 行.
SQL: INSERT INTO `whateat_admin_node` (`controller`,`method`,`name`,`title`,`sort`,`level`,`pid`,`remark`) VALUES ('','','ressouce_center','资源管理中心','2','1','1','') [ RunTime:0.1715s ]
NOTIC: [8] Undefined index: validate F:\wamp\www\whateat\ThinkPHP\Library\Think\Model.class.php 第 1185 行.
NOTIC: [8] Undefined index: auto F:\wamp\www\whateat\ThinkPHP\Library\Think\Model.class.php 第 1128 行.
SQL: INSERT INTO `whateat_admin_node` (`controller`,`method`,`name`,`title`,`sort`,`level`,`pid`,`remark`) VALUES ('Dish','dish','dish_root','菜单管理','1','2','21','') [ RunTime:0.0802s ]
NOTIC: [8] Undefined index: validate F:\wamp\www\whateat\ThinkPHP\Library\Think\Model.class.php 第 1185 行.
NOTIC: [8] Undefined index: auto F:\wamp\www\whateat\ThinkPHP\Library\Think\Model.class.php 第 1128 行.
SQL: INSERT INTO `whateat_admin_node` (`controller`,`method`,`name`,`title`,`sort`,`level`,`pid`,`remark`) VALUES ('Ingredient','ingredient','ingredient_root','食材管理','2','2','21','') [ RunTime:0.0503s ]
NOTIC: [8] Undefined index: validate F:\wamp\www\whateat\ThinkPHP\Library\Think\Model.class.php 第 1185 行.
NOTIC: [8] Undefined index: auto F:\wamp\www\whateat\ThinkPHP\Library\Think\Model.class.php 第 1128 行.
SQL: INSERT INTO `whateat_admin_node` (`controller`,`method`,`name`,`title`,`sort`,`level`,`pid`,`remark`) VALUES ('Flavour','flavour','flavour_root','调料管理','3','2','21','') [ RunTime:0.0413s ]
INFO: [ app_end ] --START--
INFO: Run Behavior\ShowPageTraceBehavior [ RunTime:0.001451s ]
INFO: [ app_end ] --END-- [ RunTime:0.001730s ]

[ 2017-06-26T06:29:35+08:00 ] ::1 /whateat/index.php/Install/install/install
INFO: [ app_init ] --START--
INFO: Run Behavior\BuildLiteBehavior [ RunTime:0.000149s ]
INFO: [ app_init ] --END-- [ RunTime:0.001386s ]
INFO: [ app_begin ] --START--
INFO: Run Behavior\ReadHtmlCacheBehavior [ RunTime:0.001463s ]
INFO: [ app_begin ] --END-- [ RunTime:0.001659s ]

[ 2017-06-26T06:32:16+08:00 ] ::1 /whateat/index.php/Install/install/install
INFO: [ app_init ] --START--
INFO: Run Behavior\BuildLiteBehavior [ RunTime:0.000049s ]
INFO: [ app_init ] --END-- [ RunTime:0.000731s ]
INFO: [ app_begin ] --START--
INFO: Run Behavior\ReadHtmlCacheBehavior [ RunTime:0.001391s ]
INFO: [ app_begin ] --END-- [ RunTime:0.001569s ]

[ 2017-06-26T06:32:58+08:00 ] ::1 /whateat/index.php/Install/install/install
INFO: [ app_init ] --START--
INFO: Run Behavior\BuildLiteBehavior [ RunTime:0.000073s ]
INFO: [ app_init ] --END-- [ RunTime:0.001092s ]
INFO: [ app_begin ] --START--
INFO: Run Behavior\ReadHtmlCacheBehavior [ RunTime:0.001392s ]
INFO: [ app_begin ] --END-- [ RunTime:0.001572s ]

[ 2017-06-26T06:33:35+08:00 ] ::1 /whateat/index.php/Install/install/install
INFO: [ app_init ] --START--
INFO: Run Behavior\BuildLiteBehavior [ RunTime:0.000036s ]
INFO: [ app_init ] --END-- [ RunTime:0.000721s ]
INFO: [ app_begin ] --START--
INFO: Run Behavior\ReadHtmlCacheBehavior [ RunTime:0.001349s ]
INFO: [ app_begin ] --END-- [ RunTime:0.001523s ]
SQL: SHOW COLUMNS FROM `whateat_admin_node` [ RunTime:0.0090s ]
NOTIC: [8] Undefined index: validate F:\wamp\www\whateat\ThinkPHP\Library\Think\Model.class.php 第 1185 行.
NOTIC: [8] Undefined index: auto F:\wamp\www\whateat\ThinkPHP\Library\Think\Model.class.php 第 1128 行.
ERR: 1062:Duplicate entry 'ressouce_center' for key 'name'
 [ SQL语句 ] : INSERT INTO `whateat_admin_node` (`controller`,`method`,`name`,`title`,`sort`,`level`,`pid`,`remark`) VALUES ('','','ressouce_center','资源管理中心','2','1','1','')
ERR: 1062:Duplicate entry 'ressouce_center' for key 'name'
 [ SQL语句 ] : INSERT INTO `whateat_admin_node` (`controller`,`method`,`name`,`title`,`sort`,`level`,`pid`,`remark`) VALUES ('','','ressouce_center','资源管理中心','2','1','1','')

[ 2017-06-26T06:34:16+08:00 ] ::1 /whateat/index.php/Install/install/install
INFO: [ app_init ] --START--
INFO: Run Behavior\BuildLiteBehavior [ RunTime:0.000040s ]
INFO: [ app_init ] --END-- [ RunTime:0.000800s ]
INFO: [ app_begin ] --START--
INFO: Run Behavior\ReadHtmlCacheBehavior [ RunTime:0.001355s ]
INFO: [ app_begin ] --END-- [ RunTime:0.001539s ]
INFO: [ app_end ] --START--
INFO: Run Behavior\ShowPageTraceBehavior [ RunTime:0.002154s ]
INFO: [ app_end ] --END-- [ RunTime:0.002517s ]

[ 2017-06-26T06:37:52+08:00 ] ::1 /whateat/index.php/Install/install/install
INFO: [ app_init ] --START--
INFO: Run Behavior\BuildLiteBehavior [ RunTime:0.000081s ]
INFO: [ app_init ] --END-- [ RunTime:0.001619s ]
INFO: [ app_begin ] --START--
INFO: Run Behavior\ReadHtmlCacheBehavior [ RunTime:0.002356s ]
INFO: [ app_begin ] --END-- [ RunTime:0.002546s ]
INFO: [ app_end ] --START--
INFO: Run Behavior\ShowPageTraceBehavior [ RunTime:0.002094s ]
INFO: [ app_end ] --END-- [ RunTime:0.002393s ]

[ 2017-06-26T06:37:56+08:00 ] ::1 /whateat/index.php/Install/install/install
INFO: [ app_init ] --START--
INFO: Run Behavior\BuildLiteBehavior [ RunTime:0.000038s ]
INFO: [ app_init ] --END-- [ RunTime:0.000793s ]
INFO: [ app_begin ] --START--
INFO: Run Behavior\ReadHtmlCacheBehavior [ RunTime:0.001317s ]
INFO: [ app_begin ] --END-- [ RunTime:0.001491s ]
INFO: [ app_end ] --START--
INFO: Run Behavior\ShowPageTraceBehavior [ RunTime:0.001838s ]
INFO: [ app_end ] --END-- [ RunTime:0.002113s ]

[ 2017-06-26T06:39:57+08:00 ] ::1 /whateat/index.php/Install/install/install
INFO: [ app_init ] --START--
INFO: Run Behavior\BuildLiteBehavior [ RunTime:0.000037s ]
INFO: [ app_init ] --END-- [ RunTime:0.000789s ]
INFO: [ app_begin ] --START--
INFO: Run Behavior\ReadHtmlCacheBehavior [ RunTime:0.001582s ]
INFO: [ app_begin ] --END-- [ RunTime:0.001888s ]
INFO: [ app_end ] --START--
INFO: Run Behavior\ShowPageTraceBehavior [ RunTime:0.001642s ]
INFO: [ app_end ] --END-- [ RunTime:0.001847s ]

[ 2017-06-26T06:40:43+08:00 ] ::1 /whateat/index.php/Install/install/install
INFO: [ app_init ] --START--
INFO: Run Behavior\BuildLiteBehavior [ RunTime:0.000038s ]
INFO: [ app_init ] --END-- [ RunTime:0.000809s ]
INFO: [ app_begin ] --START--
INFO: Run Behavior\ReadHtmlCacheBehavior [ RunTime:0.001956s ]
INFO: [ app_begin ] --END-- [ RunTime:0.002316s ]
INFO: [ app_end ] --START--
INFO: Run Behavior\ShowPageTraceBehavior [ RunTime:0.001996s ]
INFO: [ app_end ] --END-- [ RunTime:0.002335s ]

[ 2017-06-26T06:41:39+08:00 ] ::1 /whateat/index.php/Install/install/install
INFO: [ app_init ] --START--
INFO: Run Behavior\BuildLiteBehavior [ RunTime:0.000038s ]
INFO: [ app_init ] --END-- [ RunTime:0.000821s ]
INFO: [ app_begin ] --START--
INFO: Run Behavior\ReadHtmlCacheBehavior [ RunTime:0.001519s ]
INFO: [ app_begin ] --END-- [ RunTime:0.001713s ]
INFO: [ app_end ] --START--
INFO: Run Behavior\ShowPageTraceBehavior [ RunTime:0.001512s ]
INFO: [ app_end ] --END-- [ RunTime:0.001741s ]

[ 2017-06-26T06:41:54+08:00 ] ::1 /whateat/index.php/Install/install/install
INFO: [ app_init ] --START--
INFO: Run Behavior\BuildLiteBehavior [ RunTime:0.000039s ]
INFO: [ app_init ] --END-- [ RunTime:0.000996s ]
INFO: [ app_begin ] --START--
INFO: Run Behavior\ReadHtmlCacheBehavior [ RunTime:0.001398s ]
INFO: [ app_begin ] --END-- [ RunTime:0.001592s ]
INFO: [ app_end ] --START--
INFO: Run Behavior\ShowPageTraceBehavior [ RunTime:0.002153s ]
INFO: [ app_end ] --END-- [ RunTime:0.002564s ]

