[ 2016-09-27T05:37:20+08:00 ] ::1 /westylegit/code/index.php/Trade/History
INFO: [ app_init ] --START--
INFO: Run Behavior\BuildLiteBehavior [ RunTime:0.000119s ]
INFO: [ app_init ] --END-- [ RunTime:0.025009s ]
INFO: [ app_begin ] --START--
INFO: Run Behavior\ReadHtmlCacheBehavior [ RunTime:0.010536s ]
INFO: [ app_begin ] --END-- [ RunTime:0.011147s ]
ERR: 无法加载控制器:History

[ 2016-09-27T05:38:56+08:00 ] ::1 /westylegit/code/index.php/Trade/History
INFO: [ app_init ] --START--
INFO: Run Behavior\BuildLiteBehavior [ RunTime:0.000065s ]
INFO: [ app_init ] --END-- [ RunTime:0.000855s ]
INFO: [ app_begin ] --START--
INFO: Run Behavior\ReadHtmlCacheBehavior [ RunTime:0.000854s ]
INFO: [ app_begin ] --END-- [ RunTime:0.001025s ]
ERR: 无法加载控制器:History

[ 2016-09-27T05:39:08+08:00 ] ::1 /westylegit/code/index.php/Trade/History/index.shtml
INFO: [ app_init ] --START--
INFO: Run Behavior\BuildLiteBehavior [ RunTime:0.000034s ]
INFO: [ app_init ] --END-- [ RunTime:0.000629s ]
INFO: [ app_begin ] --START--
INFO: Run Behavior\ReadHtmlCacheBehavior [ RunTime:0.000810s ]
INFO: [ app_begin ] --END-- [ RunTime:0.000967s ]
ERR: 无法加载控制器:History

[ 2016-09-27T05:39:58+08:00 ] ::1 /westylegit/code/index.php/Trade/History/index.shtml
INFO: [ app_init ] --START--
INFO: Run Behavior\BuildLiteBehavior [ RunTime:0.000066s ]
INFO: [ app_init ] --END-- [ RunTime:0.001437s ]
INFO: [ app_begin ] --START--
INFO: Run Behavior\ReadHtmlCacheBehavior [ RunTime:0.000895s ]
INFO: [ app_begin ] --END-- [ RunTime:0.001074s ]

[ 2016-09-27T05:40:13+08:00 ] ::1 /westylegit/code/index.php/Trade/History/index.shtml?signiature=westyle123
INFO: [ app_init ] --START--
INFO: Run Behavior\BuildLiteBehavior [ RunTime:0.000034s ]
INFO: [ app_init ] --END-- [ RunTime:0.000608s ]
INFO: [ app_begin ] --START--
INFO: Run Behavior\ReadHtmlCacheBehavior [ RunTime:0.001351s ]
INFO: [ app_begin ] --END-- [ RunTime:0.001645s ]

[ 2016-09-27T05:40:36+08:00 ] ::1 /westylegit/code/index.php/Trade/History/index.shtml?signiature=westyle123
INFO: [ app_init ] --START--
INFO: Run Behavior\BuildLiteBehavior [ RunTime:0.000035s ]
INFO: [ app_init ] --END-- [ RunTime:0.000581s ]
INFO: [ app_begin ] --START--
INFO: Run Behavior\ReadHtmlCacheBehavior [ RunTime:0.000558s ]
INFO: [ app_begin ] --END-- [ RunTime:0.000734s ]

[ 2016-09-27T05:40:42+08:00 ] ::1 /westylegit/code/index.php/Trade/History/index.shtml?signature=westyle123
INFO: [ app_init ] --START--
INFO: Run Behavior\BuildLiteBehavior [ RunTime:0.000033s ]
INFO: [ app_init ] --END-- [ RunTime:0.000585s ]
INFO: [ app_begin ] --START--
INFO: Run Behavior\ReadHtmlCacheBehavior [ RunTime:0.000870s ]
INFO: [ app_begin ] --END-- [ RunTime:0.001099s ]
ERR: 1146:Table 'think_test.westyle_alipay_trade' doesn't exist
 [ SQL语句 ] : SHOW COLUMNS FROM `westyle_alipay_trade`
ERR: 1146:Table 'think_test.westyle_alipay_trade' doesn't exist
 [ SQL语句 ] : SHOW COLUMNS FROM `westyle_alipay_trade`

[ 2016-09-27T05:45:22+08:00 ] ::1 /westylegit/code/index.php/Trade/History/instal
INFO: [ app_init ] --START--
INFO: Run Behavior\BuildLiteBehavior [ RunTime:0.000039s ]
INFO: [ app_init ] --END-- [ RunTime:0.001293s ]
INFO: [ app_begin ] --START--
INFO: Run Behavior\ReadHtmlCacheBehavior [ RunTime:0.000921s ]
INFO: [ app_begin ] --END-- [ RunTime:0.001089s ]
NOTIC: [8192] mysql_connect(): The mysql extension is deprecated and will be removed in the future: use mysqli or PDO instead F:\wamp\www\westylegit\code\Application\Trade\Controller\HistoryController.class.php 第 12 行.
NOTIC: [8] Undefined variable: mysql_query F:\wamp\www\westylegit\code\Application\Trade\Controller\HistoryController.class.php 第 32 行.

[ 2016-09-27T05:45:53+08:00 ] ::1 /westylegit/code/index.php/Trade/History/instal.shtml
INFO: [ app_init ] --START--
INFO: Run Behavior\BuildLiteBehavior [ RunTime:0.000037s ]
INFO: [ app_init ] --END-- [ RunTime:0.000651s ]
INFO: [ app_begin ] --START--
INFO: Run Behavior\ReadHtmlCacheBehavior [ RunTime:0.000708s ]
INFO: [ app_begin ] --END-- [ RunTime:0.001036s ]
NOTIC: [8192] mysql_connect(): The mysql extension is deprecated and will be removed in the future: use mysqli or PDO instead F:\wamp\www\westylegit\code\Application\Trade\Controller\HistoryController.class.php 第 12 行.
NOTIC: [8] Undefined variable: mysql_query F:\wamp\www\westylegit\code\Application\Trade\Controller\HistoryController.class.php 第 32 行.

[ 2016-09-27T05:49:24+08:00 ] ::1 /westylegit/code/index.php/Trade/History/instal
INFO: [ app_init ] --START--
INFO: Run Behavior\BuildLiteBehavior [ RunTime:0.000040s ]
INFO: [ app_init ] --END-- [ RunTime:0.000805s ]
INFO: [ app_begin ] --START--
INFO: Run Behavior\ReadHtmlCacheBehavior [ RunTime:0.001619s ]
INFO: [ app_begin ] --END-- [ RunTime:0.001824s ]
NOTIC: [8192] mysql_connect(): The mysql extension is deprecated and will be removed in the future: use mysqli or PDO instead F:\wamp\www\westylegit\code\Application\Trade\Controller\HistoryController.class.php 第 12 行.
NOTIC: [8] Undefined variable: mysql_query F:\wamp\www\westylegit\code\Application\Trade\Controller\HistoryController.class.php 第 32 行.

[ 2016-09-27T05:49:25+08:00 ] ::1 /westylegit/code/index.php/Trade/History/index.shtml?signature=westyle123
INFO: [ app_init ] --START--
INFO: Run Behavior\BuildLiteBehavior [ RunTime:0.000036s ]
INFO: [ app_init ] --END-- [ RunTime:0.000619s ]
INFO: [ app_begin ] --START--
INFO: Run Behavior\ReadHtmlCacheBehavior [ RunTime:0.000594s ]
INFO: [ app_begin ] --END-- [ RunTime:0.000802s ]
ERR: 1146:Table 'think_test.westyle_alipay_trade' doesn't exist
 [ SQL语句 ] : SHOW COLUMNS FROM `westyle_alipay_trade`
ERR: 1146:Table 'think_test.westyle_alipay_trade' doesn't exist
 [ SQL语句 ] : SHOW COLUMNS FROM `westyle_alipay_trade`

[ 2016-09-27T05:58:21+08:00 ] ::1 /westylegit/code/index.php/Trade/History/instal.shtml
INFO: [ app_init ] --START--
INFO: Run Behavior\BuildLiteBehavior [ RunTime:0.000034s ]
INFO: [ app_init ] --END-- [ RunTime:0.000612s ]
INFO: [ app_begin ] --START--
INFO: Run Behavior\ReadHtmlCacheBehavior [ RunTime:0.000843s ]
INFO: [ app_begin ] --END-- [ RunTime:0.001001s ]
ERR: 非法操作:instal

[ 2016-09-27T05:58:28+08:00 ] ::1 /westylegit/code/index.php/Trade/History/installe.shtml
INFO: [ app_init ] --START--
INFO: Run Behavior\BuildLiteBehavior [ RunTime:0.000036s ]
INFO: [ app_init ] --END-- [ RunTime:0.000753s ]
INFO: [ app_begin ] --START--
INFO: Run Behavior\ReadHtmlCacheBehavior [ RunTime:0.000796s ]
INFO: [ app_begin ] --END-- [ RunTime:0.001057s ]

[ 2016-09-27T05:59:51+08:00 ] ::1 /westylegit/code/index.php/Trade/History/installe.shtml
INFO: [ app_init ] --START--
INFO: Run Behavior\BuildLiteBehavior [ RunTime:0.000034s ]
INFO: [ app_init ] --END-- [ RunTime:0.000526s ]
INFO: [ app_begin ] --START--
INFO: Run Behavior\ReadHtmlCacheBehavior [ RunTime:0.000582s ]
INFO: [ app_begin ] --END-- [ RunTime:0.000734s ]

[ 2016-09-27T06:01:39+08:00 ] ::1 /westylegit/code/index.php/Trade/History/installe.shtml
INFO: [ app_init ] --START--
INFO: Run Behavior\BuildLiteBehavior [ RunTime:0.000044s ]
INFO: [ app_init ] --END-- [ RunTime:0.001128s ]
INFO: [ app_begin ] --START--
INFO: Run Behavior\ReadHtmlCacheBehavior [ RunTime:0.000883s ]
INFO: [ app_begin ] --END-- [ RunTime:0.001046s ]
ERR: 无法加载控制器:History

[ 2016-09-27T06:02:26+08:00 ] ::1 /westylegit/code/index.php/Trade/History/installe.shtml
INFO: [ app_init ] --START--
INFO: Run Behavior\BuildLiteBehavior [ RunTime:0.000035s ]
INFO: [ app_init ] --END-- [ RunTime:0.000724s ]
INFO: [ app_begin ] --START--
INFO: Run Behavior\ReadHtmlCacheBehavior [ RunTime:0.000880s ]
INFO: [ app_begin ] --END-- [ RunTime:0.001036s ]
NOTIC: [8192] mysql_connect(): The mysql extension is deprecated and will be removed in the future: use mysqli or PDO instead F:\wamp\www\westylegit\code\Application\Trade\Controller\HistoryController.class.php 第 17 行.
NOTIC: [2] mysqli_select_db() expects parameter 1 to be mysqli, resource given F:\wamp\www\westylegit\code\Application\Trade\Controller\HistoryController.class.php 第 22 行.
NOTIC: [2] mysqli_query() expects parameter 1 to be mysqli, resource given F:\wamp\www\westylegit\code\Application\Trade\Controller\HistoryController.class.php 第 25 行.
NOTIC: [2] mysqli_error() expects parameter 1 to be mysqli, resource given F:\wamp\www\westylegit\code\Application\Trade\Controller\HistoryController.class.php 第 29 行.

[ 2016-09-27T06:04:07+08:00 ] ::1 /westylegit/code/index.php/Trade/History/installe.shtml
INFO: [ app_init ] --START--
INFO: Run Behavior\BuildLiteBehavior [ RunTime:0.000035s ]
INFO: [ app_init ] --END-- [ RunTime:0.000658s ]
INFO: [ app_begin ] --START--
INFO: Run Behavior\ReadHtmlCacheBehavior [ RunTime:0.000817s ]
INFO: [ app_begin ] --END-- [ RunTime:0.000970s ]
NOTIC: [8192] mysql_connect(): The mysql extension is deprecated and will be removed in the future: use mysqli or PDO instead F:\wamp\www\westylegit\code\Application\Trade\Controller\HistoryController.class.php 第 17 行.
NOTIC: [2] mysqli_select_db() expects parameter 1 to be mysqli, resource given F:\wamp\www\westylegit\code\Application\Trade\Controller\HistoryController.class.php 第 22 行.
NOTIC: [2] mysqli_query() expects parameter 1 to be mysqli, resource given F:\wamp\www\westylegit\code\Application\Trade\Controller\HistoryController.class.php 第 25 行.
NOTIC: [2] mysqli_error() expects parameter 1 to be mysqli, resource given F:\wamp\www\westylegit\code\Application\Trade\Controller\HistoryController.class.php 第 29 行.

[ 2016-09-27T06:04:08+08:00 ] ::1 /westylegit/code/index.php/Trade/History/installe.shtml
INFO: [ app_init ] --START--
INFO: Run Behavior\BuildLiteBehavior [ RunTime:0.000034s ]
INFO: [ app_init ] --END-- [ RunTime:0.000553s ]
INFO: [ app_begin ] --START--
INFO: Run Behavior\ReadHtmlCacheBehavior [ RunTime:0.000696s ]
INFO: [ app_begin ] --END-- [ RunTime:0.000893s ]
NOTIC: [8192] mysql_connect(): The mysql extension is deprecated and will be removed in the future: use mysqli or PDO instead F:\wamp\www\westylegit\code\Application\Trade\Controller\HistoryController.class.php 第 17 行.
NOTIC: [2] mysqli_select_db() expects parameter 1 to be mysqli, resource given F:\wamp\www\westylegit\code\Application\Trade\Controller\HistoryController.class.php 第 22 行.
NOTIC: [2] mysqli_query() expects parameter 1 to be mysqli, resource given F:\wamp\www\westylegit\code\Application\Trade\Controller\HistoryController.class.php 第 25 行.
NOTIC: [2] mysqli_error() expects parameter 1 to be mysqli, resource given F:\wamp\www\westylegit\code\Application\Trade\Controller\HistoryController.class.php 第 29 行.

[ 2016-09-27T06:04:15+08:00 ] ::1 /westylegit/code/index.php/Trade/History/installe.shtml
INFO: [ app_init ] --START--
INFO: Run Behavior\BuildLiteBehavior [ RunTime:0.000071s ]
INFO: [ app_init ] --END-- [ RunTime:0.001429s ]
INFO: [ app_begin ] --START--
INFO: Run Behavior\ReadHtmlCacheBehavior [ RunTime:0.000885s ]
INFO: [ app_begin ] --END-- [ RunTime:0.001063s ]
NOTIC: [8192] mysql_connect(): The mysql extension is deprecated and will be removed in the future: use mysqli or PDO instead F:\wamp\www\westylegit\code\Application\Trade\Controller\HistoryController.class.php 第 17 行.
NOTIC: [2] mysqli_select_db() expects parameter 1 to be mysqli, resource given F:\wamp\www\westylegit\code\Application\Trade\Controller\HistoryController.class.php 第 22 行.
NOTIC: [2] mysqli_query() expects parameter 1 to be mysqli, resource given F:\wamp\www\westylegit\code\Application\Trade\Controller\HistoryController.class.php 第 25 行.
NOTIC: [2] mysqli_error() expects parameter 1 to be mysqli, resource given F:\wamp\www\westylegit\code\Application\Trade\Controller\HistoryController.class.php 第 29 行.

[ 2016-09-27T06:04:16+08:00 ] ::1 /westylegit/code/index.php/Trade/History/installe.shtml
INFO: [ app_init ] --START--
INFO: Run Behavior\BuildLiteBehavior [ RunTime:0.000049s ]
INFO: [ app_init ] --END-- [ RunTime:0.000682s ]
INFO: [ app_begin ] --START--
INFO: Run Behavior\ReadHtmlCacheBehavior [ RunTime:0.000600s ]
INFO: [ app_begin ] --END-- [ RunTime:0.000839s ]
NOTIC: [8192] mysql_connect(): The mysql extension is deprecated and will be removed in the future: use mysqli or PDO instead F:\wamp\www\westylegit\code\Application\Trade\Controller\HistoryController.class.php 第 17 行.
NOTIC: [2] mysqli_select_db() expects parameter 1 to be mysqli, resource given F:\wamp\www\westylegit\code\Application\Trade\Controller\HistoryController.class.php 第 22 行.
NOTIC: [2] mysqli_query() expects parameter 1 to be mysqli, resource given F:\wamp\www\westylegit\code\Application\Trade\Controller\HistoryController.class.php 第 25 行.
NOTIC: [2] mysqli_error() expects parameter 1 to be mysqli, resource given F:\wamp\www\westylegit\code\Application\Trade\Controller\HistoryController.class.php 第 29 行.

[ 2016-09-27T06:04:53+08:00 ] ::1 /westylegit/code/index.php/Trade/History/installe.shtml
INFO: [ app_init ] --START--
INFO: Run Behavior\BuildLiteBehavior [ RunTime:0.000038s ]
INFO: [ app_init ] --END-- [ RunTime:0.000607s ]
INFO: [ app_begin ] --START--
INFO: Run Behavior\ReadHtmlCacheBehavior [ RunTime:0.000571s ]
INFO: [ app_begin ] --END-- [ RunTime:0.000724s ]
NOTIC: [8192] mysql_connect(): The mysql extension is deprecated and will be removed in the future: use mysqli or PDO instead F:\wamp\www\westylegit\code\Application\Trade\Controller\HistoryController.class.php 第 17 行.
NOTIC: [2] mysqli_select_db() expects parameter 1 to be mysqli, resource given F:\wamp\www\westylegit\code\Application\Trade\Controller\HistoryController.class.php 第 22 行.
NOTIC: [2] mysqli_query() expects parameter 1 to be mysqli, resource given F:\wamp\www\westylegit\code\Application\Trade\Controller\HistoryController.class.php 第 25 行.
NOTIC: [2] mysqli_error() expects parameter 1 to be mysqli, resource given F:\wamp\www\westylegit\code\Application\Trade\Controller\HistoryController.class.php 第 29 行.
NOTIC: [2] mysqli_query() expects parameter 1 to be mysqli, resource given F:\wamp\www\westylegit\code\Application\Trade\Controller\HistoryController.class.php 第 53 行.
NOTIC: [8] Trying to get property of non-object F:\wamp\www\westylegit\code\Application\Trade\Controller\HistoryController.class.php 第 56 行.
INFO: [ app_end ] --START--
INFO: Run Behavior\ShowPageTraceBehavior [ RunTime:0.027706s ]
INFO: [ app_end ] --END-- [ RunTime:0.028042s ]

[ 2016-09-27T06:07:09+08:00 ] ::1 /westylegit/code/index.php/Trade/History/installe.shtml
INFO: [ app_init ] --START--
INFO: Run Behavior\BuildLiteBehavior [ RunTime:0.000034s ]
INFO: [ app_init ] --END-- [ RunTime:0.000638s ]
INFO: [ app_begin ] --START--
INFO: Run Behavior\ReadHtmlCacheBehavior [ RunTime:0.000797s ]
INFO: [ app_begin ] --END-- [ RunTime:0.000953s ]
NOTIC: [8192] mysql_connect(): The mysql extension is deprecated and will be removed in the future: use mysqli or PDO instead F:\wamp\www\westylegit\code\Application\Trade\Controller\HistoryController.class.php 第 17 行.
NOTIC: [2] mysqli_select_db() expects parameter 1 to be mysqli, resource given F:\wamp\www\westylegit\code\Application\Trade\Controller\HistoryController.class.php 第 22 行.
NOTIC: [2] mysqli_query() expects parameter 1 to be mysqli, resource given F:\wamp\www\westylegit\code\Application\Trade\Controller\HistoryController.class.php 第 25 行.
NOTIC: [2] mysqli_error() expects parameter 1 to be mysqli, resource given F:\wamp\www\westylegit\code\Application\Trade\Controller\HistoryController.class.php 第 29 行.
NOTIC: [2] mysqli_query() expects parameter 1 to be mysqli, resource given F:\wamp\www\westylegit\code\Application\Trade\Controller\HistoryController.class.php 第 53 行.
NOTIC: [8] Trying to get property of non-object F:\wamp\www\westylegit\code\Application\Trade\Controller\HistoryController.class.php 第 56 行.
INFO: [ app_end ] --START--
INFO: Run Behavior\ShowPageTraceBehavior [ RunTime:0.001397s ]
INFO: [ app_end ] --END-- [ RunTime:0.001687s ]

[ 2016-09-27T06:07:10+08:00 ] ::1 /westylegit/code/index.php/Trade/History/installe.shtml
INFO: [ app_init ] --START--
INFO: Run Behavior\BuildLiteBehavior [ RunTime:0.000071s ]
INFO: [ app_init ] --END-- [ RunTime:0.000946s ]
INFO: [ app_begin ] --START--
INFO: Run Behavior\ReadHtmlCacheBehavior [ RunTime:0.000646s ]
INFO: [ app_begin ] --END-- [ RunTime:0.000811s ]
NOTIC: [8192] mysql_connect(): The mysql extension is deprecated and will be removed in the future: use mysqli or PDO instead F:\wamp\www\westylegit\code\Application\Trade\Controller\HistoryController.class.php 第 17 行.
NOTIC: [2] mysqli_select_db() expects parameter 1 to be mysqli, resource given F:\wamp\www\westylegit\code\Application\Trade\Controller\HistoryController.class.php 第 22 行.
NOTIC: [2] mysqli_query() expects parameter 1 to be mysqli, resource given F:\wamp\www\westylegit\code\Application\Trade\Controller\HistoryController.class.php 第 25 行.
NOTIC: [2] mysqli_error() expects parameter 1 to be mysqli, resource given F:\wamp\www\westylegit\code\Application\Trade\Controller\HistoryController.class.php 第 29 行.
NOTIC: [2] mysqli_query() expects parameter 1 to be mysqli, resource given F:\wamp\www\westylegit\code\Application\Trade\Controller\HistoryController.class.php 第 53 行.
NOTIC: [8] Trying to get property of non-object F:\wamp\www\westylegit\code\Application\Trade\Controller\HistoryController.class.php 第 56 行.
INFO: [ app_end ] --START--
INFO: Run Behavior\ShowPageTraceBehavior [ RunTime:0.000800s ]
INFO: [ app_end ] --END-- [ RunTime:0.000964s ]

[ 2016-09-27T06:07:13+08:00 ] ::1 /westylegit/code/index.php/Trade/History/installe.shtml
INFO: [ app_init ] --START--
INFO: Run Behavior\BuildLiteBehavior [ RunTime:0.000034s ]
INFO: [ app_init ] --END-- [ RunTime:0.000517s ]
INFO: [ app_begin ] --START--
INFO: Run Behavior\ReadHtmlCacheBehavior [ RunTime:0.000614s ]
INFO: [ app_begin ] --END-- [ RunTime:0.000771s ]
NOTIC: [8192] mysql_connect(): The mysql extension is deprecated and will be removed in the future: use mysqli or PDO instead F:\wamp\www\westylegit\code\Application\Trade\Controller\HistoryController.class.php 第 17 行.
NOTIC: [2] mysqli_select_db() expects parameter 1 to be mysqli, resource given F:\wamp\www\westylegit\code\Application\Trade\Controller\HistoryController.class.php 第 22 行.
NOTIC: [2] mysqli_query() expects parameter 1 to be mysqli, resource given F:\wamp\www\westylegit\code\Application\Trade\Controller\HistoryController.class.php 第 25 行.
NOTIC: [2] mysqli_error() expects parameter 1 to be mysqli, resource given F:\wamp\www\westylegit\code\Application\Trade\Controller\HistoryController.class.php 第 29 行.
NOTIC: [2] mysqli_query() expects parameter 1 to be mysqli, resource given F:\wamp\www\westylegit\code\Application\Trade\Controller\HistoryController.class.php 第 53 行.
NOTIC: [8] Trying to get property of non-object F:\wamp\www\westylegit\code\Application\Trade\Controller\HistoryController.class.php 第 56 行.
INFO: [ app_end ] --START--
INFO: Run Behavior\ShowPageTraceBehavior [ RunTime:0.000722s ]
INFO: [ app_end ] --END-- [ RunTime:0.000887s ]

[ 2016-09-27T06:07:22+08:00 ] ::1 /westylegit/code/index.php/Trade/History/installe.shtml
INFO: [ app_init ] --START--
INFO: Run Behavior\BuildLiteBehavior [ RunTime:0.000035s ]
INFO: [ app_init ] --END-- [ RunTime:0.000617s ]
INFO: [ app_begin ] --START--
INFO: Run Behavior\ReadHtmlCacheBehavior [ RunTime:0.000775s ]
INFO: [ app_begin ] --END-- [ RunTime:0.000937s ]
NOTIC: [8192] mysql_connect(): The mysql extension is deprecated and will be removed in the future: use mysqli or PDO instead F:\wamp\www\westylegit\code\Application\Trade\Controller\HistoryController.class.php 第 17 行.
NOTIC: [2] mysqli_select_db() expects parameter 1 to be mysqli, resource given F:\wamp\www\westylegit\code\Application\Trade\Controller\HistoryController.class.php 第 22 行.
NOTIC: [2] mysqli_query() expects parameter 1 to be mysqli, resource given F:\wamp\www\westylegit\code\Application\Trade\Controller\HistoryController.class.php 第 25 行.
NOTIC: [2] mysqli_error() expects parameter 1 to be mysqli, resource given F:\wamp\www\westylegit\code\Application\Trade\Controller\HistoryController.class.php 第 29 行.
NOTIC: [2] mysqli_query() expects parameter 1 to be mysqli, resource given F:\wamp\www\westylegit\code\Application\Trade\Controller\HistoryController.class.php 第 53 行.
NOTIC: [8] Trying to get property of non-object F:\wamp\www\westylegit\code\Application\Trade\Controller\HistoryController.class.php 第 56 行.
INFO: [ app_end ] --START--
INFO: Run Behavior\ShowPageTraceBehavior [ RunTime:0.001232s ]
INFO: [ app_end ] --END-- [ RunTime:0.001715s ]

[ 2016-09-27T06:07:56+08:00 ] ::1 /westylegit/code/index.php/Trade/History/installe.shtml
INFO: [ app_init ] --START--
INFO: Run Behavior\BuildLiteBehavior [ RunTime:0.000034s ]
INFO: [ app_init ] --END-- [ RunTime:0.000534s ]
INFO: [ app_begin ] --START--
INFO: Run Behavior\ReadHtmlCacheBehavior [ RunTime:0.000542s ]
INFO: [ app_begin ] --END-- [ RunTime:0.000695s ]
NOTIC: [8192] mysql_connect(): The mysql extension is deprecated and will be removed in the future: use mysqli or PDO instead F:\wamp\www\westylegit\code\Application\Trade\Controller\HistoryController.class.php 第 17 行.
NOTIC: [2] mysqli_select_db() expects parameter 1 to be mysqli, resource given F:\wamp\www\westylegit\code\Application\Trade\Controller\HistoryController.class.php 第 22 行.
NOTIC: [2] mysqli_query() expects parameter 1 to be mysqli, resource given F:\wamp\www\westylegit\code\Application\Trade\Controller\HistoryController.class.php 第 25 行.
NOTIC: [2] mysqli_error() expects parameter 1 to be mysqli, resource given F:\wamp\www\westylegit\code\Application\Trade\Controller\HistoryController.class.php 第 29 行.
NOTIC: [2] mysqli_query() expects parameter 1 to be mysqli, resource given F:\wamp\www\westylegit\code\Application\Trade\Controller\HistoryController.class.php 第 53 行.
NOTIC: [2] mysqli_error() expects parameter 1 to be mysqli, resource given F:\wamp\www\westylegit\code\Application\Trade\Controller\HistoryController.class.php 第 56 行.
INFO: [ app_end ] --START--
INFO: Run Behavior\ShowPageTraceBehavior [ RunTime:0.000899s ]
INFO: [ app_end ] --END-- [ RunTime:0.001074s ]

[ 2016-09-27T06:07:57+08:00 ] ::1 /westylegit/code/index.php/Trade/History/installe.shtml
INFO: [ app_init ] --START--
INFO: Run Behavior\BuildLiteBehavior [ RunTime:0.000036s ]
INFO: [ app_init ] --END-- [ RunTime:0.000569s ]
INFO: [ app_begin ] --START--
INFO: Run Behavior\ReadHtmlCacheBehavior [ RunTime:0.000581s ]
INFO: [ app_begin ] --END-- [ RunTime:0.000762s ]
NOTIC: [8192] mysql_connect(): The mysql extension is deprecated and will be removed in the future: use mysqli or PDO instead F:\wamp\www\westylegit\code\Application\Trade\Controller\HistoryController.class.php 第 17 行.
NOTIC: [2] mysqli_select_db() expects parameter 1 to be mysqli, resource given F:\wamp\www\westylegit\code\Application\Trade\Controller\HistoryController.class.php 第 22 行.
NOTIC: [2] mysqli_query() expects parameter 1 to be mysqli, resource given F:\wamp\www\westylegit\code\Application\Trade\Controller\HistoryController.class.php 第 25 行.
NOTIC: [2] mysqli_error() expects parameter 1 to be mysqli, resource given F:\wamp\www\westylegit\code\Application\Trade\Controller\HistoryController.class.php 第 29 行.
NOTIC: [2] mysqli_query() expects parameter 1 to be mysqli, resource given F:\wamp\www\westylegit\code\Application\Trade\Controller\HistoryController.class.php 第 53 行.
NOTIC: [2] mysqli_error() expects parameter 1 to be mysqli, resource given F:\wamp\www\westylegit\code\Application\Trade\Controller\HistoryController.class.php 第 56 行.
INFO: [ app_end ] --START--
INFO: Run Behavior\ShowPageTraceBehavior [ RunTime:0.000753s ]
INFO: [ app_end ] --END-- [ RunTime:0.000936s ]

[ 2016-09-27T06:08:52+08:00 ] ::1 /westylegit/code/index.php/Trade/History/installe.shtml
INFO: [ app_init ] --START--
INFO: Run Behavior\BuildLiteBehavior [ RunTime:0.000044s ]
INFO: [ app_init ] --END-- [ RunTime:0.000580s ]
INFO: [ app_begin ] --START--
INFO: Run Behavior\ReadHtmlCacheBehavior [ RunTime:0.000653s ]
INFO: [ app_begin ] --END-- [ RunTime:0.000805s ]
NOTIC: [8192] mysql_connect(): The mysql extension is deprecated and will be removed in the future: use mysqli or PDO instead F:\wamp\www\westylegit\code\Application\Trade\Controller\HistoryController.class.php 第 17 行.
NOTIC: [2] mysqli_select_db() expects parameter 1 to be mysqli, resource given F:\wamp\www\westylegit\code\Application\Trade\Controller\HistoryController.class.php 第 22 行.
NOTIC: [2] mysqli_query() expects parameter 1 to be mysqli, resource given F:\wamp\www\westylegit\code\Application\Trade\Controller\HistoryController.class.php 第 26 行.
NOTIC: [2] mysqli_error() expects parameter 1 to be mysqli, resource given F:\wamp\www\westylegit\code\Application\Trade\Controller\HistoryController.class.php 第 31 行.
NOTIC: [2] mysqli_query() expects parameter 1 to be mysqli, resource given F:\wamp\www\westylegit\code\Application\Trade\Controller\HistoryController.class.php 第 55 行.
NOTIC: [2] mysqli_error() expects parameter 1 to be mysqli, resource given F:\wamp\www\westylegit\code\Application\Trade\Controller\HistoryController.class.php 第 58 行.
INFO: [ app_end ] --START--
INFO: Run Behavior\ShowPageTraceBehavior [ RunTime:0.000873s ]
INFO: [ app_end ] --END-- [ RunTime:0.001052s ]

[ 2016-09-27T06:09:26+08:00 ] ::1 /westylegit/code/index.php/Trade/History/installe.shtml
INFO: [ app_init ] --START--
INFO: Run Behavior\BuildLiteBehavior [ RunTime:0.000034s ]
INFO: [ app_init ] --END-- [ RunTime:0.000606s ]
INFO: [ app_begin ] --START--
INFO: Run Behavior\ReadHtmlCacheBehavior [ RunTime:0.001262s ]
INFO: [ app_begin ] --END-- [ RunTime:0.001524s ]
NOTIC: [8192] mysql_connect(): The mysql extension is deprecated and will be removed in the future: use mysqli or PDO instead F:\wamp\www\westylegit\code\Application\Trade\Controller\HistoryController.class.php 第 17 行.
NOTIC: [2] mysql_select_db() expects parameter 1 to be string, resource given F:\wamp\www\westylegit\code\Application\Trade\Controller\HistoryController.class.php 第 22 行.
NOTIC: [2] mysql_query() expects parameter 1 to be string, resource given F:\wamp\www\westylegit\code\Application\Trade\Controller\HistoryController.class.php 第 26 行.
NOTIC: [2] mysqli_query() expects parameter 1 to be mysqli, resource given F:\wamp\www\westylegit\code\Application\Trade\Controller\HistoryController.class.php 第 55 行.
NOTIC: [2] mysqli_error() expects parameter 1 to be mysqli, resource given F:\wamp\www\westylegit\code\Application\Trade\Controller\HistoryController.class.php 第 58 行.
INFO: [ app_end ] --START--
INFO: Run Behavior\ShowPageTraceBehavior [ RunTime:0.000898s ]
INFO: [ app_end ] --END-- [ RunTime:0.001058s ]

[ 2016-09-27T06:09:28+08:00 ] ::1 /westylegit/code/index.php/Trade/History/installe.shtml
INFO: [ app_init ] --START--
INFO: Run Behavior\BuildLiteBehavior [ RunTime:0.000038s ]
INFO: [ app_init ] --END-- [ RunTime:0.000623s ]
INFO: [ app_begin ] --START--
INFO: Run Behavior\ReadHtmlCacheBehavior [ RunTime:0.000559s ]
INFO: [ app_begin ] --END-- [ RunTime:0.000711s ]
NOTIC: [8192] mysql_connect(): The mysql extension is deprecated and will be removed in the future: use mysqli or PDO instead F:\wamp\www\westylegit\code\Application\Trade\Controller\HistoryController.class.php 第 17 行.
NOTIC: [2] mysql_select_db() expects parameter 1 to be string, resource given F:\wamp\www\westylegit\code\Application\Trade\Controller\HistoryController.class.php 第 22 行.
NOTIC: [2] mysql_query() expects parameter 1 to be string, resource given F:\wamp\www\westylegit\code\Application\Trade\Controller\HistoryController.class.php 第 26 行.
NOTIC: [2] mysqli_query() expects parameter 1 to be mysqli, resource given F:\wamp\www\westylegit\code\Application\Trade\Controller\HistoryController.class.php 第 55 行.
NOTIC: [2] mysqli_error() expects parameter 1 to be mysqli, resource given F:\wamp\www\westylegit\code\Application\Trade\Controller\HistoryController.class.php 第 58 行.
INFO: [ app_end ] --START--
INFO: Run Behavior\ShowPageTraceBehavior [ RunTime:0.000751s ]
INFO: [ app_end ] --END-- [ RunTime:0.000959s ]

[ 2016-09-27T06:09:47+08:00 ] ::1 /westylegit/code/index.php/Trade/History/installe.shtml
INFO: [ app_init ] --START--
INFO: Run Behavior\BuildLiteBehavior [ RunTime:0.000038s ]
INFO: [ app_init ] --END-- [ RunTime:0.000684s ]
INFO: [ app_begin ] --START--
INFO: Run Behavior\ReadHtmlCacheBehavior [ RunTime:0.001064s ]
INFO: [ app_begin ] --END-- [ RunTime:0.001286s ]
NOTIC: [8192] mysql_connect(): The mysql extension is deprecated and will be removed in the future: use mysqli or PDO instead F:\wamp\www\westylegit\code\Application\Trade\Controller\HistoryController.class.php 第 17 行.
NOTIC: [2] mysql_select_db() expects parameter 1 to be string, resource given F:\wamp\www\westylegit\code\Application\Trade\Controller\HistoryController.class.php 第 22 行.
NOTIC: [2] mysql_query() expects parameter 1 to be string, resource given F:\wamp\www\westylegit\code\Application\Trade\Controller\HistoryController.class.php 第 26 行.
NOTIC: [2] mysqli_query() expects parameter 1 to be mysqli, resource given F:\wamp\www\westylegit\code\Application\Trade\Controller\HistoryController.class.php 第 55 行.
NOTIC: [2] mysqli_error() expects parameter 1 to be mysqli, resource given F:\wamp\www\westylegit\code\Application\Trade\Controller\HistoryController.class.php 第 58 行.
INFO: [ app_end ] --START--
INFO: Run Behavior\ShowPageTraceBehavior [ RunTime:0.000910s ]
INFO: [ app_end ] --END-- [ RunTime:0.001074s ]

[ 2016-09-27T06:11:21+08:00 ] ::1 /westylegit/code/index.php/Trade/History/installe.shtml
INFO: [ app_init ] --START--
INFO: Run Behavior\BuildLiteBehavior [ RunTime:0.000038s ]
INFO: [ app_init ] --END-- [ RunTime:0.001052s ]
INFO: [ app_begin ] --START--
INFO: Run Behavior\ReadHtmlCacheBehavior [ RunTime:0.002560s ]
INFO: [ app_begin ] --END-- [ RunTime:0.002753s ]
NOTIC: [8192] mysql_connect(): The mysql extension is deprecated and will be removed in the future: use mysqli or PDO instead F:\wamp\www\westylegit\code\Application\Trade\Controller\HistoryController.class.php 第 17 行.
NOTIC: [2] mysqli_select_db() expects parameter 1 to be mysqli, resource given F:\wamp\www\westylegit\code\Application\Trade\Controller\HistoryController.class.php 第 22 行.
NOTIC: [2] mysqli_query() expects parameter 1 to be mysqli, resource given F:\wamp\www\westylegit\code\Application\Trade\Controller\HistoryController.class.php 第 26 行.
NOTIC: [2] mysqli_error() expects parameter 1 to be mysqli, resource given F:\wamp\www\westylegit\code\Application\Trade\Controller\HistoryController.class.php 第 31 行.
NOTIC: [2] mysqli_query() expects parameter 1 to be mysqli, resource given F:\wamp\www\westylegit\code\Application\Trade\Controller\HistoryController.class.php 第 55 行.
NOTIC: [2] mysqli_error() expects parameter 1 to be mysqli, resource given F:\wamp\www\westylegit\code\Application\Trade\Controller\HistoryController.class.php 第 58 行.
INFO: [ app_end ] --START--
INFO: Run Behavior\ShowPageTraceBehavior [ RunTime:0.002722s ]
INFO: [ app_end ] --END-- [ RunTime:0.002903s ]

[ 2016-09-27T06:11:52+08:00 ] ::1 /westylegit/code/index.php/Trade/History/installe.shtml
INFO: [ app_init ] --START--
INFO: Run Behavior\BuildLiteBehavior [ RunTime:0.000084s ]
INFO: [ app_init ] --END-- [ RunTime:0.001144s ]
INFO: [ app_begin ] --START--
INFO: Run Behavior\ReadHtmlCacheBehavior [ RunTime:0.000885s ]
INFO: [ app_begin ] --END-- [ RunTime:0.001061s ]
INFO: [ app_end ] --START--
INFO: Run Behavior\ShowPageTraceBehavior [ RunTime:0.000895s ]
INFO: [ app_end ] --END-- [ RunTime:0.001094s ]

[ 2016-09-27T06:12:37+08:00 ] ::1 /westylegit/code/index.php/Trade/History/installe.shtml
INFO: [ app_init ] --START--
INFO: Run Behavior\BuildLiteBehavior [ RunTime:0.000056s ]
INFO: [ app_init ] --END-- [ RunTime:0.000804s ]
INFO: [ app_begin ] --START--
INFO: Run Behavior\ReadHtmlCacheBehavior [ RunTime:0.001739s ]
INFO: [ app_begin ] --END-- [ RunTime:0.002003s ]
INFO: [ app_end ] --START--
INFO: Run Behavior\ShowPageTraceBehavior [ RunTime:0.001745s ]
INFO: [ app_end ] --END-- [ RunTime:0.001941s ]

[ 2016-09-27T06:13:13+08:00 ] ::1 /westylegit/code/index.php/Trade/History/installe.shtml
INFO: [ app_init ] --START--
INFO: Run Behavior\BuildLiteBehavior [ RunTime:0.000039s ]
INFO: [ app_init ] --END-- [ RunTime:0.000675s ]
INFO: [ app_begin ] --START--
INFO: Run Behavior\ReadHtmlCacheBehavior [ RunTime:0.000816s ]
INFO: [ app_begin ] --END-- [ RunTime:0.000972s ]
INFO: [ app_end ] --START--
INFO: Run Behavior\ShowPageTraceBehavior [ RunTime:0.001058s ]
INFO: [ app_end ] --END-- [ RunTime:0.001258s ]

[ 2016-09-27T06:13:58+08:00 ] ::1 /westylegit/code/index.php/Trade/History/installe.shtml
INFO: [ app_init ] --START--
INFO: Run Behavior\BuildLiteBehavior [ RunTime:0.000037s ]
INFO: [ app_init ] --END-- [ RunTime:0.000812s ]
INFO: [ app_begin ] --START--
INFO: Run Behavior\ReadHtmlCacheBehavior [ RunTime:0.002240s ]
INFO: [ app_begin ] --END-- [ RunTime:0.002492s ]
INFO: [ app_end ] --START--
INFO: Run Behavior\ShowPageTraceBehavior [ RunTime:0.001402s ]
INFO: [ app_end ] --END-- [ RunTime:0.001600s ]

[ 2016-09-27T06:15:19+08:00 ] ::1 /westylegit/code/index.php/Trade/History/installe.shtml
INFO: [ app_init ] --START--
INFO: Run Behavior\BuildLiteBehavior [ RunTime:0.000076s ]
INFO: [ app_init ] --END-- [ RunTime:0.001441s ]
INFO: [ app_begin ] --START--
INFO: Run Behavior\ReadHtmlCacheBehavior [ RunTime:0.001227s ]
INFO: [ app_begin ] --END-- [ RunTime:0.001393s ]
INFO: [ app_end ] --START--
INFO: Run Behavior\ShowPageTraceBehavior [ RunTime:0.001423s ]
INFO: [ app_end ] --END-- [ RunTime:0.001613s ]

[ 2016-09-27T06:19:51+08:00 ] ::1 /westylegit/code/index.php/Trade/History/installe.shtml
INFO: [ app_init ] --START--
INFO: Run Behavior\BuildLiteBehavior [ RunTime:0.000036s ]
INFO: [ app_init ] --END-- [ RunTime:0.000653s ]
INFO: [ app_begin ] --START--
INFO: Run Behavior\ReadHtmlCacheBehavior [ RunTime:0.001386s ]
INFO: [ app_begin ] --END-- [ RunTime:0.001591s ]
INFO: [ app_end ] --START--
INFO: Run Behavior\ShowPageTraceBehavior [ RunTime:0.001622s ]
INFO: [ app_end ] --END-- [ RunTime:0.001837s ]

[ 2016-09-27T06:21:21+08:00 ] ::1 /westylegit/code/index.php/Trade/History/installe.shtml
INFO: [ app_init ] --START--
INFO: Run Behavior\BuildLiteBehavior [ RunTime:0.000038s ]
INFO: [ app_init ] --END-- [ RunTime:0.000687s ]
INFO: [ app_begin ] --START--
INFO: Run Behavior\ReadHtmlCacheBehavior [ RunTime:0.001182s ]
INFO: [ app_begin ] --END-- [ RunTime:0.001340s ]

[ 2016-09-27T06:21:33+08:00 ] ::1 /westylegit/code/index.php/Trade/History/installe.shtml
INFO: [ app_init ] --START--
INFO: Run Behavior\BuildLiteBehavior [ RunTime:0.000071s ]
INFO: [ app_init ] --END-- [ RunTime:0.001538s ]
INFO: [ app_begin ] --START--
INFO: Run Behavior\ReadHtmlCacheBehavior [ RunTime:0.001243s ]
INFO: [ app_begin ] --END-- [ RunTime:0.001421s ]
INFO: [ app_end ] --START--
INFO: Run Behavior\ShowPageTraceBehavior [ RunTime:0.001454s ]
INFO: [ app_end ] --END-- [ RunTime:0.001646s ]

[ 2016-09-27T06:22:18+08:00 ] ::1 /westylegit/code/index.php/Trade/History/installe.shtml
INFO: [ app_init ] --START--
INFO: Run Behavior\BuildLiteBehavior [ RunTime:0.000035s ]
INFO: [ app_init ] --END-- [ RunTime:0.000610s ]
INFO: [ app_begin ] --START--
INFO: Run Behavior\ReadHtmlCacheBehavior [ RunTime:0.001557s ]
INFO: [ app_begin ] --END-- [ RunTime:0.001828s ]
INFO: [ app_end ] --START--
INFO: Run Behavior\ShowPageTraceBehavior [ RunTime:0.001407s ]
INFO: [ app_end ] --END-- [ RunTime:0.001595s ]

[ 2016-09-27T06:22:20+08:00 ] ::1 /westylegit/code/index.php/Trade/History/installe.shtml
INFO: [ app_init ] --START--
INFO: Run Behavior\BuildLiteBehavior [ RunTime:0.000034s ]
INFO: [ app_init ] --END-- [ RunTime:0.000667s ]
INFO: [ app_begin ] --START--
INFO: Run Behavior\ReadHtmlCacheBehavior [ RunTime:0.002199s ]
INFO: [ app_begin ] --END-- [ RunTime:0.002382s ]
INFO: [ app_end ] --START--
INFO: Run Behavior\ShowPageTraceBehavior [ RunTime:0.001379s ]
INFO: [ app_end ] --END-- [ RunTime:0.001567s ]

[ 2016-09-27T06:22:33+08:00 ] ::1 /westylegit/code/index.php/Trade/History/installe.shtml
INFO: [ app_init ] --START--
INFO: Run Behavior\BuildLiteBehavior [ RunTime:0.000038s ]
INFO: [ app_init ] --END-- [ RunTime:0.000700s ]
INFO: [ app_begin ] --START--
INFO: Run Behavior\ReadHtmlCacheBehavior [ RunTime:0.001253s ]
INFO: [ app_begin ] --END-- [ RunTime:0.001522s ]
INFO: [ app_end ] --START--
INFO: Run Behavior\ShowPageTraceBehavior [ RunTime:0.001385s ]
INFO: [ app_end ] --END-- [ RunTime:0.001617s ]

[ 2016-09-27T06:22:59+08:00 ] ::1 /westylegit/code/index.php/Trade/History/installe.shtml
INFO: [ app_init ] --START--
INFO: Run Behavior\BuildLiteBehavior [ RunTime:0.000039s ]
INFO: [ app_init ] --END-- [ RunTime:0.000760s ]
INFO: [ app_begin ] --START--
INFO: Run Behavior\ReadHtmlCacheBehavior [ RunTime:0.001317s ]
INFO: [ app_begin ] --END-- [ RunTime:0.001502s ]
INFO: [ app_end ] --START--
INFO: Run Behavior\ShowPageTraceBehavior [ RunTime:0.005505s ]
INFO: [ app_end ] --END-- [ RunTime:0.006337s ]

[ 2016-09-27T06:23:00+08:00 ] ::1 /westylegit/code/index.php/Trade/History/installe.shtml
INFO: [ app_init ] --START--
INFO: Run Behavior\BuildLiteBehavior [ RunTime:0.000123s ]
INFO: [ app_init ] --END-- [ RunTime:0.001593s ]
INFO: [ app_begin ] --START--
INFO: Run Behavior\ReadHtmlCacheBehavior [ RunTime:0.001278s ]
INFO: [ app_begin ] --END-- [ RunTime:0.001449s ]
INFO: [ app_end ] --START--
INFO: Run Behavior\ShowPageTraceBehavior [ RunTime:0.001395s ]
INFO: [ app_end ] --END-- [ RunTime:0.001587s ]

[ 2016-09-27T06:24:01+08:00 ] ::1 /westylegit/code/index.php/Trade/History/index.shtml
INFO: [ app_init ] --START--
INFO: Run Behavior\BuildLiteBehavior [ RunTime:0.000038s ]
INFO: [ app_init ] --END-- [ RunTime:0.000689s ]
INFO: [ app_begin ] --START--
INFO: Run Behavior\ReadHtmlCacheBehavior [ RunTime:0.001177s ]
INFO: [ app_begin ] --END-- [ RunTime:0.001361s ]

[ 2016-09-27T06:24:19+08:00 ] ::1 /westylegit/code/index.php/Trade/History/index.shtml?signature=westyle123
INFO: [ app_init ] --START--
INFO: Run Behavior\BuildLiteBehavior [ RunTime:0.000038s ]
INFO: [ app_init ] --END-- [ RunTime:0.000667s ]
INFO: [ app_begin ] --START--
INFO: Run Behavior\ReadHtmlCacheBehavior [ RunTime:0.001232s ]
INFO: [ app_begin ] --END-- [ RunTime:0.001399s ]
SQL: SHOW COLUMNS FROM `westyle_alipay_trade` [ RunTime:0.0628s ]
SQL: SELECT * FROM `westyle_alipay_trade` WHERE `trader_email` = '' ORDER BY trans_create_time  [ RunTime:0.0006s ]
INFO: [ app_end ] --START--
INFO: Run Behavior\ShowPageTraceBehavior [ RunTime:0.001645s ]
INFO: [ app_end ] --END-- [ RunTime:0.001899s ]

[ 2016-09-27T06:26:27+08:00 ] ::1 /westylegit/code/index.php/Trade/History/index.shtml?signature=westyle123
INFO: [ app_init ] --START--
INFO: Run Behavior\BuildLiteBehavior [ RunTime:0.000035s ]
INFO: [ app_init ] --END-- [ RunTime:0.000736s ]
INFO: [ app_begin ] --START--
INFO: Run Behavior\ReadHtmlCacheBehavior [ RunTime:0.001289s ]
INFO: [ app_begin ] --END-- [ RunTime:0.001482s ]
SQL: SHOW COLUMNS FROM `westyle_alipay_trade` [ RunTime:0.0294s ]
SQL: SELECT * FROM `westyle_alipay_trade` WHERE `trader_email` = '' ORDER BY trans_create_time  [ RunTime:0.0006s ]
INFO: [ app_end ] --START--
INFO: Run Behavior\ShowPageTraceBehavior [ RunTime:0.001563s ]
INFO: [ app_end ] --END-- [ RunTime:0.001730s ]

[ 2016-09-27T06:26:50+08:00 ] ::1 /westylegit/code/index.php/Trade/History/index.shtml?signature=westyle123&trader_email=test_email
INFO: [ app_init ] --START--
INFO: Run Behavior\BuildLiteBehavior [ RunTime:0.000124s ]
INFO: [ app_init ] --END-- [ RunTime:0.011112s ]
INFO: [ app_begin ] --START--
INFO: Run Behavior\ReadHtmlCacheBehavior [ RunTime:0.020749s ]
INFO: [ app_begin ] --END-- [ RunTime:0.021335s ]
SQL: SHOW COLUMNS FROM `westyle_alipay_trade` [ RunTime:0.0174s ]
SQL: SELECT * FROM `westyle_alipay_trade` WHERE `trader_email` = 'test_email' ORDER BY trans_create_time  [ RunTime:0.0016s ]
INFO: [ app_end ] --START--
INFO: Run Behavior\ShowPageTraceBehavior [ RunTime:0.059067s ]
INFO: [ app_end ] --END-- [ RunTime:0.059464s ]

[ 2016-09-27T06:27:55+08:00 ] ::1 /westylegit/code/index.php/Trade/History/index.shtml?signature=westyle123
INFO: [ app_init ] --START--
INFO: Run Behavior\BuildLiteBehavior [ RunTime:0.000044s ]
INFO: [ app_init ] --END-- [ RunTime:0.012846s ]
INFO: [ app_begin ] --START--
INFO: Run Behavior\ReadHtmlCacheBehavior [ RunTime:0.008340s ]
INFO: [ app_begin ] --END-- [ RunTime:0.008537s ]
SQL: SHOW COLUMNS FROM `westyle_alipay_trade` [ RunTime:0.0057s ]
SQL: SELECT * FROM `westyle_alipay_trade` WHERE `trader_email` = '' ORDER BY trans_create_time  [ RunTime:0.0005s ]
INFO: [ app_end ] --START--
INFO: Run Behavior\ShowPageTraceBehavior [ RunTime:0.005570s ]
INFO: [ app_end ] --END-- [ RunTime:0.005739s ]

[ 2016-09-27T06:28:05+08:00 ] ::1 /westylegit/code/index.php/Trade/History/index.shtml?signature=westyle123&trader_email=test_email
INFO: [ app_init ] --START--
INFO: Run Behavior\BuildLiteBehavior [ RunTime:0.000035s ]
INFO: [ app_init ] --END-- [ RunTime:0.000641s ]
INFO: [ app_begin ] --START--
INFO: Run Behavior\ReadHtmlCacheBehavior [ RunTime:0.001184s ]
INFO: [ app_begin ] --END-- [ RunTime:0.001343s ]
SQL: SHOW COLUMNS FROM `westyle_alipay_trade` [ RunTime:0.1234s ]
SQL: SELECT * FROM `westyle_alipay_trade` WHERE `trader_email` = 'test_email' ORDER BY trans_create_time  [ RunTime:0.0014s ]
INFO: [ app_end ] --START--
INFO: Run Behavior\ShowPageTraceBehavior [ RunTime:0.003459s ]
INFO: [ app_end ] --END-- [ RunTime:0.003920s ]

[ 2016-09-27T06:28:44+08:00 ] ::1 /westylegit/code/index.php/Trade/History/index.shtml?signature=westyle123&trader_email=test_email
INFO: [ app_init ] --START--
INFO: Run Behavior\BuildLiteBehavior [ RunTime:0.000035s ]
INFO: [ app_init ] --END-- [ RunTime:0.000677s ]
INFO: [ app_begin ] --START--
INFO: Run Behavior\ReadHtmlCacheBehavior [ RunTime:0.001266s ]
INFO: [ app_begin ] --END-- [ RunTime:0.001427s ]
SQL: SHOW COLUMNS FROM `westyle_alipay_trade` [ RunTime:0.2025s ]
SQL: SELECT * FROM `westyle_alipay_trade` WHERE `trader_email` = 'test_email' ORDER BY trans_create_time  [ RunTime:0.0017s ]
NOTIC: [8] Array to string conversion F:\wamp\www\westylegit\code\Application\Trade\Controller\HistoryController.class.php 第 73 行.
INFO: [ app_end ] --START--
INFO: Run Behavior\ShowPageTraceBehavior [ RunTime:0.005072s ]
INFO: [ app_end ] --END-- [ RunTime:0.005971s ]

[ 2016-09-27T06:28:54+08:00 ] ::1 /westylegit/code/index.php/Trade/History/index.shtml?signature=westyle123&trader_email=test_email
INFO: [ app_init ] --START--
INFO: Run Behavior\BuildLiteBehavior [ RunTime:0.000034s ]
INFO: [ app_init ] --END-- [ RunTime:0.000625s ]
INFO: [ app_begin ] --START--
INFO: Run Behavior\ReadHtmlCacheBehavior [ RunTime:0.002104s ]
INFO: [ app_begin ] --END-- [ RunTime:0.002360s ]
SQL: SHOW COLUMNS FROM `westyle_alipay_trade` [ RunTime:0.0096s ]
SQL: SELECT * FROM `westyle_alipay_trade` WHERE `trader_email` = 'test_email' ORDER BY trans_create_time  [ RunTime:0.0005s ]
INFO: [ app_end ] --START--
INFO: Run Behavior\ShowPageTraceBehavior [ RunTime:0.001455s ]
INFO: [ app_end ] --END-- [ RunTime:0.001620s ]

[ 2016-09-27T06:30:13+08:00 ] ::1 /westylegit/code/index.php/Trade/History/add.shtml?trader_email=test_email&trans_create_time=text_2
INFO: [ app_init ] --START--
INFO: Run Behavior\BuildLiteBehavior [ RunTime:0.000068s ]
INFO: [ app_init ] --END-- [ RunTime:0.000943s ]
INFO: [ app_begin ] --START--
INFO: Run Behavior\ReadHtmlCacheBehavior [ RunTime:0.001333s ]
INFO: [ app_begin ] --END-- [ RunTime:0.001711s ]
ERR: 1146:Table 'think_test.westyle_trade' doesn't exist
 [ SQL语句 ] : SHOW COLUMNS FROM `westyle_trade`
ERR: 1146:Table 'think_test.westyle_trade' doesn't exist
 [ SQL语句 ] : SHOW COLUMNS FROM `westyle_trade`

[ 2016-09-27T06:30:29+08:00 ] ::1 /westylegit/code/index.php/Trade/History/add.shtml?trader_email=test_email&trans_create_time=text_2
INFO: [ app_init ] --START--
INFO: Run Behavior\BuildLiteBehavior [ RunTime:0.000034s ]
INFO: [ app_init ] --END-- [ RunTime:0.000640s ]
INFO: [ app_begin ] --START--
INFO: Run Behavior\ReadHtmlCacheBehavior [ RunTime:0.001134s ]
INFO: [ app_begin ] --END-- [ RunTime:0.001287s ]
SQL: SHOW COLUMNS FROM `westyle_alipay_trade` [ RunTime:0.0071s ]
NOTIC: [8] Undefined index: validate F:\wamp\www\westylegit\code\ThinkPHP\Library\Think\Model.class.php 第 1185 行.
INFO: [ app_end ] --START--
INFO: Run Behavior\ShowPageTraceBehavior [ RunTime:0.001763s ]
INFO: [ app_end ] --END-- [ RunTime:0.002009s ]

[ 2016-09-27T06:34:51+08:00 ] ::1 /westylegit/code/index.php/Trade/History/index.shtml?signature=westyle123&trader_email=test_email
INFO: [ app_init ] --START--
INFO: Run Behavior\BuildLiteBehavior [ RunTime:0.000041s ]
INFO: [ app_init ] --END-- [ RunTime:0.001125s ]
INFO: [ app_begin ] --START--
INFO: Run Behavior\ReadHtmlCacheBehavior [ RunTime:0.001297s ]
INFO: [ app_begin ] --END-- [ RunTime:0.001477s ]
SQL: SHOW COLUMNS FROM `westyle_alipay_trade` [ RunTime:0.0180s ]
SQL: SELECT * FROM `westyle_alipay_trade` WHERE `trader_email` = 'test_email' ORDER BY trans_create_time  [ RunTime:0.0007s ]
INFO: [ app_end ] --START--
INFO: Run Behavior\ShowPageTraceBehavior [ RunTime:0.001652s ]
INFO: [ app_end ] --END-- [ RunTime:0.001845s ]

[ 2016-09-27T06:36:37+08:00 ] ::1 /westylegit/code/index.php/Trade/History/add.shtml?trader_email=test_email&trans_create_time=text_2
INFO: [ app_init ] --START--
INFO: Run Behavior\BuildLiteBehavior [ RunTime:0.000046s ]
INFO: [ app_init ] --END-- [ RunTime:0.001144s ]
INFO: [ app_begin ] --START--
INFO: Run Behavior\ReadHtmlCacheBehavior [ RunTime:0.001716s ]
INFO: [ app_begin ] --END-- [ RunTime:0.001905s ]
SQL: SHOW COLUMNS FROM `westyle_alipay_trade` [ RunTime:0.0084s ]
NOTIC: [8] Undefined index: validate F:\wamp\www\westylegit\code\ThinkPHP\Library\Think\Model.class.php 第 1185 行.
INFO: [ app_end ] --START--
INFO: Run Behavior\ShowPageTraceBehavior [ RunTime:0.001435s ]
INFO: [ app_end ] --END-- [ RunTime:0.001601s ]

[ 2016-09-27T07:25:20+08:00 ] ::1 /westylegit/code/index.php/Trade/History/add.shtml?trader_email=test_email&trans_create_time=test_666&alipay_seller_id=test_666&memo=test_666&subject=test_666&trans_amount=test_666&trans_name=test_666&partner_trans_id=test_666&buyer_identity_code=test_666currency=test_666&partner=test_666&alipay_buyer_login_id=test_666&exchange_rate=test_666&alipay_pay_time=test_666&alipay_buyer_user_id=test_666&trans_amount_cny=test_666&alipay_trans_id=test_666
INFO: [ app_init ] --START--
INFO: Run Behavior\BuildLiteBehavior [ RunTime:0.000117s ]
INFO: [ app_init ] --END-- [ RunTime:0.011447s ]
INFO: [ app_begin ] --START--
INFO: Run Behavior\ReadHtmlCacheBehavior [ RunTime:0.018704s ]
INFO: [ app_begin ] --END-- [ RunTime:0.019270s ]

[ 2016-09-27T07:25:35+08:00 ] ::1 /westylegit/code/index.php/Trade/History/add.shtml?trader_email=test_email&trans_create_time=test_666&alipay_seller_id=test_666&memo=test_666&subject=test_666&trans_amount=test_666&trans_name=test_666&partner_trans_id=test_666&buyer_identity_code=test_666currency=test_666&partner=test_666&alipay_buyer_login_id=test_666&exchange_rate=test_666&alipay_pay_time=test_666&alipay_buyer_user_id=test_666&trans_amount_cny=test_666&alipay_trans_id=test_666
INFO: [ app_init ] --START--
INFO: Run Behavior\BuildLiteBehavior [ RunTime:0.000036s ]
INFO: [ app_init ] --END-- [ RunTime:0.000654s ]
INFO: [ app_begin ] --START--
INFO: Run Behavior\ReadHtmlCacheBehavior [ RunTime:0.001958s ]
INFO: [ app_begin ] --END-- [ RunTime:0.002298s ]
SQL: SHOW COLUMNS FROM `westyle_alipay_trade` [ RunTime:0.0061s ]
NOTIC: [8] Undefined index: validate F:\wamp\www\westylegit\code\ThinkPHP\Library\Think\Model.class.php 第 1185 行.
INFO: [ app_end ] --START--
INFO: Run Behavior\ShowPageTraceBehavior [ RunTime:0.049576s ]
INFO: [ app_end ] --END-- [ RunTime:0.049758s ]

[ 2016-09-27T07:26:00+08:00 ] ::1 /westylegit/code/index.php/Trade/History/add.shtml?trader_email=test_email&trans_create_time=test_666&alipay_seller_id=test_666&memo=test_666&subject=test_666&trans_amount=test_666&trans_name=test_666&partner_trans_id=test_666&buyer_identity_code=test_666currency=test_666&partner=test_666&alipay_buyer_login_id=test_666&exchange_rate=test_666&alipay_pay_time=test_666&alipay_buyer_user_id=test_666&trans_amount_cny=test_666&alipay_trans_id=test_666
INFO: [ app_init ] --START--
INFO: Run Behavior\BuildLiteBehavior [ RunTime:0.000034s ]
INFO: [ app_init ] --END-- [ RunTime:0.000691s ]
INFO: [ app_begin ] --START--
INFO: Run Behavior\ReadHtmlCacheBehavior [ RunTime:0.001211s ]
INFO: [ app_begin ] --END-- [ RunTime:0.001382s ]
SQL: SHOW COLUMNS FROM `westyle_alipay_trade` [ RunTime:0.0222s ]
NOTIC: [8] Undefined index: validate F:\wamp\www\westylegit\code\ThinkPHP\Library\Think\Model.class.php 第 1185 行.
INFO: [ view_parse ] --START--
INFO: [ template_filter ] --START--
INFO: Run Behavior\ContentReplaceBehavior [ RunTime:0.004402s ]
INFO: [ template_filter ] --END-- [ RunTime:0.004886s ]
INFO: Run Behavior\ParseTemplateBehavior [ RunTime:0.163852s ]
INFO: [ view_parse ] --END-- [ RunTime:0.164277s ]
INFO: [ view_filter ] --START--
INFO: Run Behavior\WriteHtmlCacheBehavior [ RunTime:0.023878s ]
INFO: Run Behavior\TokenBuildBehavior [ RunTime:0.015062s ]
INFO: [ view_filter ] --END-- [ RunTime:0.039791s ]

[ 2016-09-27T07:26:04+08:00 ] ::1 /westylegit/code/index.php/Trade/History/add.shtml?trader_email=test_email&trans_create_time=text_2
INFO: [ app_init ] --START--
INFO: Run Behavior\BuildLiteBehavior [ RunTime:0.000038s ]
INFO: [ app_init ] --END-- [ RunTime:0.000666s ]
INFO: [ app_begin ] --START--
INFO: Run Behavior\ReadHtmlCacheBehavior [ RunTime:0.001482s ]
INFO: [ app_begin ] --END-- [ RunTime:0.001671s ]
SQL: SHOW COLUMNS FROM `westyle_alipay_trade` [ RunTime:0.0089s ]
NOTIC: [8] Undefined index: validate F:\wamp\www\westylegit\code\ThinkPHP\Library\Think\Model.class.php 第 1185 行.
INFO: [ view_parse ] --START--
INFO: [ template_filter ] --START--
INFO: Run Behavior\ContentReplaceBehavior [ RunTime:0.000104s ]
INFO: [ template_filter ] --END-- [ RunTime:0.000293s ]
INFO: Run Behavior\ParseTemplateBehavior [ RunTime:0.010989s ]
INFO: [ view_parse ] --END-- [ RunTime:0.011212s ]
INFO: [ view_filter ] --START--
INFO: Run Behavior\WriteHtmlCacheBehavior [ RunTime:0.001076s ]
INFO: Run Behavior\TokenBuildBehavior [ RunTime:0.001261s ]
INFO: [ view_filter ] --END-- [ RunTime:0.002645s ]

[ 2016-09-27T07:26:07+08:00 ] ::1 /westylegit/code/index.php/Trade/History/index.shtml?signature=westyle123&trader_email=test_email
INFO: [ app_init ] --START--
INFO: Run Behavior\BuildLiteBehavior [ RunTime:0.000053s ]
INFO: [ app_init ] --END-- [ RunTime:0.000714s ]
INFO: [ app_begin ] --START--
INFO: Run Behavior\ReadHtmlCacheBehavior [ RunTime:0.001254s ]
INFO: [ app_begin ] --END-- [ RunTime:0.001410s ]
SQL: SHOW COLUMNS FROM `westyle_alipay_trade` [ RunTime:0.0054s ]
SQL: SELECT * FROM `westyle_alipay_trade` WHERE `trader_email` = 'test_email' ORDER BY trans_create_time  [ RunTime:0.0008s ]
INFO: [ app_end ] --START--
INFO: Run Behavior\ShowPageTraceBehavior [ RunTime:0.001481s ]
INFO: [ app_end ] --END-- [ RunTime:0.001650s ]

[ 2016-09-27T07:26:19+08:00 ] ::1 /westylegit/code/index.php/Trade/History/index.shtml?signature=westyle123&trader_email=test_email
INFO: [ app_init ] --START--
INFO: Run Behavior\BuildLiteBehavior [ RunTime:0.000037s ]
INFO: [ app_init ] --END-- [ RunTime:0.000679s ]
INFO: [ app_begin ] --START--
INFO: Run Behavior\ReadHtmlCacheBehavior [ RunTime:0.001920s ]
INFO: [ app_begin ] --END-- [ RunTime:0.002188s ]
SQL: SHOW COLUMNS FROM `westyle_alipay_trade` [ RunTime:0.0056s ]
SQL: SELECT * FROM `westyle_alipay_trade` WHERE `trader_email` = 'test_email' ORDER BY trans_create_time  [ RunTime:0.0005s ]
INFO: [ app_end ] --START--
INFO: Run Behavior\ShowPageTraceBehavior [ RunTime:0.001452s ]
INFO: [ app_end ] --END-- [ RunTime:0.001622s ]

[ 2016-09-27T07:26:25+08:00 ] ::1 /westylegit/code/index.php/Trade/History/index.shtml?signature=westyle123&trader_email=test_email
INFO: [ app_init ] --START--
INFO: Run Behavior\BuildLiteBehavior [ RunTime:0.000055s ]
INFO: [ app_init ] --END-- [ RunTime:0.000828s ]
INFO: [ app_begin ] --START--
INFO: Run Behavior\ReadHtmlCacheBehavior [ RunTime:0.001376s ]
INFO: [ app_begin ] --END-- [ RunTime:0.001557s ]
SQL: SHOW COLUMNS FROM `westyle_alipay_trade` [ RunTime:0.0051s ]
SQL: SELECT * FROM `westyle_alipay_trade` WHERE `trader_email` = 'test_email' ORDER BY trans_create_time  [ RunTime:0.0005s ]
INFO: [ app_end ] --START--
INFO: Run Behavior\ShowPageTraceBehavior [ RunTime:0.001828s ]
INFO: [ app_end ] --END-- [ RunTime:0.002037s ]

[ 2016-09-27T07:26:31+08:00 ] ::1 /westylegit/code/index.php/Trade/History/index.shtml?signature=westyle123&trader_email=test_email
INFO: [ app_init ] --START--
INFO: Run Behavior\BuildLiteBehavior [ RunTime:0.000042s ]
INFO: [ app_init ] --END-- [ RunTime:0.001424s ]
INFO: [ app_begin ] --START--
INFO: Run Behavior\ReadHtmlCacheBehavior [ RunTime:0.002398s ]
INFO: [ app_begin ] --END-- [ RunTime:0.002843s ]
SQL: SHOW COLUMNS FROM `westyle_alipay_trade` [ RunTime:0.0049s ]
SQL: SELECT * FROM `westyle_alipay_trade` WHERE `trader_email` = 'test_email' ORDER BY trans_create_time  [ RunTime:0.0005s ]
INFO: [ app_end ] --START--
INFO: Run Behavior\ShowPageTraceBehavior [ RunTime:0.001431s ]
INFO: [ app_end ] --END-- [ RunTime:0.001596s ]

[ 2016-09-27T07:27:01+08:00 ] ::1 /westylegit/code/index.php/Trade/History/add.shtml?trader_email=test_email&trans_create_time=text_2
INFO: [ app_init ] --START--
INFO: Run Behavior\BuildLiteBehavior [ RunTime:0.000039s ]
INFO: [ app_init ] --END-- [ RunTime:0.000659s ]
INFO: [ app_begin ] --START--
INFO: Run Behavior\ReadHtmlCacheBehavior [ RunTime:0.001260s ]
INFO: [ app_begin ] --END-- [ RunTime:0.001444s ]
SQL: SHOW COLUMNS FROM `westyle_alipay_trade` [ RunTime:0.0052s ]
NOTIC: [8] Undefined index: validate F:\wamp\www\westylegit\code\ThinkPHP\Library\Think\Model.class.php 第 1185 行.
INFO: [ app_end ] --START--
INFO: Run Behavior\ShowPageTraceBehavior [ RunTime:0.001386s ]
INFO: [ app_end ] --END-- [ RunTime:0.001540s ]

[ 2016-09-27T23:03:10+08:00 ] ::1 /westylegit/code/index.php/Trade/History/add.shtml?trader_email=test_email&trans_create_time=test_666&alipay_seller_id=test_666&memo=test_666&subject=test_666&trans_amount=test_666&trans_name=test_666&partner_trans_id=test_666&buyer_identity_code=test_666currency=test_666&partner=test_666&alipay_buyer_login_id=test_666&exchange_rate=test_666&alipay_pay_time=test_666&alipay_buyer_user_id=test_666&trans_amount_cny=test_666&alipay_trans_id=test_666
INFO: [ app_init ] --START--
INFO: Run Behavior\BuildLiteBehavior [ RunTime:0.000034s ]
INFO: [ app_init ] --END-- [ RunTime:0.000615s ]
INFO: [ app_begin ] --START--
INFO: Run Behavior\ReadHtmlCacheBehavior [ RunTime:0.001242s ]
INFO: [ app_begin ] --END-- [ RunTime:0.001432s ]
SQL: SHOW COLUMNS FROM `westyle_alipay_trade` [ RunTime:0.1185s ]
NOTIC: [8] Undefined index: validate F:\wamp\www\westylegit\code\ThinkPHP\Library\Think\Model.class.php 第 1185 行.
NOTIC: [8] Undefined index: auto F:\wamp\www\westylegit\code\ThinkPHP\Library\Think\Model.class.php 第 1128 行.
SQL: INSERT INTO `westyle_alipay_trade` (`trader_email`,`trans_create_time`,`alipay_seller_id`,`memo`,`subject`,`trans_amount`,`trans_name`,`partner_trans_id`,`buyer_identity_code`,`partner`,`alipay_buyer_login_id`,`exchange_rate`,`alipay_pay_time`,`alipay_buyer_user_id`,`trans_amount_cny`,`alipay_trans_id`) VALUES ('test_email','test_666','test_666','test_666','test_666','test_666','test_666','test_666','test_666currency=test_666','test_666','test_666','test_666','test_666','test_666','test_666','test_666') [ RunTime:0.4157s ]
INFO: [ app_end ] --START--
INFO: Run Behavior\ShowPageTraceBehavior [ RunTime:0.005891s ]
INFO: [ app_end ] --END-- [ RunTime:0.006677s ]

[ 2016-09-27T23:03:19+08:00 ] ::1 /westylegit/code/index.php/Trade/History/index.shtml?trader_email=test_email&trans_create_time=test_666&alipay_seller_id=test_666&memo=test_666&subject=test_666&trans_amount=test_666&trans_name=test_666&partner_trans_id=test_666&buyer_identity_code=test_666currency=test_666&partner=test_666&alipay_buyer_login_id=test_666&exchange_rate=test_666&alipay_pay_time=test_666&alipay_buyer_user_id=test_666&trans_amount_cny=test_666&alipay_trans_id=test_666
INFO: [ app_init ] --START--
INFO: Run Behavior\BuildLiteBehavior [ RunTime:0.000039s ]
INFO: [ app_init ] --END-- [ RunTime:0.000761s ]
INFO: [ app_begin ] --START--
INFO: Run Behavior\ReadHtmlCacheBehavior [ RunTime:0.001295s ]
INFO: [ app_begin ] --END-- [ RunTime:0.001496s ]

[ 2016-09-27T23:03:41+08:00 ] ::1 /westylegit/code/index.php/Trade/History/index.shtml?signature=westyle123&trader_email=test_email&trans_create_time=test_666&alipay_seller_id=test_666&memo=test_666&subject=test_666&trans_amount=test_666&trans_name=test_666&partner_trans_id=test_666&buyer_identity_code=test_666currency=test_666&partner=test_666&alipay_buyer_login_id=test_666&exchange_rate=test_666&alipay_pay_time=test_666&alipay_buyer_user_id=test_666&trans_amount_cny=test_666&alipay_trans_id=test_666
INFO: [ app_init ] --START--
INFO: Run Behavior\BuildLiteBehavior [ RunTime:0.000038s ]
INFO: [ app_init ] --END-- [ RunTime:0.000897s ]
INFO: [ app_begin ] --START--
INFO: Run Behavior\ReadHtmlCacheBehavior [ RunTime:0.001314s ]
INFO: [ app_begin ] --END-- [ RunTime:0.001509s ]
SQL: SHOW COLUMNS FROM `westyle_alipay_trade` [ RunTime:0.0498s ]
SQL: SELECT * FROM `westyle_alipay_trade` WHERE `trader_email` = 'test_email' ORDER BY trans_create_time  [ RunTime:0.0006s ]
INFO: [ app_end ] --START--
INFO: Run Behavior\ShowPageTraceBehavior [ RunTime:0.001426s ]
INFO: [ app_end ] --END-- [ RunTime:0.001597s ]

