[ 2016-08-27T17:26:17+08:00 ] ::1 /westylegit/code/index.php/Admin/Index/index.shtml
INFO: [ app_init ] --START--
INFO: Run Behavior\BuildLiteBehavior [ RunTime:0.000049s ]
INFO: [ app_init ] --END-- [ RunTime:0.064191s ]
INFO: [ app_begin ] --START--
INFO: Run Behavior\ReadHtmlCacheBehavior [ RunTime:0.017848s ]
INFO: [ app_begin ] --END-- [ RunTime:0.018089s ]
INFO: [ view_parse ] --START--
INFO: [ template_filter ] --START--
INFO: Run Behavior\ContentReplaceBehavior [ RunTime:0.002121s ]
INFO: [ template_filter ] --END-- [ RunTime:0.002330s ]
INFO: Run Behavior\ParseTemplateBehavior [ RunTime:0.072584s ]
INFO: [ view_parse ] --END-- [ RunTime:0.072782s ]
INFO: [ view_filter ] --START--
INFO: Run Behavior\WriteHtmlCacheBehavior [ RunTime:0.012916s ]
INFO: Run Behavior\TokenBuildBehavior [ RunTime:0.014617s ]
INFO: [ view_filter ] --END-- [ RunTime:0.027905s ]
INFO: [ app_end ] --START--
INFO: Run Behavior\ShowPageTraceBehavior [ RunTime:0.007867s ]
INFO: [ app_end ] --END-- [ RunTime:0.008061s ]

[ 2016-08-27T17:27:10+08:00 ] ::1 /westylegit/code/index.php/Admin/Index/index.shtml
INFO: [ app_init ] --START--
INFO: Run Behavior\BuildLiteBehavior [ RunTime:0.000039s ]
INFO: [ app_init ] --END-- [ RunTime:0.000767s ]
INFO: [ app_begin ] --START--
INFO: Run Behavior\ReadHtmlCacheBehavior [ RunTime:0.001584s ]
INFO: [ app_begin ] --END-- [ RunTime:0.001846s ]
INFO: [ view_parse ] --START--
INFO: [ template_filter ] --START--
INFO: Run Behavior\ContentReplaceBehavior [ RunTime:0.000100s ]
INFO: [ template_filter ] --END-- [ RunTime:0.000284s ]
INFO: Run Behavior\ParseTemplateBehavior [ RunTime:0.011559s ]
INFO: [ view_parse ] --END-- [ RunTime:0.011801s ]
INFO: [ view_filter ] --START--
INFO: Run Behavior\WriteHtmlCacheBehavior [ RunTime:0.001626s ]
INFO: Run Behavior\TokenBuildBehavior [ RunTime:0.002180s ]
INFO: [ view_filter ] --END-- [ RunTime:0.004269s ]
INFO: [ app_end ] --START--
INFO: Run Behavior\ShowPageTraceBehavior [ RunTime:0.002332s ]
INFO: [ app_end ] --END-- [ RunTime:0.002607s ]

