[ 2016-12-27T07:27:40+08:00 ] ::1 /westylegit/code/index.php/Admin/Index/tempo_page
INFO: [ app_init ] --START--
INFO: Run Behavior\BuildLiteBehavior [ RunTime:0.000040s ]
INFO: [ app_init ] --END-- [ RunTime:0.043517s ]
INFO: [ app_begin ] --START--
INFO: Run Behavior\ReadHtmlCacheBehavior [ RunTime:0.010491s ]
INFO: [ app_begin ] --END-- [ RunTime:0.010985s ]

[ 2016-12-27T07:27:41+08:00 ] ::1 /westylegit/code/index.php/Admin/Login/index.shtml
INFO: [ app_init ] --START--
INFO: Run Behavior\BuildLiteBehavior [ RunTime:0.000127s ]
INFO: [ app_init ] --END-- [ RunTime:0.001219s ]
INFO: [ app_begin ] --START--
INFO: Run Behavior\ReadHtmlCacheBehavior [ RunTime:0.001319s ]
INFO: [ app_begin ] --END-- [ RunTime:0.001765s ]
INFO: [ view_parse ] --START--
INFO: [ template_filter ] --START--
INFO: Run Behavior\ContentReplaceBehavior [ RunTime:0.021176s ]
INFO: [ template_filter ] --END-- [ RunTime:0.021523s ]
INFO: Run Behavior\ParseTemplateBehavior [ RunTime:0.146207s ]
INFO: [ view_parse ] --END-- [ RunTime:0.146485s ]
INFO: [ view_filter ] --START--
INFO: Run Behavior\WriteHtmlCacheBehavior [ RunTime:0.028085s ]
INFO: Run Behavior\TokenBuildBehavior [ RunTime:0.015190s ]
INFO: [ view_filter ] --END-- [ RunTime:0.043780s ]
INFO: [ app_end ] --START--
INFO: Run Behavior\ShowPageTraceBehavior [ RunTime:0.007481s ]
INFO: [ app_end ] --END-- [ RunTime:0.007987s ]

