[ 2016-12-01T07:31:43+08:00 ] ::1 /westylegit/code/index.php/Admin/Voucher/voucher_list.shtml
INFO: [ app_init ] --START--
INFO: Run Behavior\BuildLiteBehavior [ RunTime:0.000080s ]
INFO: [ app_init ] --END-- [ RunTime:0.030921s ]
INFO: [ app_begin ] --START--
INFO: Run Behavior\ReadHtmlCacheBehavior [ RunTime:0.016604s ]
INFO: [ app_begin ] --END-- [ RunTime:0.016946s ]
SQL: SHOW COLUMNS FROM `westyle_voucher_trade` [ RunTime:0.0428s ]
SQL: SELECT * FROM `westyle_voucher_trade` ORDER BY trans_create_time desc  [ RunTime:0.0010s ]
NOTIC: [8] Undefined variable: response F:\wamp\www\westylegit\code\Application\Admin\Controller\VoucherController.class.php 第 16 行.
INFO: [ app_end ] --START--
INFO: Run Behavior\ShowPageTraceBehavior [ RunTime:0.024701s ]
INFO: [ app_end ] --END-- [ RunTime:0.025454s ]

[ 2016-12-01T07:32:18+08:00 ] ::1 /westylegit/code/index.php/Admin/Voucher/voucher_list.shtml
INFO: [ app_init ] --START--
INFO: Run Behavior\BuildLiteBehavior [ RunTime:0.000042s ]
INFO: [ app_init ] --END-- [ RunTime:0.001049s ]
INFO: [ app_begin ] --START--
INFO: Run Behavior\ReadHtmlCacheBehavior [ RunTime:0.000858s ]
INFO: [ app_begin ] --END-- [ RunTime:0.001029s ]
SQL: SHOW COLUMNS FROM `westyle_voucher_trade` [ RunTime:0.0083s ]
SQL: SELECT * FROM `westyle_voucher_trade` WHERE `trader_email` = 'ALITRIP' ORDER BY trans_create_time desc  [ RunTime:0.0006s ]
NOTIC: [8] Undefined variable: response F:\wamp\www\westylegit\code\Application\Admin\Controller\VoucherController.class.php 第 16 行.
INFO: [ app_end ] --START--
INFO: Run Behavior\ShowPageTraceBehavior [ RunTime:0.000935s ]
INFO: [ app_end ] --END-- [ RunTime:0.001104s ]

[ 2016-12-01T07:32:39+08:00 ] ::1 /westylegit/code/index.php/Admin/Voucher/voucher_list.shtml
INFO: [ app_init ] --START--
INFO: Run Behavior\BuildLiteBehavior [ RunTime:0.000034s ]
INFO: [ app_init ] --END-- [ RunTime:0.000681s ]
INFO: [ app_begin ] --START--
INFO: Run Behavior\ReadHtmlCacheBehavior [ RunTime:0.001116s ]
INFO: [ app_begin ] --END-- [ RunTime:0.001327s ]
SQL: SHOW COLUMNS FROM `westyle_voucher_trade` [ RunTime:0.0081s ]
SQL: SELECT * FROM `westyle_voucher_trade` WHERE `trader_email` = 'ALITRIP' ORDER BY trans_create_time desc  [ RunTime:0.0004s ]
SQL: SELECT * FROM `westyle_voucher_trade` ORDER BY trans_create_time desc  [ RunTime:0.0004s ]
NOTIC: [8] Undefined variable: response F:\wamp\www\westylegit\code\Application\Admin\Controller\VoucherController.class.php 第 17 行.
INFO: [ app_end ] --START--
INFO: Run Behavior\ShowPageTraceBehavior [ RunTime:0.000951s ]
INFO: [ app_end ] --END-- [ RunTime:0.001124s ]

[ 2016-12-01T07:36:12+08:00 ] ::1 /westylegit/code/index.php/Admin/Voucher/voucher_list.shtml
INFO: [ app_init ] --START--
INFO: Run Behavior\BuildLiteBehavior [ RunTime:0.000034s ]
INFO: [ app_init ] --END-- [ RunTime:0.000597s ]
INFO: [ app_begin ] --START--
INFO: Run Behavior\ReadHtmlCacheBehavior [ RunTime:0.000750s ]
INFO: [ app_begin ] --END-- [ RunTime:0.000920s ]
SQL: SHOW COLUMNS FROM `westyle_voucher` [ RunTime:0.1370s ]
SQL: SELECT * FROM `westyle_voucher`  [ RunTime:0.0010s ]
INFO: [ app_end ] --START--
INFO: Run Behavior\ShowPageTraceBehavior [ RunTime:0.002709s ]
INFO: [ app_end ] --END-- [ RunTime:0.003269s ]

[ 2016-12-01T07:36:25+08:00 ] ::1 /westylegit/code/index.php/Admin/Voucher/trade_list.shtml
INFO: [ app_init ] --START--
INFO: Run Behavior\BuildLiteBehavior [ RunTime:0.000036s ]
INFO: [ app_init ] --END-- [ RunTime:0.000650s ]
INFO: [ app_begin ] --START--
INFO: Run Behavior\ReadHtmlCacheBehavior [ RunTime:0.000820s ]
INFO: [ app_begin ] --END-- [ RunTime:0.000977s ]
SQL: SHOW COLUMNS FROM `westyle_voucher_trade` [ RunTime:0.1247s ]
SQL: SELECT * FROM `westyle_voucher_trade` ORDER BY trans_create_time desc  [ RunTime:0.0015s ]
NOTIC: [8] Undefined variable: response F:\wamp\www\westylegit\code\Application\Admin\Controller\VoucherController.class.php 第 15 行.
INFO: [ app_end ] --START--
INFO: Run Behavior\ShowPageTraceBehavior [ RunTime:0.002215s ]
INFO: [ app_end ] --END-- [ RunTime:0.002674s ]

[ 2016-12-01T07:36:28+08:00 ] ::1 /westylegit/code/index.php/Admin/Voucher/voucher_list.shtml
INFO: [ app_init ] --START--
INFO: Run Behavior\BuildLiteBehavior [ RunTime:0.000039s ]
INFO: [ app_init ] --END-- [ RunTime:0.000697s ]
INFO: [ app_begin ] --START--
INFO: Run Behavior\ReadHtmlCacheBehavior [ RunTime:0.000966s ]
INFO: [ app_begin ] --END-- [ RunTime:0.001314s ]
SQL: SHOW COLUMNS FROM `westyle_voucher` [ RunTime:0.0048s ]
SQL: SELECT * FROM `westyle_voucher`  [ RunTime:0.0008s ]
INFO: [ app_end ] --START--
INFO: Run Behavior\ShowPageTraceBehavior [ RunTime:0.000961s ]
INFO: [ app_end ] --END-- [ RunTime:0.001259s ]

[ 2016-12-01T07:36:39+08:00 ] ::1 /westylegit/code/index.php/Admin/Voucher/trade_list.shtml
INFO: [ app_init ] --START--
INFO: Run Behavior\BuildLiteBehavior [ RunTime:0.000035s ]
INFO: [ app_init ] --END-- [ RunTime:0.000522s ]
INFO: [ app_begin ] --START--
INFO: Run Behavior\ReadHtmlCacheBehavior [ RunTime:0.000585s ]
INFO: [ app_begin ] --END-- [ RunTime:0.000738s ]
SQL: SHOW COLUMNS FROM `westyle_voucher_trade` [ RunTime:0.0082s ]
SQL: SELECT * FROM `westyle_voucher_trade` ORDER BY trans_create_time desc  [ RunTime:0.0005s ]
INFO: [ app_end ] --START--
INFO: Run Behavior\ShowPageTraceBehavior [ RunTime:0.000747s ]
INFO: [ app_end ] --END-- [ RunTime:0.000917s ]

[ 2016-12-01T07:37:14+08:00 ] ::1 /westylegit/code/index.php/Admin/Voucher/trade_list.shtml
INFO: [ app_init ] --START--
INFO: Run Behavior\BuildLiteBehavior [ RunTime:0.000034s ]
INFO: [ app_init ] --END-- [ RunTime:0.000542s ]
INFO: [ app_begin ] --START--
INFO: Run Behavior\ReadHtmlCacheBehavior [ RunTime:0.000576s ]
INFO: [ app_begin ] --END-- [ RunTime:0.000732s ]
SQL: SHOW COLUMNS FROM `westyle_voucher_trade` [ RunTime:0.0077s ]
SQL: SELECT * FROM `westyle_voucher_trade` ORDER BY trans_create_time desc  [ RunTime:0.0006s ]
INFO: [ app_end ] --START--
INFO: Run Behavior\ShowPageTraceBehavior [ RunTime:0.000753s ]
INFO: [ app_end ] --END-- [ RunTime:0.000920s ]

[ 2016-12-01T07:37:15+08:00 ] ::1 /westylegit/code/index.php/Admin/Voucher/trade_list.shtml
INFO: [ app_init ] --START--
INFO: Run Behavior\BuildLiteBehavior [ RunTime:0.000034s ]
INFO: [ app_init ] --END-- [ RunTime:0.000542s ]
INFO: [ app_begin ] --START--
INFO: Run Behavior\ReadHtmlCacheBehavior [ RunTime:0.000565s ]
INFO: [ app_begin ] --END-- [ RunTime:0.000721s ]
SQL: SHOW COLUMNS FROM `westyle_voucher_trade` [ RunTime:0.0081s ]
SQL: SELECT * FROM `westyle_voucher_trade` ORDER BY trans_create_time desc  [ RunTime:0.0006s ]
INFO: [ app_end ] --START--
INFO: Run Behavior\ShowPageTraceBehavior [ RunTime:0.001317s ]
INFO: [ app_end ] --END-- [ RunTime:0.001653s ]

[ 2016-12-01T07:40:10+08:00 ] ::1 /westylegit/code/index.php/Admin/Voucher/trade_list.shtml
INFO: [ app_init ] --START--
INFO: Run Behavior\BuildLiteBehavior [ RunTime:0.000052s ]
INFO: [ app_init ] --END-- [ RunTime:0.000704s ]
INFO: [ app_begin ] --START--
INFO: Run Behavior\ReadHtmlCacheBehavior [ RunTime:0.000932s ]
INFO: [ app_begin ] --END-- [ RunTime:0.001146s ]
SQL: SHOW COLUMNS FROM `westyle_voucher_trade` [ RunTime:0.0088s ]
SQL: SELECT * FROM `westyle_voucher_trade` ORDER BY trans_create_time desc  [ RunTime:0.0005s ]
INFO: [ app_end ] --START--
INFO: Run Behavior\ShowPageTraceBehavior [ RunTime:0.000911s ]
INFO: [ app_end ] --END-- [ RunTime:0.001097s ]

[ 2016-12-01T07:40:19+08:00 ] ::1 /westylegit/code/index.php/Admin/Voucher/trade_list.shtml?keyword=12
INFO: [ app_init ] --START--
INFO: Run Behavior\BuildLiteBehavior [ RunTime:0.000056s ]
INFO: [ app_init ] --END-- [ RunTime:0.000852s ]
INFO: [ app_begin ] --START--
INFO: Run Behavior\ReadHtmlCacheBehavior [ RunTime:0.000655s ]
INFO: [ app_begin ] --END-- [ RunTime:0.000828s ]
SQL: SHOW COLUMNS FROM `westyle_voucher_trade` [ RunTime:0.1574s ]
ERR: 1064:You have an error in your SQL syntax; check the manual that corresponds to your MySQL server version for the right syntax to use near ') ORDER BY trans_create_time desc' at line 1
 [ SQL语句 ] : SELECT * FROM `westyle_voucher_trade` WHERE (  ) ORDER BY trans_create_time desc 
ERR: 1064:You have an error in your SQL syntax; check the manual that corresponds to your MySQL server version for the right syntax to use near ') ORDER BY trans_create_time desc' at line 1
 [ SQL语句 ] : SELECT * FROM `westyle_voucher_trade` WHERE (  ) ORDER BY trans_create_time desc 

[ 2016-12-01T07:40:56+08:00 ] ::1 /westylegit/code/index.php/Admin/Voucher/trade_list.shtml?keyword=12
INFO: [ app_init ] --START--
INFO: Run Behavior\BuildLiteBehavior [ RunTime:0.000070s ]
INFO: [ app_init ] --END-- [ RunTime:0.001044s ]
INFO: [ app_begin ] --START--
INFO: Run Behavior\ReadHtmlCacheBehavior [ RunTime:0.000917s ]
INFO: [ app_begin ] --END-- [ RunTime:0.001098s ]

[ 2016-12-01T07:41:09+08:00 ] ::1 /westylegit/code/index.php/Admin/Voucher/trade_list.shtml?keyword=12
INFO: [ app_init ] --START--
INFO: Run Behavior\BuildLiteBehavior [ RunTime:0.000035s ]
INFO: [ app_init ] --END-- [ RunTime:0.000524s ]
INFO: [ app_begin ] --START--
INFO: Run Behavior\ReadHtmlCacheBehavior [ RunTime:0.000576s ]
INFO: [ app_begin ] --END-- [ RunTime:0.000729s ]
SQL: SHOW COLUMNS FROM `westyle_voucher_trade` [ RunTime:0.0080s ]
ERR: 1064:You have an error in your SQL syntax; check the manual that corresponds to your MySQL server version for the right syntax to use near ') ORDER BY trans_create_time desc' at line 1
 [ SQL语句 ] : SELECT * FROM `westyle_voucher_trade` WHERE (  ) ORDER BY trans_create_time desc 
ERR: 1064:You have an error in your SQL syntax; check the manual that corresponds to your MySQL server version for the right syntax to use near ') ORDER BY trans_create_time desc' at line 1
 [ SQL语句 ] : SELECT * FROM `westyle_voucher_trade` WHERE (  ) ORDER BY trans_create_time desc 

[ 2016-12-01T07:41:43+08:00 ] ::1 /westylegit/code/index.php/Admin/Voucher/trade_list.shtml?keyword=12
INFO: [ app_init ] --START--
INFO: Run Behavior\BuildLiteBehavior [ RunTime:0.000053s ]
INFO: [ app_init ] --END-- [ RunTime:0.000613s ]
INFO: [ app_begin ] --START--
INFO: Run Behavior\ReadHtmlCacheBehavior [ RunTime:0.000844s ]
INFO: [ app_begin ] --END-- [ RunTime:0.001094s ]
SQL: SHOW COLUMNS FROM `westyle_voucher_trade` [ RunTime:0.0086s ]
ERR: 1064:You have an error in your SQL syntax; check the manual that corresponds to your MySQL server version for the right syntax to use near ') ORDER BY trans_create_time desc' at line 1
 [ SQL语句 ] : SELECT * FROM `westyle_voucher_trade` WHERE (  ) ORDER BY trans_create_time desc 
ERR: 1064:You have an error in your SQL syntax; check the manual that corresponds to your MySQL server version for the right syntax to use near ') ORDER BY trans_create_time desc' at line 1
 [ SQL语句 ] : SELECT * FROM `westyle_voucher_trade` WHERE (  ) ORDER BY trans_create_time desc 

[ 2016-12-01T07:42:27+08:00 ] ::1 /westylegit/code/index.php/Admin/Voucher/trade_list.shtml?keyword=12
INFO: [ app_init ] --START--
INFO: Run Behavior\BuildLiteBehavior [ RunTime:0.000035s ]
INFO: [ app_init ] --END-- [ RunTime:0.000600s ]
INFO: [ app_begin ] --START--
INFO: Run Behavior\ReadHtmlCacheBehavior [ RunTime:0.000760s ]
INFO: [ app_begin ] --END-- [ RunTime:0.000939s ]
SQL: SHOW COLUMNS FROM `westyle_voucher_trade` [ RunTime:0.0083s ]
ERR: 1064:You have an error in your SQL syntax; check the manual that corresponds to your MySQL server version for the right syntax to use near ') ORDER BY trans_create_time desc' at line 1
 [ SQL语句 ] : SELECT * FROM `westyle_voucher_trade` WHERE (  ) ORDER BY trans_create_time desc 
ERR: 1064:You have an error in your SQL syntax; check the manual that corresponds to your MySQL server version for the right syntax to use near ') ORDER BY trans_create_time desc' at line 1
 [ SQL语句 ] : SELECT * FROM `westyle_voucher_trade` WHERE (  ) ORDER BY trans_create_time desc 

[ 2016-12-01T07:42:52+08:00 ] ::1 /westylegit/code/index.php/Admin/Voucher/trade_list.shtml?keyword=12
INFO: [ app_init ] --START--
INFO: Run Behavior\BuildLiteBehavior [ RunTime:0.000034s ]
INFO: [ app_init ] --END-- [ RunTime:0.000563s ]
INFO: [ app_begin ] --START--
INFO: Run Behavior\ReadHtmlCacheBehavior [ RunTime:0.000536s ]
INFO: [ app_begin ] --END-- [ RunTime:0.000690s ]
SQL: SHOW COLUMNS FROM `westyle_voucher_trade` [ RunTime:0.0086s ]
ERR: 1064:You have an error in your SQL syntax; check the manual that corresponds to your MySQL server version for the right syntax to use near ') ORDER BY trans_create_time desc' at line 1
 [ SQL语句 ] : SELECT * FROM `westyle_voucher_trade` WHERE (  ) ORDER BY trans_create_time desc 
ERR: 1064:You have an error in your SQL syntax; check the manual that corresponds to your MySQL server version for the right syntax to use near ') ORDER BY trans_create_time desc' at line 1
 [ SQL语句 ] : SELECT * FROM `westyle_voucher_trade` WHERE (  ) ORDER BY trans_create_time desc 

[ 2016-12-01T07:42:54+08:00 ] ::1 /westylegit/code/index.php/Admin/Voucher/trade_list.shtml?keyword=12
INFO: [ app_init ] --START--
INFO: Run Behavior\BuildLiteBehavior [ RunTime:0.000040s ]
INFO: [ app_init ] --END-- [ RunTime:0.000683s ]
INFO: [ app_begin ] --START--
INFO: Run Behavior\ReadHtmlCacheBehavior [ RunTime:0.000917s ]
INFO: [ app_begin ] --END-- [ RunTime:0.001199s ]
SQL: SHOW COLUMNS FROM `westyle_voucher_trade` [ RunTime:0.0088s ]
ERR: 1064:You have an error in your SQL syntax; check the manual that corresponds to your MySQL server version for the right syntax to use near ') ORDER BY trans_create_time desc' at line 1
 [ SQL语句 ] : SELECT * FROM `westyle_voucher_trade` WHERE (  ) ORDER BY trans_create_time desc 
ERR: 1064:You have an error in your SQL syntax; check the manual that corresponds to your MySQL server version for the right syntax to use near ') ORDER BY trans_create_time desc' at line 1
 [ SQL语句 ] : SELECT * FROM `westyle_voucher_trade` WHERE (  ) ORDER BY trans_create_time desc 

[ 2016-12-01T07:44:47+08:00 ] ::1 /westylegit/code/index.php/Admin/Voucher/trade_list.shtml?keyword=12
INFO: [ app_init ] --START--
INFO: Run Behavior\BuildLiteBehavior [ RunTime:0.000035s ]
INFO: [ app_init ] --END-- [ RunTime:0.000633s ]
INFO: [ app_begin ] --START--
INFO: Run Behavior\ReadHtmlCacheBehavior [ RunTime:0.001069s ]
INFO: [ app_begin ] --END-- [ RunTime:0.001278s ]
SQL: SHOW COLUMNS FROM `westyle_voucher_trade` [ RunTime:0.0049s ]
ERR: 1064:You have an error in your SQL syntax; check the manual that corresponds to your MySQL server version for the right syntax to use near ') ORDER BY trans_create_time desc' at line 1
 [ SQL语句 ] : SELECT * FROM `westyle_voucher_trade` WHERE (  ) ORDER BY trans_create_time desc 
ERR: 1064:You have an error in your SQL syntax; check the manual that corresponds to your MySQL server version for the right syntax to use near ') ORDER BY trans_create_time desc' at line 1
 [ SQL语句 ] : SELECT * FROM `westyle_voucher_trade` WHERE (  ) ORDER BY trans_create_time desc 

[ 2016-12-01T07:45:05+08:00 ] ::1 /westylegit/code/index.php/Admin/Voucher/trade_list.shtml?keyword=12
INFO: [ app_init ] --START--
INFO: Run Behavior\BuildLiteBehavior [ RunTime:0.000039s ]
INFO: [ app_init ] --END-- [ RunTime:0.001079s ]
INFO: [ app_begin ] --START--
INFO: Run Behavior\ReadHtmlCacheBehavior [ RunTime:0.000807s ]
INFO: [ app_begin ] --END-- [ RunTime:0.000983s ]
SQL: SHOW COLUMNS FROM `westyle_voucher_trade` [ RunTime:0.0080s ]
SQL: SELECT * FROM `westyle_voucher_trade` ORDER BY trans_create_time desc  [ RunTime:0.0005s ]
NOTIC: [8] Array to string conversion F:\wamp\www\westylegit\code\Application\Admin\Controller\VoucherController.class.php 第 18 行.
INFO: [ app_end ] --START--
INFO: Run Behavior\ShowPageTraceBehavior [ RunTime:0.000890s ]
INFO: [ app_end ] --END-- [ RunTime:0.001042s ]

[ 2016-12-01T07:45:23+08:00 ] ::1 /westylegit/code/index.php/Admin/Voucher/trade_list.shtml?keyword=12
INFO: [ app_init ] --START--
INFO: Run Behavior\BuildLiteBehavior [ RunTime:0.000037s ]
INFO: [ app_init ] --END-- [ RunTime:0.000592s ]
INFO: [ app_begin ] --START--
INFO: Run Behavior\ReadHtmlCacheBehavior [ RunTime:0.000576s ]
INFO: [ app_begin ] --END-- [ RunTime:0.000744s ]
SQL: SHOW COLUMNS FROM `westyle_voucher_trade` [ RunTime:0.0084s ]
ERR: 1064:You have an error in your SQL syntax; check the manual that corresponds to your MySQL server version for the right syntax to use near ')' at line 1
 [ SQL语句 ] : SELECT * FROM `westyle_voucher_trade` WHERE (  ) 
ERR: 1064:You have an error in your SQL syntax; check the manual that corresponds to your MySQL server version for the right syntax to use near ')' at line 1
 [ SQL语句 ] : SELECT * FROM `westyle_voucher_trade` WHERE (  ) 

[ 2016-12-01T07:46:23+08:00 ] ::1 /westylegit/code/index.php/Admin/Voucher/trade_list.shtml?keyword=12
INFO: [ app_init ] --START--
INFO: Run Behavior\BuildLiteBehavior [ RunTime:0.000042s ]
INFO: [ app_init ] --END-- [ RunTime:0.001127s ]
INFO: [ app_begin ] --START--
INFO: Run Behavior\ReadHtmlCacheBehavior [ RunTime:0.000661s ]
INFO: [ app_begin ] --END-- [ RunTime:0.000870s ]
SQL: SHOW COLUMNS FROM `westyle_voucher_trade` [ RunTime:0.0085s ]
SQL: SELECT * FROM `westyle_voucher_trade` WHERE ( `trader_email` = '12' OR `voucher_id` = '12' OR `trans_amount` = '12' OR `trans_create_time` = '12' ) ORDER BY trans_create_time desc  [ RunTime:0.0007s ]
NOTIC: [8] Array to string conversion F:\wamp\www\westylegit\code\Application\Admin\Controller\VoucherController.class.php 第 18 行.
INFO: [ app_end ] --START--
INFO: Run Behavior\ShowPageTraceBehavior [ RunTime:0.000734s ]
INFO: [ app_end ] --END-- [ RunTime:0.000901s ]

[ 2016-12-01T07:46:36+08:00 ] ::1 /westylegit/code/index.php/Admin/Voucher/trade_list.shtml?keyword=12
INFO: [ app_init ] --START--
INFO: Run Behavior\BuildLiteBehavior [ RunTime:0.000034s ]
INFO: [ app_init ] --END-- [ RunTime:0.000551s ]
INFO: [ app_begin ] --START--
INFO: Run Behavior\ReadHtmlCacheBehavior [ RunTime:0.000567s ]
INFO: [ app_begin ] --END-- [ RunTime:0.000720s ]
SQL: SHOW COLUMNS FROM `westyle_voucher_trade` [ RunTime:0.0080s ]
ERR: 1054:Unknown column 'id' in 'where clause'
 [ SQL语句 ] : SELECT * FROM `westyle_voucher_trade` WHERE ( `id` = '12' OR `trader_email` = '12' OR `voucher_id` = '12' OR `trans_amount` = '12' OR `trans_create_time` = '12' ) ORDER BY trans_create_time desc 
ERR: 1054:Unknown column 'id' in 'where clause'
 [ SQL语句 ] : SELECT * FROM `westyle_voucher_trade` WHERE ( `id` = '12' OR `trader_email` = '12' OR `voucher_id` = '12' OR `trans_amount` = '12' OR `trans_create_time` = '12' ) ORDER BY trans_create_time desc 

[ 2016-12-01T07:46:41+08:00 ] ::1 /westylegit/code/index.php/Admin/Voucher/trade_list.shtml
INFO: [ app_init ] --START--
INFO: Run Behavior\BuildLiteBehavior [ RunTime:0.000041s ]
INFO: [ app_init ] --END-- [ RunTime:0.000756s ]
INFO: [ app_begin ] --START--
INFO: Run Behavior\ReadHtmlCacheBehavior [ RunTime:0.000764s ]
INFO: [ app_begin ] --END-- [ RunTime:0.000965s ]
SQL: SHOW COLUMNS FROM `westyle_voucher_trade` [ RunTime:0.0096s ]
SQL: SELECT * FROM `westyle_voucher_trade` ORDER BY trans_create_time desc  [ RunTime:0.0008s ]
NOTIC: [8] Array to string conversion F:\wamp\www\westylegit\code\Application\Admin\Controller\VoucherController.class.php 第 18 行.
INFO: [ app_end ] --START--
INFO: Run Behavior\ShowPageTraceBehavior [ RunTime:0.001081s ]
INFO: [ app_end ] --END-- [ RunTime:0.001330s ]

[ 2016-12-01T07:46:58+08:00 ] ::1 /westylegit/code/index.php/Admin/Voucher/trade_list.shtml
INFO: [ app_init ] --START--
INFO: Run Behavior\BuildLiteBehavior [ RunTime:0.000061s ]
INFO: [ app_init ] --END-- [ RunTime:0.000723s ]
INFO: [ app_begin ] --START--
INFO: Run Behavior\ReadHtmlCacheBehavior [ RunTime:0.000539s ]
INFO: [ app_begin ] --END-- [ RunTime:0.000694s ]
SQL: SHOW COLUMNS FROM `westyle_voucher_trade` [ RunTime:0.0076s ]
SQL: SELECT * FROM `westyle_voucher_trade` ORDER BY trans_create_time desc  [ RunTime:0.0005s ]
NOTIC: [8] Array to string conversion F:\wamp\www\westylegit\code\Application\Admin\Controller\VoucherController.class.php 第 18 行.
INFO: [ app_end ] --START--
INFO: Run Behavior\ShowPageTraceBehavior [ RunTime:0.000746s ]
INFO: [ app_end ] --END-- [ RunTime:0.000909s ]

[ 2016-12-01T07:47:01+08:00 ] ::1 /westylegit/code/index.php/Admin/Voucher/trade_list.shtml
INFO: [ app_init ] --START--
INFO: Run Behavior\BuildLiteBehavior [ RunTime:0.000037s ]
INFO: [ app_init ] --END-- [ RunTime:0.000574s ]
INFO: [ app_begin ] --START--
INFO: Run Behavior\ReadHtmlCacheBehavior [ RunTime:0.000647s ]
INFO: [ app_begin ] --END-- [ RunTime:0.000805s ]
SQL: SHOW COLUMNS FROM `westyle_voucher_trade` [ RunTime:0.0077s ]
SQL: SELECT * FROM `westyle_voucher_trade` ORDER BY trans_create_time desc  [ RunTime:0.0008s ]
NOTIC: [8] Array to string conversion F:\wamp\www\westylegit\code\Application\Admin\Controller\VoucherController.class.php 第 18 行.
INFO: [ app_end ] --START--
INFO: Run Behavior\ShowPageTraceBehavior [ RunTime:0.000749s ]
INFO: [ app_end ] --END-- [ RunTime:0.000915s ]

[ 2016-12-01T07:47:16+08:00 ] ::1 /westylegit/code/index.php/Admin/Voucher/trade_list.shtml
INFO: [ app_init ] --START--
INFO: Run Behavior\BuildLiteBehavior [ RunTime:0.000043s ]
INFO: [ app_init ] --END-- [ RunTime:0.000783s ]
INFO: [ app_begin ] --START--
INFO: Run Behavior\ReadHtmlCacheBehavior [ RunTime:0.000948s ]
INFO: [ app_begin ] --END-- [ RunTime:0.001151s ]
SQL: SHOW COLUMNS FROM `westyle_voucher_trade` [ RunTime:0.0082s ]
SQL: SELECT * FROM `westyle_voucher_trade` ORDER BY trans_create_time desc  [ RunTime:0.0006s ]
INFO: [ app_end ] --START--
INFO: Run Behavior\ShowPageTraceBehavior [ RunTime:0.001532s ]
INFO: [ app_end ] --END-- [ RunTime:0.001907s ]

[ 2016-12-01T07:47:31+08:00 ] ::1 /westylegit/code/index.php/Admin/Voucher/trade_list.shtml?keyword=12
INFO: [ app_init ] --START--
INFO: Run Behavior\BuildLiteBehavior [ RunTime:0.000034s ]
INFO: [ app_init ] --END-- [ RunTime:0.000535s ]
INFO: [ app_begin ] --START--
INFO: Run Behavior\ReadHtmlCacheBehavior [ RunTime:0.000591s ]
INFO: [ app_begin ] --END-- [ RunTime:0.000744s ]
SQL: SHOW COLUMNS FROM `westyle_voucher_trade` [ RunTime:0.0835s ]
ERR: 1064:You have an error in your SQL syntax; check the manual that corresponds to your MySQL server version for the right syntax to use near ') ORDER BY trans_create_time desc' at line 1
 [ SQL语句 ] : SELECT * FROM `westyle_voucher_trade` WHERE (  ) ORDER BY trans_create_time desc 
ERR: 1064:You have an error in your SQL syntax; check the manual that corresponds to your MySQL server version for the right syntax to use near ') ORDER BY trans_create_time desc' at line 1
 [ SQL语句 ] : SELECT * FROM `westyle_voucher_trade` WHERE (  ) ORDER BY trans_create_time desc 

[ 2016-12-01T07:47:40+08:00 ] ::1 /westylegit/code/index.php/Admin/Voucher/trade_list.shtml?keyword=12
INFO: [ app_init ] --START--
INFO: Run Behavior\BuildLiteBehavior [ RunTime:0.000114s ]
INFO: [ app_init ] --END-- [ RunTime:0.001426s ]
INFO: [ app_begin ] --START--
INFO: Run Behavior\ReadHtmlCacheBehavior [ RunTime:0.000980s ]
INFO: [ app_begin ] --END-- [ RunTime:0.001332s ]
SQL: SHOW COLUMNS FROM `westyle_voucher_trade` [ RunTime:0.0079s ]
SQL: SELECT * FROM `westyle_voucher_trade` WHERE ( `trader_email` = '12' OR `voucher_id` = '12' OR `trans_amount` = '12' OR `trans_create_time` = '12' ) ORDER BY trans_create_time desc  [ RunTime:0.0005s ]
INFO: [ app_end ] --START--
INFO: Run Behavior\ShowPageTraceBehavior [ RunTime:0.000707s ]
INFO: [ app_end ] --END-- [ RunTime:0.000924s ]

[ 2016-12-01T07:48:00+08:00 ] ::1 /westylegit/code/index.php/Admin/Voucher/trade_list.shtml?keyword=12
INFO: [ app_init ] --START--
INFO: Run Behavior\BuildLiteBehavior [ RunTime:0.000035s ]
INFO: [ app_init ] --END-- [ RunTime:0.000555s ]
INFO: [ app_begin ] --START--
INFO: Run Behavior\ReadHtmlCacheBehavior [ RunTime:0.000537s ]
INFO: [ app_begin ] --END-- [ RunTime:0.000690s ]
SQL: SHOW COLUMNS FROM `westyle_voucher_trade` [ RunTime:0.0080s ]
ERR: 1054:Unknown column 'id' in 'where clause'
 [ SQL语句 ] : SELECT * FROM `westyle_voucher_trade` WHERE ( `trader_email` = '12' OR `voucher_id` = '12' OR `trans_amount` = '12' OR `trans_create_time` = '12' OR `id` = '12' ) ORDER BY trans_create_time desc 
ERR: 1054:Unknown column 'id' in 'where clause'
 [ SQL语句 ] : SELECT * FROM `westyle_voucher_trade` WHERE ( `trader_email` = '12' OR `voucher_id` = '12' OR `trans_amount` = '12' OR `trans_create_time` = '12' OR `id` = '12' ) ORDER BY trans_create_time desc 

[ 2016-12-01T07:48:05+08:00 ] ::1 /westylegit/code/index.php/Admin/Voucher/trade_list.shtml
INFO: [ app_init ] --START--
INFO: Run Behavior\BuildLiteBehavior [ RunTime:0.000039s ]
INFO: [ app_init ] --END-- [ RunTime:0.000847s ]
INFO: [ app_begin ] --START--
INFO: Run Behavior\ReadHtmlCacheBehavior [ RunTime:0.000652s ]
INFO: [ app_begin ] --END-- [ RunTime:0.000816s ]
SQL: SHOW COLUMNS FROM `westyle_voucher_trade` [ RunTime:0.0085s ]
SQL: SELECT * FROM `westyle_voucher_trade` ORDER BY trans_create_time desc  [ RunTime:0.0005s ]
INFO: [ app_end ] --START--
INFO: Run Behavior\ShowPageTraceBehavior [ RunTime:0.001030s ]
INFO: [ app_end ] --END-- [ RunTime:0.001311s ]

[ 2016-12-01T07:48:17+08:00 ] ::1 /westylegit/code/index.php/Admin/Voucher/trade_list.shtml
INFO: [ app_init ] --START--
INFO: Run Behavior\BuildLiteBehavior [ RunTime:0.000035s ]
INFO: [ app_init ] --END-- [ RunTime:0.000581s ]
INFO: [ app_begin ] --START--
INFO: Run Behavior\ReadHtmlCacheBehavior [ RunTime:0.000576s ]
INFO: [ app_begin ] --END-- [ RunTime:0.000729s ]
SQL: SHOW COLUMNS FROM `westyle_voucher_trade` [ RunTime:0.0048s ]
SQL: SELECT * FROM `westyle_voucher_trade` ORDER BY trans_create_time desc  [ RunTime:0.0005s ]
INFO: [ app_end ] --START--
INFO: Run Behavior\ShowPageTraceBehavior [ RunTime:0.001645s ]
INFO: [ app_end ] --END-- [ RunTime:0.001904s ]

[ 2016-12-01T07:48:20+08:00 ] ::1 /westylegit/code/index.php/Admin/Voucher/trade_list.shtml?keyword=12
INFO: [ app_init ] --START--
INFO: Run Behavior\BuildLiteBehavior [ RunTime:0.000034s ]
INFO: [ app_init ] --END-- [ RunTime:0.000587s ]
INFO: [ app_begin ] --START--
INFO: Run Behavior\ReadHtmlCacheBehavior [ RunTime:0.000615s ]
INFO: [ app_begin ] --END-- [ RunTime:0.000797s ]
SQL: SHOW COLUMNS FROM `westyle_voucher_trade` [ RunTime:0.0047s ]
SQL: SELECT * FROM `westyle_voucher_trade` WHERE ( `trader_email` = '12' OR `voucher_id` = '12' OR `trans_amount` = '12' OR `trans_create_time` = '12' OR `_id` = '12' ) ORDER BY trans_create_time desc  [ RunTime:0.0006s ]
INFO: [ app_end ] --START--
INFO: Run Behavior\ShowPageTraceBehavior [ RunTime:0.000714s ]
INFO: [ app_end ] --END-- [ RunTime:0.000873s ]

[ 2016-12-01T07:48:32+08:00 ] ::1 /westylegit/code/index.php/Admin/Voucher/trade_list.shtml?keyword=12
INFO: [ app_init ] --START--
INFO: Run Behavior\BuildLiteBehavior [ RunTime:0.000034s ]
INFO: [ app_init ] --END-- [ RunTime:0.000608s ]
INFO: [ app_begin ] --START--
INFO: Run Behavior\ReadHtmlCacheBehavior [ RunTime:0.000571s ]
INFO: [ app_begin ] --END-- [ RunTime:0.000725s ]
SQL: SHOW COLUMNS FROM `westyle_voucher_trade` [ RunTime:0.0079s ]
SQL: SELECT * FROM `westyle_voucher_trade` WHERE ( `trader_email` = '12' OR `voucher_id` = '12' OR `trans_amount` = '12' OR `trans_create_time` = '12' OR `_id` = '12' ) ORDER BY trans_create_time desc  [ RunTime:0.0007s ]
INFO: [ app_end ] --START--
INFO: Run Behavior\ShowPageTraceBehavior [ RunTime:0.001177s ]
INFO: [ app_end ] --END-- [ RunTime:0.001442s ]

[ 2016-12-01T07:48:33+08:00 ] ::1 /westylegit/code/index.php/Admin/Voucher/trade_list.shtml?keyword=12
INFO: [ app_init ] --START--
INFO: Run Behavior\BuildLiteBehavior [ RunTime:0.000041s ]
INFO: [ app_init ] --END-- [ RunTime:0.000720s ]
INFO: [ app_begin ] --START--
INFO: Run Behavior\ReadHtmlCacheBehavior [ RunTime:0.000965s ]
INFO: [ app_begin ] --END-- [ RunTime:0.001425s ]
SQL: SHOW COLUMNS FROM `westyle_voucher_trade` [ RunTime:0.0062s ]
SQL: SELECT * FROM `westyle_voucher_trade` WHERE ( `trader_email` = '12' OR `voucher_id` = '12' OR `trans_amount` = '12' OR `trans_create_time` = '12' OR `_id` = '12' ) ORDER BY trans_create_time desc  [ RunTime:0.0008s ]
INFO: [ app_end ] --START--
INFO: Run Behavior\ShowPageTraceBehavior [ RunTime:0.001067s ]
INFO: [ app_end ] --END-- [ RunTime:0.001469s ]

[ 2016-12-01T07:49:17+08:00 ] ::1 /westylegit/code/index.php/Admin/Voucher/voucher_list.shtml?keyword=12
INFO: [ app_init ] --START--
INFO: Run Behavior\BuildLiteBehavior [ RunTime:0.000039s ]
INFO: [ app_init ] --END-- [ RunTime:0.001071s ]
INFO: [ app_begin ] --START--
INFO: Run Behavior\ReadHtmlCacheBehavior [ RunTime:0.000833s ]
INFO: [ app_begin ] --END-- [ RunTime:0.000989s ]
SQL: SHOW COLUMNS FROM `westyle_voucher` [ RunTime:0.0417s ]
SQL: SELECT * FROM `westyle_voucher`  [ RunTime:0.0006s ]
INFO: [ app_end ] --START--
INFO: Run Behavior\ShowPageTraceBehavior [ RunTime:0.001272s ]
INFO: [ app_end ] --END-- [ RunTime:0.001585s ]

[ 2016-12-01T07:50:08+08:00 ] ::1 /westylegit/code/index.php/Admin/Voucher/voucher_list.shtml?keyword=12
INFO: [ app_init ] --START--
INFO: Run Behavior\BuildLiteBehavior [ RunTime:0.000041s ]
INFO: [ app_init ] --END-- [ RunTime:0.000664s ]
INFO: [ app_begin ] --START--
INFO: Run Behavior\ReadHtmlCacheBehavior [ RunTime:0.000795s ]
INFO: [ app_begin ] --END-- [ RunTime:0.001059s ]
SQL: SHOW COLUMNS FROM `westyle_voucher` [ RunTime:0.0087s ]
ERR: 1054:Unknown column 'trans_create_time' in 'order clause'
 [ SQL语句 ] : SELECT * FROM `westyle_voucher` WHERE ( `voucher_id` = '12' OR `voucher_name` = '12' OR `_id` = '12' ) ORDER BY trans_create_time desc 
ERR: 1054:Unknown column 'trans_create_time' in 'order clause'
 [ SQL语句 ] : SELECT * FROM `westyle_voucher` WHERE ( `voucher_id` = '12' OR `voucher_name` = '12' OR `_id` = '12' ) ORDER BY trans_create_time desc 

[ 2016-12-01T07:50:25+08:00 ] ::1 /westylegit/code/index.php/Admin/Voucher/voucher_list.shtml?keyword=12
INFO: [ app_init ] --START--
INFO: Run Behavior\BuildLiteBehavior [ RunTime:0.000038s ]
INFO: [ app_init ] --END-- [ RunTime:0.000592s ]
INFO: [ app_begin ] --START--
INFO: Run Behavior\ReadHtmlCacheBehavior [ RunTime:0.001405s ]
INFO: [ app_begin ] --END-- [ RunTime:0.001756s ]
SQL: SHOW COLUMNS FROM `westyle_voucher` [ RunTime:0.3595s ]
SQL: SELECT * FROM `westyle_voucher` WHERE ( `voucher_id` = '12' OR `voucher_name` = '12' OR `_id` = '12' ) ORDER BY voucher_id desc  [ RunTime:0.0005s ]
INFO: [ app_end ] --START--
INFO: Run Behavior\ShowPageTraceBehavior [ RunTime:0.000976s ]
INFO: [ app_end ] --END-- [ RunTime:0.001239s ]

[ 2016-12-01T07:50:31+08:00 ] ::1 /westylegit/code/index.php/Admin/Voucher/voucher_list.shtml?keyword=00001
INFO: [ app_init ] --START--
INFO: Run Behavior\BuildLiteBehavior [ RunTime:0.000035s ]
INFO: [ app_init ] --END-- [ RunTime:0.000534s ]
INFO: [ app_begin ] --START--
INFO: Run Behavior\ReadHtmlCacheBehavior [ RunTime:0.000634s ]
INFO: [ app_begin ] --END-- [ RunTime:0.000799s ]
SQL: SHOW COLUMNS FROM `westyle_voucher` [ RunTime:0.0042s ]
SQL: SELECT * FROM `westyle_voucher` WHERE ( `voucher_id` = '00001' OR `voucher_name` = '00001' OR `_id` = '00001' ) ORDER BY voucher_id desc  [ RunTime:0.0005s ]
INFO: [ app_end ] --START--
INFO: Run Behavior\ShowPageTraceBehavior [ RunTime:0.000736s ]
INFO: [ app_end ] --END-- [ RunTime:0.000891s ]

[ 2016-12-01T07:50:44+08:00 ] ::1 /westylegit/code/index.php/Admin/Voucher/voucher_list.shtml?keyword=V00001
INFO: [ app_init ] --START--
INFO: Run Behavior\BuildLiteBehavior [ RunTime:0.000035s ]
INFO: [ app_init ] --END-- [ RunTime:0.000596s ]
INFO: [ app_begin ] --START--
INFO: Run Behavior\ReadHtmlCacheBehavior [ RunTime:0.000659s ]
INFO: [ app_begin ] --END-- [ RunTime:0.000844s ]
SQL: SHOW COLUMNS FROM `westyle_voucher` [ RunTime:0.0643s ]
SQL: SELECT * FROM `westyle_voucher` WHERE ( `voucher_id` = 'V00001' OR `voucher_name` = 'V00001' OR `_id` = 'V00001' ) ORDER BY voucher_id desc  [ RunTime:0.0005s ]
INFO: [ app_end ] --START--
INFO: Run Behavior\ShowPageTraceBehavior [ RunTime:0.000775s ]
INFO: [ app_end ] --END-- [ RunTime:0.000932s ]

[ 2016-12-01T07:50:50+08:00 ] ::1 /westylegit/code/index.php/Admin/Voucher/voucher_list.shtml?keyword=01
INFO: [ app_init ] --START--
INFO: Run Behavior\BuildLiteBehavior [ RunTime:0.000033s ]
INFO: [ app_init ] --END-- [ RunTime:0.000558s ]
INFO: [ app_begin ] --START--
INFO: Run Behavior\ReadHtmlCacheBehavior [ RunTime:0.000570s ]
INFO: [ app_begin ] --END-- [ RunTime:0.000721s ]
SQL: SHOW COLUMNS FROM `westyle_voucher` [ RunTime:0.0539s ]
SQL: SELECT * FROM `westyle_voucher` WHERE ( `voucher_id` = '01' OR `voucher_name` = '01' OR `_id` = '01' ) ORDER BY voucher_id desc  [ RunTime:0.0005s ]
INFO: [ app_end ] --START--
INFO: Run Behavior\ShowPageTraceBehavior [ RunTime:0.000826s ]
INFO: [ app_end ] --END-- [ RunTime:0.000998s ]

[ 2016-12-01T07:52:29+08:00 ] ::1 /westylegit/code/index.php/Admin/Voucher/voucher_list.shtml?keyword=01
INFO: [ app_init ] --START--
INFO: Run Behavior\BuildLiteBehavior [ RunTime:0.000036s ]
INFO: [ app_init ] --END-- [ RunTime:0.000665s ]
INFO: [ app_begin ] --START--
INFO: Run Behavior\ReadHtmlCacheBehavior [ RunTime:0.001048s ]
INFO: [ app_begin ] --END-- [ RunTime:0.001307s ]
SQL: SHOW COLUMNS FROM `westyle_voucher` [ RunTime:0.0221s ]
SQL: SELECT * FROM `westyle_voucher` WHERE ( `voucher_id` LIKE 1 OR `voucher_name` LIKE 1 OR `_id` LIKE 1 ) ORDER BY voucher_id desc  [ RunTime:0.0006s ]
INFO: [ app_end ] --START--
INFO: Run Behavior\ShowPageTraceBehavior [ RunTime:0.000974s ]
INFO: [ app_end ] --END-- [ RunTime:0.001161s ]

[ 2016-12-01T07:52:37+08:00 ] ::1 /westylegit/code/index.php/Admin/Voucher/voucher_list.shtml?keyword=V0
INFO: [ app_init ] --START--
INFO: Run Behavior\BuildLiteBehavior [ RunTime:0.000094s ]
INFO: [ app_init ] --END-- [ RunTime:0.001773s ]
INFO: [ app_begin ] --START--
INFO: Run Behavior\ReadHtmlCacheBehavior [ RunTime:0.001596s ]
INFO: [ app_begin ] --END-- [ RunTime:0.002149s ]
SQL: SHOW COLUMNS FROM `westyle_voucher` [ RunTime:0.0084s ]
SQL: SELECT * FROM `westyle_voucher` WHERE ( `voucher_id` LIKE 0 OR `voucher_name` LIKE 0 OR `_id` LIKE 0 ) ORDER BY voucher_id desc  [ RunTime:0.0005s ]
INFO: [ app_end ] --START--
INFO: Run Behavior\ShowPageTraceBehavior [ RunTime:0.000751s ]
INFO: [ app_end ] --END-- [ RunTime:0.000920s ]

[ 2016-12-01T07:52:57+08:00 ] ::1 /westylegit/code/index.php/Admin/Voucher/voucher_list.shtml?keyword=00
INFO: [ app_init ] --START--
INFO: Run Behavior\BuildLiteBehavior [ RunTime:0.000099s ]
INFO: [ app_init ] --END-- [ RunTime:0.001676s ]
INFO: [ app_begin ] --START--
INFO: Run Behavior\ReadHtmlCacheBehavior [ RunTime:0.000627s ]
INFO: [ app_begin ] --END-- [ RunTime:0.000783s ]
SQL: SHOW COLUMNS FROM `westyle_voucher` [ RunTime:0.0040s ]
SQL: SELECT * FROM `westyle_voucher` WHERE ( `voucher_id` LIKE 0 OR `voucher_name` LIKE 0 OR `_id` LIKE 0 ) ORDER BY voucher_id desc  [ RunTime:0.0005s ]
INFO: [ app_end ] --START--
INFO: Run Behavior\ShowPageTraceBehavior [ RunTime:0.000756s ]
INFO: [ app_end ] --END-- [ RunTime:0.000923s ]

[ 2016-12-01T07:53:00+08:00 ] ::1 /westylegit/code/index.php/Admin/Voucher/voucher_list.shtml?keyword=V0
INFO: [ app_init ] --START--
INFO: Run Behavior\BuildLiteBehavior [ RunTime:0.000037s ]
INFO: [ app_init ] --END-- [ RunTime:0.000573s ]
INFO: [ app_begin ] --START--
INFO: Run Behavior\ReadHtmlCacheBehavior [ RunTime:0.000552s ]
INFO: [ app_begin ] --END-- [ RunTime:0.000745s ]
SQL: SHOW COLUMNS FROM `westyle_voucher` [ RunTime:0.0076s ]
SQL: SELECT * FROM `westyle_voucher` WHERE ( `voucher_id` LIKE 0 OR `voucher_name` LIKE 0 OR `_id` LIKE 0 ) ORDER BY voucher_id desc  [ RunTime:0.0004s ]
INFO: [ app_end ] --START--
INFO: Run Behavior\ShowPageTraceBehavior [ RunTime:0.000722s ]
INFO: [ app_end ] --END-- [ RunTime:0.000916s ]

[ 2016-12-01T07:53:00+08:00 ] ::1 /westylegit/code/index.php/Admin/Voucher/voucher_list.shtml?keyword=01
INFO: [ app_init ] --START--
INFO: Run Behavior\BuildLiteBehavior [ RunTime:0.000058s ]
INFO: [ app_init ] --END-- [ RunTime:0.000737s ]
INFO: [ app_begin ] --START--
INFO: Run Behavior\ReadHtmlCacheBehavior [ RunTime:0.000617s ]
INFO: [ app_begin ] --END-- [ RunTime:0.000790s ]
SQL: SHOW COLUMNS FROM `westyle_voucher` [ RunTime:0.0071s ]
SQL: SELECT * FROM `westyle_voucher` WHERE ( `voucher_id` LIKE 1 OR `voucher_name` LIKE 1 OR `_id` LIKE 1 ) ORDER BY voucher_id desc  [ RunTime:0.0005s ]
INFO: [ app_end ] --START--
INFO: Run Behavior\ShowPageTraceBehavior [ RunTime:0.001349s ]
INFO: [ app_end ] --END-- [ RunTime:0.001615s ]

[ 2016-12-01T07:53:01+08:00 ] ::1 /westylegit/code/index.php/Admin/Voucher/voucher_list.shtml?keyword=V00001
INFO: [ app_init ] --START--
INFO: Run Behavior\BuildLiteBehavior [ RunTime:0.000067s ]
INFO: [ app_init ] --END-- [ RunTime:0.001059s ]
INFO: [ app_begin ] --START--
INFO: Run Behavior\ReadHtmlCacheBehavior [ RunTime:0.000934s ]
INFO: [ app_begin ] --END-- [ RunTime:0.001209s ]
SQL: SHOW COLUMNS FROM `westyle_voucher` [ RunTime:0.0092s ]
SQL: SELECT * FROM `westyle_voucher` WHERE ( `voucher_id` LIKE 0 OR `voucher_name` LIKE 0 OR `_id` LIKE 0 ) ORDER BY voucher_id desc  [ RunTime:0.0007s ]
INFO: [ app_end ] --START--
INFO: Run Behavior\ShowPageTraceBehavior [ RunTime:0.001089s ]
INFO: [ app_end ] --END-- [ RunTime:0.001395s ]

[ 2016-12-01T07:53:01+08:00 ] ::1 /westylegit/code/index.php/Admin/Voucher/voucher_list.shtml?keyword=00001
INFO: [ app_init ] --START--
INFO: Run Behavior\BuildLiteBehavior [ RunTime:0.000037s ]
INFO: [ app_init ] --END-- [ RunTime:0.000621s ]
INFO: [ app_begin ] --START--
INFO: Run Behavior\ReadHtmlCacheBehavior [ RunTime:0.000611s ]
INFO: [ app_begin ] --END-- [ RunTime:0.000789s ]
SQL: SHOW COLUMNS FROM `westyle_voucher` [ RunTime:0.0037s ]
SQL: SELECT * FROM `westyle_voucher` WHERE ( `voucher_id` LIKE 1 OR `voucher_name` LIKE 1 OR `_id` LIKE 1 ) ORDER BY voucher_id desc  [ RunTime:0.0005s ]
INFO: [ app_end ] --START--
INFO: Run Behavior\ShowPageTraceBehavior [ RunTime:0.000746s ]
INFO: [ app_end ] --END-- [ RunTime:0.000913s ]

[ 2016-12-01T07:53:02+08:00 ] ::1 /westylegit/code/index.php/Admin/Voucher/voucher_list.shtml?keyword=12
INFO: [ app_init ] --START--
INFO: Run Behavior\BuildLiteBehavior [ RunTime:0.000035s ]
INFO: [ app_init ] --END-- [ RunTime:0.000602s ]
INFO: [ app_begin ] --START--
INFO: Run Behavior\ReadHtmlCacheBehavior [ RunTime:0.000559s ]
INFO: [ app_begin ] --END-- [ RunTime:0.000711s ]
SQL: SHOW COLUMNS FROM `westyle_voucher` [ RunTime:0.0042s ]
SQL: SELECT * FROM `westyle_voucher` WHERE ( `voucher_id` LIKE 12 OR `voucher_name` LIKE 12 OR `_id` LIKE 12 ) ORDER BY voucher_id desc  [ RunTime:0.0005s ]
INFO: [ app_end ] --START--
INFO: Run Behavior\ShowPageTraceBehavior [ RunTime:0.000698s ]
INFO: [ app_end ] --END-- [ RunTime:0.000852s ]

[ 2016-12-01T07:53:02+08:00 ] ::1 /westylegit/code/index.php/Admin/Voucher/trade_list.shtml?keyword=12
INFO: [ app_init ] --START--
INFO: Run Behavior\BuildLiteBehavior [ RunTime:0.000037s ]
INFO: [ app_init ] --END-- [ RunTime:0.000594s ]
INFO: [ app_begin ] --START--
INFO: Run Behavior\ReadHtmlCacheBehavior [ RunTime:0.000562s ]
INFO: [ app_begin ] --END-- [ RunTime:0.000744s ]
SQL: SHOW COLUMNS FROM `westyle_voucher_trade` [ RunTime:0.0089s ]
SQL: SELECT * FROM `westyle_voucher_trade` WHERE ( `trader_email` LIKE 12 OR `voucher_id` LIKE 12 OR `trans_amount` LIKE 12 OR `trans_create_time` LIKE 12 OR `_id` LIKE 12 ) ORDER BY trans_create_time desc  [ RunTime:0.0007s ]
INFO: [ app_end ] --START--
INFO: Run Behavior\ShowPageTraceBehavior [ RunTime:0.000905s ]
INFO: [ app_end ] --END-- [ RunTime:0.001131s ]

[ 2016-12-01T07:53:06+08:00 ] ::1 /westylegit/code/index.php/Admin/Voucher/trade_list.shtml?keyword=12
INFO: [ app_init ] --START--
INFO: Run Behavior\BuildLiteBehavior [ RunTime:0.000038s ]
INFO: [ app_init ] --END-- [ RunTime:0.000604s ]
INFO: [ app_begin ] --START--
INFO: Run Behavior\ReadHtmlCacheBehavior [ RunTime:0.000581s ]
INFO: [ app_begin ] --END-- [ RunTime:0.000757s ]
SQL: SHOW COLUMNS FROM `westyle_voucher_trade` [ RunTime:0.0090s ]
SQL: SELECT * FROM `westyle_voucher_trade` WHERE ( `trader_email` LIKE 12 OR `voucher_id` LIKE 12 OR `trans_amount` LIKE 12 OR `trans_create_time` LIKE 12 OR `_id` LIKE 12 ) ORDER BY trans_create_time desc  [ RunTime:0.0005s ]
INFO: [ app_end ] --START--
INFO: Run Behavior\ShowPageTraceBehavior [ RunTime:0.000755s ]
INFO: [ app_end ] --END-- [ RunTime:0.000915s ]

[ 2016-12-01T07:53:14+08:00 ] ::1 /westylegit/code/index.php/Admin/Voucher/trade_list.shtml?keyword=20
INFO: [ app_init ] --START--
INFO: Run Behavior\BuildLiteBehavior [ RunTime:0.000037s ]
INFO: [ app_init ] --END-- [ RunTime:0.000580s ]
INFO: [ app_begin ] --START--
INFO: Run Behavior\ReadHtmlCacheBehavior [ RunTime:0.000570s ]
INFO: [ app_begin ] --END-- [ RunTime:0.000729s ]
SQL: SHOW COLUMNS FROM `westyle_voucher_trade` [ RunTime:0.0689s ]
SQL: SELECT * FROM `westyle_voucher_trade` WHERE ( `trader_email` LIKE 20 OR `voucher_id` LIKE 20 OR `trans_amount` LIKE 20 OR `trans_create_time` LIKE 20 OR `_id` LIKE 20 ) ORDER BY trans_create_time desc  [ RunTime:0.0006s ]
INFO: [ app_end ] --START--
INFO: Run Behavior\ShowPageTraceBehavior [ RunTime:0.000745s ]
INFO: [ app_end ] --END-- [ RunTime:0.000911s ]

[ 2016-12-01T07:53:46+08:00 ] ::1 /westylegit/code/index.php/Admin/Voucher/trade_list.shtml?keyword=20
INFO: [ app_init ] --START--
INFO: Run Behavior\BuildLiteBehavior [ RunTime:0.000067s ]
INFO: [ app_init ] --END-- [ RunTime:0.000940s ]
INFO: [ app_begin ] --START--
INFO: Run Behavior\ReadHtmlCacheBehavior [ RunTime:0.000881s ]
INFO: [ app_begin ] --END-- [ RunTime:0.001053s ]
SQL: SHOW COLUMNS FROM `westyle_voucher_trade` [ RunTime:0.0052s ]
SQL: SELECT * FROM `westyle_voucher_trade` WHERE ( `trader_email` LIKE '%20%' OR `voucher_id` LIKE '%20%' OR `trans_amount` LIKE '%20%' OR `trans_create_time` LIKE '%20%' OR `_id` LIKE '%20%' ) ORDER BY trans_create_time desc  [ RunTime:0.0006s ]
INFO: [ app_end ] --START--
INFO: Run Behavior\ShowPageTraceBehavior [ RunTime:0.001188s ]
INFO: [ app_end ] --END-- [ RunTime:0.001458s ]

[ 2016-12-01T07:54:04+08:00 ] ::1 /westylegit/code/index.php/Admin/Voucher/trade_list.shtml?keyword=2016
INFO: [ app_init ] --START--
INFO: Run Behavior\BuildLiteBehavior [ RunTime:0.000080s ]
INFO: [ app_init ] --END-- [ RunTime:0.001143s ]
INFO: [ app_begin ] --START--
INFO: Run Behavior\ReadHtmlCacheBehavior [ RunTime:0.001723s ]
INFO: [ app_begin ] --END-- [ RunTime:0.002242s ]
SQL: SHOW COLUMNS FROM `westyle_voucher_trade` [ RunTime:0.0183s ]
SQL: SELECT * FROM `westyle_voucher_trade` WHERE ( `trader_email` LIKE '%2016%' OR `voucher_id` LIKE '%2016%' OR `trans_amount` LIKE '%2016%' OR `trans_create_time` LIKE '%2016%' OR `_id` LIKE '%2016%' ) ORDER BY trans_create_time desc  [ RunTime:0.0011s ]
INFO: [ app_end ] --START--
INFO: Run Behavior\ShowPageTraceBehavior [ RunTime:0.001801s ]
INFO: [ app_end ] --END-- [ RunTime:0.002191s ]

[ 2016-12-01T07:54:12+08:00 ] ::1 /westylegit/code/index.php/Admin/Voucher/trade_list.shtml?keyword=20160180
INFO: [ app_init ] --START--
INFO: Run Behavior\BuildLiteBehavior [ RunTime:0.000037s ]
INFO: [ app_init ] --END-- [ RunTime:0.000706s ]
INFO: [ app_begin ] --START--
INFO: Run Behavior\ReadHtmlCacheBehavior [ RunTime:0.000945s ]
INFO: [ app_begin ] --END-- [ RunTime:0.001133s ]
SQL: SHOW COLUMNS FROM `westyle_voucher_trade` [ RunTime:0.0250s ]
SQL: SELECT * FROM `westyle_voucher_trade` WHERE ( `trader_email` LIKE '%20160180%' OR `voucher_id` LIKE '%20160180%' OR `trans_amount` LIKE '%20160180%' OR `trans_create_time` LIKE '%20160180%' OR `_id` LIKE '%20160180%' ) ORDER BY trans_create_time desc  [ RunTime:0.0005s ]
INFO: [ app_end ] --START--
INFO: Run Behavior\ShowPageTraceBehavior [ RunTime:0.000932s ]
INFO: [ app_end ] --END-- [ RunTime:0.001100s ]

[ 2016-12-01T07:54:16+08:00 ] ::1 /westylegit/code/index.php/Admin/Voucher/trade_list.shtml?keyword=201601
INFO: [ app_init ] --START--
INFO: Run Behavior\BuildLiteBehavior [ RunTime:0.000083s ]
INFO: [ app_init ] --END-- [ RunTime:0.001414s ]
INFO: [ app_begin ] --START--
INFO: Run Behavior\ReadHtmlCacheBehavior [ RunTime:0.001004s ]
INFO: [ app_begin ] --END-- [ RunTime:0.001333s ]
SQL: SHOW COLUMNS FROM `westyle_voucher_trade` [ RunTime:0.0942s ]
SQL: SELECT * FROM `westyle_voucher_trade` WHERE ( `trader_email` LIKE '%201601%' OR `voucher_id` LIKE '%201601%' OR `trans_amount` LIKE '%201601%' OR `trans_create_time` LIKE '%201601%' OR `_id` LIKE '%201601%' ) ORDER BY trans_create_time desc  [ RunTime:0.0008s ]
INFO: [ app_end ] --START--
INFO: Run Behavior\ShowPageTraceBehavior [ RunTime:0.001136s ]
INFO: [ app_end ] --END-- [ RunTime:0.001402s ]

[ 2016-12-01T07:54:20+08:00 ] ::1 /westylegit/code/index.php/Admin/Voucher/trade_list.shtml?keyword=2016
INFO: [ app_init ] --START--
INFO: Run Behavior\BuildLiteBehavior [ RunTime:0.000034s ]
INFO: [ app_init ] --END-- [ RunTime:0.000524s ]
INFO: [ app_begin ] --START--
INFO: Run Behavior\ReadHtmlCacheBehavior [ RunTime:0.000552s ]
INFO: [ app_begin ] --END-- [ RunTime:0.000719s ]
SQL: SHOW COLUMNS FROM `westyle_voucher_trade` [ RunTime:0.0864s ]
SQL: SELECT * FROM `westyle_voucher_trade` WHERE ( `trader_email` LIKE '%2016%' OR `voucher_id` LIKE '%2016%' OR `trans_amount` LIKE '%2016%' OR `trans_create_time` LIKE '%2016%' OR `_id` LIKE '%2016%' ) ORDER BY trans_create_time desc  [ RunTime:0.0008s ]
INFO: [ app_end ] --START--
INFO: Run Behavior\ShowPageTraceBehavior [ RunTime:0.001118s ]
INFO: [ app_end ] --END-- [ RunTime:0.001494s ]

[ 2016-12-01T07:54:29+08:00 ] ::1 /westylegit/code/index.php/Admin/Voucher/trade_list.shtml?keyword=20161018
INFO: [ app_init ] --START--
INFO: Run Behavior\BuildLiteBehavior [ RunTime:0.000076s ]
INFO: [ app_init ] --END-- [ RunTime:0.001044s ]
INFO: [ app_begin ] --START--
INFO: Run Behavior\ReadHtmlCacheBehavior [ RunTime:0.001040s ]
INFO: [ app_begin ] --END-- [ RunTime:0.001431s ]
SQL: SHOW COLUMNS FROM `westyle_voucher_trade` [ RunTime:0.1091s ]
SQL: SELECT * FROM `westyle_voucher_trade` WHERE ( `trader_email` LIKE '%20161018%' OR `voucher_id` LIKE '%20161018%' OR `trans_amount` LIKE '%20161018%' OR `trans_create_time` LIKE '%20161018%' OR `_id` LIKE '%20161018%' ) ORDER BY trans_create_time desc  [ RunTime:0.0010s ]
INFO: [ app_end ] --START--
INFO: Run Behavior\ShowPageTraceBehavior [ RunTime:0.001182s ]
INFO: [ app_end ] --END-- [ RunTime:0.001654s ]

