[ 2016-12-23T23:39:56+08:00 ] ::1 /westylegit/code/index.php/Admin/Operator/operator.shtml
INFO: [ app_init ] --START--
INFO: Run Behavior\BuildLiteBehavior [ RunTime:0.000045s ]
INFO: [ app_init ] --END-- [ RunTime:0.012655s ]
INFO: [ app_begin ] --START--
INFO: Run Behavior\ReadHtmlCacheBehavior [ RunTime:0.007342s ]
INFO: [ app_begin ] --END-- [ RunTime:0.007527s ]
ERR: SQLSTATE[HY000] [1045] Access denied for user 'admin_westyle'@'localhost' (using password: YES)

[ 2016-12-23T23:41:17+08:00 ] ::1 /westylegit/code/index.php/Admin/Operator/operator.shtml
INFO: [ app_init ] --START--
INFO: Run Behavior\BuildLiteBehavior [ RunTime:0.000041s ]
INFO: [ app_init ] --END-- [ RunTime:0.000740s ]
INFO: [ app_begin ] --START--
INFO: Run Behavior\ReadHtmlCacheBehavior [ RunTime:0.000826s ]
INFO: [ app_begin ] --END-- [ RunTime:0.001117s ]
SQL: SHOW COLUMNS FROM `westyle_operator` [ RunTime:0.2853s ]
SQL: SELECT * FROM `westyle_operator` ORDER BY shop_id desc  [ RunTime:0.0016s ]
INFO: [ view_parse ] --START--
INFO: [ template_filter ] --START--
INFO: Run Behavior\ContentReplaceBehavior [ RunTime:0.031723s ]
INFO: [ template_filter ] --END-- [ RunTime:0.032104s ]
INFO: Run Behavior\ParseTemplateBehavior [ RunTime:0.372934s ]
INFO: [ view_parse ] --END-- [ RunTime:0.373402s ]
INFO: [ view_filter ] --START--
INFO: Run Behavior\WriteHtmlCacheBehavior [ RunTime:0.010669s ]
INFO: Run Behavior\TokenBuildBehavior [ RunTime:0.014896s ]
INFO: [ view_filter ] --END-- [ RunTime:0.026179s ]
INFO: [ app_end ] --START--
INFO: Run Behavior\ShowPageTraceBehavior [ RunTime:0.007577s ]
INFO: [ app_end ] --END-- [ RunTime:0.007962s ]

