[ 2016-12-25T08:00:30+08:00 ] ::1 /westylegit/code/index.php/Admin/Login/index
INFO: [ app_init ] --START--
INFO: Run Behavior\BuildLiteBehavior [ RunTime:0.000108s ]
INFO: [ app_init ] --END-- [ RunTime:0.111275s ]
INFO: [ app_begin ] --START--
INFO: Run Behavior\ReadHtmlCacheBehavior [ RunTime:0.054381s ]
INFO: [ app_begin ] --END-- [ RunTime:0.054686s ]
INFO: [ view_parse ] --START--
INFO: [ template_filter ] --START--
INFO: Run Behavior\ContentReplaceBehavior [ RunTime:0.000093s ]
INFO: [ template_filter ] --END-- [ RunTime:0.000272s ]
INFO: Run Behavior\ParseTemplateBehavior [ RunTime:0.082949s ]
INFO: [ view_parse ] --END-- [ RunTime:0.083142s ]
INFO: [ view_filter ] --START--
INFO: Run Behavior\WriteHtmlCacheBehavior [ RunTime:0.008866s ]
INFO: Run Behavior\TokenBuildBehavior [ RunTime:0.014664s ]
INFO: [ view_filter ] --END-- [ RunTime:0.023793s ]
INFO: [ app_end ] --START--
INFO: Run Behavior\ShowPageTraceBehavior [ RunTime:0.008291s ]
INFO: [ app_end ] --END-- [ RunTime:0.008449s ]

[ 2016-12-25T08:03:19+08:00 ] ::1 /westylegit/code/index.php/Admin/Login/index
INFO: [ app_init ] --START--
INFO: Run Behavior\BuildLiteBehavior [ RunTime:0.000041s ]
INFO: [ app_init ] --END-- [ RunTime:0.000748s ]
INFO: [ app_begin ] --START--
INFO: Run Behavior\ReadHtmlCacheBehavior [ RunTime:0.001856s ]
INFO: [ app_begin ] --END-- [ RunTime:0.002212s ]
INFO: [ view_parse ] --START--
INFO: [ template_filter ] --START--
INFO: Run Behavior\ContentReplaceBehavior [ RunTime:0.000558s ]
INFO: [ template_filter ] --END-- [ RunTime:0.000983s ]
INFO: Run Behavior\ParseTemplateBehavior [ RunTime:0.016483s ]
INFO: [ view_parse ] --END-- [ RunTime:0.016971s ]
INFO: [ view_filter ] --START--
INFO: Run Behavior\WriteHtmlCacheBehavior [ RunTime:0.001696s ]
INFO: Run Behavior\TokenBuildBehavior [ RunTime:0.001783s ]
INFO: [ view_filter ] --END-- [ RunTime:0.004035s ]
INFO: [ app_end ] --START--
INFO: Run Behavior\ShowPageTraceBehavior [ RunTime:0.001864s ]
INFO: [ app_end ] --END-- [ RunTime:0.002184s ]

[ 2016-12-25T08:03:58+08:00 ] ::1 /westylegit/code/index.php/Admin/Login/index
INFO: [ app_init ] --START--
INFO: Run Behavior\BuildLiteBehavior [ RunTime:0.000062s ]
INFO: [ app_init ] --END-- [ RunTime:0.000968s ]
INFO: [ app_begin ] --START--
INFO: Run Behavior\ReadHtmlCacheBehavior [ RunTime:0.002295s ]
INFO: [ app_begin ] --END-- [ RunTime:0.002574s ]
INFO: [ view_parse ] --START--
INFO: [ template_filter ] --START--
INFO: Run Behavior\ContentReplaceBehavior [ RunTime:0.000182s ]
INFO: [ template_filter ] --END-- [ RunTime:0.000557s ]
INFO: Run Behavior\ParseTemplateBehavior [ RunTime:0.015650s ]
INFO: [ view_parse ] --END-- [ RunTime:0.015959s ]
INFO: [ view_filter ] --START--
INFO: Run Behavior\WriteHtmlCacheBehavior [ RunTime:0.001258s ]
INFO: Run Behavior\TokenBuildBehavior [ RunTime:0.001223s ]
INFO: [ view_filter ] --END-- [ RunTime:0.002830s ]
INFO: [ app_end ] --START--
INFO: Run Behavior\ShowPageTraceBehavior [ RunTime:0.001537s ]
INFO: [ app_end ] --END-- [ RunTime:0.001818s ]

[ 2016-12-25T08:04:00+08:00 ] ::1 /westylegit/code/index.php/Admin/Login/verify.shtml
INFO: [ app_init ] --START--
INFO: Run Behavior\BuildLiteBehavior [ RunTime:0.000036s ]
INFO: [ app_init ] --END-- [ RunTime:0.000713s ]
INFO: [ app_begin ] --START--
INFO: Run Behavior\ReadHtmlCacheBehavior [ RunTime:0.001720s ]
INFO: [ app_begin ] --END-- [ RunTime:0.002146s ]

[ 2016-12-25T08:09:16+08:00 ] ::1 /westylegit/code/index.php/Admin/Login/index
INFO: [ app_init ] --START--
INFO: Run Behavior\BuildLiteBehavior [ RunTime:0.000036s ]
INFO: [ app_init ] --END-- [ RunTime:0.000625s ]
INFO: [ app_begin ] --START--
INFO: Run Behavior\ReadHtmlCacheBehavior [ RunTime:0.001383s ]
INFO: [ app_begin ] --END-- [ RunTime:0.001807s ]
INFO: [ view_parse ] --START--
INFO: [ template_filter ] --START--
INFO: Run Behavior\ContentReplaceBehavior [ RunTime:0.000088s ]
INFO: [ template_filter ] --END-- [ RunTime:0.000255s ]
INFO: Run Behavior\ParseTemplateBehavior [ RunTime:0.009837s ]
INFO: [ view_parse ] --END-- [ RunTime:0.010007s ]
INFO: [ view_filter ] --START--
INFO: Run Behavior\WriteHtmlCacheBehavior [ RunTime:0.000877s ]
INFO: Run Behavior\TokenBuildBehavior [ RunTime:0.001719s ]
INFO: [ view_filter ] --END-- [ RunTime:0.002872s ]
INFO: [ app_end ] --START--
INFO: Run Behavior\ShowPageTraceBehavior [ RunTime:0.001681s ]
INFO: [ app_end ] --END-- [ RunTime:0.001887s ]

[ 2016-12-25T08:09:17+08:00 ] ::1 /westylegit/code/index.php/Admin/Login/ajax_test.shtml
INFO: [ app_init ] --START--
INFO: Run Behavior\BuildLiteBehavior [ RunTime:0.000141s ]
INFO: [ app_init ] --END-- [ RunTime:0.001131s ]
INFO: [ app_begin ] --START--
INFO: Run Behavior\ReadHtmlCacheBehavior [ RunTime:0.001769s ]
INFO: [ app_begin ] --END-- [ RunTime:0.002103s ]

[ 2016-12-25T16:58:11+08:00 ] ::1 /westylegit/code/index.php/Admin/Login/ajax_test.shtml
INFO: [ app_init ] --START--
INFO: Run Behavior\BuildLiteBehavior [ RunTime:0.000038s ]
INFO: [ app_init ] --END-- [ RunTime:0.000789s ]
INFO: [ app_begin ] --START--
INFO: Run Behavior\ReadHtmlCacheBehavior [ RunTime:0.001124s ]
INFO: [ app_begin ] --END-- [ RunTime:0.001293s ]

[ 2016-12-25T16:58:15+08:00 ] ::1 /westylegit/code/index.php/Admin/Login/index
INFO: [ app_init ] --START--
INFO: Run Behavior\BuildLiteBehavior [ RunTime:0.000036s ]
INFO: [ app_init ] --END-- [ RunTime:0.000641s ]
INFO: [ app_begin ] --START--
INFO: Run Behavior\ReadHtmlCacheBehavior [ RunTime:0.001851s ]
INFO: [ app_begin ] --END-- [ RunTime:0.002157s ]
INFO: [ view_parse ] --START--
INFO: [ template_filter ] --START--
INFO: Run Behavior\ContentReplaceBehavior [ RunTime:0.000104s ]
INFO: [ template_filter ] --END-- [ RunTime:0.000294s ]
INFO: Run Behavior\ParseTemplateBehavior [ RunTime:0.011472s ]
INFO: [ view_parse ] --END-- [ RunTime:0.011661s ]
INFO: [ view_filter ] --START--
INFO: Run Behavior\WriteHtmlCacheBehavior [ RunTime:0.001166s ]
INFO: Run Behavior\TokenBuildBehavior [ RunTime:0.001386s ]
INFO: [ view_filter ] --END-- [ RunTime:0.002819s ]
INFO: [ app_end ] --START--
INFO: Run Behavior\ShowPageTraceBehavior [ RunTime:0.001180s ]
INFO: [ app_end ] --END-- [ RunTime:0.001342s ]

[ 2016-12-25T16:58:16+08:00 ] ::1 /westylegit/code/index.php/Admin/Login/ajax_test.shtml
INFO: [ app_init ] --START--
INFO: Run Behavior\BuildLiteBehavior [ RunTime:0.000039s ]
INFO: [ app_init ] --END-- [ RunTime:0.000898s ]
INFO: [ app_begin ] --START--
INFO: Run Behavior\ReadHtmlCacheBehavior [ RunTime:0.001850s ]
INFO: [ app_begin ] --END-- [ RunTime:0.002217s ]

[ 2016-12-25T17:02:21+08:00 ] ::1 /westylegit/code/index.php/Admin/Login/index
INFO: [ app_init ] --START--
INFO: Run Behavior\BuildLiteBehavior [ RunTime:0.000072s ]
INFO: [ app_init ] --END-- [ RunTime:0.001174s ]
INFO: [ app_begin ] --START--
INFO: Run Behavior\ReadHtmlCacheBehavior [ RunTime:0.001300s ]
INFO: [ app_begin ] --END-- [ RunTime:0.001476s ]
INFO: [ view_parse ] --START--
INFO: [ template_filter ] --START--
INFO: Run Behavior\ContentReplaceBehavior [ RunTime:0.000097s ]
INFO: [ template_filter ] --END-- [ RunTime:0.000292s ]
INFO: Run Behavior\ParseTemplateBehavior [ RunTime:0.011753s ]
INFO: [ view_parse ] --END-- [ RunTime:0.011948s ]
INFO: [ view_filter ] --START--
INFO: Run Behavior\WriteHtmlCacheBehavior [ RunTime:0.001433s ]
INFO: Run Behavior\TokenBuildBehavior [ RunTime:0.001062s ]
INFO: [ view_filter ] --END-- [ RunTime:0.002784s ]
INFO: [ app_end ] --START--
INFO: Run Behavior\ShowPageTraceBehavior [ RunTime:0.001085s ]
INFO: [ app_end ] --END-- [ RunTime:0.001235s ]

[ 2016-12-25T17:03:21+08:00 ] ::1 /westylegit/code/index.php/Admin/Login/index
INFO: [ app_init ] --START--
INFO: Run Behavior\BuildLiteBehavior [ RunTime:0.000037s ]
INFO: [ app_init ] --END-- [ RunTime:0.000679s ]
INFO: [ app_begin ] --START--
INFO: Run Behavior\ReadHtmlCacheBehavior [ RunTime:0.001516s ]
INFO: [ app_begin ] --END-- [ RunTime:0.001697s ]
INFO: [ view_parse ] --START--
INFO: [ template_filter ] --START--
INFO: Run Behavior\ContentReplaceBehavior [ RunTime:0.000093s ]
INFO: [ template_filter ] --END-- [ RunTime:0.000270s ]
INFO: Run Behavior\ParseTemplateBehavior [ RunTime:0.011707s ]
INFO: [ view_parse ] --END-- [ RunTime:0.012101s ]
INFO: [ view_filter ] --START--
INFO: Run Behavior\WriteHtmlCacheBehavior [ RunTime:0.001190s ]
INFO: Run Behavior\TokenBuildBehavior [ RunTime:0.001273s ]
INFO: [ view_filter ] --END-- [ RunTime:0.002908s ]
INFO: [ app_end ] --START--
INFO: Run Behavior\ShowPageTraceBehavior [ RunTime:0.002140s ]
INFO: [ app_end ] --END-- [ RunTime:0.002405s ]

[ 2016-12-25T17:10:00+08:00 ] ::1 /westylegit/code/index.php/Admin/Login/index
INFO: [ app_init ] --START--
INFO: Run Behavior\BuildLiteBehavior [ RunTime:0.000035s ]
INFO: [ app_init ] --END-- [ RunTime:0.000730s ]
INFO: [ app_begin ] --START--
INFO: Run Behavior\ReadHtmlCacheBehavior [ RunTime:0.001182s ]
INFO: [ app_begin ] --END-- [ RunTime:0.001363s ]
INFO: [ view_parse ] --START--
INFO: [ template_filter ] --START--
INFO: Run Behavior\ContentReplaceBehavior [ RunTime:0.000096s ]
INFO: [ template_filter ] --END-- [ RunTime:0.000288s ]
INFO: Run Behavior\ParseTemplateBehavior [ RunTime:0.011242s ]
INFO: [ view_parse ] --END-- [ RunTime:0.011500s ]
INFO: [ view_filter ] --START--
INFO: Run Behavior\WriteHtmlCacheBehavior [ RunTime:0.000937s ]
INFO: Run Behavior\TokenBuildBehavior [ RunTime:0.001183s ]
INFO: [ view_filter ] --END-- [ RunTime:0.002379s ]
INFO: [ app_end ] --START--
INFO: Run Behavior\ShowPageTraceBehavior [ RunTime:0.001972s ]
INFO: [ app_end ] --END-- [ RunTime:0.002306s ]

[ 2016-12-25T17:16:00+08:00 ] ::1 /westylegit/code/index.php/Admin/Login/index
INFO: [ app_init ] --START--
INFO: Run Behavior\BuildLiteBehavior [ RunTime:0.000038s ]
INFO: [ app_init ] --END-- [ RunTime:0.000671s ]
INFO: [ app_begin ] --START--
INFO: Run Behavior\ReadHtmlCacheBehavior [ RunTime:0.001472s ]
INFO: [ app_begin ] --END-- [ RunTime:0.001717s ]
INFO: [ view_parse ] --START--
INFO: [ template_filter ] --START--
INFO: Run Behavior\ContentReplaceBehavior [ RunTime:0.000199s ]
INFO: [ template_filter ] --END-- [ RunTime:0.000468s ]
INFO: Run Behavior\ParseTemplateBehavior [ RunTime:0.012100s ]
INFO: [ view_parse ] --END-- [ RunTime:0.012282s ]
INFO: [ view_filter ] --START--
INFO: Run Behavior\WriteHtmlCacheBehavior [ RunTime:0.000983s ]
INFO: Run Behavior\TokenBuildBehavior [ RunTime:0.001215s ]
INFO: [ view_filter ] --END-- [ RunTime:0.002446s ]
INFO: [ app_end ] --START--
INFO: Run Behavior\ShowPageTraceBehavior [ RunTime:0.001201s ]
INFO: [ app_end ] --END-- [ RunTime:0.001362s ]

[ 2016-12-25T17:17:29+08:00 ] ::1 /westylegit/code/index.php/Admin/Login/index
INFO: [ app_init ] --START--
INFO: Run Behavior\BuildLiteBehavior [ RunTime:0.000034s ]
INFO: [ app_init ] --END-- [ RunTime:0.000601s ]
INFO: [ app_begin ] --START--
INFO: Run Behavior\ReadHtmlCacheBehavior [ RunTime:0.000840s ]
INFO: [ app_begin ] --END-- [ RunTime:0.001025s ]
INFO: [ view_parse ] --START--
INFO: [ template_filter ] --START--
INFO: Run Behavior\ContentReplaceBehavior [ RunTime:0.000150s ]
INFO: [ template_filter ] --END-- [ RunTime:0.000395s ]
INFO: Run Behavior\ParseTemplateBehavior [ RunTime:0.012073s ]
INFO: [ view_parse ] --END-- [ RunTime:0.012261s ]
INFO: [ view_filter ] --START--
INFO: Run Behavior\WriteHtmlCacheBehavior [ RunTime:0.000679s ]
INFO: Run Behavior\TokenBuildBehavior [ RunTime:0.000874s ]
INFO: [ view_filter ] --END-- [ RunTime:0.001801s ]
INFO: [ app_end ] --START--
INFO: Run Behavior\ShowPageTraceBehavior [ RunTime:0.000888s ]
INFO: [ app_end ] --END-- [ RunTime:0.001126s ]

[ 2016-12-25T17:17:30+08:00 ] ::1 /westylegit/code/index.php/Admin/Login/ajax_test.shtml
INFO: [ app_init ] --START--
INFO: Run Behavior\BuildLiteBehavior [ RunTime:0.000034s ]
INFO: [ app_init ] --END-- [ RunTime:0.000559s ]
INFO: [ app_begin ] --START--
INFO: Run Behavior\ReadHtmlCacheBehavior [ RunTime:0.000541s ]
INFO: [ app_begin ] --END-- [ RunTime:0.000696s ]

[ 2016-12-25T17:18:31+08:00 ] ::1 /westylegit/code/index.php/Admin/Login/index
INFO: [ app_init ] --START--
INFO: Run Behavior\BuildLiteBehavior [ RunTime:0.000037s ]
INFO: [ app_init ] --END-- [ RunTime:0.000668s ]
INFO: [ app_begin ] --START--
INFO: Run Behavior\ReadHtmlCacheBehavior [ RunTime:0.000718s ]
INFO: [ app_begin ] --END-- [ RunTime:0.000981s ]
INFO: [ view_parse ] --START--
INFO: [ template_filter ] --START--
INFO: Run Behavior\ContentReplaceBehavior [ RunTime:0.001786s ]
INFO: [ template_filter ] --END-- [ RunTime:0.002479s ]
INFO: Run Behavior\ParseTemplateBehavior [ RunTime:0.026414s ]
INFO: [ view_parse ] --END-- [ RunTime:0.026779s ]
INFO: [ view_filter ] --START--
INFO: Run Behavior\WriteHtmlCacheBehavior [ RunTime:0.001112s ]
INFO: Run Behavior\TokenBuildBehavior [ RunTime:0.002336s ]
INFO: [ view_filter ] --END-- [ RunTime:0.004020s ]
INFO: [ app_end ] --START--
INFO: Run Behavior\ShowPageTraceBehavior [ RunTime:0.001028s ]
INFO: [ app_end ] --END-- [ RunTime:0.001437s ]

[ 2016-12-25T17:18:33+08:00 ] ::1 /westylegit/code/index.php/Admin/Login/ajax_test.shtml
INFO: [ app_init ] --START--
INFO: Run Behavior\BuildLiteBehavior [ RunTime:0.000036s ]
INFO: [ app_init ] --END-- [ RunTime:0.000572s ]
INFO: [ app_begin ] --START--
INFO: Run Behavior\ReadHtmlCacheBehavior [ RunTime:0.000542s ]
INFO: [ app_begin ] --END-- [ RunTime:0.000671s ]

[ 2016-12-25T17:18:34+08:00 ] ::1 /westylegit/code/index.php/Admin/Login/index
INFO: [ app_init ] --START--
INFO: Run Behavior\BuildLiteBehavior [ RunTime:0.000038s ]
INFO: [ app_init ] --END-- [ RunTime:0.000595s ]
INFO: [ app_begin ] --START--
INFO: Run Behavior\ReadHtmlCacheBehavior [ RunTime:0.000584s ]
INFO: [ app_begin ] --END-- [ RunTime:0.000750s ]
INFO: [ view_parse ] --START--
INFO: [ template_filter ] --START--
INFO: Run Behavior\ContentReplaceBehavior [ RunTime:0.000168s ]
INFO: [ template_filter ] --END-- [ RunTime:0.000464s ]
INFO: Run Behavior\ParseTemplateBehavior [ RunTime:0.011937s ]
INFO: [ view_parse ] --END-- [ RunTime:0.012113s ]
INFO: [ view_filter ] --START--
INFO: Run Behavior\WriteHtmlCacheBehavior [ RunTime:0.000689s ]
INFO: Run Behavior\TokenBuildBehavior [ RunTime:0.000916s ]
INFO: [ view_filter ] --END-- [ RunTime:0.001851s ]
INFO: [ app_end ] --START--
INFO: Run Behavior\ShowPageTraceBehavior [ RunTime:0.000594s ]
INFO: [ app_end ] --END-- [ RunTime:0.000752s ]

[ 2016-12-25T17:19:28+08:00 ] ::1 /westylegit/code/index.php/Admin/Login/index
INFO: [ app_init ] --START--
INFO: Run Behavior\BuildLiteBehavior [ RunTime:0.000089s ]
INFO: [ app_init ] --END-- [ RunTime:0.000892s ]
INFO: [ app_begin ] --START--
INFO: Run Behavior\ReadHtmlCacheBehavior [ RunTime:0.001273s ]
INFO: [ app_begin ] --END-- [ RunTime:0.001457s ]
INFO: [ view_parse ] --START--
INFO: [ template_filter ] --START--
INFO: Run Behavior\ContentReplaceBehavior [ RunTime:0.000166s ]
INFO: [ template_filter ] --END-- [ RunTime:0.000433s ]
INFO: Run Behavior\ParseTemplateBehavior [ RunTime:0.012395s ]
INFO: [ view_parse ] --END-- [ RunTime:0.012576s ]
INFO: [ view_filter ] --START--
INFO: Run Behavior\WriteHtmlCacheBehavior [ RunTime:0.000923s ]
INFO: Run Behavior\TokenBuildBehavior [ RunTime:0.001129s ]
INFO: [ view_filter ] --END-- [ RunTime:0.002351s ]
INFO: [ app_end ] --START--
INFO: Run Behavior\ShowPageTraceBehavior [ RunTime:0.001116s ]
INFO: [ app_end ] --END-- [ RunTime:0.001264s ]

[ 2016-12-25T17:19:29+08:00 ] ::1 /westylegit/code/index.php/Admin/Login/ajax_test.shtml
INFO: [ app_init ] --START--
INFO: Run Behavior\BuildLiteBehavior [ RunTime:0.000034s ]
INFO: [ app_init ] --END-- [ RunTime:0.000691s ]
INFO: [ app_begin ] --START--
INFO: Run Behavior\ReadHtmlCacheBehavior [ RunTime:0.000945s ]
INFO: [ app_begin ] --END-- [ RunTime:0.001078s ]

[ 2016-12-25T17:19:30+08:00 ] ::1 /westylegit/code/index.php/Admin/Login/ajax_test.shtml
INFO: [ app_init ] --START--
INFO: Run Behavior\BuildLiteBehavior [ RunTime:0.000036s ]
INFO: [ app_init ] --END-- [ RunTime:0.000678s ]
INFO: [ app_begin ] --START--
INFO: Run Behavior\ReadHtmlCacheBehavior [ RunTime:0.000951s ]
INFO: [ app_begin ] --END-- [ RunTime:0.001085s ]

[ 2016-12-25T18:24:23+08:00 ] ::1 /westylegit/code/index.php/Admin/Login/ajax_test.shtml
INFO: [ app_init ] --START--
INFO: Run Behavior\BuildLiteBehavior [ RunTime:0.000071s ]
INFO: [ app_init ] --END-- [ RunTime:0.001572s ]
INFO: [ app_begin ] --START--
INFO: Run Behavior\ReadHtmlCacheBehavior [ RunTime:0.001339s ]
INFO: [ app_begin ] --END-- [ RunTime:0.001499s ]
SQL: SHOW COLUMNS FROM `westyle_admin_user` [ RunTime:0.0057s ]
ERR: 1054:Unknown column 'password' in 'field list'
 [ SQL语句 ] : SELECT `password` FROM `westyle_admin_user` WHERE ( username=opdsd ) LIMIT 1  
ERR: 1054:Unknown column 'password' in 'field list'
 [ SQL语句 ] : SELECT `password` FROM `westyle_admin_user` WHERE ( username=opdsd ) LIMIT 1  

[ 2016-12-25T18:25:11+08:00 ] ::1 /westylegit/code/index.php/Admin/Login/ajax_test.shtml
INFO: [ app_init ] --START--
INFO: Run Behavior\BuildLiteBehavior [ RunTime:0.000036s ]
INFO: [ app_init ] --END-- [ RunTime:0.000698s ]
INFO: [ app_begin ] --START--
INFO: Run Behavior\ReadHtmlCacheBehavior [ RunTime:0.001063s ]
INFO: [ app_begin ] --END-- [ RunTime:0.001203s ]
SQL: SHOW COLUMNS FROM `westyle_admin_user` [ RunTime:0.0051s ]
ERR: 1054:Unknown column 'password' in 'field list'
 [ SQL语句 ] : SELECT `password` FROM `westyle_admin_user` WHERE ( username=opdsd ) LIMIT 1  
ERR: 1054:Unknown column 'password' in 'field list'
 [ SQL语句 ] : SELECT `password` FROM `westyle_admin_user` WHERE ( username=opdsd ) LIMIT 1  

[ 2016-12-25T18:25:27+08:00 ] ::1 /westylegit/code/index.php/Admin/Login/ajax_test.shtml
INFO: [ app_init ] --START--
INFO: Run Behavior\BuildLiteBehavior [ RunTime:0.000039s ]
INFO: [ app_init ] --END-- [ RunTime:0.000881s ]
INFO: [ app_begin ] --START--
INFO: Run Behavior\ReadHtmlCacheBehavior [ RunTime:0.001302s ]
INFO: [ app_begin ] --END-- [ RunTime:0.001465s ]
SQL: SHOW COLUMNS FROM `westyle_admin_user` [ RunTime:0.0046s ]
ERR: 1054:Unknown column 'password' in 'field list'
 [ SQL语句 ] : SELECT `password` FROM `westyle_admin_user` WHERE ( username=opdsd ) LIMIT 1  
ERR: 1054:Unknown column 'password' in 'field list'
 [ SQL语句 ] : SELECT `password` FROM `westyle_admin_user` WHERE ( username=opdsd ) LIMIT 1  

[ 2016-12-25T18:25:30+08:00 ] ::1 /westylegit/code/index.php/Admin/Login/index
INFO: [ app_init ] --START--
INFO: Run Behavior\BuildLiteBehavior [ RunTime:0.000040s ]
INFO: [ app_init ] --END-- [ RunTime:0.000753s ]
INFO: [ app_begin ] --START--
INFO: Run Behavior\ReadHtmlCacheBehavior [ RunTime:0.001243s ]
INFO: [ app_begin ] --END-- [ RunTime:0.001436s ]
INFO: [ view_parse ] --START--
INFO: [ template_filter ] --START--
INFO: Run Behavior\ContentReplaceBehavior [ RunTime:0.000104s ]
INFO: [ template_filter ] --END-- [ RunTime:0.000276s ]
INFO: Run Behavior\ParseTemplateBehavior [ RunTime:0.012411s ]
INFO: [ view_parse ] --END-- [ RunTime:0.012583s ]
INFO: [ view_filter ] --START--
INFO: Run Behavior\WriteHtmlCacheBehavior [ RunTime:0.000883s ]
INFO: Run Behavior\TokenBuildBehavior [ RunTime:0.001300s ]
INFO: [ view_filter ] --END-- [ RunTime:0.002460s ]
INFO: [ app_end ] --START--
INFO: Run Behavior\ShowPageTraceBehavior [ RunTime:0.001346s ]
INFO: [ app_end ] --END-- [ RunTime:0.001526s ]

[ 2016-12-25T18:25:32+08:00 ] ::1 /westylegit/code/index.php/Admin/Login/ajax_test.shtml
INFO: [ app_init ] --START--
INFO: Run Behavior\BuildLiteBehavior [ RunTime:0.000041s ]
INFO: [ app_init ] --END-- [ RunTime:0.000804s ]
INFO: [ app_begin ] --START--
INFO: Run Behavior\ReadHtmlCacheBehavior [ RunTime:0.001599s ]
INFO: [ app_begin ] --END-- [ RunTime:0.001850s ]
SQL: SHOW COLUMNS FROM `westyle_admin_user` [ RunTime:0.0054s ]
ERR: 1054:Unknown column 'password' in 'field list'
 [ SQL语句 ] : SELECT `password` FROM `westyle_admin_user` WHERE ( username=opdsd ) LIMIT 1  
ERR: 1054:Unknown column 'password' in 'field list'
 [ SQL语句 ] : SELECT `password` FROM `westyle_admin_user` WHERE ( username=opdsd ) LIMIT 1  

[ 2016-12-25T18:25:33+08:00 ] ::1 /westylegit/code/index.php/Admin/Login/ajax_test.shtml
INFO: [ app_init ] --START--
INFO: Run Behavior\BuildLiteBehavior [ RunTime:0.000050s ]
INFO: [ app_init ] --END-- [ RunTime:0.000740s ]
INFO: [ app_begin ] --START--
INFO: Run Behavior\ReadHtmlCacheBehavior [ RunTime:0.001165s ]
INFO: [ app_begin ] --END-- [ RunTime:0.001412s ]
SQL: SHOW COLUMNS FROM `westyle_admin_user` [ RunTime:0.0048s ]
ERR: 1054:Unknown column 'password' in 'field list'
 [ SQL语句 ] : SELECT `password` FROM `westyle_admin_user` WHERE ( username=opdsd ) LIMIT 1  
ERR: 1054:Unknown column 'password' in 'field list'
 [ SQL语句 ] : SELECT `password` FROM `westyle_admin_user` WHERE ( username=opdsd ) LIMIT 1  

[ 2016-12-25T18:25:33+08:00 ] ::1 /westylegit/code/index.php/Admin/Login/ajax_test.shtml
INFO: [ app_init ] --START--
INFO: Run Behavior\BuildLiteBehavior [ RunTime:0.000049s ]
INFO: [ app_init ] --END-- [ RunTime:0.000875s ]
INFO: [ app_begin ] --START--
INFO: Run Behavior\ReadHtmlCacheBehavior [ RunTime:0.001374s ]
INFO: [ app_begin ] --END-- [ RunTime:0.001640s ]
SQL: SHOW COLUMNS FROM `westyle_admin_user` [ RunTime:0.2962s ]
ERR: 1054:Unknown column 'password' in 'field list'
 [ SQL语句 ] : SELECT `password` FROM `westyle_admin_user` WHERE ( username=opdsd ) LIMIT 1  
ERR: 1054:Unknown column 'password' in 'field list'
 [ SQL语句 ] : SELECT `password` FROM `westyle_admin_user` WHERE ( username=opdsd ) LIMIT 1  

[ 2016-12-25T18:25:46+08:00 ] ::1 /westylegit/code/index.php/Admin/Login/index
INFO: [ app_init ] --START--
INFO: Run Behavior\BuildLiteBehavior [ RunTime:0.000094s ]
INFO: [ app_init ] --END-- [ RunTime:0.001063s ]
INFO: [ app_begin ] --START--
INFO: Run Behavior\ReadHtmlCacheBehavior [ RunTime:0.001244s ]
INFO: [ app_begin ] --END-- [ RunTime:0.001507s ]
INFO: [ view_parse ] --START--
INFO: [ template_filter ] --START--
INFO: Run Behavior\ContentReplaceBehavior [ RunTime:0.000183s ]
INFO: [ template_filter ] --END-- [ RunTime:0.000540s ]
INFO: Run Behavior\ParseTemplateBehavior [ RunTime:0.012106s ]
INFO: [ view_parse ] --END-- [ RunTime:0.012283s ]
INFO: [ view_filter ] --START--
INFO: Run Behavior\WriteHtmlCacheBehavior [ RunTime:0.001257s ]
INFO: Run Behavior\TokenBuildBehavior [ RunTime:0.001510s ]
INFO: [ view_filter ] --END-- [ RunTime:0.003115s ]
INFO: [ app_end ] --START--
INFO: Run Behavior\ShowPageTraceBehavior [ RunTime:0.001189s ]
INFO: [ app_end ] --END-- [ RunTime:0.001371s ]

[ 2016-12-25T18:25:47+08:00 ] ::1 /westylegit/code/index.php/Admin/Login/ajax_test.shtml
INFO: [ app_init ] --START--
INFO: Run Behavior\BuildLiteBehavior [ RunTime:0.000036s ]
INFO: [ app_init ] --END-- [ RunTime:0.000734s ]
INFO: [ app_begin ] --START--
INFO: Run Behavior\ReadHtmlCacheBehavior [ RunTime:0.001092s ]
INFO: [ app_begin ] --END-- [ RunTime:0.001232s ]
SQL: SHOW COLUMNS FROM `westyle_admin_user` [ RunTime:0.0045s ]
ERR: 1054:Unknown column 'password' in 'field list'
 [ SQL语句 ] : SELECT `password` FROM `westyle_admin_user` WHERE ( username=opdsd ) LIMIT 1  
ERR: 1054:Unknown column 'password' in 'field list'
 [ SQL语句 ] : SELECT `password` FROM `westyle_admin_user` WHERE ( username=opdsd ) LIMIT 1  

[ 2016-12-25T18:25:48+08:00 ] ::1 /westylegit/code/index.php/Admin/Login/ajax_test.shtml
INFO: [ app_init ] --START--
INFO: Run Behavior\BuildLiteBehavior [ RunTime:0.000071s ]
INFO: [ app_init ] --END-- [ RunTime:0.000985s ]
INFO: [ app_begin ] --START--
INFO: Run Behavior\ReadHtmlCacheBehavior [ RunTime:0.001669s ]
INFO: [ app_begin ] --END-- [ RunTime:0.001903s ]
SQL: SHOW COLUMNS FROM `westyle_admin_user` [ RunTime:0.1026s ]
ERR: 1054:Unknown column 'password' in 'field list'
 [ SQL语句 ] : SELECT `password` FROM `westyle_admin_user` WHERE ( username=opdsd ) LIMIT 1  
ERR: 1054:Unknown column 'password' in 'field list'
 [ SQL语句 ] : SELECT `password` FROM `westyle_admin_user` WHERE ( username=opdsd ) LIMIT 1  

[ 2016-12-25T18:26:12+08:00 ] ::1 /westylegit/code/index.php/Admin/Login/index
INFO: [ app_init ] --START--
INFO: Run Behavior\BuildLiteBehavior [ RunTime:0.000039s ]
INFO: [ app_init ] --END-- [ RunTime:0.000784s ]
INFO: [ app_begin ] --START--
INFO: Run Behavior\ReadHtmlCacheBehavior [ RunTime:0.001178s ]
INFO: [ app_begin ] --END-- [ RunTime:0.001370s ]
INFO: [ view_parse ] --START--
INFO: [ template_filter ] --START--
INFO: Run Behavior\ContentReplaceBehavior [ RunTime:0.000099s ]
INFO: [ template_filter ] --END-- [ RunTime:0.000309s ]
INFO: Run Behavior\ParseTemplateBehavior [ RunTime:0.012738s ]
INFO: [ view_parse ] --END-- [ RunTime:0.012908s ]
INFO: [ view_filter ] --START--
INFO: Run Behavior\WriteHtmlCacheBehavior [ RunTime:0.000968s ]
INFO: Run Behavior\TokenBuildBehavior [ RunTime:0.001132s ]
INFO: [ view_filter ] --END-- [ RunTime:0.002361s ]
INFO: [ app_end ] --START--
INFO: Run Behavior\ShowPageTraceBehavior [ RunTime:0.001363s ]
INFO: [ app_end ] --END-- [ RunTime:0.001619s ]

[ 2016-12-25T18:26:13+08:00 ] ::1 /westylegit/code/index.php/Admin/Login/ajax_test.shtml
INFO: [ app_init ] --START--
INFO: Run Behavior\BuildLiteBehavior [ RunTime:0.000039s ]
INFO: [ app_init ] --END-- [ RunTime:0.000781s ]
INFO: [ app_begin ] --START--
INFO: Run Behavior\ReadHtmlCacheBehavior [ RunTime:0.001221s ]
INFO: [ app_begin ] --END-- [ RunTime:0.001392s ]
SQL: SHOW COLUMNS FROM `westyle_admin_user` [ RunTime:0.0081s ]
ERR: 1054:Unknown column 'password' in 'field list'
 [ SQL语句 ] : SELECT `password` FROM `westyle_admin_user` WHERE ( username=opdsd ) LIMIT 1  
ERR: 1054:Unknown column 'password' in 'field list'
 [ SQL语句 ] : SELECT `password` FROM `westyle_admin_user` WHERE ( username=opdsd ) LIMIT 1  

[ 2016-12-25T18:26:15+08:00 ] ::1 /westylegit/code/index.php/Admin/Login/ajax_test.shtml
INFO: [ app_init ] --START--
INFO: Run Behavior\BuildLiteBehavior [ RunTime:0.000038s ]
INFO: [ app_init ] --END-- [ RunTime:0.000736s ]
INFO: [ app_begin ] --START--
INFO: Run Behavior\ReadHtmlCacheBehavior [ RunTime:0.001185s ]
INFO: [ app_begin ] --END-- [ RunTime:0.001340s ]
SQL: SHOW COLUMNS FROM `westyle_admin_user` [ RunTime:0.0043s ]
ERR: 1054:Unknown column 'password' in 'field list'
 [ SQL语句 ] : SELECT `password` FROM `westyle_admin_user` WHERE ( username=opdsd ) LIMIT 1  
ERR: 1054:Unknown column 'password' in 'field list'
 [ SQL语句 ] : SELECT `password` FROM `westyle_admin_user` WHERE ( username=opdsd ) LIMIT 1  

[ 2016-12-25T18:26:27+08:00 ] ::1 /westylegit/code/index.php/Admin/Login/index
INFO: [ app_init ] --START--
INFO: Run Behavior\BuildLiteBehavior [ RunTime:0.000039s ]
INFO: [ app_init ] --END-- [ RunTime:0.000742s ]
INFO: [ app_begin ] --START--
INFO: Run Behavior\ReadHtmlCacheBehavior [ RunTime:0.001530s ]
INFO: [ app_begin ] --END-- [ RunTime:0.001883s ]
INFO: [ view_parse ] --START--
INFO: [ template_filter ] --START--
INFO: Run Behavior\ContentReplaceBehavior [ RunTime:0.000096s ]
INFO: [ template_filter ] --END-- [ RunTime:0.000267s ]
INFO: Run Behavior\ParseTemplateBehavior [ RunTime:0.010504s ]
INFO: [ view_parse ] --END-- [ RunTime:0.010683s ]
INFO: [ view_filter ] --START--
INFO: Run Behavior\WriteHtmlCacheBehavior [ RunTime:0.000953s ]
INFO: Run Behavior\TokenBuildBehavior [ RunTime:0.001318s ]
INFO: [ view_filter ] --END-- [ RunTime:0.002580s ]
INFO: [ app_end ] --START--
INFO: Run Behavior\ShowPageTraceBehavior [ RunTime:0.001664s ]
INFO: [ app_end ] --END-- [ RunTime:0.001888s ]

[ 2016-12-25T18:26:28+08:00 ] ::1 /westylegit/code/index.php/Admin/Login/ajax_test.shtml
INFO: [ app_init ] --START--
INFO: Run Behavior\BuildLiteBehavior [ RunTime:0.000065s ]
INFO: [ app_init ] --END-- [ RunTime:0.001221s ]
INFO: [ app_begin ] --START--
INFO: Run Behavior\ReadHtmlCacheBehavior [ RunTime:0.001751s ]
INFO: [ app_begin ] --END-- [ RunTime:0.002023s ]
SQL: SHOW COLUMNS FROM `westyle_admin_user` [ RunTime:0.0062s ]
ERR: 1054:Unknown column 'password' in 'field list'
 [ SQL语句 ] : SELECT `password` FROM `westyle_admin_user` WHERE ( username=opdsd ) LIMIT 1  
ERR: 1054:Unknown column 'password' in 'field list'
 [ SQL语句 ] : SELECT `password` FROM `westyle_admin_user` WHERE ( username=opdsd ) LIMIT 1  

[ 2016-12-25T18:26:40+08:00 ] ::1 /westylegit/code/index.php/Admin/Login/index
INFO: [ app_init ] --START--
INFO: Run Behavior\BuildLiteBehavior [ RunTime:0.000082s ]
INFO: [ app_init ] --END-- [ RunTime:0.001485s ]
INFO: [ app_begin ] --START--
INFO: Run Behavior\ReadHtmlCacheBehavior [ RunTime:0.001998s ]
INFO: [ app_begin ] --END-- [ RunTime:0.002393s ]
INFO: [ view_parse ] --START--
INFO: [ template_filter ] --START--
INFO: Run Behavior\ContentReplaceBehavior [ RunTime:0.000290s ]
INFO: [ template_filter ] --END-- [ RunTime:0.002989s ]
INFO: Run Behavior\ParseTemplateBehavior [ RunTime:0.030390s ]
INFO: [ view_parse ] --END-- [ RunTime:0.030841s ]
INFO: [ view_filter ] --START--
INFO: Run Behavior\WriteHtmlCacheBehavior [ RunTime:0.001848s ]
INFO: Run Behavior\TokenBuildBehavior [ RunTime:0.002733s ]
INFO: [ view_filter ] --END-- [ RunTime:0.005145s ]
INFO: [ app_end ] --START--
INFO: Run Behavior\ShowPageTraceBehavior [ RunTime:0.002719s ]
INFO: [ app_end ] --END-- [ RunTime:0.003558s ]

[ 2016-12-25T18:26:41+08:00 ] ::1 /westylegit/code/index.php/Admin/Login/ajax_test.shtml
INFO: [ app_init ] --START--
INFO: Run Behavior\BuildLiteBehavior [ RunTime:0.000036s ]
INFO: [ app_init ] --END-- [ RunTime:0.000797s ]
INFO: [ app_begin ] --START--
INFO: Run Behavior\ReadHtmlCacheBehavior [ RunTime:0.001096s ]
INFO: [ app_begin ] --END-- [ RunTime:0.001234s ]
SQL: SHOW COLUMNS FROM `westyle_admin_user` [ RunTime:0.1178s ]
ERR: 1054:Unknown column 'password' in 'field list'
 [ SQL语句 ] : SELECT `password` FROM `westyle_admin_user` WHERE ( username=opdsd ) LIMIT 1  
ERR: 1054:Unknown column 'password' in 'field list'
 [ SQL语句 ] : SELECT `password` FROM `westyle_admin_user` WHERE ( username=opdsd ) LIMIT 1  

[ 2016-12-25T18:26:59+08:00 ] ::1 /westylegit/code/index.php/Admin/Login/index
INFO: [ app_init ] --START--
INFO: Run Behavior\BuildLiteBehavior [ RunTime:0.000037s ]
INFO: [ app_init ] --END-- [ RunTime:0.000729s ]
INFO: [ app_begin ] --START--
INFO: Run Behavior\ReadHtmlCacheBehavior [ RunTime:0.002262s ]
INFO: [ app_begin ] --END-- [ RunTime:0.002467s ]
INFO: [ view_parse ] --START--
INFO: [ template_filter ] --START--
INFO: Run Behavior\ContentReplaceBehavior [ RunTime:0.000155s ]
INFO: [ template_filter ] --END-- [ RunTime:0.000351s ]
INFO: Run Behavior\ParseTemplateBehavior [ RunTime:0.011446s ]
INFO: [ view_parse ] --END-- [ RunTime:0.011732s ]
INFO: [ view_filter ] --START--
INFO: Run Behavior\WriteHtmlCacheBehavior [ RunTime:0.002002s ]
INFO: Run Behavior\TokenBuildBehavior [ RunTime:0.001780s ]
INFO: [ view_filter ] --END-- [ RunTime:0.004292s ]
INFO: [ app_end ] --START--
INFO: Run Behavior\ShowPageTraceBehavior [ RunTime:0.001287s ]
INFO: [ app_end ] --END-- [ RunTime:0.001465s ]

[ 2016-12-25T18:27:01+08:00 ] ::1 /westylegit/code/index.php/Admin/Login/ajax_test.shtml
INFO: [ app_init ] --START--
INFO: Run Behavior\BuildLiteBehavior [ RunTime:0.000040s ]
INFO: [ app_init ] --END-- [ RunTime:0.000770s ]
INFO: [ app_begin ] --START--
INFO: Run Behavior\ReadHtmlCacheBehavior [ RunTime:0.001062s ]
INFO: [ app_begin ] --END-- [ RunTime:0.001203s ]
SQL: SHOW COLUMNS FROM `westyle_admin_user` [ RunTime:0.0273s ]
ERR: 1054:Unknown column 'password' in 'field list'
 [ SQL语句 ] : SELECT `password` FROM `westyle_admin_user` WHERE ( username=opdsd ) LIMIT 1  
ERR: 1054:Unknown column 'password' in 'field list'
 [ SQL语句 ] : SELECT `password` FROM `westyle_admin_user` WHERE ( username=opdsd ) LIMIT 1  

[ 2016-12-25T18:28:04+08:00 ] ::1 /westylegit/code/index.php/Admin/Login/index
INFO: [ app_init ] --START--
INFO: Run Behavior\BuildLiteBehavior [ RunTime:0.000084s ]
INFO: [ app_init ] --END-- [ RunTime:0.002694s ]
INFO: [ app_begin ] --START--
INFO: Run Behavior\ReadHtmlCacheBehavior [ RunTime:0.001981s ]
INFO: [ app_begin ] --END-- [ RunTime:0.002387s ]
INFO: [ view_parse ] --START--
INFO: [ template_filter ] --START--
INFO: Run Behavior\ContentReplaceBehavior [ RunTime:0.000190s ]
INFO: [ template_filter ] --END-- [ RunTime:0.000729s ]
INFO: Run Behavior\ParseTemplateBehavior [ RunTime:0.021845s ]
INFO: [ view_parse ] --END-- [ RunTime:0.024618s ]
INFO: [ view_filter ] --START--
INFO: Run Behavior\WriteHtmlCacheBehavior [ RunTime:0.001931s ]
INFO: Run Behavior\TokenBuildBehavior [ RunTime:0.001820s ]
INFO: [ view_filter ] --END-- [ RunTime:0.004145s ]
INFO: [ app_end ] --START--
INFO: Run Behavior\ShowPageTraceBehavior [ RunTime:0.001746s ]
INFO: [ app_end ] --END-- [ RunTime:0.002044s ]

[ 2016-12-25T18:28:05+08:00 ] ::1 /westylegit/code/index.php/Admin/Login/ajax_test.shtml
INFO: [ app_init ] --START--
INFO: Run Behavior\BuildLiteBehavior [ RunTime:0.000066s ]
INFO: [ app_init ] --END-- [ RunTime:0.001086s ]
INFO: [ app_begin ] --START--
INFO: Run Behavior\ReadHtmlCacheBehavior [ RunTime:0.001255s ]
INFO: [ app_begin ] --END-- [ RunTime:0.001471s ]
SQL: SHOW COLUMNS FROM `westyle_admin_user` [ RunTime:0.0046s ]
ERR: 1054:Unknown column 'password' in 'field list'
 [ SQL语句 ] : SELECT `password` FROM `westyle_admin_user` WHERE ( username=opdsd ) LIMIT 1  
ERR: 1054:Unknown column 'password' in 'field list'
 [ SQL语句 ] : SELECT `password` FROM `westyle_admin_user` WHERE ( username=opdsd ) LIMIT 1  

[ 2016-12-25T18:30:45+08:00 ] ::1 /westylegit/code/index.php/Admin/Login/index
INFO: [ app_init ] --START--
INFO: Run Behavior\BuildLiteBehavior [ RunTime:0.000039s ]
INFO: [ app_init ] --END-- [ RunTime:0.000784s ]
INFO: [ app_begin ] --START--
INFO: Run Behavior\ReadHtmlCacheBehavior [ RunTime:0.001128s ]
INFO: [ app_begin ] --END-- [ RunTime:0.001299s ]
INFO: [ view_parse ] --START--
INFO: [ template_filter ] --START--
INFO: Run Behavior\ContentReplaceBehavior [ RunTime:0.000109s ]
INFO: [ template_filter ] --END-- [ RunTime:0.000294s ]
INFO: Run Behavior\ParseTemplateBehavior [ RunTime:0.013036s ]
INFO: [ view_parse ] --END-- [ RunTime:0.013215s ]
INFO: [ view_filter ] --START--
INFO: Run Behavior\WriteHtmlCacheBehavior [ RunTime:0.001126s ]
INFO: Run Behavior\TokenBuildBehavior [ RunTime:0.001268s ]
INFO: [ view_filter ] --END-- [ RunTime:0.002677s ]
INFO: [ app_end ] --START--
INFO: Run Behavior\ShowPageTraceBehavior [ RunTime:0.001317s ]
INFO: [ app_end ] --END-- [ RunTime:0.001529s ]

[ 2016-12-25T18:30:46+08:00 ] ::1 /westylegit/code/index.php/Admin/Login/ajax_test.shtml
INFO: [ app_init ] --START--
INFO: Run Behavior\BuildLiteBehavior [ RunTime:0.000041s ]
INFO: [ app_init ] --END-- [ RunTime:0.000780s ]
INFO: [ app_begin ] --START--
INFO: Run Behavior\ReadHtmlCacheBehavior [ RunTime:0.001249s ]
INFO: [ app_begin ] --END-- [ RunTime:0.001419s ]
SQL: SHOW COLUMNS FROM `westyle_admin_user` [ RunTime:0.0079s ]
ERR: 1054:Unknown column 'password' in 'field list'
 [ SQL语句 ] : SELECT `password` FROM `westyle_admin_user` WHERE ( username=opdsd ) LIMIT 1  
ERR: 1054:Unknown column 'password' in 'field list'
 [ SQL语句 ] : SELECT `password` FROM `westyle_admin_user` WHERE ( username=opdsd ) LIMIT 1  

[ 2016-12-25T18:32:50+08:00 ] ::1 /westylegit/code/index.php/Admin/Login/index
INFO: [ app_init ] --START--
INFO: Run Behavior\BuildLiteBehavior [ RunTime:0.000035s ]
INFO: [ app_init ] --END-- [ RunTime:0.000758s ]
INFO: [ app_begin ] --START--
INFO: Run Behavior\ReadHtmlCacheBehavior [ RunTime:0.001265s ]
INFO: [ app_begin ] --END-- [ RunTime:0.001455s ]
INFO: [ view_parse ] --START--
INFO: [ template_filter ] --START--
INFO: Run Behavior\ContentReplaceBehavior [ RunTime:0.000094s ]
INFO: [ template_filter ] --END-- [ RunTime:0.000256s ]
INFO: Run Behavior\ParseTemplateBehavior [ RunTime:0.012481s ]
INFO: [ view_parse ] --END-- [ RunTime:0.012854s ]
INFO: [ view_filter ] --START--
INFO: Run Behavior\WriteHtmlCacheBehavior [ RunTime:0.001522s ]
INFO: Run Behavior\TokenBuildBehavior [ RunTime:0.001733s ]
INFO: [ view_filter ] --END-- [ RunTime:0.003579s ]
INFO: [ app_end ] --START--
INFO: Run Behavior\ShowPageTraceBehavior [ RunTime:0.001243s ]
INFO: [ app_end ] --END-- [ RunTime:0.001422s ]

[ 2016-12-25T18:32:51+08:00 ] ::1 /westylegit/code/index.php/Admin/Login/ajax_test.shtml
INFO: [ app_init ] --START--
INFO: Run Behavior\BuildLiteBehavior [ RunTime:0.000037s ]
INFO: [ app_init ] --END-- [ RunTime:0.000713s ]
INFO: [ app_begin ] --START--
INFO: Run Behavior\ReadHtmlCacheBehavior [ RunTime:0.001075s ]
INFO: [ app_begin ] --END-- [ RunTime:0.001214s ]
SQL: SHOW COLUMNS FROM `westyle_admin_user` [ RunTime:0.0047s ]
ERR: 1054:Unknown column 'password' in 'field list'
 [ SQL语句 ] : SELECT `password` FROM `westyle_admin_user` WHERE ( username=opdsd ) LIMIT 1  
ERR: 1054:Unknown column 'password' in 'field list'
 [ SQL语句 ] : SELECT `password` FROM `westyle_admin_user` WHERE ( username=opdsd ) LIMIT 1  

[ 2016-12-25T18:33:05+08:00 ] ::1 /westylegit/code/index.php/Admin/Login/index
INFO: [ app_init ] --START--
INFO: Run Behavior\BuildLiteBehavior [ RunTime:0.000035s ]
INFO: [ app_init ] --END-- [ RunTime:0.000712s ]
INFO: [ app_begin ] --START--
INFO: Run Behavior\ReadHtmlCacheBehavior [ RunTime:0.002003s ]
INFO: [ app_begin ] --END-- [ RunTime:0.002312s ]
INFO: [ view_parse ] --START--
INFO: [ template_filter ] --START--
INFO: Run Behavior\ContentReplaceBehavior [ RunTime:0.000088s ]
INFO: [ template_filter ] --END-- [ RunTime:0.000252s ]
INFO: Run Behavior\ParseTemplateBehavior [ RunTime:0.011009s ]
INFO: [ view_parse ] --END-- [ RunTime:0.011308s ]
INFO: [ view_filter ] --START--
INFO: Run Behavior\WriteHtmlCacheBehavior [ RunTime:0.001452s ]
INFO: Run Behavior\TokenBuildBehavior [ RunTime:0.001978s ]
INFO: [ view_filter ] --END-- [ RunTime:0.003810s ]
INFO: [ app_end ] --START--
INFO: Run Behavior\ShowPageTraceBehavior [ RunTime:0.001476s ]
INFO: [ app_end ] --END-- [ RunTime:0.001670s ]

[ 2016-12-25T18:33:06+08:00 ] ::1 /westylegit/code/index.php/Admin/Login/ajax_test.shtml
INFO: [ app_init ] --START--
INFO: Run Behavior\BuildLiteBehavior [ RunTime:0.000073s ]
INFO: [ app_init ] --END-- [ RunTime:0.001075s ]
INFO: [ app_begin ] --START--
INFO: Run Behavior\ReadHtmlCacheBehavior [ RunTime:0.001175s ]
INFO: [ app_begin ] --END-- [ RunTime:0.001335s ]
SQL: SHOW COLUMNS FROM `westyle_admin_user` [ RunTime:0.0044s ]
ERR: 1054:Unknown column 'password' in 'field list'
 [ SQL语句 ] : SELECT `password` FROM `westyle_admin_user` WHERE ( username=opdsd ) LIMIT 1  
ERR: 1054:Unknown column 'password' in 'field list'
 [ SQL语句 ] : SELECT `password` FROM `westyle_admin_user` WHERE ( username=opdsd ) LIMIT 1  

[ 2016-12-25T18:33:26+08:00 ] ::1 /westylegit/code/index.php/Admin/Login/index
INFO: [ app_init ] --START--
INFO: Run Behavior\BuildLiteBehavior [ RunTime:0.000036s ]
INFO: [ app_init ] --END-- [ RunTime:0.000620s ]
INFO: [ app_begin ] --START--
INFO: Run Behavior\ReadHtmlCacheBehavior [ RunTime:0.001187s ]
INFO: [ app_begin ] --END-- [ RunTime:0.001356s ]
INFO: [ view_parse ] --START--
INFO: [ template_filter ] --START--
INFO: Run Behavior\ContentReplaceBehavior [ RunTime:0.000100s ]
INFO: [ template_filter ] --END-- [ RunTime:0.000283s ]
INFO: Run Behavior\ParseTemplateBehavior [ RunTime:0.013099s ]
INFO: [ view_parse ] --END-- [ RunTime:0.013273s ]
INFO: [ view_filter ] --START--
INFO: Run Behavior\WriteHtmlCacheBehavior [ RunTime:0.001093s ]
INFO: Run Behavior\TokenBuildBehavior [ RunTime:0.001536s ]
INFO: [ view_filter ] --END-- [ RunTime:0.002974s ]
INFO: [ app_end ] --START--
INFO: Run Behavior\ShowPageTraceBehavior [ RunTime:0.001720s ]
INFO: [ app_end ] --END-- [ RunTime:0.002016s ]

[ 2016-12-25T18:33:27+08:00 ] ::1 /westylegit/code/index.php/Admin/Login/ajax_test.shtml
INFO: [ app_init ] --START--
INFO: Run Behavior\BuildLiteBehavior [ RunTime:0.000034s ]
INFO: [ app_init ] --END-- [ RunTime:0.000604s ]
INFO: [ app_begin ] --START--
INFO: Run Behavior\ReadHtmlCacheBehavior [ RunTime:0.000962s ]
INFO: [ app_begin ] --END-- [ RunTime:0.001099s ]
SQL: SHOW COLUMNS FROM `westyle_admin_user` [ RunTime:0.1648s ]
ERR: 1054:Unknown column 'password' in 'field list'
 [ SQL语句 ] : SELECT `password` FROM `westyle_admin_user` WHERE ( username=opdsd ) LIMIT 1  
ERR: 1054:Unknown column 'password' in 'field list'
 [ SQL语句 ] : SELECT `password` FROM `westyle_admin_user` WHERE ( username=opdsd ) LIMIT 1  

[ 2016-12-25T18:33:29+08:00 ] ::1 /westylegit/code/index.php/Admin/Login/ajax_test.shtml
INFO: [ app_init ] --START--
INFO: Run Behavior\BuildLiteBehavior [ RunTime:0.000035s ]
INFO: [ app_init ] --END-- [ RunTime:0.000632s ]
INFO: [ app_begin ] --START--
INFO: Run Behavior\ReadHtmlCacheBehavior [ RunTime:0.001085s ]
INFO: [ app_begin ] --END-- [ RunTime:0.001272s ]
SQL: SHOW COLUMNS FROM `westyle_admin_user` [ RunTime:0.0082s ]
ERR: 1054:Unknown column 'password' in 'field list'
 [ SQL语句 ] : SELECT `password` FROM `westyle_admin_user` WHERE ( username=opdsd ) LIMIT 1  
ERR: 1054:Unknown column 'password' in 'field list'
 [ SQL语句 ] : SELECT `password` FROM `westyle_admin_user` WHERE ( username=opdsd ) LIMIT 1  

[ 2016-12-25T18:34:23+08:00 ] ::1 /westylegit/code/index.php/Admin/Login/ajax_test.shtml
INFO: [ app_init ] --START--
INFO: Run Behavior\BuildLiteBehavior [ RunTime:0.000035s ]
INFO: [ app_init ] --END-- [ RunTime:0.000684s ]
INFO: [ app_begin ] --START--
INFO: Run Behavior\ReadHtmlCacheBehavior [ RunTime:0.000923s ]
INFO: [ app_begin ] --END-- [ RunTime:0.001061s ]
SQL: SHOW COLUMNS FROM `westyle_admin_user` [ RunTime:0.0048s ]
ERR: 1054:Unknown column 'password' in 'field list'
 [ SQL语句 ] : SELECT `password` FROM `westyle_admin_user` WHERE ( username=opdsd ) LIMIT 1  
ERR: 1054:Unknown column 'password' in 'field list'
 [ SQL语句 ] : SELECT `password` FROM `westyle_admin_user` WHERE ( username=opdsd ) LIMIT 1  

[ 2016-12-25T18:35:15+08:00 ] ::1 /westylegit/code/index.php/Admin/Login/index
INFO: [ app_init ] --START--
INFO: Run Behavior\BuildLiteBehavior [ RunTime:0.000045s ]
INFO: [ app_init ] --END-- [ RunTime:0.001198s ]
INFO: [ app_begin ] --START--
INFO: Run Behavior\ReadHtmlCacheBehavior [ RunTime:0.001075s ]
INFO: [ app_begin ] --END-- [ RunTime:0.001269s ]
INFO: [ view_parse ] --START--
INFO: [ template_filter ] --START--
INFO: Run Behavior\ContentReplaceBehavior [ RunTime:0.000102s ]
INFO: [ template_filter ] --END-- [ RunTime:0.000273s ]
INFO: Run Behavior\ParseTemplateBehavior [ RunTime:0.011248s ]
INFO: [ view_parse ] --END-- [ RunTime:0.011450s ]
INFO: [ view_filter ] --START--
INFO: Run Behavior\WriteHtmlCacheBehavior [ RunTime:0.001356s ]
INFO: Run Behavior\TokenBuildBehavior [ RunTime:0.001144s ]
INFO: [ view_filter ] --END-- [ RunTime:0.002772s ]
INFO: [ app_end ] --START--
INFO: Run Behavior\ShowPageTraceBehavior [ RunTime:0.001137s ]
INFO: [ app_end ] --END-- [ RunTime:0.001315s ]

[ 2016-12-25T18:35:17+08:00 ] ::1 /westylegit/code/index.php/Admin/Login/ajax_test.shtml
INFO: [ app_init ] --START--
INFO: Run Behavior\BuildLiteBehavior [ RunTime:0.000036s ]
INFO: [ app_init ] --END-- [ RunTime:0.000616s ]
INFO: [ app_begin ] --START--
INFO: Run Behavior\ReadHtmlCacheBehavior [ RunTime:0.000986s ]
INFO: [ app_begin ] --END-- [ RunTime:0.001158s ]

[ 2016-12-25T18:35:45+08:00 ] ::1 /westylegit/code/index.php/Admin/Login/index
INFO: [ app_init ] --START--
INFO: Run Behavior\BuildLiteBehavior [ RunTime:0.000039s ]
INFO: [ app_init ] --END-- [ RunTime:0.000735s ]
INFO: [ app_begin ] --START--
INFO: Run Behavior\ReadHtmlCacheBehavior [ RunTime:0.001085s ]
INFO: [ app_begin ] --END-- [ RunTime:0.001243s ]
INFO: [ view_parse ] --START--
INFO: [ template_filter ] --START--
INFO: Run Behavior\ContentReplaceBehavior [ RunTime:0.000100s ]
INFO: [ template_filter ] --END-- [ RunTime:0.000278s ]
INFO: Run Behavior\ParseTemplateBehavior [ RunTime:0.012435s ]
INFO: [ view_parse ] --END-- [ RunTime:0.012605s ]
INFO: [ view_filter ] --START--
INFO: Run Behavior\WriteHtmlCacheBehavior [ RunTime:0.000891s ]
INFO: Run Behavior\TokenBuildBehavior [ RunTime:0.001101s ]
INFO: [ view_filter ] --END-- [ RunTime:0.002219s ]
INFO: [ app_end ] --START--
INFO: Run Behavior\ShowPageTraceBehavior [ RunTime:0.001110s ]
INFO: [ app_end ] --END-- [ RunTime:0.001267s ]

[ 2016-12-25T18:35:47+08:00 ] ::1 /westylegit/code/index.php/Admin/Login/ajax_test.shtml
INFO: [ app_init ] --START--
INFO: Run Behavior\BuildLiteBehavior [ RunTime:0.000036s ]
INFO: [ app_init ] --END-- [ RunTime:0.000722s ]
INFO: [ app_begin ] --START--
INFO: Run Behavior\ReadHtmlCacheBehavior [ RunTime:0.001058s ]
INFO: [ app_begin ] --END-- [ RunTime:0.001186s ]

[ 2016-12-25T18:35:48+08:00 ] ::1 /westylegit/code/index.php/Admin/Login/ajax_test.shtml
INFO: [ app_init ] --START--
INFO: Run Behavior\BuildLiteBehavior [ RunTime:0.000036s ]
INFO: [ app_init ] --END-- [ RunTime:0.000692s ]
INFO: [ app_begin ] --START--
INFO: Run Behavior\ReadHtmlCacheBehavior [ RunTime:0.001102s ]
INFO: [ app_begin ] --END-- [ RunTime:0.001246s ]

[ 2016-12-25T18:36:03+08:00 ] ::1 /westylegit/code/index.php/Admin/Login/index
INFO: [ app_init ] --START--
INFO: Run Behavior\BuildLiteBehavior [ RunTime:0.000040s ]
INFO: [ app_init ] --END-- [ RunTime:0.000836s ]
INFO: [ app_begin ] --START--
INFO: Run Behavior\ReadHtmlCacheBehavior [ RunTime:0.001713s ]
INFO: [ app_begin ] --END-- [ RunTime:0.002022s ]
INFO: [ view_parse ] --START--
INFO: [ template_filter ] --START--
INFO: Run Behavior\ContentReplaceBehavior [ RunTime:0.000103s ]
INFO: [ template_filter ] --END-- [ RunTime:0.000370s ]
INFO: Run Behavior\ParseTemplateBehavior [ RunTime:0.017005s ]
INFO: [ view_parse ] --END-- [ RunTime:0.017394s ]
INFO: [ view_filter ] --START--
INFO: Run Behavior\WriteHtmlCacheBehavior [ RunTime:0.001629s ]
INFO: Run Behavior\TokenBuildBehavior [ RunTime:0.001419s ]
INFO: [ view_filter ] --END-- [ RunTime:0.003815s ]
INFO: [ app_end ] --START--
INFO: Run Behavior\ShowPageTraceBehavior [ RunTime:0.001250s ]
INFO: [ app_end ] --END-- [ RunTime:0.001428s ]

[ 2016-12-25T18:36:05+08:00 ] ::1 /westylegit/code/index.php/Admin/Login/ajax_test.shtml
INFO: [ app_init ] --START--
INFO: Run Behavior\BuildLiteBehavior [ RunTime:0.000036s ]
INFO: [ app_init ] --END-- [ RunTime:0.000689s ]
INFO: [ app_begin ] --START--
INFO: Run Behavior\ReadHtmlCacheBehavior [ RunTime:0.001193s ]
INFO: [ app_begin ] --END-- [ RunTime:0.001325s ]

[ 2016-12-25T18:38:02+08:00 ] ::1 /westylegit/code/index.php/Admin/Login/index
INFO: [ app_init ] --START--
INFO: Run Behavior\BuildLiteBehavior [ RunTime:0.000039s ]
INFO: [ app_init ] --END-- [ RunTime:0.000986s ]
INFO: [ app_begin ] --START--
INFO: Run Behavior\ReadHtmlCacheBehavior [ RunTime:0.001142s ]
INFO: [ app_begin ] --END-- [ RunTime:0.001308s ]
INFO: [ view_parse ] --START--
INFO: [ template_filter ] --START--
INFO: Run Behavior\ContentReplaceBehavior [ RunTime:0.000101s ]
INFO: [ template_filter ] --END-- [ RunTime:0.000279s ]
INFO: Run Behavior\ParseTemplateBehavior [ RunTime:0.012576s ]
INFO: [ view_parse ] --END-- [ RunTime:0.012750s ]
INFO: [ view_filter ] --START--
INFO: Run Behavior\WriteHtmlCacheBehavior [ RunTime:0.000897s ]
INFO: Run Behavior\TokenBuildBehavior [ RunTime:0.001049s ]
INFO: [ view_filter ] --END-- [ RunTime:0.002172s ]
INFO: [ app_end ] --START--
INFO: Run Behavior\ShowPageTraceBehavior [ RunTime:0.001120s ]
INFO: [ app_end ] --END-- [ RunTime:0.001269s ]

[ 2016-12-25T18:38:03+08:00 ] ::1 /westylegit/code/index.php/Admin/Login/ajax_test.shtml
INFO: [ app_init ] --START--
INFO: Run Behavior\BuildLiteBehavior [ RunTime:0.000037s ]
INFO: [ app_init ] --END-- [ RunTime:0.000809s ]
INFO: [ app_begin ] --START--
INFO: Run Behavior\ReadHtmlCacheBehavior [ RunTime:0.001074s ]
INFO: [ app_begin ] --END-- [ RunTime:0.001225s ]

[ 2016-12-25T18:38:41+08:00 ] ::1 /westylegit/code/index.php/Admin/Login/ajax_test.shtml
INFO: [ app_init ] --START--
INFO: Run Behavior\BuildLiteBehavior [ RunTime:0.000043s ]
INFO: [ app_init ] --END-- [ RunTime:0.001090s ]
INFO: [ app_begin ] --START--
INFO: Run Behavior\ReadHtmlCacheBehavior [ RunTime:0.001399s ]
INFO: [ app_begin ] --END-- [ RunTime:0.001572s ]

[ 2016-12-25T18:38:46+08:00 ] ::1 /westylegit/code/index.php/Admin/Login/ajax_test.shtml
INFO: [ app_init ] --START--
INFO: Run Behavior\BuildLiteBehavior [ RunTime:0.000040s ]
INFO: [ app_init ] --END-- [ RunTime:0.000783s ]
INFO: [ app_begin ] --START--
INFO: Run Behavior\ReadHtmlCacheBehavior [ RunTime:0.001221s ]
INFO: [ app_begin ] --END-- [ RunTime:0.001386s ]

[ 2016-12-25T18:39:27+08:00 ] ::1 /westylegit/code/index.php/Admin/Login/index
INFO: [ app_init ] --START--
INFO: Run Behavior\BuildLiteBehavior [ RunTime:0.000041s ]
INFO: [ app_init ] --END-- [ RunTime:0.000857s ]
INFO: [ app_begin ] --START--
INFO: Run Behavior\ReadHtmlCacheBehavior [ RunTime:0.001276s ]
INFO: [ app_begin ] --END-- [ RunTime:0.001458s ]
INFO: [ view_parse ] --START--
INFO: [ template_filter ] --START--
INFO: Run Behavior\ContentReplaceBehavior [ RunTime:0.000165s ]
INFO: [ template_filter ] --END-- [ RunTime:0.000476s ]
INFO: Run Behavior\ParseTemplateBehavior [ RunTime:0.017518s ]
INFO: [ view_parse ] --END-- [ RunTime:0.017862s ]
INFO: [ view_filter ] --START--
INFO: Run Behavior\WriteHtmlCacheBehavior [ RunTime:0.002697s ]
INFO: Run Behavior\TokenBuildBehavior [ RunTime:0.002532s ]
INFO: [ view_filter ] --END-- [ RunTime:0.005791s ]
INFO: [ app_end ] --START--
INFO: Run Behavior\ShowPageTraceBehavior [ RunTime:0.001483s ]
INFO: [ app_end ] --END-- [ RunTime:0.001730s ]

[ 2016-12-25T18:39:28+08:00 ] ::1 /westylegit/code/index.php/Admin/Login/ajax_test.shtml
INFO: [ app_init ] --START--
INFO: Run Behavior\BuildLiteBehavior [ RunTime:0.000072s ]
INFO: [ app_init ] --END-- [ RunTime:0.001178s ]
INFO: [ app_begin ] --START--
INFO: Run Behavior\ReadHtmlCacheBehavior [ RunTime:0.001826s ]
INFO: [ app_begin ] --END-- [ RunTime:0.002119s ]

[ 2016-12-25T18:39:33+08:00 ] ::1 /westylegit/code/index.php/Admin/Login/ajax_test.shtml
INFO: [ app_init ] --START--
INFO: Run Behavior\BuildLiteBehavior [ RunTime:0.000034s ]
INFO: [ app_init ] --END-- [ RunTime:0.000721s ]
INFO: [ app_begin ] --START--
INFO: Run Behavior\ReadHtmlCacheBehavior [ RunTime:0.001052s ]
INFO: [ app_begin ] --END-- [ RunTime:0.001183s ]

[ 2016-12-25T18:47:46+08:00 ] ::1 /westylegit/code/index.php/Admin/Login/ajax_test.shtml
INFO: [ app_init ] --START--
INFO: Run Behavior\BuildLiteBehavior [ RunTime:0.000036s ]
INFO: [ app_init ] --END-- [ RunTime:0.000710s ]
INFO: [ app_begin ] --START--
INFO: Run Behavior\ReadHtmlCacheBehavior [ RunTime:0.001131s ]
INFO: [ app_begin ] --END-- [ RunTime:0.001275s ]

[ 2016-12-25T18:49:28+08:00 ] ::1 /westylegit/code/index.php/Admin/Login/ajax_test.shtml
INFO: [ app_init ] --START--
INFO: Run Behavior\BuildLiteBehavior [ RunTime:0.000033s ]
INFO: [ app_init ] --END-- [ RunTime:0.000712s ]
INFO: [ app_begin ] --START--
INFO: Run Behavior\ReadHtmlCacheBehavior [ RunTime:0.001186s ]
INFO: [ app_begin ] --END-- [ RunTime:0.001341s ]

[ 2016-12-25T19:07:38+08:00 ] ::1 /westylegit/code/index.php/Admin/Login/ajax_test.shtml
INFO: [ app_init ] --START--
INFO: Run Behavior\BuildLiteBehavior [ RunTime:0.000035s ]
INFO: [ app_init ] --END-- [ RunTime:0.000727s ]
INFO: [ app_begin ] --START--
INFO: Run Behavior\ReadHtmlCacheBehavior [ RunTime:0.001057s ]
INFO: [ app_begin ] --END-- [ RunTime:0.001188s ]

[ 2016-12-25T19:07:49+08:00 ] ::1 /westylegit/code/index.php/Admin/Login/ajax_test.shtml
INFO: [ app_init ] --START--
INFO: Run Behavior\BuildLiteBehavior [ RunTime:0.000039s ]
INFO: [ app_init ] --END-- [ RunTime:0.000819s ]
INFO: [ app_begin ] --START--
INFO: Run Behavior\ReadHtmlCacheBehavior [ RunTime:0.001264s ]
INFO: [ app_begin ] --END-- [ RunTime:0.001493s ]

[ 2016-12-25T19:07:58+08:00 ] ::1 /westylegit/code/index.php/Admin/Login/ajax_test.shtml
INFO: [ app_init ] --START--
INFO: Run Behavior\BuildLiteBehavior [ RunTime:0.000036s ]
INFO: [ app_init ] --END-- [ RunTime:0.000707s ]
INFO: [ app_begin ] --START--
INFO: Run Behavior\ReadHtmlCacheBehavior [ RunTime:0.001127s ]
INFO: [ app_begin ] --END-- [ RunTime:0.001269s ]

[ 2016-12-25T19:08:13+08:00 ] ::1 /westylegit/code/index.php/Admin/Login/ajax_test.shtml
INFO: [ app_init ] --START--
INFO: Run Behavior\BuildLiteBehavior [ RunTime:0.000034s ]
INFO: [ app_init ] --END-- [ RunTime:0.000709s ]
INFO: [ app_begin ] --START--
INFO: Run Behavior\ReadHtmlCacheBehavior [ RunTime:0.001077s ]
INFO: [ app_begin ] --END-- [ RunTime:0.001212s ]

[ 2016-12-25T19:08:29+08:00 ] ::1 /westylegit/code/index.php/Admin/Login/ajax_test.shtml
INFO: [ app_init ] --START--
INFO: Run Behavior\BuildLiteBehavior [ RunTime:0.000033s ]
INFO: [ app_init ] --END-- [ RunTime:0.000646s ]
INFO: [ app_begin ] --START--
INFO: Run Behavior\ReadHtmlCacheBehavior [ RunTime:0.001035s ]
INFO: [ app_begin ] --END-- [ RunTime:0.001167s ]

[ 2016-12-25T19:08:32+08:00 ] ::1 /westylegit/code/index.php/Admin/Login/ajax_test.shtml
INFO: [ app_init ] --START--
INFO: Run Behavior\BuildLiteBehavior [ RunTime:0.000033s ]
INFO: [ app_init ] --END-- [ RunTime:0.000672s ]
INFO: [ app_begin ] --START--
INFO: Run Behavior\ReadHtmlCacheBehavior [ RunTime:0.001191s ]
INFO: [ app_begin ] --END-- [ RunTime:0.001330s ]

[ 2016-12-25T19:08:49+08:00 ] ::1 /westylegit/code/index.php/Admin/Login/ajax_test.shtml
INFO: [ app_init ] --START--
INFO: Run Behavior\BuildLiteBehavior [ RunTime:0.000034s ]
INFO: [ app_init ] --END-- [ RunTime:0.000689s ]
INFO: [ app_begin ] --START--
INFO: Run Behavior\ReadHtmlCacheBehavior [ RunTime:0.001383s ]
INFO: [ app_begin ] --END-- [ RunTime:0.001586s ]
SQL: SHOW COLUMNS FROM `westyle_admin_user` [ RunTime:0.0061s ]

[ 2016-12-25T19:09:01+08:00 ] ::1 /westylegit/code/index.php/Admin/Login/ajax_test.shtml
INFO: [ app_init ] --START--
INFO: Run Behavior\BuildLiteBehavior [ RunTime:0.000038s ]
INFO: [ app_init ] --END-- [ RunTime:0.000738s ]
INFO: [ app_begin ] --START--
INFO: Run Behavior\ReadHtmlCacheBehavior [ RunTime:0.001361s ]
INFO: [ app_begin ] --END-- [ RunTime:0.001527s ]
SQL: SHOW COLUMNS FROM `westyle_admin_user` [ RunTime:0.0083s ]

[ 2016-12-25T19:09:16+08:00 ] ::1 /westylegit/code/index.php/Admin/Login/ajax_test.shtml
INFO: [ app_init ] --START--
INFO: Run Behavior\BuildLiteBehavior [ RunTime:0.000049s ]
INFO: [ app_init ] --END-- [ RunTime:0.000674s ]
INFO: [ app_begin ] --START--
INFO: Run Behavior\ReadHtmlCacheBehavior [ RunTime:0.001220s ]
INFO: [ app_begin ] --END-- [ RunTime:0.001409s ]
SQL: SHOW COLUMNS FROM `westyle_admin_user` [ RunTime:0.0081s ]
ERR: 1054:Unknown column 'password' in 'field list'
 [ SQL语句 ] : SELECT `password` FROM `westyle_admin_user` WHERE ( username=opdsd ) LIMIT 1  
ERR: 1054:Unknown column 'password' in 'field list'
 [ SQL语句 ] : SELECT `password` FROM `westyle_admin_user` WHERE ( username=opdsd ) LIMIT 1  

[ 2016-12-25T19:09:54+08:00 ] ::1 /westylegit/code/index.php/Admin/Login/ajax_test.shtml
INFO: [ app_init ] --START--
INFO: Run Behavior\BuildLiteBehavior [ RunTime:0.000034s ]
INFO: [ app_init ] --END-- [ RunTime:0.000690s ]
INFO: [ app_begin ] --START--
INFO: Run Behavior\ReadHtmlCacheBehavior [ RunTime:0.001079s ]
INFO: [ app_begin ] --END-- [ RunTime:0.001213s ]
SQL: SHOW COLUMNS FROM `westyle_admin_user` [ RunTime:0.0045s ]
ERR: 1054:Unknown column 'password' in 'field list'
 [ SQL语句 ] : SELECT `password` FROM `westyle_admin_user` WHERE ( username=opdsd ) LIMIT 1  
ERR: 1054:Unknown column 'password' in 'field list'
 [ SQL语句 ] : SELECT `password` FROM `westyle_admin_user` WHERE ( username=opdsd ) LIMIT 1  

[ 2016-12-25T19:10:36+08:00 ] ::1 /westylegit/code/index.php/Admin/Login/ajax_test.shtml
INFO: [ app_init ] --START--
INFO: Run Behavior\BuildLiteBehavior [ RunTime:0.000035s ]
INFO: [ app_init ] --END-- [ RunTime:0.000695s ]
INFO: [ app_begin ] --START--
INFO: Run Behavior\ReadHtmlCacheBehavior [ RunTime:0.001115s ]
INFO: [ app_begin ] --END-- [ RunTime:0.001251s ]
SQL: SHOW COLUMNS FROM `westyle_admin_user` [ RunTime:0.0049s ]

[ 2016-12-25T19:11:06+08:00 ] ::1 /westylegit/code/index.php/Admin/Login/ajax_test.shtml
INFO: [ app_init ] --START--
INFO: Run Behavior\BuildLiteBehavior [ RunTime:0.000076s ]
INFO: [ app_init ] --END-- [ RunTime:0.001130s ]
INFO: [ app_begin ] --START--
INFO: Run Behavior\ReadHtmlCacheBehavior [ RunTime:0.001180s ]
INFO: [ app_begin ] --END-- [ RunTime:0.001334s ]
SQL: SHOW COLUMNS FROM `westyle_admin_user` [ RunTime:0.0062s ]
ERR: 1054:Unknown column 'password' in 'field list'
 [ SQL语句 ] : SELECT `password` FROM `westyle_admin_user` WHERE ( username=opdsd ) LIMIT 1  
ERR: 1054:Unknown column 'password' in 'field list'
 [ SQL语句 ] : SELECT `password` FROM `westyle_admin_user` WHERE ( username=opdsd ) LIMIT 1  

[ 2016-12-25T19:12:04+08:00 ] ::1 /westylegit/code/index.php/Admin/Login/ajax_test.shtml
INFO: [ app_init ] --START--
INFO: Run Behavior\BuildLiteBehavior [ RunTime:0.000036s ]
INFO: [ app_init ] --END-- [ RunTime:0.000692s ]
INFO: [ app_begin ] --START--
INFO: Run Behavior\ReadHtmlCacheBehavior [ RunTime:0.001304s ]
INFO: [ app_begin ] --END-- [ RunTime:0.001492s ]
SQL: SHOW COLUMNS FROM `westyle_admin_user` [ RunTime:0.0083s ]
ERR: 1054:Unknown column 'opdsd' in 'where clause'
 [ SQL语句 ] : SELECT * FROM `westyle_admin_user` WHERE ( username=opdsd ) 
ERR: 1054:Unknown column 'opdsd' in 'where clause'
 [ SQL语句 ] : SELECT * FROM `westyle_admin_user` WHERE ( username=opdsd ) 

[ 2016-12-25T19:13:48+08:00 ] ::1 /westylegit/code/index.php/Admin/Login/ajax_test.shtml
INFO: [ app_init ] --START--
INFO: Run Behavior\BuildLiteBehavior [ RunTime:0.000046s ]
INFO: [ app_init ] --END-- [ RunTime:0.000724s ]
INFO: [ app_begin ] --START--
INFO: Run Behavior\ReadHtmlCacheBehavior [ RunTime:0.001258s ]
INFO: [ app_begin ] --END-- [ RunTime:0.001413s ]
SQL: SHOW COLUMNS FROM `westyle_admin_user` [ RunTime:0.0054s ]
NOTIC: [8] Use of undefined constant condition - assumed 'condition' F:\wamp\www\westylegit\code\Application\Admin\Controller\LoginController.class.php 第 18 行.
ERR: 1064:You have an error in your SQL syntax; check the manual that corresponds to your MySQL server version for the right syntax to use near 'condition )' at line 1
 [ SQL语句 ] : SELECT * FROM `westyle_admin_user` WHERE ( condition ) 
ERR: 1064:You have an error in your SQL syntax; check the manual that corresponds to your MySQL server version for the right syntax to use near 'condition )' at line 1
 [ SQL语句 ] : SELECT * FROM `westyle_admin_user` WHERE ( condition ) 

[ 2016-12-25T19:15:14+08:00 ] ::1 /westylegit/code/index.php/Admin/Login/ajax_test.shtml
INFO: [ app_init ] --START--
INFO: Run Behavior\BuildLiteBehavior [ RunTime:0.000039s ]
INFO: [ app_init ] --END-- [ RunTime:0.000652s ]
INFO: [ app_begin ] --START--
INFO: Run Behavior\ReadHtmlCacheBehavior [ RunTime:0.001040s ]
INFO: [ app_begin ] --END-- [ RunTime:0.001176s ]
SQL: SHOW COLUMNS FROM `westyle_admin_user` [ RunTime:0.0049s ]
NOTIC: [8] Use of undefined constant condition - assumed 'condition' F:\wamp\www\westylegit\code\Application\Admin\Controller\LoginController.class.php 第 18 行.
ERR: 1064:You have an error in your SQL syntax; check the manual that corresponds to your MySQL server version for the right syntax to use near 'condition )' at line 1
 [ SQL语句 ] : SELECT * FROM `westyle_admin_user` WHERE ( condition ) 
ERR: 1064:You have an error in your SQL syntax; check the manual that corresponds to your MySQL server version for the right syntax to use near 'condition )' at line 1
 [ SQL语句 ] : SELECT * FROM `westyle_admin_user` WHERE ( condition ) 

[ 2016-12-25T19:16:06+08:00 ] ::1 /westylegit/code/index.php/Admin/Login/index
INFO: [ app_init ] --START--
INFO: Run Behavior\BuildLiteBehavior [ RunTime:0.000079s ]
INFO: [ app_init ] --END-- [ RunTime:0.001212s ]
INFO: [ app_begin ] --START--
INFO: Run Behavior\ReadHtmlCacheBehavior [ RunTime:0.001908s ]
INFO: [ app_begin ] --END-- [ RunTime:0.002568s ]
SQL: SHOW COLUMNS FROM `westyle_admin_user` [ RunTime:0.0048s ]
NOTIC: [8] Undefined variable: _post F:\wamp\www\westylegit\code\Application\Admin\Controller\LoginController.class.php 第 10 行.
NOTIC: [8] Use of undefined constant condition - assumed 'condition' F:\wamp\www\westylegit\code\Application\Admin\Controller\LoginController.class.php 第 11 行.
ERR: 1064:You have an error in your SQL syntax; check the manual that corresponds to your MySQL server version for the right syntax to use near 'condition )' at line 1
 [ SQL语句 ] : SELECT * FROM `westyle_admin_user` WHERE ( condition ) 
ERR: 1064:You have an error in your SQL syntax; check the manual that corresponds to your MySQL server version for the right syntax to use near 'condition )' at line 1
 [ SQL语句 ] : SELECT * FROM `westyle_admin_user` WHERE ( condition ) 

[ 2016-12-25T19:16:23+08:00 ] ::1 /westylegit/code/index.php/Admin/Login/index
INFO: [ app_init ] --START--
INFO: Run Behavior\BuildLiteBehavior [ RunTime:0.000071s ]
INFO: [ app_init ] --END-- [ RunTime:0.001056s ]
INFO: [ app_begin ] --START--
INFO: Run Behavior\ReadHtmlCacheBehavior [ RunTime:0.001167s ]
INFO: [ app_begin ] --END-- [ RunTime:0.001373s ]
SQL: SHOW COLUMNS FROM `westyle_admin_user` [ RunTime:0.0091s ]
NOTIC: [8] Undefined variable: _post F:\wamp\www\westylegit\code\Application\Admin\Controller\LoginController.class.php 第 10 行.
SQL: SELECT * FROM `westyle_admin_user` WHERE `username` = null  [ RunTime:0.0007s ]
INFO: [ view_parse ] --START--
INFO: [ template_filter ] --START--
INFO: Run Behavior\ContentReplaceBehavior [ RunTime:0.000214s ]
INFO: [ template_filter ] --END-- [ RunTime:0.000815s ]
INFO: Run Behavior\ParseTemplateBehavior [ RunTime:0.017912s ]
INFO: [ view_parse ] --END-- [ RunTime:0.018282s ]
INFO: [ view_filter ] --START--
INFO: Run Behavior\WriteHtmlCacheBehavior [ RunTime:0.001255s ]
INFO: Run Behavior\TokenBuildBehavior [ RunTime:0.001738s ]
INFO: [ view_filter ] --END-- [ RunTime:0.003555s ]
INFO: [ app_end ] --START--
INFO: Run Behavior\ShowPageTraceBehavior [ RunTime:0.002542s ]
INFO: [ app_end ] --END-- [ RunTime:0.002922s ]

[ 2016-12-25T19:16:25+08:00 ] ::1 /westylegit/code/index.php/Admin/Login/index
INFO: [ app_init ] --START--
INFO: Run Behavior\BuildLiteBehavior [ RunTime:0.000040s ]
INFO: [ app_init ] --END-- [ RunTime:0.000666s ]
INFO: [ app_begin ] --START--
INFO: Run Behavior\ReadHtmlCacheBehavior [ RunTime:0.001057s ]
INFO: [ app_begin ] --END-- [ RunTime:0.001230s ]
SQL: SHOW COLUMNS FROM `westyle_admin_user` [ RunTime:0.0051s ]
NOTIC: [8] Undefined variable: _post F:\wamp\www\westylegit\code\Application\Admin\Controller\LoginController.class.php 第 10 行.
SQL: SELECT * FROM `westyle_admin_user` WHERE `username` = null  [ RunTime:0.0005s ]
INFO: [ view_parse ] --START--
INFO: [ template_filter ] --START--
INFO: Run Behavior\ContentReplaceBehavior [ RunTime:0.000108s ]
INFO: [ template_filter ] --END-- [ RunTime:0.000338s ]
INFO: Run Behavior\ParseTemplateBehavior [ RunTime:0.012413s ]
INFO: [ view_parse ] --END-- [ RunTime:0.012660s ]
INFO: [ view_filter ] --START--
INFO: Run Behavior\WriteHtmlCacheBehavior [ RunTime:0.000894s ]
INFO: Run Behavior\TokenBuildBehavior [ RunTime:0.001073s ]
INFO: [ view_filter ] --END-- [ RunTime:0.002222s ]
INFO: [ app_end ] --START--
INFO: Run Behavior\ShowPageTraceBehavior [ RunTime:0.001132s ]
INFO: [ app_end ] --END-- [ RunTime:0.001295s ]

[ 2016-12-25T19:16:44+08:00 ] ::1 /westylegit/code/index.php/Admin/Login/index
INFO: [ app_init ] --START--
INFO: Run Behavior\BuildLiteBehavior [ RunTime:0.000111s ]
INFO: [ app_init ] --END-- [ RunTime:0.001277s ]
INFO: [ app_begin ] --START--
INFO: Run Behavior\ReadHtmlCacheBehavior [ RunTime:0.001873s ]
INFO: [ app_begin ] --END-- [ RunTime:0.002255s ]
SQL: SHOW COLUMNS FROM `westyle_admin_user` [ RunTime:0.0070s ]
NOTIC: [8] Undefined variable: _post F:\wamp\www\westylegit\code\Application\Admin\Controller\LoginController.class.php 第 10 行.
SQL: SELECT * FROM `westyle_admin_user` WHERE `username` = null  [ RunTime:0.0006s ]
INFO: [ view_parse ] --START--
INFO: [ template_filter ] --START--
INFO: Run Behavior\ContentReplaceBehavior [ RunTime:0.000208s ]
INFO: [ template_filter ] --END-- [ RunTime:0.000652s ]
INFO: Run Behavior\ParseTemplateBehavior [ RunTime:0.017801s ]
INFO: [ view_parse ] --END-- [ RunTime:0.018173s ]
INFO: [ view_filter ] --START--
INFO: Run Behavior\WriteHtmlCacheBehavior [ RunTime:0.001370s ]
INFO: Run Behavior\TokenBuildBehavior [ RunTime:0.001857s ]
INFO: [ view_filter ] --END-- [ RunTime:0.003747s ]
INFO: [ app_end ] --START--
INFO: Run Behavior\ShowPageTraceBehavior [ RunTime:0.001976s ]
INFO: [ app_end ] --END-- [ RunTime:0.002362s ]

[ 2016-12-25T19:17:28+08:00 ] ::1 /westylegit/code/index.php/Admin/Login/index
INFO: [ app_init ] --START--
INFO: Run Behavior\BuildLiteBehavior [ RunTime:0.000426s ]
INFO: [ app_init ] --END-- [ RunTime:0.002546s ]
INFO: [ app_begin ] --START--
INFO: Run Behavior\ReadHtmlCacheBehavior [ RunTime:0.001846s ]
INFO: [ app_begin ] --END-- [ RunTime:0.002186s ]
SQL: SHOW COLUMNS FROM `westyle_admin_user` [ RunTime:0.0080s ]
ERR: 1054:Unknown column 'password' in 'field list'
 [ SQL语句 ] : SELECT `password` FROM `westyle_admin_user` WHERE `username` = 'admin' LIMIT 1  
ERR: 1054:Unknown column 'password' in 'field list'
 [ SQL语句 ] : SELECT `password` FROM `westyle_admin_user` WHERE `username` = 'admin' LIMIT 1  

[ 2016-12-25T19:18:31+08:00 ] ::1 /westylegit/code/index.php/Admin/Login/index
INFO: [ app_init ] --START--
INFO: Run Behavior\BuildLiteBehavior [ RunTime:0.000042s ]
INFO: [ app_init ] --END-- [ RunTime:0.001036s ]
INFO: [ app_begin ] --START--
INFO: Run Behavior\ReadHtmlCacheBehavior [ RunTime:0.001131s ]
INFO: [ app_begin ] --END-- [ RunTime:0.001307s ]
SQL: SHOW COLUMNS FROM `westyle_admin_user` [ RunTime:0.0787s ]
SQL: SELECT `password` FROM `westyle_admin_user` WHERE `username` = 'admin' LIMIT 1   [ RunTime:0.0005s ]
NOTIC: [8] Uninitialized string offset: 0 F:\wamp\www\westylegit\code\Application\Admin\Controller\LoginController.class.php 第 11 行.
INFO: [ view_parse ] --START--
INFO: [ template_filter ] --START--
INFO: Run Behavior\ContentReplaceBehavior [ RunTime:0.000092s ]
INFO: [ template_filter ] --END-- [ RunTime:0.000251s ]
INFO: Run Behavior\ParseTemplateBehavior [ RunTime:0.011077s ]
INFO: [ view_parse ] --END-- [ RunTime:0.011278s ]
INFO: [ view_filter ] --START--
INFO: Run Behavior\WriteHtmlCacheBehavior [ RunTime:0.000808s ]
INFO: Run Behavior\TokenBuildBehavior [ RunTime:0.001547s ]
INFO: [ view_filter ] --END-- [ RunTime:0.002711s ]
INFO: [ app_end ] --START--
INFO: Run Behavior\ShowPageTraceBehavior [ RunTime:0.001815s ]
INFO: [ app_end ] --END-- [ RunTime:0.002162s ]

[ 2016-12-25T19:18:50+08:00 ] ::1 /westylegit/code/index.php/Admin/Login/index
INFO: [ app_init ] --START--
INFO: Run Behavior\BuildLiteBehavior [ RunTime:0.000037s ]
INFO: [ app_init ] --END-- [ RunTime:0.000723s ]
INFO: [ app_begin ] --START--
INFO: Run Behavior\ReadHtmlCacheBehavior [ RunTime:0.001105s ]
INFO: [ app_begin ] --END-- [ RunTime:0.001261s ]
SQL: SHOW COLUMNS FROM `westyle_admin_user` [ RunTime:0.0047s ]
SQL: SELECT `password` FROM `westyle_admin_user` WHERE `username` = 'admin' LIMIT 1   [ RunTime:0.0005s ]
INFO: [ view_parse ] --START--
INFO: [ template_filter ] --START--
INFO: Run Behavior\ContentReplaceBehavior [ RunTime:0.000091s ]
INFO: [ template_filter ] --END-- [ RunTime:0.000255s ]
INFO: Run Behavior\ParseTemplateBehavior [ RunTime:0.010768s ]
INFO: [ view_parse ] --END-- [ RunTime:0.011019s ]
INFO: [ view_filter ] --START--
INFO: Run Behavior\WriteHtmlCacheBehavior [ RunTime:0.000825s ]
INFO: Run Behavior\TokenBuildBehavior [ RunTime:0.001034s ]
INFO: [ view_filter ] --END-- [ RunTime:0.002092s ]
INFO: [ app_end ] --START--
INFO: Run Behavior\ShowPageTraceBehavior [ RunTime:0.001340s ]
INFO: [ app_end ] --END-- [ RunTime:0.001614s ]

[ 2016-12-25T19:19:33+08:00 ] ::1 /westylegit/code/index.php/Admin/Login/index
INFO: [ app_init ] --START--
INFO: Run Behavior\BuildLiteBehavior [ RunTime:0.000042s ]
INFO: [ app_init ] --END-- [ RunTime:0.000967s ]
INFO: [ app_begin ] --START--
INFO: Run Behavior\ReadHtmlCacheBehavior [ RunTime:0.001795s ]
INFO: [ app_begin ] --END-- [ RunTime:0.002085s ]
SQL: SHOW COLUMNS FROM `westyle_admin_user` [ RunTime:0.0326s ]
SQL: SELECT `password` FROM `westyle_admin_user` WHERE `username` = 'admin' LIMIT 1   [ RunTime:0.0006s ]
INFO: [ view_parse ] --START--
INFO: [ template_filter ] --START--
INFO: Run Behavior\ContentReplaceBehavior [ RunTime:0.000197s ]
INFO: [ template_filter ] --END-- [ RunTime:0.000559s ]
INFO: Run Behavior\ParseTemplateBehavior [ RunTime:0.017557s ]
INFO: [ view_parse ] --END-- [ RunTime:0.017900s ]
INFO: [ view_filter ] --START--
INFO: Run Behavior\WriteHtmlCacheBehavior [ RunTime:0.001049s ]
INFO: Run Behavior\TokenBuildBehavior [ RunTime:0.001572s ]
INFO: [ view_filter ] --END-- [ RunTime:0.002890s ]
INFO: [ app_end ] --START--
INFO: Run Behavior\ShowPageTraceBehavior [ RunTime:0.001478s ]
INFO: [ app_end ] --END-- [ RunTime:0.001751s ]

[ 2016-12-25T19:20:43+08:00 ] ::1 /westylegit/code/index.php/Admin/Login/index
INFO: [ app_init ] --START--
INFO: Run Behavior\BuildLiteBehavior [ RunTime:0.000041s ]
INFO: [ app_init ] --END-- [ RunTime:0.000820s ]
INFO: [ app_begin ] --START--
INFO: Run Behavior\ReadHtmlCacheBehavior [ RunTime:0.001298s ]
INFO: [ app_begin ] --END-- [ RunTime:0.001492s ]
SQL: SHOW COLUMNS FROM `westyle_admin_user` [ RunTime:0.0060s ]
SQL: SELECT `password` FROM `westyle_admin_user` WHERE `username` = 'admin' LIMIT 1   [ RunTime:0.0006s ]
INFO: [ view_parse ] --START--
INFO: [ template_filter ] --START--
INFO: Run Behavior\ContentReplaceBehavior [ RunTime:0.000107s ]
INFO: [ template_filter ] --END-- [ RunTime:0.000302s ]
INFO: Run Behavior\ParseTemplateBehavior [ RunTime:0.013384s ]
INFO: [ view_parse ] --END-- [ RunTime:0.013738s ]
INFO: [ view_filter ] --START--
INFO: Run Behavior\WriteHtmlCacheBehavior [ RunTime:0.001596s ]
INFO: Run Behavior\TokenBuildBehavior [ RunTime:0.001598s ]
INFO: [ view_filter ] --END-- [ RunTime:0.003609s ]
INFO: [ app_end ] --START--
INFO: Run Behavior\ShowPageTraceBehavior [ RunTime:0.001607s ]
INFO: [ app_end ] --END-- [ RunTime:0.001868s ]

[ 2016-12-25T19:20:56+08:00 ] ::1 /westylegit/code/index.php/Admin/Login/ajax_test.shtml
INFO: [ app_init ] --START--
INFO: Run Behavior\BuildLiteBehavior [ RunTime:0.000035s ]
INFO: [ app_init ] --END-- [ RunTime:0.000671s ]
INFO: [ app_begin ] --START--
INFO: Run Behavior\ReadHtmlCacheBehavior [ RunTime:0.001058s ]
INFO: [ app_begin ] --END-- [ RunTime:0.001199s ]
SQL: SHOW COLUMNS FROM `westyle_admin_user` [ RunTime:0.0080s ]
SQL: SELECT `password` FROM `westyle_admin_user` WHERE `username` = 'opdsd' LIMIT 1   [ RunTime:0.0004s ]

[ 2016-12-25T19:22:36+08:00 ] ::1 /westylegit/code/index.php/Admin/Login/ajax_test.shtml
INFO: [ app_init ] --START--
INFO: Run Behavior\BuildLiteBehavior [ RunTime:0.000035s ]
INFO: [ app_init ] --END-- [ RunTime:0.000671s ]
INFO: [ app_begin ] --START--
INFO: Run Behavior\ReadHtmlCacheBehavior [ RunTime:0.001037s ]
INFO: [ app_begin ] --END-- [ RunTime:0.001167s ]
SQL: SHOW COLUMNS FROM `westyle_admin_user` [ RunTime:0.0047s ]
SQL: SELECT `password` FROM `westyle_admin_user` WHERE `username` = 'opdsd' LIMIT 1   [ RunTime:0.0004s ]

[ 2016-12-25T19:22:46+08:00 ] ::1 /westylegit/code/index.php/Admin/Login/ajax_test.shtml
INFO: [ app_init ] --START--
INFO: Run Behavior\BuildLiteBehavior [ RunTime:0.000034s ]
INFO: [ app_init ] --END-- [ RunTime:0.000645s ]
INFO: [ app_begin ] --START--
INFO: Run Behavior\ReadHtmlCacheBehavior [ RunTime:0.001117s ]
INFO: [ app_begin ] --END-- [ RunTime:0.001287s ]
SQL: SHOW COLUMNS FROM `westyle_admin_user` [ RunTime:0.0081s ]
SQL: SELECT `password` FROM `westyle_admin_user` WHERE `username` = 'admin' LIMIT 1   [ RunTime:0.0004s ]

