[ 2017-07-03T00:51:51+08:00 ] ::1 /whateat/index.php/Admin
INFO: [ app_init ] --START--
INFO: Run Behavior\BuildLiteBehavior [ RunTime:0.000079s ]
INFO: [ app_init ] --END-- [ RunTime:0.025163s ]
INFO: [ app_begin ] --START--
INFO: Run Behavior\ReadHtmlCacheBehavior [ RunTime:0.010148s ]
INFO: [ app_begin ] --END-- [ RunTime:0.010344s ]
SQL: SHOW COLUMNS FROM `whateat_admin_node` [ RunTime:0.2753s ]
SQL: SELECT * FROM `whateat_admin_node` WHERE `controller` = 'Index' ORDER BY sort LIMIT 1   [ RunTime:0.2735s ]

[ 2017-07-03T00:51:54+08:00 ] ::1 /whateat/index.php/Admin/Login/index.shtml
INFO: [ app_init ] --START--
INFO: Run Behavior\BuildLiteBehavior [ RunTime:0.000071s ]
INFO: [ app_init ] --END-- [ RunTime:0.000870s ]
INFO: [ app_begin ] --START--
INFO: Run Behavior\ReadHtmlCacheBehavior [ RunTime:0.000702s ]
INFO: [ app_begin ] --END-- [ RunTime:0.000891s ]
INFO: [ view_parse ] --START--
INFO: [ template_filter ] --START--
INFO: Run Behavior\ContentReplaceBehavior [ RunTime:0.020057s ]
INFO: [ template_filter ] --END-- [ RunTime:0.020254s ]
INFO: Run Behavior\ParseTemplateBehavior [ RunTime:0.082725s ]
INFO: [ view_parse ] --END-- [ RunTime:0.082912s ]
INFO: [ view_filter ] --START--
INFO: Run Behavior\WriteHtmlCacheBehavior [ RunTime:0.008411s ]
INFO: Run Behavior\TokenBuildBehavior [ RunTime:0.011206s ]
INFO: [ view_filter ] --END-- [ RunTime:0.019980s ]
INFO: [ app_end ] --START--
INFO: Run Behavior\ShowPageTraceBehavior [ RunTime:0.002046s ]
INFO: [ app_end ] --END-- [ RunTime:0.002219s ]

