[ 2017-01-13T05:25:08+08:00 ] ::1 /westylegit/code/index.php/Admin/Index/tempo_page
INFO: [ app_init ] --START--
INFO: Run Behavior\BuildLiteBehavior [ RunTime:0.000033s ]
INFO: [ app_init ] --END-- [ RunTime:0.000578s ]
INFO: [ app_begin ] --START--
INFO: Run Behavior\ReadHtmlCacheBehavior [ RunTime:0.001112s ]
INFO: [ app_begin ] --END-- [ RunTime:0.001271s ]
ERR: 非法操作:tempo_page

[ 2017-01-13T05:25:10+08:00 ] ::1 /westylegit/code/index.php/Admin/Index/
INFO: [ app_init ] --START--
INFO: Run Behavior\BuildLiteBehavior [ RunTime:0.000038s ]
INFO: [ app_init ] --END-- [ RunTime:0.000664s ]
INFO: [ app_begin ] --START--
INFO: Run Behavior\ReadHtmlCacheBehavior [ RunTime:0.001112s ]
INFO: [ app_begin ] --END-- [ RunTime:0.001276s ]
SQL: SHOW COLUMNS FROM `westyle_admin_node` [ RunTime:0.1139s ]
SQL: SELECT * FROM `westyle_admin_node` WHERE `controller` = 'Index' ORDER BY sort LIMIT 1   [ RunTime:0.0019s ]
NOTIC: [2] Missing argument 1 for Think\Controller::show(), called in F:\wamp\www\westylegit\code\Application\Admin\Controller\IndexController.class.php on line 156 and defined F:\wamp\www\westylegit\code\ThinkPHP\Library\Think\Controller.class.php 第 68 行.
NOTIC: [8] Undefined variable: content F:\wamp\www\westylegit\code\ThinkPHP\Library\Think\Controller.class.php 第 69 行.
INFO: [ view_parse ] --START--
INFO: [ template_filter ] --START--
INFO: Run Behavior\ContentReplaceBehavior [ RunTime:0.000145s ]
INFO: [ template_filter ] --END-- [ RunTime:0.000465s ]
INFO: Run Behavior\ParseTemplateBehavior [ RunTime:0.022159s ]
INFO: [ view_parse ] --END-- [ RunTime:0.022647s ]
INFO: [ view_filter ] --START--
INFO: Run Behavior\WriteHtmlCacheBehavior [ RunTime:0.001633s ]
INFO: Run Behavior\TokenBuildBehavior [ RunTime:0.001826s ]
INFO: [ view_filter ] --END-- [ RunTime:0.003946s ]
INFO: [ app_end ] --START--
INFO: Run Behavior\ShowPageTraceBehavior [ RunTime:0.001985s ]
INFO: [ app_end ] --END-- [ RunTime:0.002252s ]

[ 2017-01-13T05:25:10+08:00 ] ::1 /westylegit/code/index.php/Admin/Index/top_menu.shtml
INFO: [ app_init ] --START--
INFO: Run Behavior\BuildLiteBehavior [ RunTime:0.000076s ]
INFO: [ app_init ] --END-- [ RunTime:0.001339s ]
INFO: [ app_begin ] --START--
INFO: Run Behavior\ReadHtmlCacheBehavior [ RunTime:0.001917s ]
INFO: [ app_begin ] --END-- [ RunTime:0.002286s ]
NOTIC: [8] Undefined index: pid F:\wamp\www\westylegit\code\Application\Admin\Controller\IndexController.class.php 第 109 行.
NOTIC: [8] Undefined index: pid F:\wamp\www\westylegit\code\Application\Admin\Controller\IndexController.class.php 第 109 行.
NOTIC: [8] Undefined index: pid F:\wamp\www\westylegit\code\Application\Admin\Controller\IndexController.class.php 第 109 行.
NOTIC: [8] Undefined index: pid F:\wamp\www\westylegit\code\Application\Admin\Controller\IndexController.class.php 第 109 行.
NOTIC: [2] Missing argument 1 for Think\Controller::show(), called in F:\wamp\www\westylegit\code\Application\Admin\Controller\IndexController.class.php on line 124 and defined F:\wamp\www\westylegit\code\ThinkPHP\Library\Think\Controller.class.php 第 68 行.
NOTIC: [8] Undefined variable: content F:\wamp\www\westylegit\code\ThinkPHP\Library\Think\Controller.class.php 第 69 行.
INFO: [ view_parse ] --START--
INFO: [ template_filter ] --START--
INFO: Run Behavior\ContentReplaceBehavior [ RunTime:0.000189s ]
INFO: [ template_filter ] --END-- [ RunTime:0.000546s ]
INFO: Run Behavior\ParseTemplateBehavior [ RunTime:0.067524s ]
INFO: [ view_parse ] --END-- [ RunTime:0.067912s ]
INFO: [ view_filter ] --START--
INFO: Run Behavior\WriteHtmlCacheBehavior [ RunTime:0.002031s ]
INFO: Run Behavior\TokenBuildBehavior [ RunTime:0.001215s ]
INFO: [ view_filter ] --END-- [ RunTime:0.003678s ]
INFO: [ app_end ] --START--
INFO: Run Behavior\ShowPageTraceBehavior [ RunTime:0.001235s ]
INFO: [ app_end ] --END-- [ RunTime:0.001409s ]

[ 2017-01-13T05:25:10+08:00 ] ::1 /westylegit/code/index.php/Admin/Index/about_us.shtml
INFO: [ app_init ] --START--
INFO: Run Behavior\BuildLiteBehavior [ RunTime:0.000072s ]
INFO: [ app_init ] --END-- [ RunTime:0.001189s ]
INFO: [ app_begin ] --START--
INFO: Run Behavior\ReadHtmlCacheBehavior [ RunTime:0.001860s ]
INFO: [ app_begin ] --END-- [ RunTime:0.002222s ]
INFO: [ app_end ] --START--
INFO: Run Behavior\ShowPageTraceBehavior [ RunTime:0.002633s ]
INFO: [ app_end ] --END-- [ RunTime:0.003066s ]

[ 2017-01-13T05:25:10+08:00 ] ::1 /westylegit/code/index.php/Admin/Index/home.shtml
INFO: [ app_init ] --START--
INFO: Run Behavior\BuildLiteBehavior [ RunTime:0.000073s ]
INFO: [ app_init ] --END-- [ RunTime:0.001302s ]
INFO: [ app_begin ] --START--
INFO: Run Behavior\ReadHtmlCacheBehavior [ RunTime:0.001648s ]
INFO: [ app_begin ] --END-- [ RunTime:0.001845s ]
INFO: [ app_end ] --START--
INFO: Run Behavior\ShowPageTraceBehavior [ RunTime:0.001768s ]
INFO: [ app_end ] --END-- [ RunTime:0.001972s ]

[ 2017-01-13T05:25:12+08:00 ] ::1 /westylegit/code/index.php/Admin/Index/left_menu?pid=2
INFO: [ app_init ] --START--
INFO: Run Behavior\BuildLiteBehavior [ RunTime:0.000038s ]
INFO: [ app_init ] --END-- [ RunTime:0.000816s ]
INFO: [ app_begin ] --START--
INFO: Run Behavior\ReadHtmlCacheBehavior [ RunTime:0.001381s ]
INFO: [ app_begin ] --END-- [ RunTime:0.001540s ]
NOTIC: [8] Undefined index: pid F:\wamp\www\westylegit\code\Application\Admin\Controller\IndexController.class.php 第 131 行.
NOTIC: [8] Undefined index: pid F:\wamp\www\westylegit\code\Application\Admin\Controller\IndexController.class.php 第 131 行.
NOTIC: [8] Undefined index: pid F:\wamp\www\westylegit\code\Application\Admin\Controller\IndexController.class.php 第 131 行.
NOTIC: [8] Undefined index: pid F:\wamp\www\westylegit\code\Application\Admin\Controller\IndexController.class.php 第 131 行.
NOTIC: [2] Missing argument 1 for Think\Controller::show(), called in F:\wamp\www\westylegit\code\Application\Admin\Controller\IndexController.class.php on line 146 and defined F:\wamp\www\westylegit\code\ThinkPHP\Library\Think\Controller.class.php 第 68 行.
NOTIC: [8] Undefined variable: content F:\wamp\www\westylegit\code\ThinkPHP\Library\Think\Controller.class.php 第 69 行.
INFO: [ view_parse ] --START--
INFO: [ template_filter ] --START--
INFO: Run Behavior\ContentReplaceBehavior [ RunTime:0.000085s ]
INFO: [ template_filter ] --END-- [ RunTime:0.000281s ]
INFO: Run Behavior\ParseTemplateBehavior [ RunTime:0.013128s ]
INFO: [ view_parse ] --END-- [ RunTime:0.013291s ]
INFO: [ view_filter ] --START--
INFO: Run Behavior\WriteHtmlCacheBehavior [ RunTime:0.000942s ]
INFO: Run Behavior\TokenBuildBehavior [ RunTime:0.001065s ]
INFO: [ view_filter ] --END-- [ RunTime:0.002258s ]
INFO: [ app_end ] --START--
INFO: Run Behavior\ShowPageTraceBehavior [ RunTime:0.001130s ]
INFO: [ app_end ] --END-- [ RunTime:0.001277s ]

[ 2017-01-13T05:25:14+08:00 ] ::1 /westylegit/code/index.php/Admin/Operator/operator.shtml
INFO: [ app_init ] --START--
INFO: Run Behavior\BuildLiteBehavior [ RunTime:0.000080s ]
INFO: [ app_init ] --END-- [ RunTime:0.001378s ]
INFO: [ app_begin ] --START--
INFO: Run Behavior\ReadHtmlCacheBehavior [ RunTime:0.001135s ]
INFO: [ app_begin ] --END-- [ RunTime:0.001320s ]
SQL: SHOW COLUMNS FROM `westyle_admin_node` [ RunTime:0.0046s ]
SQL: SELECT * FROM `westyle_admin_node` WHERE `controller` = 'Operator' ORDER BY sort LIMIT 1   [ RunTime:0.0005s ]
SQL: SHOW COLUMNS FROM `westyle_operator` [ RunTime:0.0048s ]
SQL: SHOW COLUMNS FROM `westyle_shop` [ RunTime:0.0047s ]
SQL: SELECT Operator._id AS _id,Operator.operator_email AS operator_email,Operator.operator_name AS operator_name,Operator.operator_password AS operator_password,Operator.shop_id AS shop_id,Shop.name AS shop_name FROM westyle_operator Operator  JOIN westyle_shop Shop ON Operator.shop_id=Shop.id ORDER BY Operator.shop_id desc  [ RunTime:0.0348s ]
INFO: [ view_parse ] --START--
INFO: [ template_filter ] --START--
INFO: Run Behavior\ContentReplaceBehavior [ RunTime:0.000092s ]
INFO: [ template_filter ] --END-- [ RunTime:0.000256s ]
INFO: Run Behavior\ParseTemplateBehavior [ RunTime:0.046588s ]
INFO: [ view_parse ] --END-- [ RunTime:0.046796s ]
INFO: [ view_filter ] --START--
INFO: Run Behavior\WriteHtmlCacheBehavior [ RunTime:0.001103s ]
INFO: Run Behavior\TokenBuildBehavior [ RunTime:0.001244s ]
INFO: [ view_filter ] --END-- [ RunTime:0.002639s ]
INFO: [ app_end ] --START--
INFO: Run Behavior\ShowPageTraceBehavior [ RunTime:0.001194s ]
INFO: [ app_end ] --END-- [ RunTime:0.001363s ]

[ 2017-01-13T05:25:52+08:00 ] ::1 /westylegit/code/index.php/Admin/Operator/operator.shtml
INFO: [ app_init ] --START--
INFO: Run Behavior\BuildLiteBehavior [ RunTime:0.000045s ]
INFO: [ app_init ] --END-- [ RunTime:0.001162s ]
INFO: [ app_begin ] --START--
INFO: Run Behavior\ReadHtmlCacheBehavior [ RunTime:0.001122s ]
INFO: [ app_begin ] --END-- [ RunTime:0.001301s ]
SQL: SHOW COLUMNS FROM `westyle_admin_node` [ RunTime:0.0082s ]
SQL: SELECT * FROM `westyle_admin_node` WHERE `controller` = 'Operator' ORDER BY sort LIMIT 1   [ RunTime:0.0009s ]
SQL: SHOW COLUMNS FROM `westyle_operator` [ RunTime:0.0469s ]
SQL: SHOW COLUMNS FROM `westyle_shop` [ RunTime:0.0047s ]
SQL: SELECT Operator._id AS _id,Operator.operator_email AS operator_email,Operator.operator_name AS operator_name,Operator.operator_password AS operator_password,Operator.shop_id AS shop_id,Shop.name AS shop_name FROM westyle_operator Operator  JOIN westyle_shop Shop ON Operator.shop_id=Shop.id ORDER BY Operator.shop_id desc  [ RunTime:0.0007s ]
INFO: [ view_parse ] --START--
INFO: [ template_filter ] --START--
INFO: Run Behavior\ContentReplaceBehavior [ RunTime:0.000092s ]
INFO: [ template_filter ] --END-- [ RunTime:0.000306s ]
INFO: Run Behavior\ParseTemplateBehavior [ RunTime:0.014625s ]
INFO: [ view_parse ] --END-- [ RunTime:0.014834s ]
INFO: [ view_filter ] --START--
INFO: Run Behavior\WriteHtmlCacheBehavior [ RunTime:0.000954s ]
INFO: Run Behavior\TokenBuildBehavior [ RunTime:0.001077s ]
INFO: [ view_filter ] --END-- [ RunTime:0.002259s ]
INFO: [ app_end ] --START--
INFO: Run Behavior\ShowPageTraceBehavior [ RunTime:0.001141s ]
INFO: [ app_end ] --END-- [ RunTime:0.001289s ]

[ 2017-01-13T05:25:54+08:00 ] ::1 /westylegit/code/index.php/Admin/Operator/update.shtml?id=10
INFO: [ app_init ] --START--
INFO: Run Behavior\BuildLiteBehavior [ RunTime:0.000042s ]
INFO: [ app_init ] --END-- [ RunTime:0.000774s ]
INFO: [ app_begin ] --START--
INFO: Run Behavior\ReadHtmlCacheBehavior [ RunTime:0.001692s ]
INFO: [ app_begin ] --END-- [ RunTime:0.002034s ]
SQL: SHOW COLUMNS FROM `westyle_admin_node` [ RunTime:0.0052s ]
SQL: SELECT * FROM `westyle_admin_node` WHERE `controller` = 'Operator' ORDER BY sort LIMIT 1   [ RunTime:0.0008s ]
SQL: SHOW COLUMNS FROM `westyle_operator` [ RunTime:0.0048s ]
SQL: SELECT * FROM `westyle_operator` WHERE ( _id=10 )  [ RunTime:0.0006s ]
SQL: SHOW COLUMNS FROM `westyle_shop` [ RunTime:0.0054s ]
SQL: SELECT * FROM `westyle_shop` ORDER BY name desc  [ RunTime:0.0007s ]
NOTIC: [2] Missing argument 1 for Think\Controller::show(), called in F:\wamp\www\westylegit\code\Application\Admin\Controller\OperatorController.class.php on line 62 and defined F:\wamp\www\westylegit\code\ThinkPHP\Library\Think\Controller.class.php 第 68 行.
NOTIC: [8] Undefined variable: content F:\wamp\www\westylegit\code\ThinkPHP\Library\Think\Controller.class.php 第 69 行.
INFO: [ view_parse ] --START--
INFO: [ template_filter ] --START--
INFO: Run Behavior\ContentReplaceBehavior [ RunTime:0.000099s ]
INFO: [ template_filter ] --END-- [ RunTime:0.000269s ]
INFO: Run Behavior\ParseTemplateBehavior [ RunTime:0.109489s ]
INFO: [ view_parse ] --END-- [ RunTime:0.109774s ]
INFO: [ view_filter ] --START--
INFO: Run Behavior\WriteHtmlCacheBehavior [ RunTime:0.001001s ]
INFO: Run Behavior\TokenBuildBehavior [ RunTime:0.001217s ]
INFO: [ view_filter ] --END-- [ RunTime:0.002458s ]
INFO: [ app_end ] --START--
INFO: Run Behavior\ShowPageTraceBehavior [ RunTime:0.001116s ]
INFO: [ app_end ] --END-- [ RunTime:0.001263s ]

[ 2017-01-13T05:26:00+08:00 ] ::1 /westylegit/code/index.php/Admin/Operator/post.shtml?method=update&id=10
INFO: [ app_init ] --START--
INFO: Run Behavior\BuildLiteBehavior [ RunTime:0.000045s ]
INFO: [ app_init ] --END-- [ RunTime:0.000827s ]
INFO: [ app_begin ] --START--
INFO: Run Behavior\ReadHtmlCacheBehavior [ RunTime:0.002123s ]
INFO: [ app_begin ] --END-- [ RunTime:0.002540s ]
SQL: SHOW COLUMNS FROM `westyle_admin_node` [ RunTime:0.0061s ]
SQL: SELECT * FROM `westyle_admin_node` WHERE `controller` = 'Operator' ORDER BY sort LIMIT 1   [ RunTime:0.0008s ]
SQL: SHOW COLUMNS FROM `westyle_operator` [ RunTime:0.0056s ]
SQL: UPDATE `westyle_operator` SET `operator_email`='y@s.c',`operator_name`='1212',`shop_id`='1125',`operator_password`='202cb962ac59075b964b07152d234b70' WHERE ( _id=10 ) [ RunTime:0.1282s ]

[ 2017-01-13T05:26:02+08:00 ] ::1 /westylegit/code/index.php/Admin/Operator/operator.shtml
INFO: [ app_init ] --START--
INFO: Run Behavior\BuildLiteBehavior [ RunTime:0.000037s ]
INFO: [ app_init ] --END-- [ RunTime:0.000707s ]
INFO: [ app_begin ] --START--
INFO: Run Behavior\ReadHtmlCacheBehavior [ RunTime:0.002198s ]
INFO: [ app_begin ] --END-- [ RunTime:0.002594s ]
SQL: SHOW COLUMNS FROM `westyle_admin_node` [ RunTime:0.1465s ]
SQL: SELECT * FROM `westyle_admin_node` WHERE `controller` = 'Operator' ORDER BY sort LIMIT 1   [ RunTime:0.0007s ]
SQL: SHOW COLUMNS FROM `westyle_operator` [ RunTime:0.0058s ]
SQL: SHOW COLUMNS FROM `westyle_shop` [ RunTime:0.0059s ]
SQL: SELECT Operator._id AS _id,Operator.operator_email AS operator_email,Operator.operator_name AS operator_name,Operator.operator_password AS operator_password,Operator.shop_id AS shop_id,Shop.name AS shop_name FROM westyle_operator Operator  JOIN westyle_shop Shop ON Operator.shop_id=Shop.id ORDER BY Operator.shop_id desc  [ RunTime:0.0010s ]
INFO: [ view_parse ] --START--
INFO: [ template_filter ] --START--
INFO: Run Behavior\ContentReplaceBehavior [ RunTime:0.000180s ]
INFO: [ template_filter ] --END-- [ RunTime:0.000534s ]
INFO: Run Behavior\ParseTemplateBehavior [ RunTime:0.021821s ]
INFO: [ view_parse ] --END-- [ RunTime:0.022107s ]
INFO: [ view_filter ] --START--
INFO: Run Behavior\WriteHtmlCacheBehavior [ RunTime:0.001601s ]
INFO: Run Behavior\TokenBuildBehavior [ RunTime:0.001938s ]
INFO: [ view_filter ] --END-- [ RunTime:0.003978s ]
INFO: [ app_end ] --START--
INFO: Run Behavior\ShowPageTraceBehavior [ RunTime:0.001901s ]
INFO: [ app_end ] --END-- [ RunTime:0.002190s ]

