[ 2017-06-25T18:07:44+08:00 ] ::1 /whateat/index.php/Admin
INFO: [ app_init ] --START--
INFO: Run Behavior\BuildLiteBehavior [ RunTime:0.000072s ]
INFO: [ app_init ] --END-- [ RunTime:0.001437s ]
INFO: [ app_begin ] --START--
INFO: Run Behavior\ReadHtmlCacheBehavior [ RunTime:0.001650s ]
INFO: [ app_begin ] --END-- [ RunTime:0.001898s ]
SQL: SHOW COLUMNS FROM `westyle_admin_node` [ RunTime:0.3633s ]
SQL: SELECT * FROM `westyle_admin_node` WHERE `controller` = 'Index' ORDER BY sort LIMIT 1   [ RunTime:0.0053s ]

[ 2017-06-25T18:07:46+08:00 ] ::1 /whateat/index.php/Admin/Login/index.shtml
INFO: [ app_init ] --START--
INFO: Run Behavior\BuildLiteBehavior [ RunTime:0.000036s ]
INFO: [ app_init ] --END-- [ RunTime:0.000594s ]
INFO: [ app_begin ] --START--
INFO: Run Behavior\ReadHtmlCacheBehavior [ RunTime:0.000681s ]
INFO: [ app_begin ] --END-- [ RunTime:0.000872s ]
INFO: [ view_parse ] --START--
INFO: [ template_filter ] --START--
INFO: Run Behavior\ContentReplaceBehavior [ RunTime:0.002071s ]
INFO: [ template_filter ] --END-- [ RunTime:0.002278s ]
INFO: Run Behavior\ParseTemplateBehavior [ RunTime:0.114320s ]
INFO: [ view_parse ] --END-- [ RunTime:0.114514s ]
INFO: [ view_filter ] --START--
INFO: Run Behavior\WriteHtmlCacheBehavior [ RunTime:0.014593s ]
INFO: Run Behavior\TokenBuildBehavior [ RunTime:0.011083s ]
INFO: [ view_filter ] --END-- [ RunTime:0.026055s ]
INFO: [ app_end ] --START--
INFO: Run Behavior\ShowPageTraceBehavior [ RunTime:0.002258s ]
INFO: [ app_end ] --END-- [ RunTime:0.002443s ]

[ 2017-06-25T18:08:10+08:00 ] ::1 /whateat/index.php/Admin/Login/verify.shtml
INFO: [ app_init ] --START--
INFO: Run Behavior\BuildLiteBehavior [ RunTime:0.000040s ]
INFO: [ app_init ] --END-- [ RunTime:0.001115s ]
INFO: [ app_begin ] --START--
INFO: Run Behavior\ReadHtmlCacheBehavior [ RunTime:0.001020s ]
INFO: [ app_begin ] --END-- [ RunTime:0.001253s ]
SQL: SHOW COLUMNS FROM `westyle_admin_user` [ RunTime:0.0648s ]
SQL: SHOW COLUMNS FROM `westyle_admin_node` [ RunTime:0.0059s ]
SQL: SELECT * FROM `westyle_admin_node` ORDER BY id  [ RunTime:0.0006s ]

[ 2017-06-25T18:08:10+08:00 ] ::1 /whateat/index.php/Admin/Index/index.shtml
INFO: [ app_init ] --START--
INFO: Run Behavior\BuildLiteBehavior [ RunTime:0.000036s ]
INFO: [ app_init ] --END-- [ RunTime:0.000601s ]
INFO: [ app_begin ] --START--
INFO: Run Behavior\ReadHtmlCacheBehavior [ RunTime:0.000641s ]
INFO: [ app_begin ] --END-- [ RunTime:0.000814s ]
SQL: SHOW COLUMNS FROM `westyle_admin_node` [ RunTime:0.0054s ]
SQL: SELECT * FROM `westyle_admin_node` WHERE `controller` = 'Index' ORDER BY sort LIMIT 1   [ RunTime:0.0008s ]
NOTIC: [2] Missing argument 1 for Think\Controller::show(), called in F:\wamp\www\whateat\Application\Admin\Controller\IndexController.class.php on line 199 and defined F:\wamp\www\whateat\ThinkPHP\Library\Think\Controller.class.php 第 68 行.
NOTIC: [8] Undefined variable: content F:\wamp\www\whateat\ThinkPHP\Library\Think\Controller.class.php 第 69 行.
INFO: [ view_parse ] --START--
INFO: [ template_filter ] --START--
INFO: Run Behavior\ContentReplaceBehavior [ RunTime:0.000160s ]
INFO: [ template_filter ] --END-- [ RunTime:0.000455s ]
INFO: Run Behavior\ParseTemplateBehavior [ RunTime:0.019680s ]
INFO: [ view_parse ] --END-- [ RunTime:0.019962s ]
INFO: [ view_filter ] --START--
INFO: Run Behavior\WriteHtmlCacheBehavior [ RunTime:0.001178s ]
INFO: Run Behavior\TokenBuildBehavior [ RunTime:0.001430s ]
INFO: [ view_filter ] --END-- [ RunTime:0.003094s ]
INFO: [ app_end ] --START--
INFO: Run Behavior\ShowPageTraceBehavior [ RunTime:0.001566s ]
INFO: [ app_end ] --END-- [ RunTime:0.001838s ]

[ 2017-06-25T18:08:11+08:00 ] ::1 /whateat/index.php/Admin/Index/top_menu.shtml
INFO: [ app_init ] --START--
INFO: Run Behavior\BuildLiteBehavior [ RunTime:0.000073s ]
INFO: [ app_init ] --END-- [ RunTime:0.001040s ]
INFO: [ app_begin ] --START--
INFO: Run Behavior\ReadHtmlCacheBehavior [ RunTime:0.000947s ]
INFO: [ app_begin ] --END-- [ RunTime:0.001326s ]
NOTIC: [8] Undefined index: pid F:\wamp\www\whateat\Application\Admin\Controller\IndexController.class.php 第 152 行.
NOTIC: [8] Undefined index: pid F:\wamp\www\whateat\Application\Admin\Controller\IndexController.class.php 第 152 行.
NOTIC: [8] Undefined index: pid F:\wamp\www\whateat\Application\Admin\Controller\IndexController.class.php 第 152 行.
NOTIC: [8] Undefined index: pid F:\wamp\www\whateat\Application\Admin\Controller\IndexController.class.php 第 152 行.
NOTIC: [2] Missing argument 1 for Think\Controller::show(), called in F:\wamp\www\whateat\Application\Admin\Controller\IndexController.class.php on line 167 and defined F:\wamp\www\whateat\ThinkPHP\Library\Think\Controller.class.php 第 68 行.
NOTIC: [8] Undefined variable: content F:\wamp\www\whateat\ThinkPHP\Library\Think\Controller.class.php 第 69 行.
INFO: [ view_parse ] --START--
INFO: [ template_filter ] --START--
INFO: Run Behavior\ContentReplaceBehavior [ RunTime:0.000183s ]
INFO: [ template_filter ] --END-- [ RunTime:0.000541s ]
INFO: Run Behavior\ParseTemplateBehavior [ RunTime:0.151401s ]
INFO: [ view_parse ] --END-- [ RunTime:0.151785s ]
INFO: [ view_filter ] --START--
INFO: Run Behavior\WriteHtmlCacheBehavior [ RunTime:0.001100s ]
INFO: Run Behavior\TokenBuildBehavior [ RunTime:0.001117s ]
INFO: [ view_filter ] --END-- [ RunTime:0.002762s ]
INFO: [ app_end ] --START--
INFO: Run Behavior\ShowPageTraceBehavior [ RunTime:0.001419s ]
INFO: [ app_end ] --END-- [ RunTime:0.001678s ]

[ 2017-06-25T18:08:11+08:00 ] ::1 /whateat/index.php/Admin/Index/home.shtml
INFO: [ app_init ] --START--
INFO: Run Behavior\BuildLiteBehavior [ RunTime:0.000069s ]
INFO: [ app_init ] --END-- [ RunTime:0.000978s ]
INFO: [ app_begin ] --START--
INFO: Run Behavior\ReadHtmlCacheBehavior [ RunTime:0.000998s ]
INFO: [ app_begin ] --END-- [ RunTime:0.001387s ]

[ 2017-06-25T18:08:11+08:00 ] ::1 /whateat/index.php/Admin/Index/about_us.shtml
INFO: [ app_init ] --START--
INFO: Run Behavior\BuildLiteBehavior [ RunTime:0.000069s ]
INFO: [ app_init ] --END-- [ RunTime:0.001156s ]
INFO: [ app_begin ] --START--
INFO: Run Behavior\ReadHtmlCacheBehavior [ RunTime:0.001465s ]
INFO: [ app_begin ] --END-- [ RunTime:0.001972s ]
INFO: [ app_end ] --START--
INFO: Run Behavior\ShowPageTraceBehavior [ RunTime:0.002465s ]
INFO: [ app_end ] --END-- [ RunTime:0.002954s ]

[ 2017-06-25T18:08:13+08:00 ] ::1 /whateat/index.php/Admin/Index/left_menu?pid=2
INFO: [ app_init ] --START--
INFO: Run Behavior\BuildLiteBehavior [ RunTime:0.000038s ]
INFO: [ app_init ] --END-- [ RunTime:0.000705s ]
INFO: [ app_begin ] --START--
INFO: Run Behavior\ReadHtmlCacheBehavior [ RunTime:0.000873s ]
INFO: [ app_begin ] --END-- [ RunTime:0.001067s ]
NOTIC: [8] Undefined index: pid F:\wamp\www\whateat\Application\Admin\Controller\IndexController.class.php 第 174 行.
NOTIC: [8] Undefined index: pid F:\wamp\www\whateat\Application\Admin\Controller\IndexController.class.php 第 174 行.
NOTIC: [8] Undefined index: pid F:\wamp\www\whateat\Application\Admin\Controller\IndexController.class.php 第 174 行.
NOTIC: [8] Undefined index: pid F:\wamp\www\whateat\Application\Admin\Controller\IndexController.class.php 第 174 行.
NOTIC: [2] Missing argument 1 for Think\Controller::show(), called in F:\wamp\www\whateat\Application\Admin\Controller\IndexController.class.php on line 189 and defined F:\wamp\www\whateat\ThinkPHP\Library\Think\Controller.class.php 第 68 行.
NOTIC: [8] Undefined variable: content F:\wamp\www\whateat\ThinkPHP\Library\Think\Controller.class.php 第 69 行.
INFO: [ view_parse ] --START--
INFO: [ template_filter ] --START--
INFO: Run Behavior\ContentReplaceBehavior [ RunTime:0.000094s ]
INFO: [ template_filter ] --END-- [ RunTime:0.000275s ]
INFO: Run Behavior\ParseTemplateBehavior [ RunTime:0.131076s ]
INFO: [ view_parse ] --END-- [ RunTime:0.131418s ]
INFO: [ view_filter ] --START--
INFO: Run Behavior\WriteHtmlCacheBehavior [ RunTime:0.000755s ]
INFO: Run Behavior\TokenBuildBehavior [ RunTime:0.000795s ]
INFO: [ view_filter ] --END-- [ RunTime:0.001889s ]
INFO: [ app_end ] --START--
INFO: Run Behavior\ShowPageTraceBehavior [ RunTime:0.000671s ]
INFO: [ app_end ] --END-- [ RunTime:0.000834s ]

[ 2017-06-25T18:08:14+08:00 ] ::1 /whateat/index.php/Admin/City/city.shtml
INFO: [ app_init ] --START--
INFO: Run Behavior\BuildLiteBehavior [ RunTime:0.000038s ]
INFO: [ app_init ] --END-- [ RunTime:0.000614s ]
INFO: [ app_begin ] --START--
INFO: Run Behavior\ReadHtmlCacheBehavior [ RunTime:0.000917s ]
INFO: [ app_begin ] --END-- [ RunTime:0.001253s ]
SQL: SHOW COLUMNS FROM `westyle_admin_node` [ RunTime:0.0057s ]
SQL: SELECT * FROM `westyle_admin_node` WHERE `controller` = 'City' ORDER BY sort LIMIT 1   [ RunTime:0.0007s ]
SQL: SHOW COLUMNS FROM `westyle_city` [ RunTime:0.0623s ]
SQL: SELECT * FROM `westyle_city` ORDER BY id desc  [ RunTime:0.0005s ]
INFO: [ view_parse ] --START--
INFO: [ template_filter ] --START--
INFO: Run Behavior\ContentReplaceBehavior [ RunTime:0.000097s ]
INFO: [ template_filter ] --END-- [ RunTime:0.000272s ]
INFO: Run Behavior\ParseTemplateBehavior [ RunTime:0.026786s ]
INFO: [ view_parse ] --END-- [ RunTime:0.027166s ]
INFO: [ view_filter ] --START--
INFO: Run Behavior\WriteHtmlCacheBehavior [ RunTime:0.000480s ]
INFO: Run Behavior\TokenBuildBehavior [ RunTime:0.000594s ]
INFO: [ view_filter ] --END-- [ RunTime:0.001394s ]
INFO: [ app_end ] --START--
INFO: Run Behavior\ShowPageTraceBehavior [ RunTime:0.000618s ]
INFO: [ app_end ] --END-- [ RunTime:0.000779s ]

[ 2017-06-25T18:08:16+08:00 ] ::1 /whateat/index.php/Admin/CommercialArea/commercial_area.shtml
INFO: [ app_init ] --START--
INFO: Run Behavior\BuildLiteBehavior [ RunTime:0.000038s ]
INFO: [ app_init ] --END-- [ RunTime:0.000621s ]
INFO: [ app_begin ] --START--
INFO: Run Behavior\ReadHtmlCacheBehavior [ RunTime:0.000895s ]
INFO: [ app_begin ] --END-- [ RunTime:0.001171s ]
SQL: SHOW COLUMNS FROM `westyle_admin_node` [ RunTime:0.0102s ]
SQL: SELECT * FROM `westyle_admin_node` WHERE `controller` = 'CommercialArea' ORDER BY sort LIMIT 1   [ RunTime:0.0006s ]
SQL: SHOW COLUMNS FROM `westyle_commercial_area` [ RunTime:0.0276s ]
SQL: SHOW COLUMNS FROM `westyle_city` [ RunTime:0.0050s ]
SQL: SELECT CommercialArea.id AS id,CommercialArea.city AS city,CommercialArea.description AS description,CommercialArea.area_name AS area_name,City.name AS city_name,City.country AS country FROM westyle_commercial_area CommercialArea  JOIN westyle_city City ON City.id=CommercialArea.city ORDER BY CommercialArea.id desc  [ RunTime:0.0793s ]
INFO: [ view_parse ] --START--
INFO: [ template_filter ] --START--
INFO: Run Behavior\ContentReplaceBehavior [ RunTime:0.000102s ]
INFO: [ template_filter ] --END-- [ RunTime:0.000282s ]
INFO: Run Behavior\ParseTemplateBehavior [ RunTime:0.042493s ]
INFO: [ view_parse ] --END-- [ RunTime:0.042793s ]
INFO: [ view_filter ] --START--
INFO: Run Behavior\WriteHtmlCacheBehavior [ RunTime:0.000574s ]
INFO: Run Behavior\TokenBuildBehavior [ RunTime:0.000779s ]
INFO: [ view_filter ] --END-- [ RunTime:0.001738s ]
INFO: [ app_end ] --START--
INFO: Run Behavior\ShowPageTraceBehavior [ RunTime:0.000779s ]
INFO: [ app_end ] --END-- [ RunTime:0.001017s ]

[ 2017-06-25T18:08:17+08:00 ] ::1 /whateat/index.php/Admin/Shop/shop.shtml
INFO: [ app_init ] --START--
INFO: Run Behavior\BuildLiteBehavior [ RunTime:0.000037s ]
INFO: [ app_init ] --END-- [ RunTime:0.000608s ]
INFO: [ app_begin ] --START--
INFO: Run Behavior\ReadHtmlCacheBehavior [ RunTime:0.000633s ]
INFO: [ app_begin ] --END-- [ RunTime:0.000808s ]
SQL: SHOW COLUMNS FROM `westyle_admin_node` [ RunTime:0.0056s ]
SQL: SELECT * FROM `westyle_admin_node` WHERE `controller` = 'Shop' ORDER BY sort LIMIT 1   [ RunTime:0.0007s ]
SQL: SHOW COLUMNS FROM `westyle_shop` [ RunTime:0.0152s ]
SQL: SHOW COLUMNS FROM `westyle_commercial_area` [ RunTime:0.0053s ]
SQL: SHOW COLUMNS FROM `westyle_city` [ RunTime:0.0052s ]
SQL: SELECT Shop.id AS id,Shop.name AS name,Shop.adr AS adr,Shop.tel AS tel,Shop.fax AS fax,Shop.email AS email,Shop.level AS level,Shop.longtitude AS longtitude,Shop.latitude AS latitude,Shop.description AS description,Shop.content AS content,Shop.tag AS tag,Shop.link AS link,Shop.sort AS sort,Shop.open_time AS open_time,Shop.tax_return AS tax_return,Shop.area AS area,Shop.city AS city,Shop.commercial_area_id AS commercial_area_id,Shop.Merchant_ID AS Merchant_ID,CommercialArea.area_name AS commercial_area_name,City.name AS city_name FROM westyle_shop Shop  JOIN westyle_commercial_area CommercialArea ON Shop.commercial_area_id = CommercialArea.id  JOIN westyle_city City ON Shop.city = City.id ORDER BY Shop.id desc  [ RunTime:0.0370s ]
INFO: [ view_parse ] --START--
INFO: [ template_filter ] --START--
INFO: Run Behavior\ContentReplaceBehavior [ RunTime:0.000111s ]
INFO: [ template_filter ] --END-- [ RunTime:0.000287s ]
INFO: Run Behavior\ParseTemplateBehavior [ RunTime:0.015421s ]
INFO: [ view_parse ] --END-- [ RunTime:0.015642s ]
INFO: [ view_filter ] --START--
INFO: Run Behavior\WriteHtmlCacheBehavior [ RunTime:0.000404s ]
INFO: Run Behavior\TokenBuildBehavior [ RunTime:0.000668s ]
INFO: [ view_filter ] --END-- [ RunTime:0.001386s ]
INFO: [ app_end ] --START--
INFO: Run Behavior\ShowPageTraceBehavior [ RunTime:0.000728s ]
INFO: [ app_end ] --END-- [ RunTime:0.000999s ]

[ 2017-06-25T18:08:18+08:00 ] ::1 /whateat/index.php/Admin/Operator/operator.shtml
INFO: [ app_init ] --START--
INFO: Run Behavior\BuildLiteBehavior [ RunTime:0.000040s ]
INFO: [ app_init ] --END-- [ RunTime:0.000656s ]
INFO: [ app_begin ] --START--
INFO: Run Behavior\ReadHtmlCacheBehavior [ RunTime:0.000625s ]
INFO: [ app_begin ] --END-- [ RunTime:0.000803s ]
SQL: SHOW COLUMNS FROM `westyle_admin_node` [ RunTime:0.0058s ]
SQL: SELECT * FROM `westyle_admin_node` WHERE `controller` = 'Operator' ORDER BY sort LIMIT 1   [ RunTime:0.0006s ]
SQL: SHOW COLUMNS FROM `westyle_operator` [ RunTime:0.0299s ]
SQL: SHOW COLUMNS FROM `westyle_shop` [ RunTime:0.0054s ]
SQL: SELECT Operator._id AS _id,Operator.operator_email AS operator_email,Operator.operator_name AS operator_name,Operator.operator_password AS operator_password,Operator.shop_id AS shop_id,Shop.name AS shop_name FROM westyle_operator Operator  JOIN westyle_shop Shop ON Operator.shop_id=Shop.id ORDER BY Operator.shop_id desc  [ RunTime:0.0086s ]
INFO: [ view_parse ] --START--
INFO: [ template_filter ] --START--
INFO: Run Behavior\ContentReplaceBehavior [ RunTime:0.000171s ]
INFO: [ template_filter ] --END-- [ RunTime:0.000464s ]
INFO: Run Behavior\ParseTemplateBehavior [ RunTime:0.039678s ]
INFO: [ view_parse ] --END-- [ RunTime:0.040045s ]
INFO: [ view_filter ] --START--
INFO: Run Behavior\WriteHtmlCacheBehavior [ RunTime:0.000596s ]
INFO: Run Behavior\TokenBuildBehavior [ RunTime:0.000964s ]
INFO: [ view_filter ] --END-- [ RunTime:0.002066s ]
INFO: [ app_end ] --START--
INFO: Run Behavior\ShowPageTraceBehavior [ RunTime:0.000925s ]
INFO: [ app_end ] --END-- [ RunTime:0.001252s ]

[ 2017-06-25T18:08:19+08:00 ] ::1 /whateat/index.php/Admin/Voucher/voucher.shtml
INFO: [ app_init ] --START--
INFO: Run Behavior\BuildLiteBehavior [ RunTime:0.000065s ]
INFO: [ app_init ] --END-- [ RunTime:0.000931s ]
INFO: [ app_begin ] --START--
INFO: Run Behavior\ReadHtmlCacheBehavior [ RunTime:0.001990s ]
INFO: [ app_begin ] --END-- [ RunTime:0.002403s ]
SQL: SHOW COLUMNS FROM `westyle_admin_node` [ RunTime:0.0067s ]
SQL: SELECT * FROM `westyle_admin_node` WHERE `controller` = 'Voucher' ORDER BY sort LIMIT 1   [ RunTime:0.0008s ]
SQL: SHOW COLUMNS FROM `westyle_voucher` [ RunTime:0.0939s ]
SQL: SELECT * FROM `westyle_voucher` ORDER BY _id desc  [ RunTime:0.0008s ]
SQL: SHOW COLUMNS FROM `westyle_voucher_trade` [ RunTime:0.0301s ]
NOTIC: [8] Use of undefined constant _id - assumed '_id' F:\wamp\www\whateat\Application\Admin\Controller\VoucherController.class.php 第 18 行.
SQL: SELECT COUNT(*) AS tp_count FROM `westyle_voucher_trade` WHERE ( voucher_id=5 ) LIMIT 1   [ RunTime:0.0318s ]
NOTIC: [8] Use of undefined constant _id - assumed '_id' F:\wamp\www\whateat\Application\Admin\Controller\VoucherController.class.php 第 19 行.
SQL: SELECT SUM(trans_amount) AS tp_sum FROM `westyle_voucher_trade` WHERE ( voucher_id=5 ) LIMIT 1   [ RunTime:0.0065s ]
NOTIC: [8] Use of undefined constant _id - assumed '_id' F:\wamp\www\whateat\Application\Admin\Controller\VoucherController.class.php 第 18 行.
SQL: SELECT COUNT(*) AS tp_count FROM `westyle_voucher_trade` WHERE ( voucher_id=4 ) LIMIT 1   [ RunTime:0.0007s ]
NOTIC: [8] Use of undefined constant _id - assumed '_id' F:\wamp\www\whateat\Application\Admin\Controller\VoucherController.class.php 第 19 行.
SQL: SELECT SUM(trans_amount) AS tp_sum FROM `westyle_voucher_trade` WHERE ( voucher_id=4 ) LIMIT 1   [ RunTime:0.0007s ]
NOTIC: [8] Use of undefined constant _id - assumed '_id' F:\wamp\www\whateat\Application\Admin\Controller\VoucherController.class.php 第 18 行.
SQL: SELECT COUNT(*) AS tp_count FROM `westyle_voucher_trade` WHERE ( voucher_id=3 ) LIMIT 1   [ RunTime:0.0006s ]
NOTIC: [8] Use of undefined constant _id - assumed '_id' F:\wamp\www\whateat\Application\Admin\Controller\VoucherController.class.php 第 19 行.
SQL: SELECT SUM(trans_amount) AS tp_sum FROM `westyle_voucher_trade` WHERE ( voucher_id=3 ) LIMIT 1   [ RunTime:0.0006s ]
NOTIC: [8] Use of undefined constant _id - assumed '_id' F:\wamp\www\whateat\Application\Admin\Controller\VoucherController.class.php 第 18 行.
SQL: SELECT COUNT(*) AS tp_count FROM `westyle_voucher_trade` WHERE ( voucher_id=2 ) LIMIT 1   [ RunTime:0.0007s ]
NOTIC: [8] Use of undefined constant _id - assumed '_id' F:\wamp\www\whateat\Application\Admin\Controller\VoucherController.class.php 第 19 行.
SQL: SELECT SUM(trans_amount) AS tp_sum FROM `westyle_voucher_trade` WHERE ( voucher_id=2 ) LIMIT 1   [ RunTime:0.0007s ]
NOTIC: [8] Use of undefined constant _id - assumed '_id' F:\wamp\www\whateat\Application\Admin\Controller\VoucherController.class.php 第 18 行.
SQL: SELECT COUNT(*) AS tp_count FROM `westyle_voucher_trade` WHERE ( voucher_id=1 ) LIMIT 1   [ RunTime:0.0007s ]
NOTIC: [8] Use of undefined constant _id - assumed '_id' F:\wamp\www\whateat\Application\Admin\Controller\VoucherController.class.php 第 19 行.
SQL: SELECT SUM(trans_amount) AS tp_sum FROM `westyle_voucher_trade` WHERE ( voucher_id=1 ) LIMIT 1   [ RunTime:0.0007s ]
INFO: [ view_parse ] --START--
INFO: [ template_filter ] --START--
INFO: Run Behavior\ContentReplaceBehavior [ RunTime:0.000178s ]
INFO: [ template_filter ] --END-- [ RunTime:0.000521s ]
INFO: Run Behavior\ParseTemplateBehavior [ RunTime:0.139481s ]
INFO: [ view_parse ] --END-- [ RunTime:0.139996s ]
INFO: [ view_filter ] --START--
INFO: Run Behavior\WriteHtmlCacheBehavior [ RunTime:0.000406s ]
INFO: Run Behavior\TokenBuildBehavior [ RunTime:0.000714s ]
INFO: [ view_filter ] --END-- [ RunTime:0.001381s ]
INFO: [ app_end ] --START--
INFO: Run Behavior\ShowPageTraceBehavior [ RunTime:0.000875s ]
INFO: [ app_end ] --END-- [ RunTime:0.001141s ]

[ 2017-06-25T23:14:26+08:00 ] ::1 /whateat/index.php/Admin/Index/index.shtml
INFO: [ app_init ] --START--
INFO: Run Behavior\BuildLiteBehavior [ RunTime:0.000040s ]
INFO: [ app_init ] --END-- [ RunTime:0.030845s ]
INFO: [ app_begin ] --START--
INFO: Run Behavior\ReadHtmlCacheBehavior [ RunTime:0.001802s ]
INFO: [ app_begin ] --END-- [ RunTime:0.002012s ]
ERR: SQLSTATE[HY000] [1049] Unknown database 'whateat_main'

[ 2017-06-25T23:40:05+08:00 ] ::1 /whateat/index.php/Admin
INFO: [ app_init ] --START--
INFO: Run Behavior\BuildLiteBehavior [ RunTime:0.000072s ]
INFO: [ app_init ] --END-- [ RunTime:0.001002s ]
INFO: [ app_begin ] --START--
INFO: Run Behavior\ReadHtmlCacheBehavior [ RunTime:0.001033s ]
INFO: [ app_begin ] --END-- [ RunTime:0.001326s ]
SQL: SHOW COLUMNS FROM `whateat_admin_node` [ RunTime:0.1011s ]
SQL: SELECT * FROM `whateat_admin_node` WHERE `controller` = 'Index' ORDER BY sort LIMIT 1   [ RunTime:0.0008s ]
NOTIC: [2] Missing argument 1 for Think\Controller::show(), called in F:\wamp\www\whateat\Application\Admin\Controller\IndexController.class.php on line 199 and defined F:\wamp\www\whateat\ThinkPHP\Library\Think\Controller.class.php 第 68 行.
NOTIC: [8] Undefined variable: content F:\wamp\www\whateat\ThinkPHP\Library\Think\Controller.class.php 第 69 行.
INFO: [ view_parse ] --START--
INFO: [ template_filter ] --START--
INFO: Run Behavior\ContentReplaceBehavior [ RunTime:0.000201s ]
INFO: [ template_filter ] --END-- [ RunTime:0.000559s ]
INFO: Run Behavior\ParseTemplateBehavior [ RunTime:0.166472s ]
INFO: [ view_parse ] --END-- [ RunTime:0.166783s ]
INFO: [ view_filter ] --START--
INFO: Run Behavior\WriteHtmlCacheBehavior [ RunTime:0.007194s ]
INFO: Run Behavior\TokenBuildBehavior [ RunTime:0.001851s ]
INFO: [ view_filter ] --END-- [ RunTime:0.009539s ]
INFO: [ app_end ] --START--
INFO: Run Behavior\ShowPageTraceBehavior [ RunTime:0.000693s ]
INFO: [ app_end ] --END-- [ RunTime:0.000880s ]

[ 2017-06-25T23:40:05+08:00 ] ::1 /whateat/index.php/Admin/Index/top_menu.shtml
INFO: [ app_init ] --START--
INFO: Run Behavior\BuildLiteBehavior [ RunTime:0.000070s ]
INFO: [ app_init ] --END-- [ RunTime:0.000962s ]
INFO: [ app_begin ] --START--
INFO: Run Behavior\ReadHtmlCacheBehavior [ RunTime:0.002309s ]
INFO: [ app_begin ] --END-- [ RunTime:0.002669s ]
NOTIC: [8] Undefined index: pid F:\wamp\www\whateat\Application\Admin\Controller\IndexController.class.php 第 152 行.
NOTIC: [8] Undefined index: pid F:\wamp\www\whateat\Application\Admin\Controller\IndexController.class.php 第 152 行.
NOTIC: [8] Undefined index: pid F:\wamp\www\whateat\Application\Admin\Controller\IndexController.class.php 第 152 行.
NOTIC: [8] Undefined index: pid F:\wamp\www\whateat\Application\Admin\Controller\IndexController.class.php 第 152 行.
NOTIC: [2] Missing argument 1 for Think\Controller::show(), called in F:\wamp\www\whateat\Application\Admin\Controller\IndexController.class.php on line 167 and defined F:\wamp\www\whateat\ThinkPHP\Library\Think\Controller.class.php 第 68 行.
NOTIC: [8] Undefined variable: content F:\wamp\www\whateat\ThinkPHP\Library\Think\Controller.class.php 第 69 行.
INFO: [ view_parse ] --START--
INFO: [ template_filter ] --START--
INFO: Run Behavior\ContentReplaceBehavior [ RunTime:0.000191s ]
INFO: [ template_filter ] --END-- [ RunTime:0.000564s ]
INFO: Run Behavior\ParseTemplateBehavior [ RunTime:0.034815s ]
INFO: [ view_parse ] --END-- [ RunTime:0.035191s ]
INFO: [ view_filter ] --START--
INFO: Run Behavior\WriteHtmlCacheBehavior [ RunTime:0.001580s ]
INFO: Run Behavior\TokenBuildBehavior [ RunTime:0.001737s ]
INFO: [ view_filter ] --END-- [ RunTime:0.003893s ]
INFO: [ app_end ] --START--
INFO: Run Behavior\ShowPageTraceBehavior [ RunTime:0.001134s ]
INFO: [ app_end ] --END-- [ RunTime:0.001678s ]

[ 2017-06-25T23:40:05+08:00 ] ::1 /whateat/index.php/Admin/Index/about_us.shtml
INFO: [ app_init ] --START--
INFO: Run Behavior\BuildLiteBehavior [ RunTime:0.000075s ]
INFO: [ app_init ] --END-- [ RunTime:0.001163s ]
INFO: [ app_begin ] --START--
INFO: Run Behavior\ReadHtmlCacheBehavior [ RunTime:0.001761s ]
INFO: [ app_begin ] --END-- [ RunTime:0.002343s ]
INFO: [ app_end ] --START--
INFO: Run Behavior\ShowPageTraceBehavior [ RunTime:0.003371s ]
INFO: [ app_end ] --END-- [ RunTime:0.003889s ]

[ 2017-06-25T23:40:05+08:00 ] ::1 /whateat/index.php/Admin/Index/home.shtml
INFO: [ app_init ] --START--
INFO: Run Behavior\BuildLiteBehavior [ RunTime:0.000061s ]
INFO: [ app_init ] --END-- [ RunTime:0.001071s ]
INFO: [ app_begin ] --START--
INFO: Run Behavior\ReadHtmlCacheBehavior [ RunTime:0.001806s ]
INFO: [ app_begin ] --END-- [ RunTime:0.002172s ]

[ 2017-06-25T23:40:08+08:00 ] ::1 /whateat/index.php/Admin/Index/left_menu?pid=2
INFO: [ app_init ] --START--
INFO: Run Behavior\BuildLiteBehavior [ RunTime:0.000074s ]
INFO: [ app_init ] --END-- [ RunTime:0.001182s ]
INFO: [ app_begin ] --START--
INFO: Run Behavior\ReadHtmlCacheBehavior [ RunTime:0.001090s ]
INFO: [ app_begin ] --END-- [ RunTime:0.001270s ]
NOTIC: [8] Undefined index: pid F:\wamp\www\whateat\Application\Admin\Controller\IndexController.class.php 第 174 行.
NOTIC: [8] Undefined index: pid F:\wamp\www\whateat\Application\Admin\Controller\IndexController.class.php 第 174 行.
NOTIC: [8] Undefined index: pid F:\wamp\www\whateat\Application\Admin\Controller\IndexController.class.php 第 174 行.
NOTIC: [8] Undefined index: pid F:\wamp\www\whateat\Application\Admin\Controller\IndexController.class.php 第 174 行.
NOTIC: [2] Missing argument 1 for Think\Controller::show(), called in F:\wamp\www\whateat\Application\Admin\Controller\IndexController.class.php on line 189 and defined F:\wamp\www\whateat\ThinkPHP\Library\Think\Controller.class.php 第 68 行.
NOTIC: [8] Undefined variable: content F:\wamp\www\whateat\ThinkPHP\Library\Think\Controller.class.php 第 69 行.
INFO: [ view_parse ] --START--
INFO: [ template_filter ] --START--
INFO: Run Behavior\ContentReplaceBehavior [ RunTime:0.000089s ]
INFO: [ template_filter ] --END-- [ RunTime:0.000261s ]
INFO: Run Behavior\ParseTemplateBehavior [ RunTime:0.046849s ]
INFO: [ view_parse ] --END-- [ RunTime:0.047249s ]
INFO: [ view_filter ] --START--
INFO: Run Behavior\WriteHtmlCacheBehavior [ RunTime:0.013746s ]
INFO: Run Behavior\TokenBuildBehavior [ RunTime:0.011047s ]
INFO: [ view_filter ] --END-- [ RunTime:0.025306s ]
INFO: [ app_end ] --START--
INFO: Run Behavior\ShowPageTraceBehavior [ RunTime:0.001352s ]
INFO: [ app_end ] --END-- [ RunTime:0.001598s ]

[ 2017-06-25T23:40:10+08:00 ] ::1 /whateat/index.php/Admin/Index/left_menu?pid=7
INFO: [ app_init ] --START--
INFO: Run Behavior\BuildLiteBehavior [ RunTime:0.000074s ]
INFO: [ app_init ] --END-- [ RunTime:0.001192s ]
INFO: [ app_begin ] --START--
INFO: Run Behavior\ReadHtmlCacheBehavior [ RunTime:0.001090s ]
INFO: [ app_begin ] --END-- [ RunTime:0.001348s ]
NOTIC: [8] Undefined index: pid F:\wamp\www\whateat\Application\Admin\Controller\IndexController.class.php 第 174 行.
NOTIC: [8] Undefined index: pid F:\wamp\www\whateat\Application\Admin\Controller\IndexController.class.php 第 174 行.
NOTIC: [8] Undefined index: pid F:\wamp\www\whateat\Application\Admin\Controller\IndexController.class.php 第 174 行.
NOTIC: [8] Undefined index: pid F:\wamp\www\whateat\Application\Admin\Controller\IndexController.class.php 第 174 行.
NOTIC: [2] Missing argument 1 for Think\Controller::show(), called in F:\wamp\www\whateat\Application\Admin\Controller\IndexController.class.php on line 189 and defined F:\wamp\www\whateat\ThinkPHP\Library\Think\Controller.class.php 第 68 行.
NOTIC: [8] Undefined variable: content F:\wamp\www\whateat\ThinkPHP\Library\Think\Controller.class.php 第 69 行.
INFO: [ view_parse ] --START--
INFO: [ template_filter ] --START--
INFO: Run Behavior\ContentReplaceBehavior [ RunTime:0.000173s ]
INFO: [ template_filter ] --END-- [ RunTime:0.000532s ]
INFO: Run Behavior\ParseTemplateBehavior [ RunTime:0.015472s ]
INFO: [ view_parse ] --END-- [ RunTime:0.015670s ]
INFO: [ view_filter ] --START--
INFO: Run Behavior\WriteHtmlCacheBehavior [ RunTime:0.000857s ]
INFO: Run Behavior\TokenBuildBehavior [ RunTime:0.000998s ]
INFO: [ view_filter ] --END-- [ RunTime:0.002111s ]
INFO: [ app_end ] --START--
INFO: Run Behavior\ShowPageTraceBehavior [ RunTime:0.001074s ]
INFO: [ app_end ] --END-- [ RunTime:0.001235s ]

[ 2017-06-25T23:40:14+08:00 ] ::1 /whateat/index.php/Admin/Index/left_menu?pid=15
INFO: [ app_init ] --START--
INFO: Run Behavior\BuildLiteBehavior [ RunTime:0.000062s ]
INFO: [ app_init ] --END-- [ RunTime:0.001047s ]
INFO: [ app_begin ] --START--
INFO: Run Behavior\ReadHtmlCacheBehavior [ RunTime:0.001058s ]
INFO: [ app_begin ] --END-- [ RunTime:0.001243s ]
NOTIC: [8] Undefined index: pid F:\wamp\www\whateat\Application\Admin\Controller\IndexController.class.php 第 174 行.
NOTIC: [8] Undefined index: pid F:\wamp\www\whateat\Application\Admin\Controller\IndexController.class.php 第 174 行.
NOTIC: [8] Undefined index: pid F:\wamp\www\whateat\Application\Admin\Controller\IndexController.class.php 第 174 行.
NOTIC: [8] Undefined index: pid F:\wamp\www\whateat\Application\Admin\Controller\IndexController.class.php 第 174 行.
NOTIC: [2] Missing argument 1 for Think\Controller::show(), called in F:\wamp\www\whateat\Application\Admin\Controller\IndexController.class.php on line 189 and defined F:\wamp\www\whateat\ThinkPHP\Library\Think\Controller.class.php 第 68 行.
NOTIC: [8] Undefined variable: content F:\wamp\www\whateat\ThinkPHP\Library\Think\Controller.class.php 第 69 行.
INFO: [ view_parse ] --START--
INFO: [ template_filter ] --START--
INFO: Run Behavior\ContentReplaceBehavior [ RunTime:0.000087s ]
INFO: [ template_filter ] --END-- [ RunTime:0.000259s ]
INFO: Run Behavior\ParseTemplateBehavior [ RunTime:0.014016s ]
INFO: [ view_parse ] --END-- [ RunTime:0.014317s ]
INFO: [ view_filter ] --START--
INFO: Run Behavior\WriteHtmlCacheBehavior [ RunTime:0.000907s ]
INFO: Run Behavior\TokenBuildBehavior [ RunTime:0.001005s ]
INFO: [ view_filter ] --END-- [ RunTime:0.002241s ]
INFO: [ app_end ] --START--
INFO: Run Behavior\ShowPageTraceBehavior [ RunTime:0.001698s ]
INFO: [ app_end ] --END-- [ RunTime:0.002036s ]

[ 2017-06-25T23:40:16+08:00 ] ::1 /whateat/index.php/Admin/AdminNode/admin_node.shtml
INFO: [ app_init ] --START--
INFO: Run Behavior\BuildLiteBehavior [ RunTime:0.000075s ]
INFO: [ app_init ] --END-- [ RunTime:0.001154s ]
INFO: [ app_begin ] --START--
INFO: Run Behavior\ReadHtmlCacheBehavior [ RunTime:0.001069s ]
INFO: [ app_begin ] --END-- [ RunTime:0.001246s ]
SQL: SHOW COLUMNS FROM `whateat_admin_node` [ RunTime:0.0062s ]
SQL: SELECT * FROM `whateat_admin_node` WHERE `controller` = 'AdminNode' ORDER BY sort LIMIT 1   [ RunTime:0.0008s ]
SQL: SELECT * FROM `whateat_admin_node` ORDER BY level  [ RunTime:0.0006s ]
INFO: [ view_parse ] --START--
INFO: [ template_filter ] --START--
INFO: Run Behavior\ContentReplaceBehavior [ RunTime:0.000107s ]
INFO: [ template_filter ] --END-- [ RunTime:0.000295s ]
INFO: Run Behavior\ParseTemplateBehavior [ RunTime:0.043660s ]
INFO: [ view_parse ] --END-- [ RunTime:0.043973s ]
INFO: [ view_filter ] --START--
INFO: Run Behavior\WriteHtmlCacheBehavior [ RunTime:0.001421s ]
INFO: Run Behavior\TokenBuildBehavior [ RunTime:0.001935s ]
INFO: [ view_filter ] --END-- [ RunTime:0.003912s ]
INFO: [ app_end ] --START--
INFO: Run Behavior\ShowPageTraceBehavior [ RunTime:0.001855s ]
INFO: [ app_end ] --END-- [ RunTime:0.002297s ]

[ 2017-06-25T23:40:49+08:00 ] ::1 /whateat/index.php/Admin/Index/left_menu?pid=16
INFO: [ app_init ] --START--
INFO: Run Behavior\BuildLiteBehavior [ RunTime:0.000038s ]
INFO: [ app_init ] --END-- [ RunTime:0.000725s ]
INFO: [ app_begin ] --START--
INFO: Run Behavior\ReadHtmlCacheBehavior [ RunTime:0.001561s ]
INFO: [ app_begin ] --END-- [ RunTime:0.001880s ]
NOTIC: [8] Undefined index: pid F:\wamp\www\whateat\Application\Admin\Controller\IndexController.class.php 第 174 行.
NOTIC: [8] Undefined index: pid F:\wamp\www\whateat\Application\Admin\Controller\IndexController.class.php 第 174 行.
NOTIC: [8] Undefined index: pid F:\wamp\www\whateat\Application\Admin\Controller\IndexController.class.php 第 174 行.
NOTIC: [8] Undefined index: pid F:\wamp\www\whateat\Application\Admin\Controller\IndexController.class.php 第 174 行.
NOTIC: [2] Missing argument 1 for Think\Controller::show(), called in F:\wamp\www\whateat\Application\Admin\Controller\IndexController.class.php on line 189 and defined F:\wamp\www\whateat\ThinkPHP\Library\Think\Controller.class.php 第 68 行.
NOTIC: [8] Undefined variable: content F:\wamp\www\whateat\ThinkPHP\Library\Think\Controller.class.php 第 69 行.
INFO: [ view_parse ] --START--
INFO: [ template_filter ] --START--
INFO: Run Behavior\ContentReplaceBehavior [ RunTime:0.000088s ]
INFO: [ template_filter ] --END-- [ RunTime:0.000261s ]
INFO: Run Behavior\ParseTemplateBehavior [ RunTime:0.014139s ]
INFO: [ view_parse ] --END-- [ RunTime:0.014354s ]
INFO: [ view_filter ] --START--
INFO: Run Behavior\WriteHtmlCacheBehavior [ RunTime:0.001340s ]
INFO: Run Behavior\TokenBuildBehavior [ RunTime:0.002156s ]
INFO: [ view_filter ] --END-- [ RunTime:0.004017s ]
INFO: [ app_end ] --START--
INFO: Run Behavior\ShowPageTraceBehavior [ RunTime:0.001471s ]
INFO: [ app_end ] --END-- [ RunTime:0.001707s ]

[ 2017-06-25T23:40:51+08:00 ] ::1 /whateat/index.php/Admin/AlipayTrade/alipay_trade.shtml
INFO: [ app_init ] --START--
INFO: Run Behavior\BuildLiteBehavior [ RunTime:0.000040s ]
INFO: [ app_init ] --END-- [ RunTime:0.001242s ]
INFO: [ app_begin ] --START--
INFO: Run Behavior\ReadHtmlCacheBehavior [ RunTime:0.001102s ]
INFO: [ app_begin ] --END-- [ RunTime:0.001283s ]
SQL: SHOW COLUMNS FROM `whateat_admin_node` [ RunTime:0.0059s ]
SQL: SELECT * FROM `whateat_admin_node` WHERE `controller` = 'AlipayTrade' ORDER BY sort LIMIT 1   [ RunTime:0.0005s ]

[ 2017-06-25T23:40:52+08:00 ] ::1 /whateat/index.php/Admin/Receipt/receipt.shtml
INFO: [ app_init ] --START--
INFO: Run Behavior\BuildLiteBehavior [ RunTime:0.000038s ]
INFO: [ app_init ] --END-- [ RunTime:0.000835s ]
INFO: [ app_begin ] --START--
INFO: Run Behavior\ReadHtmlCacheBehavior [ RunTime:0.001588s ]
INFO: [ app_begin ] --END-- [ RunTime:0.001942s ]
SQL: SHOW COLUMNS FROM `whateat_admin_node` [ RunTime:0.0060s ]
SQL: SELECT * FROM `whateat_admin_node` WHERE `controller` = 'Receipt' ORDER BY sort LIMIT 1   [ RunTime:0.0007s ]

[ 2017-06-25T23:40:53+08:00 ] ::1 /whateat/index.php/Admin/Index/left_menu?pid=2
INFO: [ app_init ] --START--
INFO: Run Behavior\BuildLiteBehavior [ RunTime:0.000041s ]
INFO: [ app_init ] --END-- [ RunTime:0.001059s ]
INFO: [ app_begin ] --START--
INFO: Run Behavior\ReadHtmlCacheBehavior [ RunTime:0.001189s ]
INFO: [ app_begin ] --END-- [ RunTime:0.001388s ]
NOTIC: [8] Undefined index: pid F:\wamp\www\whateat\Application\Admin\Controller\IndexController.class.php 第 174 行.
NOTIC: [8] Undefined index: pid F:\wamp\www\whateat\Application\Admin\Controller\IndexController.class.php 第 174 行.
NOTIC: [8] Undefined index: pid F:\wamp\www\whateat\Application\Admin\Controller\IndexController.class.php 第 174 行.
NOTIC: [8] Undefined index: pid F:\wamp\www\whateat\Application\Admin\Controller\IndexController.class.php 第 174 行.
NOTIC: [2] Missing argument 1 for Think\Controller::show(), called in F:\wamp\www\whateat\Application\Admin\Controller\IndexController.class.php on line 189 and defined F:\wamp\www\whateat\ThinkPHP\Library\Think\Controller.class.php 第 68 行.
NOTIC: [8] Undefined variable: content F:\wamp\www\whateat\ThinkPHP\Library\Think\Controller.class.php 第 69 行.
INFO: [ view_parse ] --START--
INFO: [ template_filter ] --START--
INFO: Run Behavior\ContentReplaceBehavior [ RunTime:0.000091s ]
INFO: [ template_filter ] --END-- [ RunTime:0.000269s ]
INFO: Run Behavior\ParseTemplateBehavior [ RunTime:0.013135s ]
INFO: [ view_parse ] --END-- [ RunTime:0.013435s ]
INFO: [ view_filter ] --START--
INFO: Run Behavior\WriteHtmlCacheBehavior [ RunTime:0.001285s ]
INFO: Run Behavior\TokenBuildBehavior [ RunTime:0.001650s ]
INFO: [ view_filter ] --END-- [ RunTime:0.003403s ]
INFO: [ app_end ] --START--
INFO: Run Behavior\ShowPageTraceBehavior [ RunTime:0.001634s ]
INFO: [ app_end ] --END-- [ RunTime:0.001984s ]

[ 2017-06-25T23:40:55+08:00 ] ::1 /whateat/index.php/Admin/CommercialArea/commercial_area.shtml
INFO: [ app_init ] --START--
INFO: Run Behavior\BuildLiteBehavior [ RunTime:0.000072s ]
INFO: [ app_init ] --END-- [ RunTime:0.001176s ]
INFO: [ app_begin ] --START--
INFO: Run Behavior\ReadHtmlCacheBehavior [ RunTime:0.001062s ]
INFO: [ app_begin ] --END-- [ RunTime:0.001246s ]
SQL: SHOW COLUMNS FROM `whateat_admin_node` [ RunTime:0.0061s ]
SQL: SELECT * FROM `whateat_admin_node` WHERE `controller` = 'CommercialArea' ORDER BY sort LIMIT 1   [ RunTime:0.0005s ]

[ 2017-06-25T23:41:00+08:00 ] ::1 /whateat/index.php/Admin
INFO: [ app_init ] --START--
INFO: Run Behavior\BuildLiteBehavior [ RunTime:0.000037s ]
INFO: [ app_init ] --END-- [ RunTime:0.000704s ]
INFO: [ app_begin ] --START--
INFO: Run Behavior\ReadHtmlCacheBehavior [ RunTime:0.001244s ]
INFO: [ app_begin ] --END-- [ RunTime:0.001537s ]
SQL: SHOW COLUMNS FROM `whateat_admin_node` [ RunTime:0.0054s ]
SQL: SELECT * FROM `whateat_admin_node` WHERE `controller` = 'Index' ORDER BY sort LIMIT 1   [ RunTime:0.0005s ]
NOTIC: [2] Missing argument 1 for Think\Controller::show(), called in F:\wamp\www\whateat\Application\Admin\Controller\IndexController.class.php on line 199 and defined F:\wamp\www\whateat\ThinkPHP\Library\Think\Controller.class.php 第 68 行.
NOTIC: [8] Undefined variable: content F:\wamp\www\whateat\ThinkPHP\Library\Think\Controller.class.php 第 69 行.
INFO: [ view_parse ] --START--
INFO: [ template_filter ] --START--
INFO: Run Behavior\ContentReplaceBehavior [ RunTime:0.000170s ]
INFO: [ template_filter ] --END-- [ RunTime:0.000528s ]
INFO: Run Behavior\ParseTemplateBehavior [ RunTime:0.014740s ]
INFO: [ view_parse ] --END-- [ RunTime:0.014917s ]
INFO: [ view_filter ] --START--
INFO: Run Behavior\WriteHtmlCacheBehavior [ RunTime:0.000864s ]
INFO: Run Behavior\TokenBuildBehavior [ RunTime:0.000983s ]
INFO: [ view_filter ] --END-- [ RunTime:0.002094s ]
INFO: [ app_end ] --START--
INFO: Run Behavior\ShowPageTraceBehavior [ RunTime:0.001154s ]
INFO: [ app_end ] --END-- [ RunTime:0.001370s ]

[ 2017-06-25T23:41:00+08:00 ] ::1 /whateat/index.php/Admin/Index/about_us.shtml
INFO: [ app_init ] --START--
INFO: Run Behavior\BuildLiteBehavior [ RunTime:0.000069s ]
INFO: [ app_init ] --END-- [ RunTime:0.001153s ]
INFO: [ app_begin ] --START--
INFO: Run Behavior\ReadHtmlCacheBehavior [ RunTime:0.001659s ]
INFO: [ app_begin ] --END-- [ RunTime:0.002044s ]
INFO: [ app_end ] --START--
INFO: Run Behavior\ShowPageTraceBehavior [ RunTime:0.001911s ]
INFO: [ app_end ] --END-- [ RunTime:0.002311s ]

[ 2017-06-25T23:41:00+08:00 ] ::1 /whateat/index.php/Admin/Index/top_menu.shtml
INFO: [ app_init ] --START--
INFO: Run Behavior\BuildLiteBehavior [ RunTime:0.000071s ]
INFO: [ app_init ] --END-- [ RunTime:0.001161s ]
INFO: [ app_begin ] --START--
INFO: Run Behavior\ReadHtmlCacheBehavior [ RunTime:0.001698s ]
INFO: [ app_begin ] --END-- [ RunTime:0.002060s ]
NOTIC: [8] Undefined index: pid F:\wamp\www\whateat\Application\Admin\Controller\IndexController.class.php 第 152 行.
NOTIC: [8] Undefined index: pid F:\wamp\www\whateat\Application\Admin\Controller\IndexController.class.php 第 152 行.
NOTIC: [8] Undefined index: pid F:\wamp\www\whateat\Application\Admin\Controller\IndexController.class.php 第 152 行.
NOTIC: [8] Undefined index: pid F:\wamp\www\whateat\Application\Admin\Controller\IndexController.class.php 第 152 行.
NOTIC: [2] Missing argument 1 for Think\Controller::show(), called in F:\wamp\www\whateat\Application\Admin\Controller\IndexController.class.php on line 167 and defined F:\wamp\www\whateat\ThinkPHP\Library\Think\Controller.class.php 第 68 行.
NOTIC: [8] Undefined variable: content F:\wamp\www\whateat\ThinkPHP\Library\Think\Controller.class.php 第 69 行.
INFO: [ view_parse ] --START--
INFO: [ template_filter ] --START--
INFO: Run Behavior\ContentReplaceBehavior [ RunTime:0.000096s ]
INFO: [ template_filter ] --END-- [ RunTime:0.000273s ]
INFO: Run Behavior\ParseTemplateBehavior [ RunTime:0.018877s ]
INFO: [ view_parse ] --END-- [ RunTime:0.019344s ]
INFO: [ view_filter ] --START--
INFO: Run Behavior\WriteHtmlCacheBehavior [ RunTime:0.001698s ]
INFO: Run Behavior\TokenBuildBehavior [ RunTime:0.001815s ]
INFO: [ view_filter ] --END-- [ RunTime:0.004012s ]
INFO: [ app_end ] --START--
INFO: Run Behavior\ShowPageTraceBehavior [ RunTime:0.001738s ]
INFO: [ app_end ] --END-- [ RunTime:0.002010s ]

[ 2017-06-25T23:41:00+08:00 ] ::1 /whateat/index.php/Admin/Index/home.shtml
INFO: [ app_init ] --START--
INFO: Run Behavior\BuildLiteBehavior [ RunTime:0.000073s ]
INFO: [ app_init ] --END-- [ RunTime:0.001025s ]
INFO: [ app_begin ] --START--
INFO: Run Behavior\ReadHtmlCacheBehavior [ RunTime:0.001998s ]
INFO: [ app_begin ] --END-- [ RunTime:0.002347s ]

[ 2017-06-25T23:48:50+08:00 ] ::1 /whateat/index.php/Admin
INFO: [ app_init ] --START--
INFO: Run Behavior\BuildLiteBehavior [ RunTime:0.000038s ]
INFO: [ app_init ] --END-- [ RunTime:0.000833s ]
INFO: [ app_begin ] --START--
INFO: Run Behavior\ReadHtmlCacheBehavior [ RunTime:0.001308s ]
INFO: [ app_begin ] --END-- [ RunTime:0.001516s ]
SQL: SHOW COLUMNS FROM `whateat_admin_node` [ RunTime:0.0067s ]
SQL: SELECT * FROM `whateat_admin_node` WHERE `controller` = 'Index' ORDER BY sort LIMIT 1   [ RunTime:0.0006s ]
NOTIC: [2] Missing argument 1 for Think\Controller::show(), called in F:\wamp\www\whateat\Application\Admin\Controller\IndexController.class.php on line 91 and defined F:\wamp\www\whateat\ThinkPHP\Library\Think\Controller.class.php 第 68 行.
NOTIC: [8] Undefined variable: content F:\wamp\www\whateat\ThinkPHP\Library\Think\Controller.class.php 第 69 行.
INFO: [ view_parse ] --START--
INFO: [ template_filter ] --START--
INFO: Run Behavior\ContentReplaceBehavior [ RunTime:0.000089s ]
INFO: [ template_filter ] --END-- [ RunTime:0.000268s ]
INFO: Run Behavior\ParseTemplateBehavior [ RunTime:0.047641s ]
INFO: [ view_parse ] --END-- [ RunTime:0.047921s ]
INFO: [ view_filter ] --START--
INFO: Run Behavior\WriteHtmlCacheBehavior [ RunTime:0.010816s ]
INFO: Run Behavior\TokenBuildBehavior [ RunTime:0.011117s ]
INFO: [ view_filter ] --END-- [ RunTime:0.022301s ]
INFO: [ app_end ] --START--
INFO: Run Behavior\ShowPageTraceBehavior [ RunTime:0.001437s ]
INFO: [ app_end ] --END-- [ RunTime:0.001600s ]

[ 2017-06-25T23:48:50+08:00 ] ::1 /whateat/index.php/Admin/Index/top_menu.shtml
INFO: [ app_init ] --START--
INFO: Run Behavior\BuildLiteBehavior [ RunTime:0.000073s ]
INFO: [ app_init ] --END-- [ RunTime:0.001105s ]
INFO: [ app_begin ] --START--
INFO: Run Behavior\ReadHtmlCacheBehavior [ RunTime:0.002510s ]
INFO: [ app_begin ] --END-- [ RunTime:0.002880s ]
NOTIC: [8] Undefined index: pid F:\wamp\www\whateat\Application\Admin\Controller\IndexController.class.php 第 44 行.
NOTIC: [8] Undefined index: pid F:\wamp\www\whateat\Application\Admin\Controller\IndexController.class.php 第 44 行.
NOTIC: [8] Undefined index: pid F:\wamp\www\whateat\Application\Admin\Controller\IndexController.class.php 第 44 行.
NOTIC: [8] Undefined index: pid F:\wamp\www\whateat\Application\Admin\Controller\IndexController.class.php 第 44 行.
NOTIC: [2] Missing argument 1 for Think\Controller::show(), called in F:\wamp\www\whateat\Application\Admin\Controller\IndexController.class.php on line 59 and defined F:\wamp\www\whateat\ThinkPHP\Library\Think\Controller.class.php 第 68 行.
NOTIC: [8] Undefined variable: content F:\wamp\www\whateat\ThinkPHP\Library\Think\Controller.class.php 第 69 行.
INFO: [ view_parse ] --START--
INFO: [ template_filter ] --START--
INFO: Run Behavior\ContentReplaceBehavior [ RunTime:0.000170s ]
INFO: [ template_filter ] --END-- [ RunTime:0.000513s ]
INFO: Run Behavior\ParseTemplateBehavior [ RunTime:0.045528s ]
INFO: [ view_parse ] --END-- [ RunTime:0.045876s ]
INFO: [ view_filter ] --START--
INFO: Run Behavior\WriteHtmlCacheBehavior [ RunTime:0.001882s ]
INFO: Run Behavior\TokenBuildBehavior [ RunTime:0.002214s ]
INFO: [ view_filter ] --END-- [ RunTime:0.004693s ]
INFO: [ app_end ] --START--
INFO: Run Behavior\ShowPageTraceBehavior [ RunTime:0.002390s ]
INFO: [ app_end ] --END-- [ RunTime:0.002746s ]

[ 2017-06-25T23:48:50+08:00 ] ::1 /whateat/index.php/Admin/Index/home.shtml
INFO: [ app_init ] --START--
INFO: Run Behavior\BuildLiteBehavior [ RunTime:0.000068s ]
INFO: [ app_init ] --END-- [ RunTime:0.001414s ]
INFO: [ app_begin ] --START--
INFO: Run Behavior\ReadHtmlCacheBehavior [ RunTime:0.001591s ]
INFO: [ app_begin ] --END-- [ RunTime:0.001950s ]

[ 2017-06-25T23:48:50+08:00 ] ::1 /whateat/index.php/Admin/Index/about_us.shtml
INFO: [ app_init ] --START--
INFO: Run Behavior\BuildLiteBehavior [ RunTime:0.000075s ]
INFO: [ app_init ] --END-- [ RunTime:0.001434s ]
INFO: [ app_begin ] --START--
INFO: Run Behavior\ReadHtmlCacheBehavior [ RunTime:0.002006s ]
INFO: [ app_begin ] --END-- [ RunTime:0.002351s ]
INFO: [ app_end ] --START--
INFO: Run Behavior\ShowPageTraceBehavior [ RunTime:0.002478s ]
INFO: [ app_end ] --END-- [ RunTime:0.002885s ]

[ 2017-06-25T23:49:10+08:00 ] ::1 /whateat/index.php/Admin
INFO: [ app_init ] --START--
INFO: Run Behavior\BuildLiteBehavior [ RunTime:0.000037s ]
INFO: [ app_init ] --END-- [ RunTime:0.000717s ]
INFO: [ app_begin ] --START--
INFO: Run Behavior\ReadHtmlCacheBehavior [ RunTime:0.000950s ]
INFO: [ app_begin ] --END-- [ RunTime:0.001135s ]
SQL: SHOW COLUMNS FROM `whateat_admin_node` [ RunTime:0.0085s ]
SQL: SELECT * FROM `whateat_admin_node` WHERE `controller` = 'Index' ORDER BY sort LIMIT 1   [ RunTime:0.0008s ]
NOTIC: [2] Missing argument 1 for Think\Controller::show(), called in F:\wamp\www\whateat\Application\Admin\Controller\IndexController.class.php on line 91 and defined F:\wamp\www\whateat\ThinkPHP\Library\Think\Controller.class.php 第 68 行.
NOTIC: [8] Undefined variable: content F:\wamp\www\whateat\ThinkPHP\Library\Think\Controller.class.php 第 69 行.
INFO: [ view_parse ] --START--
INFO: [ template_filter ] --START--
INFO: Run Behavior\ContentReplaceBehavior [ RunTime:0.000174s ]
INFO: [ template_filter ] --END-- [ RunTime:0.000550s ]
INFO: Run Behavior\ParseTemplateBehavior [ RunTime:0.015375s ]
INFO: [ view_parse ] --END-- [ RunTime:0.015643s ]
INFO: [ view_filter ] --START--
INFO: Run Behavior\WriteHtmlCacheBehavior [ RunTime:0.000824s ]
INFO: Run Behavior\TokenBuildBehavior [ RunTime:0.000904s ]
INFO: [ view_filter ] --END-- [ RunTime:0.002004s ]
INFO: [ app_end ] --START--
INFO: Run Behavior\ShowPageTraceBehavior [ RunTime:0.000822s ]
INFO: [ app_end ] --END-- [ RunTime:0.000987s ]

[ 2017-06-25T23:49:10+08:00 ] ::1 /whateat/index.php/Admin/Index/top_menu.shtml
INFO: [ app_init ] --START--
INFO: Run Behavior\BuildLiteBehavior [ RunTime:0.000074s ]
INFO: [ app_init ] --END-- [ RunTime:0.000990s ]
INFO: [ app_begin ] --START--
INFO: Run Behavior\ReadHtmlCacheBehavior [ RunTime:0.000998s ]
INFO: [ app_begin ] --END-- [ RunTime:0.001358s ]
NOTIC: [8] Undefined index: pid F:\wamp\www\whateat\Application\Admin\Controller\IndexController.class.php 第 44 行.
NOTIC: [8] Undefined index: pid F:\wamp\www\whateat\Application\Admin\Controller\IndexController.class.php 第 44 行.
NOTIC: [8] Undefined index: pid F:\wamp\www\whateat\Application\Admin\Controller\IndexController.class.php 第 44 行.
NOTIC: [8] Undefined index: pid F:\wamp\www\whateat\Application\Admin\Controller\IndexController.class.php 第 44 行.
NOTIC: [2] Missing argument 1 for Think\Controller::show(), called in F:\wamp\www\whateat\Application\Admin\Controller\IndexController.class.php on line 59 and defined F:\wamp\www\whateat\ThinkPHP\Library\Think\Controller.class.php 第 68 行.
NOTIC: [8] Undefined variable: content F:\wamp\www\whateat\ThinkPHP\Library\Think\Controller.class.php 第 69 行.
INFO: [ view_parse ] --START--
INFO: [ template_filter ] --START--
INFO: Run Behavior\ContentReplaceBehavior [ RunTime:0.000199s ]
INFO: [ template_filter ] --END-- [ RunTime:0.000551s ]
INFO: Run Behavior\ParseTemplateBehavior [ RunTime:0.021509s ]
INFO: [ view_parse ] --END-- [ RunTime:0.021880s ]
INFO: [ view_filter ] --START--
INFO: Run Behavior\WriteHtmlCacheBehavior [ RunTime:0.000806s ]
INFO: Run Behavior\TokenBuildBehavior [ RunTime:0.001476s ]
INFO: [ view_filter ] --END-- [ RunTime:0.002789s ]
INFO: [ app_end ] --START--
INFO: Run Behavior\ShowPageTraceBehavior [ RunTime:0.001041s ]
INFO: [ app_end ] --END-- [ RunTime:0.001304s ]

[ 2017-06-25T23:49:10+08:00 ] ::1 /whateat/index.php/Admin/Index/about_us.shtml
INFO: [ app_init ] --START--
INFO: Run Behavior\BuildLiteBehavior [ RunTime:0.000076s ]
INFO: [ app_init ] --END-- [ RunTime:0.001165s ]
INFO: [ app_begin ] --START--
INFO: Run Behavior\ReadHtmlCacheBehavior [ RunTime:0.001927s ]
INFO: [ app_begin ] --END-- [ RunTime:0.002275s ]
INFO: [ app_end ] --START--
INFO: Run Behavior\ShowPageTraceBehavior [ RunTime:0.001960s ]
INFO: [ app_end ] --END-- [ RunTime:0.002324s ]

[ 2017-06-25T23:49:10+08:00 ] ::1 /whateat/index.php/Admin/Index/home.shtml
INFO: [ app_init ] --START--
INFO: Run Behavior\BuildLiteBehavior [ RunTime:0.000066s ]
INFO: [ app_init ] --END-- [ RunTime:0.001198s ]
INFO: [ app_begin ] --START--
INFO: Run Behavior\ReadHtmlCacheBehavior [ RunTime:0.002190s ]
INFO: [ app_begin ] --END-- [ RunTime:0.002578s ]

[ 2017-06-25T23:49:30+08:00 ] ::1 /whateat/index.php/Admin
INFO: [ app_init ] --START--
INFO: Run Behavior\BuildLiteBehavior [ RunTime:0.000039s ]
INFO: [ app_init ] --END-- [ RunTime:0.001013s ]
INFO: [ app_begin ] --START--
INFO: Run Behavior\ReadHtmlCacheBehavior [ RunTime:0.001365s ]
INFO: [ app_begin ] --END-- [ RunTime:0.001663s ]
SQL: SHOW COLUMNS FROM `whateat_admin_node` [ RunTime:0.1704s ]
SQL: SELECT * FROM `whateat_admin_node` WHERE `controller` = 'Index' ORDER BY sort LIMIT 1   [ RunTime:0.0007s ]

[ 2017-06-25T23:49:32+08:00 ] ::1 /whateat/index.php/Admin/Login/index.shtml
INFO: [ app_init ] --START--
INFO: Run Behavior\BuildLiteBehavior [ RunTime:0.000077s ]
INFO: [ app_init ] --END-- [ RunTime:0.001330s ]
INFO: [ app_begin ] --START--
INFO: Run Behavior\ReadHtmlCacheBehavior [ RunTime:0.002076s ]
INFO: [ app_begin ] --END-- [ RunTime:0.002495s ]
INFO: [ view_parse ] --START--
INFO: [ template_filter ] --START--
INFO: Run Behavior\ContentReplaceBehavior [ RunTime:0.000103s ]
INFO: [ template_filter ] --END-- [ RunTime:0.000285s ]
INFO: Run Behavior\ParseTemplateBehavior [ RunTime:0.061114s ]
INFO: [ view_parse ] --END-- [ RunTime:0.061324s ]
INFO: [ view_filter ] --START--
INFO: Run Behavior\WriteHtmlCacheBehavior [ RunTime:0.001142s ]
INFO: Run Behavior\TokenBuildBehavior [ RunTime:0.001868s ]
INFO: [ view_filter ] --END-- [ RunTime:0.003307s ]
INFO: [ app_end ] --START--
INFO: Run Behavior\ShowPageTraceBehavior [ RunTime:0.001347s ]
INFO: [ app_end ] --END-- [ RunTime:0.001510s ]

[ 2017-06-25T23:49:38+08:00 ] ::1 /whateat/index.php/Admin/Login/verify.shtml
INFO: [ app_init ] --START--
INFO: Run Behavior\BuildLiteBehavior [ RunTime:0.000057s ]
INFO: [ app_init ] --END-- [ RunTime:0.000729s ]
INFO: [ app_begin ] --START--
INFO: Run Behavior\ReadHtmlCacheBehavior [ RunTime:0.001101s ]
INFO: [ app_begin ] --END-- [ RunTime:0.001260s ]
SQL: SHOW COLUMNS FROM `whateat_admin_user` [ RunTime:0.0091s ]
SQL: SELECT * FROM `whateat_admin_user` WHERE `username` = 'admin' LIMIT 1   [ RunTime:0.1293s ]
SQL: UPDATE `whateat_admin_user` SET `id`='1',`admin_group_id`='1',`username`='admin',`password`='0192023a7bbd73250516f069df18b500',`email`='',`last_login_time`='2017-06-25 23:49:38',`encrypt`='',`status`='0',`last_login_ip`='::1',`login_num`='1' WHERE ( id=1 ) [ RunTime:0.1276s ]
SQL: SHOW COLUMNS FROM `whateat_admin_node` [ RunTime:0.0055s ]
SQL: SELECT * FROM `whateat_admin_node` ORDER BY id  [ RunTime:0.0005s ]
SQL: SELECT `admin_group_id` FROM `whateat_admin_user` WHERE `username` = 'admin' LIMIT 1   [ RunTime:0.0004s ]
SQL: SHOW COLUMNS FROM `whateat_admin_group` [ RunTime:0.0051s ]
SQL: SELECT * FROM `whateat_admin_group` WHERE `id` = 1 LIMIT 1   [ RunTime:0.0004s ]

[ 2017-06-25T23:49:38+08:00 ] ::1 /whateat/index.php/Admin/Index/index.shtml
INFO: [ app_init ] --START--
INFO: Run Behavior\BuildLiteBehavior [ RunTime:0.000088s ]
INFO: [ app_init ] --END-- [ RunTime:0.001113s ]
INFO: [ app_begin ] --START--
INFO: Run Behavior\ReadHtmlCacheBehavior [ RunTime:0.001772s ]
INFO: [ app_begin ] --END-- [ RunTime:0.002052s ]
SQL: SHOW COLUMNS FROM `whateat_admin_node` [ RunTime:0.0060s ]
SQL: SELECT * FROM `whateat_admin_node` WHERE `controller` = 'Index' ORDER BY sort LIMIT 1   [ RunTime:0.0006s ]
NOTIC: [2] Missing argument 1 for Think\Controller::show(), called in F:\wamp\www\whateat\Application\Admin\Controller\IndexController.class.php on line 90 and defined F:\wamp\www\whateat\ThinkPHP\Library\Think\Controller.class.php 第 68 行.
NOTIC: [8] Undefined variable: content F:\wamp\www\whateat\ThinkPHP\Library\Think\Controller.class.php 第 69 行.
INFO: [ view_parse ] --START--
INFO: [ template_filter ] --START--
INFO: Run Behavior\ContentReplaceBehavior [ RunTime:0.000089s ]
INFO: [ template_filter ] --END-- [ RunTime:0.000274s ]
INFO: Run Behavior\ParseTemplateBehavior [ RunTime:0.013467s ]
INFO: [ view_parse ] --END-- [ RunTime:0.013725s ]
INFO: [ view_filter ] --START--
INFO: Run Behavior\WriteHtmlCacheBehavior [ RunTime:0.000857s ]
INFO: Run Behavior\TokenBuildBehavior [ RunTime:0.000982s ]
INFO: [ view_filter ] --END-- [ RunTime:0.002085s ]
INFO: [ app_end ] --START--
INFO: Run Behavior\ShowPageTraceBehavior [ RunTime:0.001155s ]
INFO: [ app_end ] --END-- [ RunTime:0.001406s ]

[ 2017-06-25T23:49:38+08:00 ] ::1 /whateat/index.php/Admin/Index/home.shtml
INFO: [ app_init ] --START--
INFO: Run Behavior\BuildLiteBehavior [ RunTime:0.000071s ]
INFO: [ app_init ] --END-- [ RunTime:0.001151s ]
INFO: [ app_begin ] --START--
INFO: Run Behavior\ReadHtmlCacheBehavior [ RunTime:0.001232s ]
INFO: [ app_begin ] --END-- [ RunTime:0.001663s ]
INFO: [ app_end ] --START--
INFO: Run Behavior\ShowPageTraceBehavior [ RunTime:0.000981s ]
INFO: [ app_end ] --END-- [ RunTime:0.001345s ]

[ 2017-06-25T23:49:38+08:00 ] ::1 /whateat/index.php/Admin/Index/top_menu.shtml
INFO: [ app_init ] --START--
INFO: Run Behavior\BuildLiteBehavior [ RunTime:0.000081s ]
INFO: [ app_init ] --END-- [ RunTime:0.001461s ]
INFO: [ app_begin ] --START--
INFO: Run Behavior\ReadHtmlCacheBehavior [ RunTime:0.001588s ]
INFO: [ app_begin ] --END-- [ RunTime:0.001955s ]
NOTIC: [8] Undefined index: pid F:\wamp\www\whateat\Application\Admin\Controller\IndexController.class.php 第 43 行.
NOTIC: [8] Undefined index: pid F:\wamp\www\whateat\Application\Admin\Controller\IndexController.class.php 第 43 行.
NOTIC: [8] Undefined index: pid F:\wamp\www\whateat\Application\Admin\Controller\IndexController.class.php 第 43 行.
NOTIC: [8] Undefined index: pid F:\wamp\www\whateat\Application\Admin\Controller\IndexController.class.php 第 43 行.
NOTIC: [2] Missing argument 1 for Think\Controller::show(), called in F:\wamp\www\whateat\Application\Admin\Controller\IndexController.class.php on line 58 and defined F:\wamp\www\whateat\ThinkPHP\Library\Think\Controller.class.php 第 68 行.
NOTIC: [8] Undefined variable: content F:\wamp\www\whateat\ThinkPHP\Library\Think\Controller.class.php 第 69 行.
INFO: [ view_parse ] --START--
INFO: [ template_filter ] --START--
INFO: Run Behavior\ContentReplaceBehavior [ RunTime:0.000201s ]
INFO: [ template_filter ] --END-- [ RunTime:0.000615s ]
INFO: Run Behavior\ParseTemplateBehavior [ RunTime:0.024206s ]
INFO: [ view_parse ] --END-- [ RunTime:0.024493s ]
INFO: [ view_filter ] --START--
INFO: Run Behavior\WriteHtmlCacheBehavior [ RunTime:0.000866s ]
INFO: Run Behavior\TokenBuildBehavior [ RunTime:0.001072s ]
INFO: [ view_filter ] --END-- [ RunTime:0.002182s ]
INFO: [ app_end ] --START--
INFO: Run Behavior\ShowPageTraceBehavior [ RunTime:0.001073s ]
INFO: [ app_end ] --END-- [ RunTime:0.001233s ]

[ 2017-06-25T23:49:38+08:00 ] ::1 /whateat/index.php/Admin/Index/about_us.shtml
INFO: [ app_init ] --START--
INFO: Run Behavior\BuildLiteBehavior [ RunTime:0.000106s ]
INFO: [ app_init ] --END-- [ RunTime:0.001644s ]
INFO: [ app_begin ] --START--
INFO: Run Behavior\ReadHtmlCacheBehavior [ RunTime:0.002069s ]
INFO: [ app_begin ] --END-- [ RunTime:0.002419s ]
INFO: [ app_end ] --START--
INFO: Run Behavior\ShowPageTraceBehavior [ RunTime:0.002906s ]
INFO: [ app_end ] --END-- [ RunTime:0.003281s ]

[ 2017-06-25T23:49:40+08:00 ] ::1 /whateat/index.php/Admin/Index/left_menu?pid=7
INFO: [ app_init ] --START--
INFO: Run Behavior\BuildLiteBehavior [ RunTime:0.000039s ]
INFO: [ app_init ] --END-- [ RunTime:0.000822s ]
INFO: [ app_begin ] --START--
INFO: Run Behavior\ReadHtmlCacheBehavior [ RunTime:0.001807s ]
INFO: [ app_begin ] --END-- [ RunTime:0.002118s ]
NOTIC: [8] Undefined index: pid F:\wamp\www\whateat\Application\Admin\Controller\IndexController.class.php 第 65 行.
NOTIC: [8] Undefined index: pid F:\wamp\www\whateat\Application\Admin\Controller\IndexController.class.php 第 65 行.
NOTIC: [8] Undefined index: pid F:\wamp\www\whateat\Application\Admin\Controller\IndexController.class.php 第 65 行.
NOTIC: [8] Undefined index: pid F:\wamp\www\whateat\Application\Admin\Controller\IndexController.class.php 第 65 行.
NOTIC: [2] Missing argument 1 for Think\Controller::show(), called in F:\wamp\www\whateat\Application\Admin\Controller\IndexController.class.php on line 80 and defined F:\wamp\www\whateat\ThinkPHP\Library\Think\Controller.class.php 第 68 行.
NOTIC: [8] Undefined variable: content F:\wamp\www\whateat\ThinkPHP\Library\Think\Controller.class.php 第 69 行.
INFO: [ view_parse ] --START--
INFO: [ template_filter ] --START--
INFO: Run Behavior\ContentReplaceBehavior [ RunTime:0.000090s ]
INFO: [ template_filter ] --END-- [ RunTime:0.000300s ]
INFO: Run Behavior\ParseTemplateBehavior [ RunTime:0.013541s ]
INFO: [ view_parse ] --END-- [ RunTime:0.013818s ]
INFO: [ view_filter ] --START--
INFO: Run Behavior\WriteHtmlCacheBehavior [ RunTime:0.001075s ]
INFO: Run Behavior\TokenBuildBehavior [ RunTime:0.001654s ]
INFO: [ view_filter ] --END-- [ RunTime:0.003062s ]
INFO: [ app_end ] --START--
INFO: Run Behavior\ShowPageTraceBehavior [ RunTime:0.001483s ]
INFO: [ app_end ] --END-- [ RunTime:0.001720s ]

[ 2017-06-25T23:49:42+08:00 ] ::1 /whateat/index.php/Admin/AdminUser/admin_user.shtml
INFO: [ app_init ] --START--
INFO: Run Behavior\BuildLiteBehavior [ RunTime:0.000037s ]
INFO: [ app_init ] --END-- [ RunTime:0.000726s ]
INFO: [ app_begin ] --START--
INFO: Run Behavior\ReadHtmlCacheBehavior [ RunTime:0.001297s ]
INFO: [ app_begin ] --END-- [ RunTime:0.001475s ]
SQL: SHOW COLUMNS FROM `whateat_admin_node` [ RunTime:0.0059s ]
SQL: SELECT * FROM `whateat_admin_node` WHERE `controller` = 'AdminUser' ORDER BY sort LIMIT 1   [ RunTime:0.0006s ]
SQL: SHOW COLUMNS FROM `whateat_admin_user` [ RunTime:0.0051s ]
SQL: SHOW COLUMNS FROM `whateat_admin_group` [ RunTime:0.0045s ]
SQL: SELECT AdminUser.id AS id,AdminUser.admin_group_id AS admin_group_id,AdminUser.username AS username,AdminUser.password AS password,AdminUser.email AS email,AdminUser.last_login_time AS last_login_time,AdminUser.encrypt AS encrypt,AdminUser.status AS status,AdminUser.last_login_ip AS last_login_ip,AdminUser.login_num AS login_num,AdminGroup.title AS title FROM whateat_admin_user AdminUser  JOIN whateat_admin_group AdminGroup ON AdminUser.admin_group_id=AdminGroup.id ORDER BY AdminUser.id ASC  [ RunTime:0.0005s ]
INFO: [ view_parse ] --START--
INFO: [ template_filter ] --START--
INFO: Run Behavior\ContentReplaceBehavior [ RunTime:0.000103s ]
INFO: [ template_filter ] --END-- [ RunTime:0.000278s ]
INFO: Run Behavior\ParseTemplateBehavior [ RunTime:0.048666s ]
INFO: [ view_parse ] --END-- [ RunTime:0.049073s ]
INFO: [ view_filter ] --START--
INFO: Run Behavior\WriteHtmlCacheBehavior [ RunTime:0.001674s ]
INFO: Run Behavior\TokenBuildBehavior [ RunTime:0.001833s ]
INFO: [ view_filter ] --END-- [ RunTime:0.003951s ]
INFO: [ app_end ] --START--
INFO: Run Behavior\ShowPageTraceBehavior [ RunTime:0.001520s ]
INFO: [ app_end ] --END-- [ RunTime:0.001776s ]

[ 2017-06-25T23:49:44+08:00 ] ::1 /whateat/index.php/Admin/AdminGroup/admin_group.shtml
INFO: [ app_init ] --START--
INFO: Run Behavior\BuildLiteBehavior [ RunTime:0.000088s ]
INFO: [ app_init ] --END-- [ RunTime:0.000867s ]
INFO: [ app_begin ] --START--
INFO: Run Behavior\ReadHtmlCacheBehavior [ RunTime:0.002256s ]
INFO: [ app_begin ] --END-- [ RunTime:0.002642s ]
SQL: SHOW COLUMNS FROM `whateat_admin_node` [ RunTime:0.0064s ]
SQL: SELECT * FROM `whateat_admin_node` WHERE `controller` = 'AdminGroup' ORDER BY sort LIMIT 1   [ RunTime:0.0007s ]
SQL: SHOW COLUMNS FROM `whateat_admin_group` [ RunTime:0.0064s ]
SQL: SELECT * FROM `whateat_admin_group` ORDER BY id  [ RunTime:0.0006s ]
INFO: [ view_parse ] --START--
INFO: [ template_filter ] --START--
INFO: Run Behavior\ContentReplaceBehavior [ RunTime:0.000204s ]
INFO: [ template_filter ] --END-- [ RunTime:0.000630s ]
INFO: Run Behavior\ParseTemplateBehavior [ RunTime:0.017538s ]
INFO: [ view_parse ] --END-- [ RunTime:0.017766s ]
INFO: [ view_filter ] --START--
INFO: Run Behavior\WriteHtmlCacheBehavior [ RunTime:0.001073s ]
INFO: Run Behavior\TokenBuildBehavior [ RunTime:0.001689s ]
INFO: [ view_filter ] --END-- [ RunTime:0.003110s ]
INFO: [ app_end ] --START--
INFO: Run Behavior\ShowPageTraceBehavior [ RunTime:0.001883s ]
INFO: [ app_end ] --END-- [ RunTime:0.002113s ]

[ 2017-06-25T23:49:47+08:00 ] ::1 /whateat/index.php/Admin/Index/left_menu?pid=15
INFO: [ app_init ] --START--
INFO: Run Behavior\BuildLiteBehavior [ RunTime:0.000038s ]
INFO: [ app_init ] --END-- [ RunTime:0.000715s ]
INFO: [ app_begin ] --START--
INFO: Run Behavior\ReadHtmlCacheBehavior [ RunTime:0.001254s ]
INFO: [ app_begin ] --END-- [ RunTime:0.001439s ]
NOTIC: [8] Undefined index: pid F:\wamp\www\whateat\Application\Admin\Controller\IndexController.class.php 第 65 行.
NOTIC: [8] Undefined index: pid F:\wamp\www\whateat\Application\Admin\Controller\IndexController.class.php 第 65 行.
NOTIC: [8] Undefined index: pid F:\wamp\www\whateat\Application\Admin\Controller\IndexController.class.php 第 65 行.
NOTIC: [8] Undefined index: pid F:\wamp\www\whateat\Application\Admin\Controller\IndexController.class.php 第 65 行.
NOTIC: [2] Missing argument 1 for Think\Controller::show(), called in F:\wamp\www\whateat\Application\Admin\Controller\IndexController.class.php on line 80 and defined F:\wamp\www\whateat\ThinkPHP\Library\Think\Controller.class.php 第 68 行.
NOTIC: [8] Undefined variable: content F:\wamp\www\whateat\ThinkPHP\Library\Think\Controller.class.php 第 69 行.
INFO: [ view_parse ] --START--
INFO: [ template_filter ] --START--
INFO: Run Behavior\ContentReplaceBehavior [ RunTime:0.000161s ]
INFO: [ template_filter ] --END-- [ RunTime:0.000485s ]
INFO: Run Behavior\ParseTemplateBehavior [ RunTime:0.019010s ]
INFO: [ view_parse ] --END-- [ RunTime:0.019194s ]
INFO: [ view_filter ] --START--
INFO: Run Behavior\WriteHtmlCacheBehavior [ RunTime:0.001029s ]
INFO: Run Behavior\TokenBuildBehavior [ RunTime:0.001691s ]
INFO: [ view_filter ] --END-- [ RunTime:0.003068s ]
INFO: [ app_end ] --START--
INFO: Run Behavior\ShowPageTraceBehavior [ RunTime:0.001678s ]
INFO: [ app_end ] --END-- [ RunTime:0.001856s ]

[ 2017-06-25T23:49:52+08:00 ] ::1 /whateat/index.php/Admin/Index/left_menu?pid=7
INFO: [ app_init ] --START--
INFO: Run Behavior\BuildLiteBehavior [ RunTime:0.000037s ]
INFO: [ app_init ] --END-- [ RunTime:0.000700s ]
INFO: [ app_begin ] --START--
INFO: Run Behavior\ReadHtmlCacheBehavior [ RunTime:0.001675s ]
INFO: [ app_begin ] --END-- [ RunTime:0.001871s ]
NOTIC: [8] Undefined index: pid F:\wamp\www\whateat\Application\Admin\Controller\IndexController.class.php 第 65 行.
NOTIC: [8] Undefined index: pid F:\wamp\www\whateat\Application\Admin\Controller\IndexController.class.php 第 65 行.
NOTIC: [8] Undefined index: pid F:\wamp\www\whateat\Application\Admin\Controller\IndexController.class.php 第 65 行.
NOTIC: [8] Undefined index: pid F:\wamp\www\whateat\Application\Admin\Controller\IndexController.class.php 第 65 行.
NOTIC: [2] Missing argument 1 for Think\Controller::show(), called in F:\wamp\www\whateat\Application\Admin\Controller\IndexController.class.php on line 80 and defined F:\wamp\www\whateat\ThinkPHP\Library\Think\Controller.class.php 第 68 行.
NOTIC: [8] Undefined variable: content F:\wamp\www\whateat\ThinkPHP\Library\Think\Controller.class.php 第 69 行.
INFO: [ view_parse ] --START--
INFO: [ template_filter ] --START--
INFO: Run Behavior\ContentReplaceBehavior [ RunTime:0.000174s ]
INFO: [ template_filter ] --END-- [ RunTime:0.000526s ]
INFO: Run Behavior\ParseTemplateBehavior [ RunTime:0.015701s ]
INFO: [ view_parse ] --END-- [ RunTime:0.015985s ]
INFO: [ view_filter ] --START--
INFO: Run Behavior\WriteHtmlCacheBehavior [ RunTime:0.001473s ]
INFO: Run Behavior\TokenBuildBehavior [ RunTime:0.001383s ]
INFO: [ view_filter ] --END-- [ RunTime:0.003284s ]
INFO: [ app_end ] --START--
INFO: Run Behavior\ShowPageTraceBehavior [ RunTime:0.001286s ]
INFO: [ app_end ] --END-- [ RunTime:0.001514s ]

[ 2017-06-25T23:49:55+08:00 ] ::1 /whateat/index.php/Admin/AdminGroup/admin_group.shtml
INFO: [ app_init ] --START--
INFO: Run Behavior\BuildLiteBehavior [ RunTime:0.000037s ]
INFO: [ app_init ] --END-- [ RunTime:0.000757s ]
INFO: [ app_begin ] --START--
INFO: Run Behavior\ReadHtmlCacheBehavior [ RunTime:0.001764s ]
INFO: [ app_begin ] --END-- [ RunTime:0.002061s ]
SQL: SHOW COLUMNS FROM `whateat_admin_node` [ RunTime:0.0056s ]
SQL: SELECT * FROM `whateat_admin_node` WHERE `controller` = 'AdminGroup' ORDER BY sort LIMIT 1   [ RunTime:0.0006s ]
SQL: SHOW COLUMNS FROM `whateat_admin_group` [ RunTime:0.0060s ]
SQL: SELECT * FROM `whateat_admin_group` ORDER BY id  [ RunTime:0.0005s ]
INFO: [ view_parse ] --START--
INFO: [ template_filter ] --START--
INFO: Run Behavior\ContentReplaceBehavior [ RunTime:0.000121s ]
INFO: [ template_filter ] --END-- [ RunTime:0.000318s ]
INFO: Run Behavior\ParseTemplateBehavior [ RunTime:0.015508s ]
INFO: [ view_parse ] --END-- [ RunTime:0.015793s ]
INFO: [ view_filter ] --START--
INFO: Run Behavior\WriteHtmlCacheBehavior [ RunTime:0.001300s ]
INFO: Run Behavior\TokenBuildBehavior [ RunTime:0.002130s ]
INFO: [ view_filter ] --END-- [ RunTime:0.003868s ]
INFO: [ app_end ] --START--
INFO: Run Behavior\ShowPageTraceBehavior [ RunTime:0.001918s ]
INFO: [ app_end ] --END-- [ RunTime:0.002247s ]

[ 2017-06-25T23:49:57+08:00 ] ::1 /whateat/index.php/Admin/AdminGroup/authority.shtml?id=1
INFO: [ app_init ] --START--
INFO: Run Behavior\BuildLiteBehavior [ RunTime:0.000039s ]
INFO: [ app_init ] --END-- [ RunTime:0.000916s ]
INFO: [ app_begin ] --START--
INFO: Run Behavior\ReadHtmlCacheBehavior [ RunTime:0.001216s ]
INFO: [ app_begin ] --END-- [ RunTime:0.001411s ]
SQL: SHOW COLUMNS FROM `whateat_admin_node` [ RunTime:0.0241s ]
SQL: SELECT * FROM `whateat_admin_node` WHERE `controller` = 'AdminGroup' ORDER BY sort LIMIT 1   [ RunTime:0.0005s ]
SQL: SHOW COLUMNS FROM `whateat_admin_group` [ RunTime:0.0053s ]
SQL: SELECT * FROM `whateat_admin_group` WHERE ( id=1 ) LIMIT 1   [ RunTime:0.0004s ]
SQL: SELECT * FROM `whateat_admin_node` ORDER BY level  [ RunTime:0.0005s ]
NOTIC: [2] Missing argument 1 for Think\Controller::show(), called in F:\wamp\www\whateat\Application\Admin\Controller\AdminGroupController.class.php on line 74 and defined F:\wamp\www\whateat\ThinkPHP\Library\Think\Controller.class.php 第 68 行.
NOTIC: [8] Undefined variable: content F:\wamp\www\whateat\ThinkPHP\Library\Think\Controller.class.php 第 69 行.
INFO: [ view_parse ] --START--
INFO: [ template_filter ] --START--
INFO: Run Behavior\ContentReplaceBehavior [ RunTime:0.000232s ]
INFO: [ template_filter ] --END-- [ RunTime:0.000580s ]
NOTIC: [8] Undefined index: id F:\wamp\www\whateat\Application\Runtime\Cache\Admin\25b719851b00e0d88029b9c876fed8a7.php 第 52 行.
NOTIC: [8] Undefined index: checked F:\wamp\www\whateat\Application\Runtime\Cache\Admin\25b719851b00e0d88029b9c876fed8a7.php 第 52 行.
NOTIC: [8] Undefined index: id F:\wamp\www\whateat\Application\Runtime\Cache\Admin\25b719851b00e0d88029b9c876fed8a7.php 第 52 行.
INFO: Run Behavior\ParseTemplateBehavior [ RunTime:0.062986s ]
INFO: [ view_parse ] --END-- [ RunTime:0.063158s ]
INFO: [ view_filter ] --START--
INFO: Run Behavior\WriteHtmlCacheBehavior [ RunTime:0.000992s ]
INFO: Run Behavior\TokenBuildBehavior [ RunTime:0.001567s ]
INFO: [ view_filter ] --END-- [ RunTime:0.002873s ]
INFO: [ app_end ] --START--
INFO: Run Behavior\ShowPageTraceBehavior [ RunTime:0.001860s ]
INFO: [ app_end ] --END-- [ RunTime:0.002106s ]

[ 2017-06-25T23:50:00+08:00 ] ::1 /whateat/index.php/Admin/AdminUser/admin_user.shtml
INFO: [ app_init ] --START--
INFO: Run Behavior\BuildLiteBehavior [ RunTime:0.000040s ]
INFO: [ app_init ] --END-- [ RunTime:0.001075s ]
INFO: [ app_begin ] --START--
INFO: Run Behavior\ReadHtmlCacheBehavior [ RunTime:0.001301s ]
INFO: [ app_begin ] --END-- [ RunTime:0.001487s ]
SQL: SHOW COLUMNS FROM `whateat_admin_node` [ RunTime:0.0089s ]
SQL: SELECT * FROM `whateat_admin_node` WHERE `controller` = 'AdminUser' ORDER BY sort LIMIT 1   [ RunTime:0.0008s ]
SQL: SHOW COLUMNS FROM `whateat_admin_user` [ RunTime:0.0483s ]
SQL: SHOW COLUMNS FROM `whateat_admin_group` [ RunTime:0.0055s ]
SQL: SELECT AdminUser.id AS id,AdminUser.admin_group_id AS admin_group_id,AdminUser.username AS username,AdminUser.password AS password,AdminUser.email AS email,AdminUser.last_login_time AS last_login_time,AdminUser.encrypt AS encrypt,AdminUser.status AS status,AdminUser.last_login_ip AS last_login_ip,AdminUser.login_num AS login_num,AdminGroup.title AS title FROM whateat_admin_user AdminUser  JOIN whateat_admin_group AdminGroup ON AdminUser.admin_group_id=AdminGroup.id ORDER BY AdminUser.id ASC  [ RunTime:0.0008s ]
INFO: [ view_parse ] --START--
INFO: [ template_filter ] --START--
INFO: Run Behavior\ContentReplaceBehavior [ RunTime:0.000108s ]
INFO: [ template_filter ] --END-- [ RunTime:0.000307s ]
INFO: Run Behavior\ParseTemplateBehavior [ RunTime:0.015017s ]
INFO: [ view_parse ] --END-- [ RunTime:0.015215s ]
INFO: [ view_filter ] --START--
INFO: Run Behavior\WriteHtmlCacheBehavior [ RunTime:0.001019s ]
INFO: Run Behavior\TokenBuildBehavior [ RunTime:0.001184s ]
INFO: [ view_filter ] --END-- [ RunTime:0.002470s ]
INFO: [ app_end ] --START--
INFO: Run Behavior\ShowPageTraceBehavior [ RunTime:0.001239s ]
INFO: [ app_end ] --END-- [ RunTime:0.001413s ]

[ 2017-06-25T23:50:02+08:00 ] ::1 /whateat/index.php/Admin/AdminUser/admin_user.shtml
INFO: [ app_init ] --START--
INFO: Run Behavior\BuildLiteBehavior [ RunTime:0.000077s ]
INFO: [ app_init ] --END-- [ RunTime:0.001215s ]
INFO: [ app_begin ] --START--
INFO: Run Behavior\ReadHtmlCacheBehavior [ RunTime:0.001407s ]
INFO: [ app_begin ] --END-- [ RunTime:0.001593s ]
SQL: SHOW COLUMNS FROM `whateat_admin_node` [ RunTime:0.0099s ]
SQL: SELECT * FROM `whateat_admin_node` WHERE `controller` = 'AdminUser' ORDER BY sort LIMIT 1   [ RunTime:0.0006s ]
SQL: SHOW COLUMNS FROM `whateat_admin_user` [ RunTime:0.0482s ]
SQL: SHOW COLUMNS FROM `whateat_admin_group` [ RunTime:0.0053s ]
SQL: SELECT AdminUser.id AS id,AdminUser.admin_group_id AS admin_group_id,AdminUser.username AS username,AdminUser.password AS password,AdminUser.email AS email,AdminUser.last_login_time AS last_login_time,AdminUser.encrypt AS encrypt,AdminUser.status AS status,AdminUser.last_login_ip AS last_login_ip,AdminUser.login_num AS login_num,AdminGroup.title AS title FROM whateat_admin_user AdminUser  JOIN whateat_admin_group AdminGroup ON AdminUser.admin_group_id=AdminGroup.id ORDER BY AdminUser.id ASC  [ RunTime:0.0009s ]
INFO: [ view_parse ] --START--
INFO: [ template_filter ] --START--
INFO: Run Behavior\ContentReplaceBehavior [ RunTime:0.000102s ]
INFO: [ template_filter ] --END-- [ RunTime:0.000316s ]
INFO: Run Behavior\ParseTemplateBehavior [ RunTime:0.015858s ]
INFO: [ view_parse ] --END-- [ RunTime:0.016132s ]
INFO: [ view_filter ] --START--
INFO: Run Behavior\WriteHtmlCacheBehavior [ RunTime:0.001439s ]
INFO: Run Behavior\TokenBuildBehavior [ RunTime:0.001847s ]
INFO: [ view_filter ] --END-- [ RunTime:0.003786s ]
INFO: [ app_end ] --START--
INFO: Run Behavior\ShowPageTraceBehavior [ RunTime:0.001658s ]
INFO: [ app_end ] --END-- [ RunTime:0.002021s ]

[ 2017-06-25T23:50:29+08:00 ] ::1 /whateat/index.php/Admin/Index/left_menu?pid=15
INFO: [ app_init ] --START--
INFO: Run Behavior\BuildLiteBehavior [ RunTime:0.000065s ]
INFO: [ app_init ] --END-- [ RunTime:0.000939s ]
INFO: [ app_begin ] --START--
INFO: Run Behavior\ReadHtmlCacheBehavior [ RunTime:0.001229s ]
INFO: [ app_begin ] --END-- [ RunTime:0.001411s ]
NOTIC: [8] Undefined index: pid F:\wamp\www\whateat\Application\Admin\Controller\IndexController.class.php 第 65 行.
NOTIC: [8] Undefined index: pid F:\wamp\www\whateat\Application\Admin\Controller\IndexController.class.php 第 65 行.
NOTIC: [8] Undefined index: pid F:\wamp\www\whateat\Application\Admin\Controller\IndexController.class.php 第 65 行.
NOTIC: [8] Undefined index: pid F:\wamp\www\whateat\Application\Admin\Controller\IndexController.class.php 第 65 行.
NOTIC: [2] Missing argument 1 for Think\Controller::show(), called in F:\wamp\www\whateat\Application\Admin\Controller\IndexController.class.php on line 80 and defined F:\wamp\www\whateat\ThinkPHP\Library\Think\Controller.class.php 第 68 行.
NOTIC: [8] Undefined variable: content F:\wamp\www\whateat\ThinkPHP\Library\Think\Controller.class.php 第 69 行.
INFO: [ view_parse ] --START--
INFO: [ template_filter ] --START--
INFO: Run Behavior\ContentReplaceBehavior [ RunTime:0.000091s ]
INFO: [ template_filter ] --END-- [ RunTime:0.000279s ]
INFO: Run Behavior\ParseTemplateBehavior [ RunTime:0.013637s ]
INFO: [ view_parse ] --END-- [ RunTime:0.013831s ]
INFO: [ view_filter ] --START--
INFO: Run Behavior\WriteHtmlCacheBehavior [ RunTime:0.000989s ]
INFO: Run Behavior\TokenBuildBehavior [ RunTime:0.001138s ]
INFO: [ view_filter ] --END-- [ RunTime:0.002378s ]
INFO: [ app_end ] --START--
INFO: Run Behavior\ShowPageTraceBehavior [ RunTime:0.001263s ]
INFO: [ app_end ] --END-- [ RunTime:0.001424s ]

[ 2017-06-25T23:50:30+08:00 ] ::1 /whateat/index.php/Admin/Index/left_menu?pid=7
INFO: [ app_init ] --START--
INFO: Run Behavior\BuildLiteBehavior [ RunTime:0.000037s ]
INFO: [ app_init ] --END-- [ RunTime:0.000718s ]
INFO: [ app_begin ] --START--
INFO: Run Behavior\ReadHtmlCacheBehavior [ RunTime:0.001276s ]
INFO: [ app_begin ] --END-- [ RunTime:0.001463s ]
NOTIC: [8] Undefined index: pid F:\wamp\www\whateat\Application\Admin\Controller\IndexController.class.php 第 65 行.
NOTIC: [8] Undefined index: pid F:\wamp\www\whateat\Application\Admin\Controller\IndexController.class.php 第 65 行.
NOTIC: [8] Undefined index: pid F:\wamp\www\whateat\Application\Admin\Controller\IndexController.class.php 第 65 行.
NOTIC: [8] Undefined index: pid F:\wamp\www\whateat\Application\Admin\Controller\IndexController.class.php 第 65 行.
NOTIC: [2] Missing argument 1 for Think\Controller::show(), called in F:\wamp\www\whateat\Application\Admin\Controller\IndexController.class.php on line 80 and defined F:\wamp\www\whateat\ThinkPHP\Library\Think\Controller.class.php 第 68 行.
NOTIC: [8] Undefined variable: content F:\wamp\www\whateat\ThinkPHP\Library\Think\Controller.class.php 第 69 行.
INFO: [ view_parse ] --START--
INFO: [ template_filter ] --START--
INFO: Run Behavior\ContentReplaceBehavior [ RunTime:0.000091s ]
INFO: [ template_filter ] --END-- [ RunTime:0.000270s ]
INFO: Run Behavior\ParseTemplateBehavior [ RunTime:0.016589s ]
INFO: [ view_parse ] --END-- [ RunTime:0.016772s ]
INFO: [ view_filter ] --START--
INFO: Run Behavior\WriteHtmlCacheBehavior [ RunTime:0.001003s ]
INFO: Run Behavior\TokenBuildBehavior [ RunTime:0.001146s ]
INFO: [ view_filter ] --END-- [ RunTime:0.002398s ]
INFO: [ app_end ] --START--
INFO: Run Behavior\ShowPageTraceBehavior [ RunTime:0.001443s ]
INFO: [ app_end ] --END-- [ RunTime:0.001627s ]

[ 2017-06-25T23:50:31+08:00 ] ::1 /whateat/index.php/Admin/AdminUser/admin_user.shtml
INFO: [ app_init ] --START--
INFO: Run Behavior\BuildLiteBehavior [ RunTime:0.000066s ]
INFO: [ app_init ] --END-- [ RunTime:0.001320s ]
INFO: [ app_begin ] --START--
INFO: Run Behavior\ReadHtmlCacheBehavior [ RunTime:0.001237s ]
INFO: [ app_begin ] --END-- [ RunTime:0.001414s ]
SQL: SHOW COLUMNS FROM `whateat_admin_node` [ RunTime:0.0748s ]
SQL: SELECT * FROM `whateat_admin_node` WHERE `controller` = 'AdminUser' ORDER BY sort LIMIT 1   [ RunTime:0.0005s ]
SQL: SHOW COLUMNS FROM `whateat_admin_user` [ RunTime:0.1297s ]
SQL: SHOW COLUMNS FROM `whateat_admin_group` [ RunTime:0.0055s ]
SQL: SELECT AdminUser.id AS id,AdminUser.admin_group_id AS admin_group_id,AdminUser.username AS username,AdminUser.password AS password,AdminUser.email AS email,AdminUser.last_login_time AS last_login_time,AdminUser.encrypt AS encrypt,AdminUser.status AS status,AdminUser.last_login_ip AS last_login_ip,AdminUser.login_num AS login_num,AdminGroup.title AS title FROM whateat_admin_user AdminUser  JOIN whateat_admin_group AdminGroup ON AdminUser.admin_group_id=AdminGroup.id ORDER BY AdminUser.id ASC  [ RunTime:0.0006s ]
INFO: [ view_parse ] --START--
INFO: [ template_filter ] --START--
INFO: Run Behavior\ContentReplaceBehavior [ RunTime:0.000109s ]
INFO: [ template_filter ] --END-- [ RunTime:0.000290s ]
INFO: Run Behavior\ParseTemplateBehavior [ RunTime:0.017283s ]
INFO: [ view_parse ] --END-- [ RunTime:0.017473s ]
INFO: [ view_filter ] --START--
INFO: Run Behavior\WriteHtmlCacheBehavior [ RunTime:0.000998s ]
INFO: Run Behavior\TokenBuildBehavior [ RunTime:0.001187s ]
INFO: [ view_filter ] --END-- [ RunTime:0.002432s ]
INFO: [ app_end ] --START--
INFO: Run Behavior\ShowPageTraceBehavior [ RunTime:0.001276s ]
INFO: [ app_end ] --END-- [ RunTime:0.001438s ]

[ 2017-06-25T23:50:31+08:00 ] ::1 /whateat/index.php/Admin/AdminGroup/admin_group.shtml
INFO: [ app_init ] --START--
INFO: Run Behavior\BuildLiteBehavior [ RunTime:0.000055s ]
INFO: [ app_init ] --END-- [ RunTime:0.001396s ]
INFO: [ app_begin ] --START--
INFO: Run Behavior\ReadHtmlCacheBehavior [ RunTime:0.001213s ]
INFO: [ app_begin ] --END-- [ RunTime:0.001388s ]
SQL: SHOW COLUMNS FROM `whateat_admin_node` [ RunTime:0.0084s ]
SQL: SELECT * FROM `whateat_admin_node` WHERE `controller` = 'AdminGroup' ORDER BY sort LIMIT 1   [ RunTime:0.0008s ]
SQL: SHOW COLUMNS FROM `whateat_admin_group` [ RunTime:0.0054s ]
SQL: SELECT * FROM `whateat_admin_group` ORDER BY id  [ RunTime:0.0004s ]
INFO: [ view_parse ] --START--
INFO: [ template_filter ] --START--
INFO: Run Behavior\ContentReplaceBehavior [ RunTime:0.000103s ]
INFO: [ template_filter ] --END-- [ RunTime:0.000280s ]
INFO: Run Behavior\ParseTemplateBehavior [ RunTime:0.016075s ]
INFO: [ view_parse ] --END-- [ RunTime:0.016291s ]
INFO: [ view_filter ] --START--
INFO: Run Behavior\WriteHtmlCacheBehavior [ RunTime:0.000996s ]
INFO: Run Behavior\TokenBuildBehavior [ RunTime:0.001480s ]
INFO: [ view_filter ] --END-- [ RunTime:0.002833s ]
INFO: [ app_end ] --START--
INFO: Run Behavior\ShowPageTraceBehavior [ RunTime:0.001888s ]
INFO: [ app_end ] --END-- [ RunTime:0.002225s ]

[ 2017-06-25T23:50:34+08:00 ] ::1 /whateat/index.php/Admin/Index/left_menu?pid=15
INFO: [ app_init ] --START--
INFO: Run Behavior\BuildLiteBehavior [ RunTime:0.000038s ]
INFO: [ app_init ] --END-- [ RunTime:0.000923s ]
INFO: [ app_begin ] --START--
INFO: Run Behavior\ReadHtmlCacheBehavior [ RunTime:0.001262s ]
INFO: [ app_begin ] --END-- [ RunTime:0.001461s ]
NOTIC: [8] Undefined index: pid F:\wamp\www\whateat\Application\Admin\Controller\IndexController.class.php 第 65 行.
NOTIC: [8] Undefined index: pid F:\wamp\www\whateat\Application\Admin\Controller\IndexController.class.php 第 65 行.
NOTIC: [8] Undefined index: pid F:\wamp\www\whateat\Application\Admin\Controller\IndexController.class.php 第 65 行.
NOTIC: [8] Undefined index: pid F:\wamp\www\whateat\Application\Admin\Controller\IndexController.class.php 第 65 行.
NOTIC: [2] Missing argument 1 for Think\Controller::show(), called in F:\wamp\www\whateat\Application\Admin\Controller\IndexController.class.php on line 80 and defined F:\wamp\www\whateat\ThinkPHP\Library\Think\Controller.class.php 第 68 行.
NOTIC: [8] Undefined variable: content F:\wamp\www\whateat\ThinkPHP\Library\Think\Controller.class.php 第 69 行.
INFO: [ view_parse ] --START--
INFO: [ template_filter ] --START--
INFO: Run Behavior\ContentReplaceBehavior [ RunTime:0.000091s ]
INFO: [ template_filter ] --END-- [ RunTime:0.000276s ]
INFO: Run Behavior\ParseTemplateBehavior [ RunTime:0.015148s ]
INFO: [ view_parse ] --END-- [ RunTime:0.015436s ]
INFO: [ view_filter ] --START--
INFO: Run Behavior\WriteHtmlCacheBehavior [ RunTime:0.001668s ]
INFO: Run Behavior\TokenBuildBehavior [ RunTime:0.001773s ]
INFO: [ view_filter ] --END-- [ RunTime:0.003977s ]
INFO: [ app_end ] --START--
INFO: Run Behavior\ShowPageTraceBehavior [ RunTime:0.001909s ]
INFO: [ app_end ] --END-- [ RunTime:0.002362s ]

[ 2017-06-25T23:50:35+08:00 ] ::1 /whateat/index.php/Admin/AdminNode/admin_node.shtml
INFO: [ app_init ] --START--
INFO: Run Behavior\BuildLiteBehavior [ RunTime:0.000076s ]
INFO: [ app_init ] --END-- [ RunTime:0.001416s ]
INFO: [ app_begin ] --START--
INFO: Run Behavior\ReadHtmlCacheBehavior [ RunTime:0.001244s ]
INFO: [ app_begin ] --END-- [ RunTime:0.001427s ]
SQL: SHOW COLUMNS FROM `whateat_admin_node` [ RunTime:0.0058s ]
SQL: SELECT * FROM `whateat_admin_node` WHERE `controller` = 'AdminNode' ORDER BY sort LIMIT 1   [ RunTime:0.0006s ]
SQL: SELECT * FROM `whateat_admin_node` ORDER BY level  [ RunTime:0.0007s ]
INFO: [ view_parse ] --START--
INFO: [ template_filter ] --START--
INFO: Run Behavior\ContentReplaceBehavior [ RunTime:0.000160s ]
INFO: [ template_filter ] --END-- [ RunTime:0.000497s ]
INFO: Run Behavior\ParseTemplateBehavior [ RunTime:0.031838s ]
INFO: [ view_parse ] --END-- [ RunTime:0.032380s ]
INFO: [ view_filter ] --START--
INFO: Run Behavior\WriteHtmlCacheBehavior [ RunTime:0.001573s ]
INFO: Run Behavior\TokenBuildBehavior [ RunTime:0.001719s ]
INFO: [ view_filter ] --END-- [ RunTime:0.003729s ]
INFO: [ app_end ] --START--
INFO: Run Behavior\ShowPageTraceBehavior [ RunTime:0.001334s ]
INFO: [ app_end ] --END-- [ RunTime:0.001498s ]

[ 2017-06-25T23:50:52+08:00 ] ::1 /whateat/index.php/Admin/Index/home.shtml
INFO: [ app_init ] --START--
INFO: Run Behavior\BuildLiteBehavior [ RunTime:0.000065s ]
INFO: [ app_init ] --END-- [ RunTime:0.001286s ]
INFO: [ app_begin ] --START--
INFO: Run Behavior\ReadHtmlCacheBehavior [ RunTime:0.001296s ]
INFO: [ app_begin ] --END-- [ RunTime:0.001561s ]
INFO: [ app_end ] --START--
INFO: Run Behavior\ShowPageTraceBehavior [ RunTime:0.001091s ]
INFO: [ app_end ] --END-- [ RunTime:0.001268s ]

[ 2017-06-25T23:50:52+08:00 ] ::1 /whateat/index.php/Admin/Index/about_us.shtml
INFO: [ app_init ] --START--
INFO: Run Behavior\BuildLiteBehavior [ RunTime:0.000037s ]
INFO: [ app_init ] --END-- [ RunTime:0.001134s ]
INFO: [ app_begin ] --START--
INFO: Run Behavior\ReadHtmlCacheBehavior [ RunTime:0.001797s ]
INFO: [ app_begin ] --END-- [ RunTime:0.002073s ]
INFO: [ app_end ] --START--
INFO: Run Behavior\ShowPageTraceBehavior [ RunTime:0.002381s ]
INFO: [ app_end ] --END-- [ RunTime:0.002735s ]

[ 2017-06-25T23:52:10+08:00 ] ::1 /whateat/index.php/Admin/Index/index.shtml
INFO: [ app_init ] --START--
INFO: Run Behavior\BuildLiteBehavior [ RunTime:0.000072s ]
INFO: [ app_init ] --END-- [ RunTime:0.001136s ]
INFO: [ app_begin ] --START--
INFO: Run Behavior\ReadHtmlCacheBehavior [ RunTime:0.001336s ]
INFO: [ app_begin ] --END-- [ RunTime:0.001518s ]
SQL: SHOW COLUMNS FROM `whateat_admin_node` [ RunTime:0.0063s ]
SQL: SELECT * FROM `whateat_admin_node` WHERE `controller` = 'Index' ORDER BY sort LIMIT 1   [ RunTime:0.0006s ]
NOTIC: [2] Missing argument 1 for Think\Controller::show(), called in F:\wamp\www\whateat\Application\Admin\Controller\IndexController.class.php on line 90 and defined F:\wamp\www\whateat\ThinkPHP\Library\Think\Controller.class.php 第 68 行.
NOTIC: [8] Undefined variable: content F:\wamp\www\whateat\ThinkPHP\Library\Think\Controller.class.php 第 69 行.
INFO: [ view_parse ] --START--
INFO: [ template_filter ] --START--
INFO: Run Behavior\ContentReplaceBehavior [ RunTime:0.000182s ]
INFO: [ template_filter ] --END-- [ RunTime:0.000571s ]
INFO: Run Behavior\ParseTemplateBehavior [ RunTime:0.014781s ]
INFO: [ view_parse ] --END-- [ RunTime:0.015043s ]
INFO: [ view_filter ] --START--
INFO: Run Behavior\WriteHtmlCacheBehavior [ RunTime:0.001034s ]
INFO: Run Behavior\TokenBuildBehavior [ RunTime:0.001143s ]
INFO: [ view_filter ] --END-- [ RunTime:0.002448s ]
INFO: [ app_end ] --START--
INFO: Run Behavior\ShowPageTraceBehavior [ RunTime:0.001238s ]
INFO: [ app_end ] --END-- [ RunTime:0.001540s ]

[ 2017-06-25T23:52:10+08:00 ] ::1 /whateat/index.php/Admin/Index/top_menu.shtml
INFO: [ app_init ] --START--
INFO: Run Behavior\BuildLiteBehavior [ RunTime:0.000107s ]
INFO: [ app_init ] --END-- [ RunTime:0.001658s ]
INFO: [ app_begin ] --START--
INFO: Run Behavior\ReadHtmlCacheBehavior [ RunTime:0.002062s ]
INFO: [ app_begin ] --END-- [ RunTime:0.002513s ]
NOTIC: [8] Undefined index: pid F:\wamp\www\whateat\Application\Admin\Controller\IndexController.class.php 第 43 行.
NOTIC: [8] Undefined index: pid F:\wamp\www\whateat\Application\Admin\Controller\IndexController.class.php 第 43 行.
NOTIC: [8] Undefined index: pid F:\wamp\www\whateat\Application\Admin\Controller\IndexController.class.php 第 43 行.
NOTIC: [8] Undefined index: pid F:\wamp\www\whateat\Application\Admin\Controller\IndexController.class.php 第 43 行.
NOTIC: [2] Missing argument 1 for Think\Controller::show(), called in F:\wamp\www\whateat\Application\Admin\Controller\IndexController.class.php on line 58 and defined F:\wamp\www\whateat\ThinkPHP\Library\Think\Controller.class.php 第 68 行.
NOTIC: [8] Undefined variable: content F:\wamp\www\whateat\ThinkPHP\Library\Think\Controller.class.php 第 69 行.
INFO: [ view_parse ] --START--
INFO: [ template_filter ] --START--
INFO: Run Behavior\ContentReplaceBehavior [ RunTime:0.000096s ]
INFO: [ template_filter ] --END-- [ RunTime:0.000273s ]
INFO: Run Behavior\ParseTemplateBehavior [ RunTime:0.018049s ]
INFO: [ view_parse ] --END-- [ RunTime:0.018425s ]
INFO: [ view_filter ] --START--
INFO: Run Behavior\WriteHtmlCacheBehavior [ RunTime:0.001256s ]
INFO: Run Behavior\TokenBuildBehavior [ RunTime:0.001222s ]
INFO: [ view_filter ] --END-- [ RunTime:0.002860s ]
INFO: [ app_end ] --START--
INFO: Run Behavior\ShowPageTraceBehavior [ RunTime:0.001263s ]
INFO: [ app_end ] --END-- [ RunTime:0.001501s ]

[ 2017-06-25T23:52:10+08:00 ] ::1 /whateat/index.php/Admin/Index/home.shtml
INFO: [ app_init ] --START--
INFO: Run Behavior\BuildLiteBehavior [ RunTime:0.000064s ]
INFO: [ app_init ] --END-- [ RunTime:0.001144s ]
INFO: [ app_begin ] --START--
INFO: Run Behavior\ReadHtmlCacheBehavior [ RunTime:0.001363s ]
INFO: [ app_begin ] --END-- [ RunTime:0.001727s ]
INFO: [ app_end ] --START--
INFO: Run Behavior\ShowPageTraceBehavior [ RunTime:0.001708s ]
INFO: [ app_end ] --END-- [ RunTime:0.002129s ]

[ 2017-06-25T23:52:10+08:00 ] ::1 /whateat/index.php/Admin/Index/about_us.shtml
INFO: [ app_init ] --START--
INFO: Run Behavior\BuildLiteBehavior [ RunTime:0.000061s ]
INFO: [ app_init ] --END-- [ RunTime:0.001210s ]
INFO: [ app_begin ] --START--
INFO: Run Behavior\ReadHtmlCacheBehavior [ RunTime:0.001843s ]
INFO: [ app_begin ] --END-- [ RunTime:0.002239s ]
INFO: [ app_end ] --START--
INFO: Run Behavior\ShowPageTraceBehavior [ RunTime:0.001695s ]
INFO: [ app_end ] --END-- [ RunTime:0.002052s ]

[ 2017-06-25T23:59:31+08:00 ] ::1 /whateat/index.php/Admin
INFO: [ app_init ] --START--
INFO: Run Behavior\BuildLiteBehavior [ RunTime:0.000038s ]
INFO: [ app_init ] --END-- [ RunTime:0.000695s ]
INFO: [ app_begin ] --START--
INFO: Run Behavior\ReadHtmlCacheBehavior [ RunTime:0.001751s ]
INFO: [ app_begin ] --END-- [ RunTime:0.002062s ]
SQL: SHOW COLUMNS FROM `whateat_admin_node` [ RunTime:0.0086s ]
SQL: SELECT * FROM `whateat_admin_node` WHERE `controller` = 'Index' ORDER BY sort LIMIT 1   [ RunTime:0.0006s ]
NOTIC: [2] Missing argument 1 for Think\Controller::show(), called in F:\wamp\www\whateat\Application\Admin\Controller\IndexController.class.php on line 90 and defined F:\wamp\www\whateat\ThinkPHP\Library\Think\Controller.class.php 第 68 行.
NOTIC: [8] Undefined variable: content F:\wamp\www\whateat\ThinkPHP\Library\Think\Controller.class.php 第 69 行.
INFO: [ view_parse ] --START--
INFO: [ template_filter ] --START--
INFO: Run Behavior\ContentReplaceBehavior [ RunTime:0.000099s ]
INFO: [ template_filter ] --END-- [ RunTime:0.000278s ]
INFO: Run Behavior\ParseTemplateBehavior [ RunTime:0.013463s ]
INFO: [ view_parse ] --END-- [ RunTime:0.013719s ]
INFO: [ view_filter ] --START--
INFO: Run Behavior\WriteHtmlCacheBehavior [ RunTime:0.000854s ]
INFO: Run Behavior\TokenBuildBehavior [ RunTime:0.000972s ]
INFO: [ view_filter ] --END-- [ RunTime:0.002072s ]
INFO: [ app_end ] --START--
INFO: Run Behavior\ShowPageTraceBehavior [ RunTime:0.001073s ]
INFO: [ app_end ] --END-- [ RunTime:0.001242s ]

[ 2017-06-25T23:59:31+08:00 ] ::1 /whateat/index.php/Admin/Index/about_us.shtml
INFO: [ app_init ] --START--
INFO: Run Behavior\BuildLiteBehavior [ RunTime:0.000071s ]
INFO: [ app_init ] --END-- [ RunTime:0.001133s ]
INFO: [ app_begin ] --START--
INFO: Run Behavior\ReadHtmlCacheBehavior [ RunTime:0.001388s ]
INFO: [ app_begin ] --END-- [ RunTime:0.001774s ]
INFO: [ app_end ] --START--
INFO: Run Behavior\ShowPageTraceBehavior [ RunTime:0.001265s ]
INFO: [ app_end ] --END-- [ RunTime:0.001607s ]

[ 2017-06-25T23:59:31+08:00 ] ::1 /whateat/index.php/Admin/Index/top_menu.shtml
INFO: [ app_init ] --START--
INFO: Run Behavior\BuildLiteBehavior [ RunTime:0.000075s ]
INFO: [ app_init ] --END-- [ RunTime:0.001160s ]
INFO: [ app_begin ] --START--
INFO: Run Behavior\ReadHtmlCacheBehavior [ RunTime:0.001719s ]
INFO: [ app_begin ] --END-- [ RunTime:0.002067s ]
NOTIC: [8] Undefined index: pid F:\wamp\www\whateat\Application\Admin\Controller\IndexController.class.php 第 43 行.
NOTIC: [8] Undefined index: pid F:\wamp\www\whateat\Application\Admin\Controller\IndexController.class.php 第 43 行.
NOTIC: [8] Undefined index: pid F:\wamp\www\whateat\Application\Admin\Controller\IndexController.class.php 第 43 行.
NOTIC: [8] Undefined index: pid F:\wamp\www\whateat\Application\Admin\Controller\IndexController.class.php 第 43 行.
NOTIC: [2] Missing argument 1 for Think\Controller::show(), called in F:\wamp\www\whateat\Application\Admin\Controller\IndexController.class.php on line 58 and defined F:\wamp\www\whateat\ThinkPHP\Library\Think\Controller.class.php 第 68 行.
NOTIC: [8] Undefined variable: content F:\wamp\www\whateat\ThinkPHP\Library\Think\Controller.class.php 第 69 行.
INFO: [ view_parse ] --START--
INFO: [ template_filter ] --START--
INFO: Run Behavior\ContentReplaceBehavior [ RunTime:0.000197s ]
INFO: [ template_filter ] --END-- [ RunTime:0.000606s ]
INFO: Run Behavior\ParseTemplateBehavior [ RunTime:0.024888s ]
INFO: [ view_parse ] --END-- [ RunTime:0.025243s ]
INFO: [ view_filter ] --START--
INFO: Run Behavior\WriteHtmlCacheBehavior [ RunTime:0.001486s ]
INFO: Run Behavior\TokenBuildBehavior [ RunTime:0.001697s ]
INFO: [ view_filter ] --END-- [ RunTime:0.003696s ]
INFO: [ app_end ] --START--
INFO: Run Behavior\ShowPageTraceBehavior [ RunTime:0.001888s ]
INFO: [ app_end ] --END-- [ RunTime:0.002202s ]

[ 2017-06-25T23:59:31+08:00 ] ::1 /whateat/index.php/Admin/Index/home.shtml
INFO: [ app_init ] --START--
INFO: Run Behavior\BuildLiteBehavior [ RunTime:0.000065s ]
INFO: [ app_init ] --END-- [ RunTime:0.001151s ]
INFO: [ app_begin ] --START--
INFO: Run Behavior\ReadHtmlCacheBehavior [ RunTime:0.002067s ]
INFO: [ app_begin ] --END-- [ RunTime:0.002985s ]

