[ 2017-01-14T22:33:52+08:00 ] ::1 /westylegit/code/index.php/Admin/
INFO: [ app_init ] --START--
INFO: Run Behavior\BuildLiteBehavior [ RunTime:0.000112s ]
INFO: [ app_init ] --END-- [ RunTime:0.002347s ]
INFO: [ app_begin ] --START--
INFO: Run Behavior\ReadHtmlCacheBehavior [ RunTime:0.005598s ]
INFO: [ app_begin ] --END-- [ RunTime:0.006177s ]
SQL: SHOW COLUMNS FROM `westyle_admin_node` [ RunTime:0.0196s ]
SQL: SELECT * FROM `westyle_admin_node` WHERE `controller` = 'Index' ORDER BY sort LIMIT 1   [ RunTime:0.0030s ]
NOTIC: [2] Missing argument 1 for Think\Controller::show(), called in F:\wamp\www\westylegit\code\Application\Admin\Controller\IndexController.class.php on line 156 and defined F:\wamp\www\westylegit\code\ThinkPHP\Library\Think\Controller.class.php 第 68 行.
NOTIC: [8] Undefined variable: content F:\wamp\www\westylegit\code\ThinkPHP\Library\Think\Controller.class.php 第 69 行.
INFO: [ view_parse ] --START--
INFO: [ template_filter ] --START--
INFO: Run Behavior\ContentReplaceBehavior [ RunTime:0.000273s ]
INFO: [ template_filter ] --END-- [ RunTime:0.000803s ]
INFO: Run Behavior\ParseTemplateBehavior [ RunTime:0.125969s ]
INFO: [ view_parse ] --END-- [ RunTime:0.127945s ]
INFO: [ view_filter ] --START--
INFO: Run Behavior\WriteHtmlCacheBehavior [ RunTime:0.033851s ]
INFO: Run Behavior\TokenBuildBehavior [ RunTime:0.085611s ]
INFO: [ view_filter ] --END-- [ RunTime:0.120179s ]
INFO: [ app_end ] --START--
INFO: Run Behavior\ShowPageTraceBehavior [ RunTime:0.002779s ]
INFO: [ app_end ] --END-- [ RunTime:0.003105s ]

[ 2017-01-14T22:33:53+08:00 ] ::1 /westylegit/code/index.php/Admin/Index/about_us.shtml
INFO: [ app_init ] --START--
INFO: Run Behavior\BuildLiteBehavior [ RunTime:0.000074s ]
INFO: [ app_init ] --END-- [ RunTime:0.001095s ]
INFO: [ app_begin ] --START--
INFO: Run Behavior\ReadHtmlCacheBehavior [ RunTime:0.001786s ]
INFO: [ app_begin ] --END-- [ RunTime:0.002142s ]
INFO: [ app_end ] --START--
INFO: Run Behavior\ShowPageTraceBehavior [ RunTime:0.001797s ]
INFO: [ app_end ] --END-- [ RunTime:0.002168s ]

[ 2017-01-14T22:33:53+08:00 ] ::1 /westylegit/code/index.php/Admin/Index/home.shtml
INFO: [ app_init ] --START--
INFO: Run Behavior\BuildLiteBehavior [ RunTime:0.000076s ]
INFO: [ app_init ] --END-- [ RunTime:0.001353s ]
INFO: [ app_begin ] --START--
INFO: Run Behavior\ReadHtmlCacheBehavior [ RunTime:0.001992s ]
INFO: [ app_begin ] --END-- [ RunTime:0.002367s ]
INFO: [ app_end ] --START--
INFO: Run Behavior\ShowPageTraceBehavior [ RunTime:0.001913s ]
INFO: [ app_end ] --END-- [ RunTime:0.002293s ]

[ 2017-01-14T22:33:53+08:00 ] ::1 /westylegit/code/index.php/Admin/Index/top_menu.shtml
INFO: [ app_init ] --START--
INFO: Run Behavior\BuildLiteBehavior [ RunTime:0.000126s ]
INFO: [ app_init ] --END-- [ RunTime:0.001378s ]
INFO: [ app_begin ] --START--
INFO: Run Behavior\ReadHtmlCacheBehavior [ RunTime:0.002130s ]
INFO: [ app_begin ] --END-- [ RunTime:0.002511s ]
NOTIC: [8] Undefined index: pid F:\wamp\www\westylegit\code\Application\Admin\Controller\IndexController.class.php 第 109 行.
NOTIC: [8] Undefined index: pid F:\wamp\www\westylegit\code\Application\Admin\Controller\IndexController.class.php 第 109 行.
NOTIC: [8] Undefined index: pid F:\wamp\www\westylegit\code\Application\Admin\Controller\IndexController.class.php 第 109 行.
NOTIC: [8] Undefined index: pid F:\wamp\www\westylegit\code\Application\Admin\Controller\IndexController.class.php 第 109 行.
NOTIC: [2] Missing argument 1 for Think\Controller::show(), called in F:\wamp\www\westylegit\code\Application\Admin\Controller\IndexController.class.php on line 124 and defined F:\wamp\www\westylegit\code\ThinkPHP\Library\Think\Controller.class.php 第 68 行.
NOTIC: [8] Undefined variable: content F:\wamp\www\westylegit\code\ThinkPHP\Library\Think\Controller.class.php 第 69 行.
INFO: [ view_parse ] --START--
INFO: [ template_filter ] --START--
INFO: Run Behavior\ContentReplaceBehavior [ RunTime:0.000100s ]
INFO: [ template_filter ] --END-- [ RunTime:0.000276s ]
INFO: Run Behavior\ParseTemplateBehavior [ RunTime:0.040238s ]
INFO: [ view_parse ] --END-- [ RunTime:0.040510s ]
INFO: [ view_filter ] --START--
INFO: Run Behavior\WriteHtmlCacheBehavior [ RunTime:0.001120s ]
INFO: Run Behavior\TokenBuildBehavior [ RunTime:0.002134s ]
INFO: [ view_filter ] --END-- [ RunTime:0.003561s ]
INFO: [ app_end ] --START--
INFO: Run Behavior\ShowPageTraceBehavior [ RunTime:0.001495s ]
INFO: [ app_end ] --END-- [ RunTime:0.001773s ]

[ 2017-01-14T22:33:55+08:00 ] ::1 /westylegit/code/index.php/Admin/Index/left_menu?pid=15
INFO: [ app_init ] --START--
INFO: Run Behavior\BuildLiteBehavior [ RunTime:0.000034s ]
INFO: [ app_init ] --END-- [ RunTime:0.000654s ]
INFO: [ app_begin ] --START--
INFO: Run Behavior\ReadHtmlCacheBehavior [ RunTime:0.001166s ]
INFO: [ app_begin ] --END-- [ RunTime:0.001338s ]
NOTIC: [8] Undefined index: pid F:\wamp\www\westylegit\code\Application\Admin\Controller\IndexController.class.php 第 131 行.
NOTIC: [8] Undefined index: pid F:\wamp\www\westylegit\code\Application\Admin\Controller\IndexController.class.php 第 131 行.
NOTIC: [8] Undefined index: pid F:\wamp\www\westylegit\code\Application\Admin\Controller\IndexController.class.php 第 131 行.
NOTIC: [8] Undefined index: pid F:\wamp\www\westylegit\code\Application\Admin\Controller\IndexController.class.php 第 131 行.
NOTIC: [2] Missing argument 1 for Think\Controller::show(), called in F:\wamp\www\westylegit\code\Application\Admin\Controller\IndexController.class.php on line 146 and defined F:\wamp\www\westylegit\code\ThinkPHP\Library\Think\Controller.class.php 第 68 行.
NOTIC: [8] Undefined variable: content F:\wamp\www\westylegit\code\ThinkPHP\Library\Think\Controller.class.php 第 69 行.
INFO: [ view_parse ] --START--
INFO: [ template_filter ] --START--
INFO: Run Behavior\ContentReplaceBehavior [ RunTime:0.000278s ]
INFO: [ template_filter ] --END-- [ RunTime:0.000826s ]
INFO: Run Behavior\ParseTemplateBehavior [ RunTime:0.044930s ]
INFO: [ view_parse ] --END-- [ RunTime:0.045588s ]
INFO: [ view_filter ] --START--
INFO: Run Behavior\WriteHtmlCacheBehavior [ RunTime:0.004497s ]
INFO: Run Behavior\TokenBuildBehavior [ RunTime:0.005700s ]
INFO: [ view_filter ] --END-- [ RunTime:0.011645s ]
INFO: [ app_end ] --START--
INFO: Run Behavior\ShowPageTraceBehavior [ RunTime:0.006049s ]
INFO: [ app_end ] --END-- [ RunTime:0.006747s ]

[ 2017-01-14T22:33:57+08:00 ] ::1 /westylegit/code/index.php/Admin/AdminNode/admin_node.shtml
INFO: [ app_init ] --START--
INFO: Run Behavior\BuildLiteBehavior [ RunTime:0.000065s ]
INFO: [ app_init ] --END-- [ RunTime:0.001225s ]
INFO: [ app_begin ] --START--
INFO: Run Behavior\ReadHtmlCacheBehavior [ RunTime:0.001705s ]
INFO: [ app_begin ] --END-- [ RunTime:0.002010s ]
SQL: SHOW COLUMNS FROM `westyle_admin_node` [ RunTime:0.0069s ]
SQL: SELECT * FROM `westyle_admin_node` WHERE `controller` = 'AdminNode' ORDER BY sort LIMIT 1   [ RunTime:0.0009s ]
SQL: SELECT * FROM `westyle_admin_node` ORDER BY level  [ RunTime:0.0009s ]
INFO: [ view_parse ] --START--
INFO: [ template_filter ] --START--
INFO: Run Behavior\ContentReplaceBehavior [ RunTime:0.000105s ]
INFO: [ template_filter ] --END-- [ RunTime:0.000285s ]
INFO: Run Behavior\ParseTemplateBehavior [ RunTime:0.065176s ]
INFO: [ view_parse ] --END-- [ RunTime:0.065532s ]
INFO: [ view_filter ] --START--
INFO: Run Behavior\WriteHtmlCacheBehavior [ RunTime:0.001318s ]
INFO: Run Behavior\TokenBuildBehavior [ RunTime:0.002139s ]
INFO: [ view_filter ] --END-- [ RunTime:0.003883s ]
INFO: [ app_end ] --START--
INFO: Run Behavior\ShowPageTraceBehavior [ RunTime:0.002104s ]
INFO: [ app_end ] --END-- [ RunTime:0.002387s ]

[ 2017-01-14T22:37:04+08:00 ] ::1 /westylegit/code/index.php/Admin/Index/left_menu?pid=2
INFO: [ app_init ] --START--
INFO: Run Behavior\BuildLiteBehavior [ RunTime:0.000035s ]
INFO: [ app_init ] --END-- [ RunTime:0.000658s ]
INFO: [ app_begin ] --START--
INFO: Run Behavior\ReadHtmlCacheBehavior [ RunTime:0.001163s ]
INFO: [ app_begin ] --END-- [ RunTime:0.001336s ]
NOTIC: [8] Undefined index: pid F:\wamp\www\westylegit\code\Application\Admin\Controller\IndexController.class.php 第 131 行.
NOTIC: [8] Undefined index: pid F:\wamp\www\westylegit\code\Application\Admin\Controller\IndexController.class.php 第 131 行.
NOTIC: [8] Undefined index: pid F:\wamp\www\westylegit\code\Application\Admin\Controller\IndexController.class.php 第 131 行.
NOTIC: [8] Undefined index: pid F:\wamp\www\westylegit\code\Application\Admin\Controller\IndexController.class.php 第 131 行.
NOTIC: [2] Missing argument 1 for Think\Controller::show(), called in F:\wamp\www\westylegit\code\Application\Admin\Controller\IndexController.class.php on line 146 and defined F:\wamp\www\westylegit\code\ThinkPHP\Library\Think\Controller.class.php 第 68 行.
NOTIC: [8] Undefined variable: content F:\wamp\www\westylegit\code\ThinkPHP\Library\Think\Controller.class.php 第 69 行.
INFO: [ view_parse ] --START--
INFO: [ template_filter ] --START--
INFO: Run Behavior\ContentReplaceBehavior [ RunTime:0.000092s ]
INFO: [ template_filter ] --END-- [ RunTime:0.000269s ]
INFO: Run Behavior\ParseTemplateBehavior [ RunTime:0.012931s ]
INFO: [ view_parse ] --END-- [ RunTime:0.013119s ]
INFO: [ view_filter ] --START--
INFO: Run Behavior\WriteHtmlCacheBehavior [ RunTime:0.000978s ]
INFO: Run Behavior\TokenBuildBehavior [ RunTime:0.001123s ]
INFO: [ view_filter ] --END-- [ RunTime:0.002349s ]
INFO: [ app_end ] --START--
INFO: Run Behavior\ShowPageTraceBehavior [ RunTime:0.001188s ]
INFO: [ app_end ] --END-- [ RunTime:0.001347s ]

[ 2017-01-14T22:37:05+08:00 ] ::1 /westylegit/code/index.php/Admin/Index/left_menu?pid=7
INFO: [ app_init ] --START--
INFO: Run Behavior\BuildLiteBehavior [ RunTime:0.000034s ]
INFO: [ app_init ] --END-- [ RunTime:0.000645s ]
INFO: [ app_begin ] --START--
INFO: Run Behavior\ReadHtmlCacheBehavior [ RunTime:0.001063s ]
INFO: [ app_begin ] --END-- [ RunTime:0.001220s ]
NOTIC: [8] Undefined index: pid F:\wamp\www\westylegit\code\Application\Admin\Controller\IndexController.class.php 第 131 行.
NOTIC: [8] Undefined index: pid F:\wamp\www\westylegit\code\Application\Admin\Controller\IndexController.class.php 第 131 行.
NOTIC: [8] Undefined index: pid F:\wamp\www\westylegit\code\Application\Admin\Controller\IndexController.class.php 第 131 行.
NOTIC: [8] Undefined index: pid F:\wamp\www\westylegit\code\Application\Admin\Controller\IndexController.class.php 第 131 行.
NOTIC: [2] Missing argument 1 for Think\Controller::show(), called in F:\wamp\www\westylegit\code\Application\Admin\Controller\IndexController.class.php on line 146 and defined F:\wamp\www\westylegit\code\ThinkPHP\Library\Think\Controller.class.php 第 68 行.
NOTIC: [8] Undefined variable: content F:\wamp\www\westylegit\code\ThinkPHP\Library\Think\Controller.class.php 第 69 行.
INFO: [ view_parse ] --START--
INFO: [ template_filter ] --START--
INFO: Run Behavior\ContentReplaceBehavior [ RunTime:0.000090s ]
INFO: [ template_filter ] --END-- [ RunTime:0.000264s ]
INFO: Run Behavior\ParseTemplateBehavior [ RunTime:0.014412s ]
INFO: [ view_parse ] --END-- [ RunTime:0.014587s ]
INFO: [ view_filter ] --START--
INFO: Run Behavior\WriteHtmlCacheBehavior [ RunTime:0.000987s ]
INFO: Run Behavior\TokenBuildBehavior [ RunTime:0.001325s ]
INFO: [ view_filter ] --END-- [ RunTime:0.002598s ]
INFO: [ app_end ] --START--
INFO: Run Behavior\ShowPageTraceBehavior [ RunTime:0.001524s ]
INFO: [ app_end ] --END-- [ RunTime:0.001796s ]

[ 2017-01-14T22:37:07+08:00 ] ::1 /westylegit/code/index.php/Admin/AdminGroup/admin_group.shtml
INFO: [ app_init ] --START--
INFO: Run Behavior\BuildLiteBehavior [ RunTime:0.000037s ]
INFO: [ app_init ] --END-- [ RunTime:0.000719s ]
INFO: [ app_begin ] --START--
INFO: Run Behavior\ReadHtmlCacheBehavior [ RunTime:0.001200s ]
INFO: [ app_begin ] --END-- [ RunTime:0.001387s ]
SQL: SHOW COLUMNS FROM `westyle_admin_node` [ RunTime:0.0058s ]
SQL: SELECT * FROM `westyle_admin_node` WHERE `controller` = 'AdminGroup' ORDER BY sort LIMIT 1   [ RunTime:0.0006s ]
SQL: SHOW COLUMNS FROM `westyle_admin_group` [ RunTime:0.0047s ]
SQL: SELECT * FROM `westyle_admin_group` ORDER BY id  [ RunTime:0.0006s ]
INFO: [ view_parse ] --START--
INFO: [ template_filter ] --START--
INFO: Run Behavior\ContentReplaceBehavior [ RunTime:0.000102s ]
INFO: [ template_filter ] --END-- [ RunTime:0.000279s ]
INFO: Run Behavior\ParseTemplateBehavior [ RunTime:0.073060s ]
INFO: [ view_parse ] --END-- [ RunTime:0.073250s ]
INFO: [ view_filter ] --START--
INFO: Run Behavior\WriteHtmlCacheBehavior [ RunTime:0.000929s ]
INFO: Run Behavior\TokenBuildBehavior [ RunTime:0.001683s ]
INFO: [ view_filter ] --END-- [ RunTime:0.002872s ]
INFO: [ app_end ] --START--
INFO: Run Behavior\ShowPageTraceBehavior [ RunTime:0.001253s ]
INFO: [ app_end ] --END-- [ RunTime:0.001413s ]

[ 2017-01-14T22:37:15+08:00 ] ::1 /westylegit/code/index.php/Admin/AdminGroup/create.shtml
INFO: [ app_init ] --START--
INFO: Run Behavior\BuildLiteBehavior [ RunTime:0.000066s ]
INFO: [ app_init ] --END-- [ RunTime:0.000937s ]
INFO: [ app_begin ] --START--
INFO: Run Behavior\ReadHtmlCacheBehavior [ RunTime:0.001186s ]
INFO: [ app_begin ] --END-- [ RunTime:0.001369s ]
SQL: SHOW COLUMNS FROM `westyle_admin_node` [ RunTime:0.1412s ]
SQL: SELECT * FROM `westyle_admin_node` WHERE `controller` = 'AdminGroup' ORDER BY sort LIMIT 1   [ RunTime:0.0012s ]
NOTIC: [2] Missing argument 1 for Think\Controller::show(), called in F:\wamp\www\westylegit\code\Application\Admin\Controller\AdminGroupController.class.php on line 21 and defined F:\wamp\www\westylegit\code\ThinkPHP\Library\Think\Controller.class.php 第 68 行.
NOTIC: [8] Undefined variable: content F:\wamp\www\westylegit\code\ThinkPHP\Library\Think\Controller.class.php 第 69 行.
INFO: [ view_parse ] --START--
INFO: [ template_filter ] --START--
INFO: Run Behavior\ContentReplaceBehavior [ RunTime:0.000098s ]
INFO: [ template_filter ] --END-- [ RunTime:0.000283s ]
INFO: Run Behavior\ParseTemplateBehavior [ RunTime:0.032150s ]
INFO: [ view_parse ] --END-- [ RunTime:0.032460s ]
INFO: [ view_filter ] --START--
INFO: Run Behavior\WriteHtmlCacheBehavior [ RunTime:0.001175s ]
INFO: Run Behavior\TokenBuildBehavior [ RunTime:0.001475s ]
INFO: [ view_filter ] --END-- [ RunTime:0.003007s ]
INFO: [ app_end ] --START--
INFO: Run Behavior\ShowPageTraceBehavior [ RunTime:0.001457s ]
INFO: [ app_end ] --END-- [ RunTime:0.001713s ]

[ 2017-01-14T22:37:24+08:00 ] ::1 /westylegit/code/index.php/Admin/AdminGroup/post.shtml?method=create
INFO: [ app_init ] --START--
INFO: Run Behavior\BuildLiteBehavior [ RunTime:0.000039s ]
INFO: [ app_init ] --END-- [ RunTime:0.000828s ]
INFO: [ app_begin ] --START--
INFO: Run Behavior\ReadHtmlCacheBehavior [ RunTime:0.001166s ]
INFO: [ app_begin ] --END-- [ RunTime:0.001350s ]
SQL: SHOW COLUMNS FROM `westyle_admin_node` [ RunTime:0.1041s ]
SQL: SELECT * FROM `westyle_admin_node` WHERE `controller` = 'AdminGroup' ORDER BY sort LIMIT 1   [ RunTime:0.0011s ]
SQL: SHOW COLUMNS FROM `westyle_admin_group` [ RunTime:0.0390s ]
SQL: SELECT * FROM `westyle_admin_node` WHERE ( level=0 ) ORDER BY level LIMIT 1   [ RunTime:0.0010s ]
NOTIC: [8] Undefined index: validate F:\wamp\www\westylegit\code\ThinkPHP\Library\Think\Model.class.php 第 1185 行.
NOTIC: [8] Undefined index: auto F:\wamp\www\westylegit\code\ThinkPHP\Library\Think\Model.class.php 第 1128 行.
SQL: INSERT INTO `westyle_admin_group` (`title`,`description`,`rules`) VALUES ('HR','nb','1') [ RunTime:0.1228s ]

[ 2017-01-14T22:37:26+08:00 ] ::1 /westylegit/code/index.php/Admin/AdminGroup/admin_group.shtml
INFO: [ app_init ] --START--
INFO: Run Behavior\BuildLiteBehavior [ RunTime:0.000212s ]
INFO: [ app_init ] --END-- [ RunTime:0.002288s ]
INFO: [ app_begin ] --START--
INFO: Run Behavior\ReadHtmlCacheBehavior [ RunTime:0.004315s ]
INFO: [ app_begin ] --END-- [ RunTime:0.004875s ]
SQL: SHOW COLUMNS FROM `westyle_admin_node` [ RunTime:0.1259s ]
SQL: SELECT * FROM `westyle_admin_node` WHERE `controller` = 'AdminGroup' ORDER BY sort LIMIT 1   [ RunTime:0.0015s ]
SQL: SHOW COLUMNS FROM `westyle_admin_group` [ RunTime:0.1641s ]
SQL: SELECT * FROM `westyle_admin_group` ORDER BY id  [ RunTime:0.0007s ]
INFO: [ view_parse ] --START--
INFO: [ template_filter ] --START--
INFO: Run Behavior\ContentReplaceBehavior [ RunTime:0.000203s ]
INFO: [ template_filter ] --END-- [ RunTime:0.000579s ]
INFO: Run Behavior\ParseTemplateBehavior [ RunTime:0.023287s ]
INFO: [ view_parse ] --END-- [ RunTime:0.023696s ]
INFO: [ view_filter ] --START--
INFO: Run Behavior\WriteHtmlCacheBehavior [ RunTime:0.001586s ]
INFO: Run Behavior\TokenBuildBehavior [ RunTime:0.002015s ]
INFO: [ view_filter ] --END-- [ RunTime:0.004141s ]
INFO: [ app_end ] --START--
INFO: Run Behavior\ShowPageTraceBehavior [ RunTime:0.002178s ]
INFO: [ app_end ] --END-- [ RunTime:0.003516s ]

[ 2017-01-14T22:37:28+08:00 ] ::1 /westylegit/code/index.php/Admin/AdminGroup/authority.shtml?id=2
INFO: [ app_init ] --START--
INFO: Run Behavior\BuildLiteBehavior [ RunTime:0.000035s ]
INFO: [ app_init ] --END-- [ RunTime:0.000658s ]
INFO: [ app_begin ] --START--
INFO: Run Behavior\ReadHtmlCacheBehavior [ RunTime:0.001258s ]
INFO: [ app_begin ] --END-- [ RunTime:0.001450s ]
SQL: SHOW COLUMNS FROM `westyle_admin_node` [ RunTime:0.0084s ]
SQL: SELECT * FROM `westyle_admin_node` WHERE `controller` = 'AdminGroup' ORDER BY sort LIMIT 1   [ RunTime:0.0006s ]
SQL: SHOW COLUMNS FROM `westyle_admin_group` [ RunTime:0.0050s ]
SQL: SELECT * FROM `westyle_admin_group` WHERE ( id=2 ) LIMIT 1   [ RunTime:0.0005s ]
SQL: SELECT * FROM `westyle_admin_node` ORDER BY level  [ RunTime:0.0007s ]
NOTIC: [2] Missing argument 1 for Think\Controller::show(), called in F:\wamp\www\westylegit\code\Application\Admin\Controller\AdminGroupController.class.php on line 74 and defined F:\wamp\www\westylegit\code\ThinkPHP\Library\Think\Controller.class.php 第 68 行.
NOTIC: [8] Undefined variable: content F:\wamp\www\westylegit\code\ThinkPHP\Library\Think\Controller.class.php 第 69 行.
INFO: [ view_parse ] --START--
INFO: [ template_filter ] --START--
INFO: Run Behavior\ContentReplaceBehavior [ RunTime:0.000505s ]
INFO: [ template_filter ] --END-- [ RunTime:0.001134s ]
NOTIC: [8] Undefined index: id F:\wamp\www\westylegit\code\Application\Runtime\Cache\Admin\25b719851b00e0d88029b9c876fed8a7.php 第 52 行.
NOTIC: [8] Undefined index: checked F:\wamp\www\westylegit\code\Application\Runtime\Cache\Admin\25b719851b00e0d88029b9c876fed8a7.php 第 52 行.
NOTIC: [8] Undefined index: id F:\wamp\www\westylegit\code\Application\Runtime\Cache\Admin\25b719851b00e0d88029b9c876fed8a7.php 第 52 行.
INFO: Run Behavior\ParseTemplateBehavior [ RunTime:0.161032s ]
INFO: [ view_parse ] --END-- [ RunTime:0.161684s ]
INFO: [ view_filter ] --START--
INFO: Run Behavior\WriteHtmlCacheBehavior [ RunTime:0.003741s ]
INFO: Run Behavior\TokenBuildBehavior [ RunTime:0.005572s ]
INFO: [ view_filter ] --END-- [ RunTime:0.010216s ]
INFO: [ app_end ] --START--
INFO: Run Behavior\ShowPageTraceBehavior [ RunTime:0.008891s ]
INFO: [ app_end ] --END-- [ RunTime:0.011018s ]

[ 2017-01-14T22:37:54+08:00 ] ::1 /westylegit/code/index.php/Admin/AdminGroup/set_auth.shtml?id=2
INFO: [ app_init ] --START--
INFO: Run Behavior\BuildLiteBehavior [ RunTime:0.000061s ]
INFO: [ app_init ] --END-- [ RunTime:0.001086s ]
INFO: [ app_begin ] --START--
INFO: Run Behavior\ReadHtmlCacheBehavior [ RunTime:0.001250s ]
INFO: [ app_begin ] --END-- [ RunTime:0.001447s ]
SQL: SHOW COLUMNS FROM `westyle_admin_node` [ RunTime:0.0902s ]
SQL: SELECT * FROM `westyle_admin_node` WHERE `controller` = 'AdminGroup' AND `method` = 'set_auth' ORDER BY sort LIMIT 1   [ RunTime:0.0010s ]
SQL: SHOW COLUMNS FROM `westyle_admin_group` [ RunTime:0.1073s ]
SQL: UPDATE `westyle_admin_group` SET `rules`='1,7,9,10,13' WHERE ( id=2 ) [ RunTime:0.0669s ]

[ 2017-01-14T22:37:57+08:00 ] ::1 /westylegit/code/index.php/Admin/AdminGroup/admin_group.shtml
INFO: [ app_init ] --START--
INFO: Run Behavior\BuildLiteBehavior [ RunTime:0.000069s ]
INFO: [ app_init ] --END-- [ RunTime:0.001377s ]
INFO: [ app_begin ] --START--
INFO: Run Behavior\ReadHtmlCacheBehavior [ RunTime:0.002231s ]
INFO: [ app_begin ] --END-- [ RunTime:0.002572s ]
SQL: SHOW COLUMNS FROM `westyle_admin_node` [ RunTime:0.1193s ]
SQL: SELECT * FROM `westyle_admin_node` WHERE `controller` = 'AdminGroup' ORDER BY sort LIMIT 1   [ RunTime:0.0018s ]
SQL: SHOW COLUMNS FROM `westyle_admin_group` [ RunTime:0.0833s ]
SQL: SELECT * FROM `westyle_admin_group` ORDER BY id  [ RunTime:0.0010s ]
INFO: [ view_parse ] --START--
INFO: [ template_filter ] --START--
INFO: Run Behavior\ContentReplaceBehavior [ RunTime:0.000321s ]
INFO: [ template_filter ] --END-- [ RunTime:0.000977s ]
INFO: Run Behavior\ParseTemplateBehavior [ RunTime:0.046417s ]
INFO: [ view_parse ] --END-- [ RunTime:0.047093s ]
INFO: [ view_filter ] --START--
INFO: Run Behavior\WriteHtmlCacheBehavior [ RunTime:0.004055s ]
INFO: Run Behavior\TokenBuildBehavior [ RunTime:0.005365s ]
INFO: [ view_filter ] --END-- [ RunTime:0.010750s ]
INFO: [ app_end ] --START--
INFO: Run Behavior\ShowPageTraceBehavior [ RunTime:0.004795s ]
INFO: [ app_end ] --END-- [ RunTime:0.005507s ]

[ 2017-01-14T22:38:00+08:00 ] ::1 /westylegit/code/index.php/Admin/AdminUser/admin_user.shtml
INFO: [ app_init ] --START--
INFO: Run Behavior\BuildLiteBehavior [ RunTime:0.000074s ]
INFO: [ app_init ] --END-- [ RunTime:0.001249s ]
INFO: [ app_begin ] --START--
INFO: Run Behavior\ReadHtmlCacheBehavior [ RunTime:0.002682s ]
INFO: [ app_begin ] --END-- [ RunTime:0.003257s ]
SQL: SHOW COLUMNS FROM `westyle_admin_node` [ RunTime:0.0064s ]
SQL: SELECT * FROM `westyle_admin_node` WHERE `controller` = 'AdminUser' ORDER BY sort LIMIT 1   [ RunTime:0.0008s ]
SQL: SHOW COLUMNS FROM `westyle_admin_user` [ RunTime:0.0059s ]
SQL: SHOW COLUMNS FROM `westyle_admin_group` [ RunTime:0.0055s ]
SQL: SELECT AdminUser.id AS id,AdminUser.admin_group_id AS admin_group_id,AdminUser.username AS username,AdminUser.password AS password,AdminUser.email AS email,AdminUser.last_login_time AS last_login_time,AdminUser.encrypt AS encrypt,AdminUser.status AS status,AdminUser.last_login_ip AS last_login_ip,AdminUser.login_num AS login_num,AdminGroup.title AS title FROM westyle_admin_user AdminUser  JOIN westyle_admin_group AdminGroup ON AdminUser.admin_group_id=AdminGroup.id ORDER BY AdminUser.id ASC  [ RunTime:0.0008s ]
INFO: [ view_parse ] --START--
INFO: [ template_filter ] --START--
INFO: Run Behavior\ContentReplaceBehavior [ RunTime:0.000197s ]
INFO: [ template_filter ] --END-- [ RunTime:0.000550s ]
INFO: Run Behavior\ParseTemplateBehavior [ RunTime:0.037951s ]
INFO: [ view_parse ] --END-- [ RunTime:0.038309s ]
INFO: [ view_filter ] --START--
INFO: Run Behavior\WriteHtmlCacheBehavior [ RunTime:0.003365s ]
INFO: Run Behavior\TokenBuildBehavior [ RunTime:0.002017s ]
INFO: [ view_filter ] --END-- [ RunTime:0.005909s ]
INFO: [ app_end ] --START--
INFO: Run Behavior\ShowPageTraceBehavior [ RunTime:0.002583s ]
INFO: [ app_end ] --END-- [ RunTime:0.002923s ]

[ 2017-01-14T22:38:02+08:00 ] ::1 /westylegit/code/index.php/Admin/AdminUser/create.shtml
INFO: [ app_init ] --START--
INFO: Run Behavior\BuildLiteBehavior [ RunTime:0.000073s ]
INFO: [ app_init ] --END-- [ RunTime:0.001162s ]
INFO: [ app_begin ] --START--
INFO: Run Behavior\ReadHtmlCacheBehavior [ RunTime:0.001297s ]
INFO: [ app_begin ] --END-- [ RunTime:0.001511s ]
SQL: SHOW COLUMNS FROM `westyle_admin_node` [ RunTime:0.0058s ]
SQL: SELECT * FROM `westyle_admin_node` WHERE `controller` = 'AdminUser' ORDER BY sort LIMIT 1   [ RunTime:0.0007s ]
SQL: SHOW COLUMNS FROM `westyle_admin_group` [ RunTime:0.0056s ]
SQL: SELECT * FROM `westyle_admin_group` ORDER BY id  [ RunTime:0.0006s ]
NOTIC: [2] Missing argument 1 for Think\Controller::show(), called in F:\wamp\www\westylegit\code\Application\Admin\Controller\AdminUserController.class.php on line 23 and defined F:\wamp\www\westylegit\code\ThinkPHP\Library\Think\Controller.class.php 第 68 行.
NOTIC: [8] Undefined variable: content F:\wamp\www\westylegit\code\ThinkPHP\Library\Think\Controller.class.php 第 69 行.
INFO: [ view_parse ] --START--
INFO: [ template_filter ] --START--
INFO: Run Behavior\ContentReplaceBehavior [ RunTime:0.000182s ]
INFO: [ template_filter ] --END-- [ RunTime:0.000642s ]
INFO: Run Behavior\ParseTemplateBehavior [ RunTime:0.047205s ]
INFO: [ view_parse ] --END-- [ RunTime:0.047493s ]
INFO: [ view_filter ] --START--
INFO: Run Behavior\WriteHtmlCacheBehavior [ RunTime:0.001472s ]
INFO: Run Behavior\TokenBuildBehavior [ RunTime:0.002005s ]
INFO: [ view_filter ] --END-- [ RunTime:0.003978s ]
INFO: [ app_end ] --START--
INFO: Run Behavior\ShowPageTraceBehavior [ RunTime:0.001309s ]
INFO: [ app_end ] --END-- [ RunTime:0.001531s ]

[ 2017-01-14T22:38:24+08:00 ] ::1 /westylegit/code/index.php/Admin/AdminUser/post.shtml?method=create
INFO: [ app_init ] --START--
INFO: Run Behavior\BuildLiteBehavior [ RunTime:0.000066s ]
INFO: [ app_init ] --END-- [ RunTime:0.000802s ]
INFO: [ app_begin ] --START--
INFO: Run Behavior\ReadHtmlCacheBehavior [ RunTime:0.001694s ]
INFO: [ app_begin ] --END-- [ RunTime:0.002009s ]
SQL: SHOW COLUMNS FROM `westyle_admin_node` [ RunTime:0.0996s ]
SQL: SELECT * FROM `westyle_admin_node` WHERE `controller` = 'AdminUser' AND `method` = 'post' ORDER BY sort LIMIT 1   [ RunTime:0.0015s ]
SQL: SHOW COLUMNS FROM `westyle_admin_user` [ RunTime:0.1220s ]
NOTIC: [8] Undefined index: validate F:\wamp\www\westylegit\code\ThinkPHP\Library\Think\Model.class.php 第 1185 行.
NOTIC: [8] Undefined index: auto F:\wamp\www\westylegit\code\ThinkPHP\Library\Think\Model.class.php 第 1128 行.
SQL: INSERT INTO `westyle_admin_user` (`admin_group_id`,`username`,`password`,`email`) VALUES ('2','nihao','194ce5d0b89c47ff6b30bfb491f9dc26','a@b.c') [ RunTime:0.0967s ]

[ 2017-01-14T22:38:26+08:00 ] ::1 /westylegit/code/index.php/Admin/AdminUser/admin_user.shtml
INFO: [ app_init ] --START--
INFO: Run Behavior\BuildLiteBehavior [ RunTime:0.000110s ]
INFO: [ app_init ] --END-- [ RunTime:0.001935s ]
INFO: [ app_begin ] --START--
INFO: Run Behavior\ReadHtmlCacheBehavior [ RunTime:0.004206s ]
INFO: [ app_begin ] --END-- [ RunTime:0.004771s ]
SQL: SHOW COLUMNS FROM `westyle_admin_node` [ RunTime:0.1655s ]
SQL: SELECT * FROM `westyle_admin_node` WHERE `controller` = 'AdminUser' ORDER BY sort LIMIT 1   [ RunTime:0.0014s ]
SQL: SHOW COLUMNS FROM `westyle_admin_user` [ RunTime:0.0147s ]
SQL: SHOW COLUMNS FROM `westyle_admin_group` [ RunTime:0.0133s ]
SQL: SELECT AdminUser.id AS id,AdminUser.admin_group_id AS admin_group_id,AdminUser.username AS username,AdminUser.password AS password,AdminUser.email AS email,AdminUser.last_login_time AS last_login_time,AdminUser.encrypt AS encrypt,AdminUser.status AS status,AdminUser.last_login_ip AS last_login_ip,AdminUser.login_num AS login_num,AdminGroup.title AS title FROM westyle_admin_user AdminUser  JOIN westyle_admin_group AdminGroup ON AdminUser.admin_group_id=AdminGroup.id ORDER BY AdminUser.id ASC  [ RunTime:0.0017s ]
INFO: [ view_parse ] --START--
INFO: [ template_filter ] --START--
INFO: Run Behavior\ContentReplaceBehavior [ RunTime:0.000317s ]
INFO: [ template_filter ] --END-- [ RunTime:0.000868s ]
INFO: Run Behavior\ParseTemplateBehavior [ RunTime:0.043334s ]
INFO: [ view_parse ] --END-- [ RunTime:0.044039s ]
INFO: [ view_filter ] --START--
INFO: Run Behavior\WriteHtmlCacheBehavior [ RunTime:0.003085s ]
INFO: Run Behavior\TokenBuildBehavior [ RunTime:0.003969s ]
INFO: [ view_filter ] --END-- [ RunTime:0.008055s ]
INFO: [ app_end ] --START--
INFO: Run Behavior\ShowPageTraceBehavior [ RunTime:0.004887s ]
INFO: [ app_end ] --END-- [ RunTime:0.005847s ]

[ 2017-01-14T22:38:45+08:00 ] ::1 /westylegit/code/index.php/Admin/Login/logout.shtml
INFO: [ app_init ] --START--
INFO: Run Behavior\BuildLiteBehavior [ RunTime:0.000055s ]
INFO: [ app_init ] --END-- [ RunTime:0.000788s ]
INFO: [ app_begin ] --START--
INFO: Run Behavior\ReadHtmlCacheBehavior [ RunTime:0.001855s ]
INFO: [ app_begin ] --END-- [ RunTime:0.002139s ]

[ 2017-01-14T22:38:46+08:00 ] ::1 /westylegit/code/index.php/Admin/Login/index.shtml
INFO: [ app_init ] --START--
INFO: Run Behavior\BuildLiteBehavior [ RunTime:0.000113s ]
INFO: [ app_init ] --END-- [ RunTime:0.002308s ]
INFO: [ app_begin ] --START--
INFO: Run Behavior\ReadHtmlCacheBehavior [ RunTime:0.003715s ]
INFO: [ app_begin ] --END-- [ RunTime:0.004259s ]
INFO: [ view_parse ] --START--
INFO: [ template_filter ] --START--
INFO: Run Behavior\ContentReplaceBehavior [ RunTime:0.000305s ]
INFO: [ template_filter ] --END-- [ RunTime:0.000924s ]
INFO: Run Behavior\ParseTemplateBehavior [ RunTime:0.155857s ]
INFO: [ view_parse ] --END-- [ RunTime:0.156412s ]
INFO: [ view_filter ] --START--
INFO: Run Behavior\WriteHtmlCacheBehavior [ RunTime:0.003376s ]
INFO: Run Behavior\TokenBuildBehavior [ RunTime:0.005280s ]
INFO: [ view_filter ] --END-- [ RunTime:0.009768s ]
INFO: [ app_end ] --START--
INFO: Run Behavior\ShowPageTraceBehavior [ RunTime:0.004329s ]
INFO: [ app_end ] --END-- [ RunTime:0.005039s ]

[ 2017-01-14T22:38:54+08:00 ] ::1 /westylegit/code/index.php/Admin/Login/verify.shtml
INFO: [ app_init ] --START--
INFO: Run Behavior\BuildLiteBehavior [ RunTime:0.000033s ]
INFO: [ app_init ] --END-- [ RunTime:0.000573s ]
INFO: [ app_begin ] --START--
INFO: Run Behavior\ReadHtmlCacheBehavior [ RunTime:0.001077s ]
INFO: [ app_begin ] --END-- [ RunTime:0.001215s ]
SQL: SHOW COLUMNS FROM `westyle_admin_user` [ RunTime:0.0084s ]
SQL: SELECT * FROM `westyle_admin_user` WHERE `username` = 'nihao' LIMIT 1   [ RunTime:0.0005s ]
SQL: UPDATE `westyle_admin_user` SET `id`='2',`admin_group_id`='2',`username`='nihao',`password`='194ce5d0b89c47ff6b30bfb491f9dc26',`email`='a@b.c',`last_login_time`='2017-01-14 22:38:54',`encrypt`='',`status`='0',`last_login_ip`='::1',`login_num`='1' WHERE ( id=2 ) [ RunTime:0.1453s ]
SQL: SHOW COLUMNS FROM `westyle_admin_node` [ RunTime:0.0130s ]
SQL: SELECT * FROM `westyle_admin_node` ORDER BY id  [ RunTime:0.0017s ]
SQL: SELECT `admin_group_id` FROM `westyle_admin_user` WHERE `username` = 'nihao' LIMIT 1   [ RunTime:0.0010s ]
SQL: SHOW COLUMNS FROM `westyle_admin_group` [ RunTime:0.0146s ]
SQL: SELECT * FROM `westyle_admin_group` WHERE `id` = 2 LIMIT 1   [ RunTime:0.0011s ]

[ 2017-01-14T22:38:54+08:00 ] ::1 /westylegit/code/index.php/Admin/Index/index.shtml
INFO: [ app_init ] --START--
INFO: Run Behavior\BuildLiteBehavior [ RunTime:0.000112s ]
INFO: [ app_init ] --END-- [ RunTime:0.001990s ]
INFO: [ app_begin ] --START--
INFO: Run Behavior\ReadHtmlCacheBehavior [ RunTime:0.004200s ]
INFO: [ app_begin ] --END-- [ RunTime:0.004800s ]
SQL: SHOW COLUMNS FROM `westyle_admin_node` [ RunTime:0.0152s ]
SQL: SELECT * FROM `westyle_admin_node` WHERE `controller` = 'Index' ORDER BY sort LIMIT 1   [ RunTime:0.0014s ]
NOTIC: [2] Missing argument 1 for Think\Controller::show(), called in F:\wamp\www\westylegit\code\Application\Admin\Controller\IndexController.class.php on line 156 and defined F:\wamp\www\westylegit\code\ThinkPHP\Library\Think\Controller.class.php 第 68 行.
NOTIC: [8] Undefined variable: content F:\wamp\www\westylegit\code\ThinkPHP\Library\Think\Controller.class.php 第 69 行.
INFO: [ view_parse ] --START--
INFO: [ template_filter ] --START--
INFO: Run Behavior\ContentReplaceBehavior [ RunTime:0.000268s ]
INFO: [ template_filter ] --END-- [ RunTime:0.000856s ]
INFO: Run Behavior\ParseTemplateBehavior [ RunTime:0.033210s ]
INFO: [ view_parse ] --END-- [ RunTime:0.033800s ]
INFO: [ view_filter ] --START--
INFO: Run Behavior\WriteHtmlCacheBehavior [ RunTime:0.003111s ]
INFO: Run Behavior\TokenBuildBehavior [ RunTime:0.003519s ]
INFO: [ view_filter ] --END-- [ RunTime:0.007402s ]
INFO: [ app_end ] --START--
INFO: Run Behavior\ShowPageTraceBehavior [ RunTime:0.003892s ]
INFO: [ app_end ] --END-- [ RunTime:0.004543s ]

[ 2017-01-14T22:38:55+08:00 ] ::1 /westylegit/code/index.php/Admin/Index/top_menu.shtml
INFO: [ app_init ] --START--
INFO: Run Behavior\BuildLiteBehavior [ RunTime:0.000076s ]
INFO: [ app_init ] --END-- [ RunTime:0.001248s ]
INFO: [ app_begin ] --START--
INFO: Run Behavior\ReadHtmlCacheBehavior [ RunTime:0.001819s ]
INFO: [ app_begin ] --END-- [ RunTime:0.002166s ]
NOTIC: [8] Undefined index: pid F:\wamp\www\westylegit\code\Application\Admin\Controller\IndexController.class.php 第 109 行.
NOTIC: [8] Undefined index: pid F:\wamp\www\westylegit\code\Application\Admin\Controller\IndexController.class.php 第 109 行.
NOTIC: [2] Missing argument 1 for Think\Controller::show(), called in F:\wamp\www\westylegit\code\Application\Admin\Controller\IndexController.class.php on line 124 and defined F:\wamp\www\westylegit\code\ThinkPHP\Library\Think\Controller.class.php 第 68 行.
NOTIC: [8] Undefined variable: content F:\wamp\www\westylegit\code\ThinkPHP\Library\Think\Controller.class.php 第 69 行.
INFO: [ view_parse ] --START--
INFO: [ template_filter ] --START--
INFO: Run Behavior\ContentReplaceBehavior [ RunTime:0.000177s ]
INFO: [ template_filter ] --END-- [ RunTime:0.000557s ]
INFO: Run Behavior\ParseTemplateBehavior [ RunTime:0.020845s ]
INFO: [ view_parse ] --END-- [ RunTime:0.021110s ]
INFO: [ view_filter ] --START--
INFO: Run Behavior\WriteHtmlCacheBehavior [ RunTime:0.001017s ]
INFO: Run Behavior\TokenBuildBehavior [ RunTime:0.001385s ]
INFO: [ view_filter ] --END-- [ RunTime:0.002653s ]
INFO: [ app_end ] --START--
INFO: Run Behavior\ShowPageTraceBehavior [ RunTime:0.009052s ]
INFO: [ app_end ] --END-- [ RunTime:0.009332s ]

[ 2017-01-14T22:38:55+08:00 ] ::1 /westylegit/code/index.php/Admin/Index/about_us.shtml
INFO: [ app_init ] --START--
INFO: Run Behavior\BuildLiteBehavior [ RunTime:0.000069s ]
INFO: [ app_init ] --END-- [ RunTime:0.001109s ]
INFO: [ app_begin ] --START--
INFO: Run Behavior\ReadHtmlCacheBehavior [ RunTime:0.001966s ]
INFO: [ app_begin ] --END-- [ RunTime:0.002333s ]
INFO: [ app_end ] --START--
INFO: Run Behavior\ShowPageTraceBehavior [ RunTime:0.001240s ]
INFO: [ app_end ] --END-- [ RunTime:0.001424s ]

[ 2017-01-14T22:38:55+08:00 ] ::1 /westylegit/code/index.php/Admin/Index/home.shtml
INFO: [ app_init ] --START--
INFO: Run Behavior\BuildLiteBehavior [ RunTime:0.000073s ]
INFO: [ app_init ] --END-- [ RunTime:0.002074s ]
INFO: [ app_begin ] --START--
INFO: Run Behavior\ReadHtmlCacheBehavior [ RunTime:0.001259s ]
INFO: [ app_begin ] --END-- [ RunTime:0.001452s ]
INFO: [ app_end ] --START--
INFO: Run Behavior\ShowPageTraceBehavior [ RunTime:0.002010s ]
INFO: [ app_end ] --END-- [ RunTime:0.002361s ]

[ 2017-01-14T22:38:57+08:00 ] ::1 /westylegit/code/index.php/Admin/Index/left_menu?pid=7
INFO: [ app_init ] --START--
INFO: Run Behavior\BuildLiteBehavior [ RunTime:0.000078s ]
INFO: [ app_init ] --END-- [ RunTime:0.001189s ]
INFO: [ app_begin ] --START--
INFO: Run Behavior\ReadHtmlCacheBehavior [ RunTime:0.002147s ]
INFO: [ app_begin ] --END-- [ RunTime:0.002510s ]
NOTIC: [8] Undefined index: pid F:\wamp\www\westylegit\code\Application\Admin\Controller\IndexController.class.php 第 131 行.
NOTIC: [8] Undefined index: pid F:\wamp\www\westylegit\code\Application\Admin\Controller\IndexController.class.php 第 131 行.
NOTIC: [2] Missing argument 1 for Think\Controller::show(), called in F:\wamp\www\westylegit\code\Application\Admin\Controller\IndexController.class.php on line 146 and defined F:\wamp\www\westylegit\code\ThinkPHP\Library\Think\Controller.class.php 第 68 行.
NOTIC: [8] Undefined variable: content F:\wamp\www\westylegit\code\ThinkPHP\Library\Think\Controller.class.php 第 69 行.
INFO: [ view_parse ] --START--
INFO: [ template_filter ] --START--
INFO: Run Behavior\ContentReplaceBehavior [ RunTime:0.000189s ]
INFO: [ template_filter ] --END-- [ RunTime:0.000576s ]
INFO: Run Behavior\ParseTemplateBehavior [ RunTime:0.025229s ]
INFO: [ view_parse ] --END-- [ RunTime:0.025608s ]
INFO: [ view_filter ] --START--
INFO: Run Behavior\WriteHtmlCacheBehavior [ RunTime:0.001637s ]
INFO: Run Behavior\TokenBuildBehavior [ RunTime:0.002372s ]
INFO: [ view_filter ] --END-- [ RunTime:0.004518s ]
INFO: [ app_end ] --START--
INFO: Run Behavior\ShowPageTraceBehavior [ RunTime:0.001944s ]
INFO: [ app_end ] --END-- [ RunTime:0.002288s ]

[ 2017-01-14T22:39:00+08:00 ] ::1 /westylegit/code/index.php/Admin/AdminUser/admin_user.shtml
INFO: [ app_init ] --START--
INFO: Run Behavior\BuildLiteBehavior [ RunTime:0.000082s ]
INFO: [ app_init ] --END-- [ RunTime:0.001958s ]
INFO: [ app_begin ] --START--
INFO: Run Behavior\ReadHtmlCacheBehavior [ RunTime:0.001986s ]
INFO: [ app_begin ] --END-- [ RunTime:0.002373s ]
SQL: SHOW COLUMNS FROM `westyle_admin_node` [ RunTime:0.0281s ]
SQL: SELECT * FROM `westyle_admin_node` WHERE `controller` = 'AdminUser' ORDER BY sort LIMIT 1   [ RunTime:0.0008s ]
SQL: SHOW COLUMNS FROM `westyle_admin_user` [ RunTime:0.0060s ]
SQL: SHOW COLUMNS FROM `westyle_admin_group` [ RunTime:0.0059s ]
SQL: SELECT AdminUser.id AS id,AdminUser.admin_group_id AS admin_group_id,AdminUser.username AS username,AdminUser.password AS password,AdminUser.email AS email,AdminUser.last_login_time AS last_login_time,AdminUser.encrypt AS encrypt,AdminUser.status AS status,AdminUser.last_login_ip AS last_login_ip,AdminUser.login_num AS login_num,AdminGroup.title AS title FROM westyle_admin_user AdminUser  JOIN westyle_admin_group AdminGroup ON AdminUser.admin_group_id=AdminGroup.id ORDER BY AdminUser.id ASC  [ RunTime:0.0009s ]
INFO: [ view_parse ] --START--
INFO: [ template_filter ] --START--
INFO: Run Behavior\ContentReplaceBehavior [ RunTime:0.000181s ]
INFO: [ template_filter ] --END-- [ RunTime:0.000517s ]
INFO: Run Behavior\ParseTemplateBehavior [ RunTime:0.022938s ]
INFO: [ view_parse ] --END-- [ RunTime:0.023297s ]
INFO: [ view_filter ] --START--
INFO: Run Behavior\WriteHtmlCacheBehavior [ RunTime:0.001616s ]
INFO: Run Behavior\TokenBuildBehavior [ RunTime:0.001962s ]
INFO: [ view_filter ] --END-- [ RunTime:0.004100s ]
INFO: [ app_end ] --START--
INFO: Run Behavior\ShowPageTraceBehavior [ RunTime:0.002220s ]
INFO: [ app_end ] --END-- [ RunTime:0.002559s ]

[ 2017-01-14T22:39:05+08:00 ] ::1 /westylegit/code/index.php/Admin/AdminUser/post.shtml?method=delete&id=2
INFO: [ app_init ] --START--
INFO: Run Behavior\BuildLiteBehavior [ RunTime:0.000085s ]
INFO: [ app_init ] --END-- [ RunTime:0.001300s ]
INFO: [ app_begin ] --START--
INFO: Run Behavior\ReadHtmlCacheBehavior [ RunTime:0.001354s ]
INFO: [ app_begin ] --END-- [ RunTime:0.001620s ]
SQL: SHOW COLUMNS FROM `westyle_admin_node` [ RunTime:0.1912s ]
SQL: SELECT * FROM `westyle_admin_node` WHERE `controller` = 'AdminUser' AND `method` = 'post' ORDER BY sort LIMIT 1   [ RunTime:0.0006s ]
SQL: SHOW COLUMNS FROM `westyle_admin_user` [ RunTime:0.0045s ]
SQL: DELETE FROM `westyle_admin_user` WHERE ( id=2 ) [ RunTime:0.1386s ]

[ 2017-01-14T22:39:07+08:00 ] ::1 /westylegit/code/index.php/Admin/AdminUser/admin_user.shtml
INFO: [ app_init ] --START--
INFO: Run Behavior\BuildLiteBehavior [ RunTime:0.000080s ]
INFO: [ app_init ] --END-- [ RunTime:0.001143s ]
INFO: [ app_begin ] --START--
INFO: Run Behavior\ReadHtmlCacheBehavior [ RunTime:0.001838s ]
INFO: [ app_begin ] --END-- [ RunTime:0.002193s ]
SQL: SHOW COLUMNS FROM `westyle_admin_node` [ RunTime:0.0073s ]
SQL: SELECT * FROM `westyle_admin_node` WHERE `controller` = 'AdminUser' ORDER BY sort LIMIT 1   [ RunTime:0.0008s ]
SQL: SHOW COLUMNS FROM `westyle_admin_user` [ RunTime:0.0068s ]
SQL: SHOW COLUMNS FROM `westyle_admin_group` [ RunTime:0.0054s ]
SQL: SELECT AdminUser.id AS id,AdminUser.admin_group_id AS admin_group_id,AdminUser.username AS username,AdminUser.password AS password,AdminUser.email AS email,AdminUser.last_login_time AS last_login_time,AdminUser.encrypt AS encrypt,AdminUser.status AS status,AdminUser.last_login_ip AS last_login_ip,AdminUser.login_num AS login_num,AdminGroup.title AS title FROM westyle_admin_user AdminUser  JOIN westyle_admin_group AdminGroup ON AdminUser.admin_group_id=AdminGroup.id ORDER BY AdminUser.id ASC  [ RunTime:0.0007s ]
INFO: [ view_parse ] --START--
INFO: [ template_filter ] --START--
INFO: Run Behavior\ContentReplaceBehavior [ RunTime:0.000105s ]
INFO: [ template_filter ] --END-- [ RunTime:0.000271s ]
INFO: Run Behavior\ParseTemplateBehavior [ RunTime:0.015902s ]
INFO: [ view_parse ] --END-- [ RunTime:0.016162s ]
INFO: [ view_filter ] --START--
INFO: Run Behavior\WriteHtmlCacheBehavior [ RunTime:0.000935s ]
INFO: Run Behavior\TokenBuildBehavior [ RunTime:0.001116s ]
INFO: [ view_filter ] --END-- [ RunTime:0.002294s ]
INFO: [ app_end ] --START--
INFO: Run Behavior\ShowPageTraceBehavior [ RunTime:0.001159s ]
INFO: [ app_end ] --END-- [ RunTime:0.001318s ]

[ 2017-01-14T22:39:07+08:00 ] ::1 /westylegit/code/index.php/Admin/AdminGroup/admin_group.shtml
INFO: [ app_init ] --START--
INFO: Run Behavior\BuildLiteBehavior [ RunTime:0.000101s ]
INFO: [ app_init ] --END-- [ RunTime:0.001440s ]
INFO: [ app_begin ] --START--
INFO: Run Behavior\ReadHtmlCacheBehavior [ RunTime:0.001105s ]
INFO: [ app_begin ] --END-- [ RunTime:0.001283s ]
SQL: SHOW COLUMNS FROM `westyle_admin_node` [ RunTime:0.0053s ]
SQL: SELECT * FROM `westyle_admin_node` WHERE `controller` = 'AdminGroup' ORDER BY sort LIMIT 1   [ RunTime:0.0004s ]

[ 2017-01-14T22:39:09+08:00 ] ::1 /westylegit/code/index.php/Admin/AdminGroup/admin_group.shtml
INFO: [ app_init ] --START--
INFO: Run Behavior\BuildLiteBehavior [ RunTime:0.000034s ]
INFO: [ app_init ] --END-- [ RunTime:0.000575s ]
INFO: [ app_begin ] --START--
INFO: Run Behavior\ReadHtmlCacheBehavior [ RunTime:0.001010s ]
INFO: [ app_begin ] --END-- [ RunTime:0.001175s ]
SQL: SHOW COLUMNS FROM `westyle_admin_node` [ RunTime:0.0141s ]
SQL: SELECT * FROM `westyle_admin_node` WHERE `controller` = 'AdminGroup' ORDER BY sort LIMIT 1   [ RunTime:0.0005s ]

[ 2017-01-14T22:39:11+08:00 ] ::1 /westylegit/code/index.php/Admin/AdminUser/admin_user.shtml
INFO: [ app_init ] --START--
INFO: Run Behavior\BuildLiteBehavior [ RunTime:0.000039s ]
INFO: [ app_init ] --END-- [ RunTime:0.000630s ]
INFO: [ app_begin ] --START--
INFO: Run Behavior\ReadHtmlCacheBehavior [ RunTime:0.001597s ]
INFO: [ app_begin ] --END-- [ RunTime:0.001840s ]
SQL: SHOW COLUMNS FROM `westyle_admin_node` [ RunTime:0.0088s ]
SQL: SELECT * FROM `westyle_admin_node` WHERE `controller` = 'AdminUser' ORDER BY sort LIMIT 1   [ RunTime:0.0006s ]
SQL: SHOW COLUMNS FROM `westyle_admin_user` [ RunTime:0.0485s ]
SQL: SHOW COLUMNS FROM `westyle_admin_group` [ RunTime:0.0100s ]
SQL: SELECT AdminUser.id AS id,AdminUser.admin_group_id AS admin_group_id,AdminUser.username AS username,AdminUser.password AS password,AdminUser.email AS email,AdminUser.last_login_time AS last_login_time,AdminUser.encrypt AS encrypt,AdminUser.status AS status,AdminUser.last_login_ip AS last_login_ip,AdminUser.login_num AS login_num,AdminGroup.title AS title FROM westyle_admin_user AdminUser  JOIN westyle_admin_group AdminGroup ON AdminUser.admin_group_id=AdminGroup.id ORDER BY AdminUser.id ASC  [ RunTime:0.0011s ]
INFO: [ view_parse ] --START--
INFO: [ template_filter ] --START--
INFO: Run Behavior\ContentReplaceBehavior [ RunTime:0.000224s ]
INFO: [ template_filter ] --END-- [ RunTime:0.000642s ]
INFO: Run Behavior\ParseTemplateBehavior [ RunTime:0.032475s ]
INFO: [ view_parse ] --END-- [ RunTime:0.033131s ]
INFO: [ view_filter ] --START--
INFO: Run Behavior\WriteHtmlCacheBehavior [ RunTime:0.002571s ]
INFO: Run Behavior\TokenBuildBehavior [ RunTime:0.002500s ]
INFO: [ view_filter ] --END-- [ RunTime:0.005824s ]
INFO: [ app_end ] --START--
INFO: Run Behavior\ShowPageTraceBehavior [ RunTime:0.002647s ]
INFO: [ app_end ] --END-- [ RunTime:0.003023s ]

[ 2017-01-14T22:39:14+08:00 ] ::1 /westylegit/code/index.php/Admin/Login/logout.shtml
INFO: [ app_init ] --START--
INFO: Run Behavior\BuildLiteBehavior [ RunTime:0.000040s ]
INFO: [ app_init ] --END-- [ RunTime:0.001058s ]
INFO: [ app_begin ] --START--
INFO: Run Behavior\ReadHtmlCacheBehavior [ RunTime:0.001640s ]
INFO: [ app_begin ] --END-- [ RunTime:0.001842s ]

[ 2017-01-14T22:39:15+08:00 ] ::1 /westylegit/code/index.php/Admin/Login/index.shtml
INFO: [ app_init ] --START--
INFO: Run Behavior\BuildLiteBehavior [ RunTime:0.000038s ]
INFO: [ app_init ] --END-- [ RunTime:0.000649s ]
INFO: [ app_begin ] --START--
INFO: Run Behavior\ReadHtmlCacheBehavior [ RunTime:0.001210s ]
INFO: [ app_begin ] --END-- [ RunTime:0.001405s ]
INFO: [ view_parse ] --START--
INFO: [ template_filter ] --START--
INFO: Run Behavior\ContentReplaceBehavior [ RunTime:0.000109s ]
INFO: [ template_filter ] --END-- [ RunTime:0.000285s ]
INFO: Run Behavior\ParseTemplateBehavior [ RunTime:0.009969s ]
INFO: [ view_parse ] --END-- [ RunTime:0.010151s ]
INFO: [ view_filter ] --START--
INFO: Run Behavior\WriteHtmlCacheBehavior [ RunTime:0.000886s ]
INFO: Run Behavior\TokenBuildBehavior [ RunTime:0.001202s ]
INFO: [ view_filter ] --END-- [ RunTime:0.002370s ]
INFO: [ app_end ] --START--
INFO: Run Behavior\ShowPageTraceBehavior [ RunTime:0.001180s ]
INFO: [ app_end ] --END-- [ RunTime:0.001360s ]

[ 2017-01-14T22:39:29+08:00 ] ::1 /westylegit/code/index.php/Admin/Login/verify.shtml
INFO: [ app_init ] --START--
INFO: Run Behavior\BuildLiteBehavior [ RunTime:0.000036s ]
INFO: [ app_init ] --END-- [ RunTime:0.000623s ]
INFO: [ app_begin ] --START--
INFO: Run Behavior\ReadHtmlCacheBehavior [ RunTime:0.001047s ]
INFO: [ app_begin ] --END-- [ RunTime:0.001184s ]
SQL: SHOW COLUMNS FROM `westyle_admin_user` [ RunTime:0.0083s ]
SQL: SELECT * FROM `westyle_admin_user` WHERE `username` = 'admin' LIMIT 1   [ RunTime:0.0005s ]
SQL: UPDATE `westyle_admin_user` SET `id`='1',`admin_group_id`='1',`username`='admin',`password`='0192023a7bbd73250516f069df18b500',`email`='',`last_login_time`='2017-01-14 22:39:29',`encrypt`='',`status`='0',`last_login_ip`='::1',`login_num`='2' WHERE ( id=1 ) [ RunTime:0.1660s ]
SQL: SHOW COLUMNS FROM `westyle_admin_node` [ RunTime:0.0142s ]
SQL: SELECT * FROM `westyle_admin_node` ORDER BY id  [ RunTime:0.0017s ]
SQL: SELECT `admin_group_id` FROM `westyle_admin_user` WHERE `username` = 'admin' LIMIT 1   [ RunTime:0.0010s ]
SQL: SHOW COLUMNS FROM `westyle_admin_group` [ RunTime:0.0143s ]
SQL: SELECT * FROM `westyle_admin_group` WHERE `id` = 1 LIMIT 1   [ RunTime:0.0011s ]

[ 2017-01-14T22:39:29+08:00 ] ::1 /westylegit/code/index.php/Admin/Index/index.shtml
INFO: [ app_init ] --START--
INFO: Run Behavior\BuildLiteBehavior [ RunTime:0.000069s ]
INFO: [ app_init ] --END-- [ RunTime:0.001240s ]
INFO: [ app_begin ] --START--
INFO: Run Behavior\ReadHtmlCacheBehavior [ RunTime:0.002392s ]
INFO: [ app_begin ] --END-- [ RunTime:0.002789s ]
SQL: SHOW COLUMNS FROM `westyle_admin_node` [ RunTime:0.0096s ]
SQL: SELECT * FROM `westyle_admin_node` WHERE `controller` = 'Index' ORDER BY sort LIMIT 1   [ RunTime:0.0011s ]
NOTIC: [2] Missing argument 1 for Think\Controller::show(), called in F:\wamp\www\westylegit\code\Application\Admin\Controller\IndexController.class.php on line 156 and defined F:\wamp\www\westylegit\code\ThinkPHP\Library\Think\Controller.class.php 第 68 行.
NOTIC: [8] Undefined variable: content F:\wamp\www\westylegit\code\ThinkPHP\Library\Think\Controller.class.php 第 69 行.
INFO: [ view_parse ] --START--
INFO: [ template_filter ] --START--
INFO: Run Behavior\ContentReplaceBehavior [ RunTime:0.000157s ]
INFO: [ template_filter ] --END-- [ RunTime:0.000484s ]
INFO: Run Behavior\ParseTemplateBehavior [ RunTime:0.019873s ]
INFO: [ view_parse ] --END-- [ RunTime:0.020236s ]
INFO: [ view_filter ] --START--
INFO: Run Behavior\WriteHtmlCacheBehavior [ RunTime:0.001854s ]
INFO: Run Behavior\TokenBuildBehavior [ RunTime:0.001956s ]
INFO: [ view_filter ] --END-- [ RunTime:0.004306s ]
INFO: [ app_end ] --START--
INFO: Run Behavior\ShowPageTraceBehavior [ RunTime:0.002277s ]
INFO: [ app_end ] --END-- [ RunTime:0.002664s ]

[ 2017-01-14T22:39:29+08:00 ] ::1 /westylegit/code/index.php/Admin/Index/home.shtml
INFO: [ app_init ] --START--
INFO: Run Behavior\BuildLiteBehavior [ RunTime:0.000078s ]
INFO: [ app_init ] --END-- [ RunTime:0.001172s ]
INFO: [ app_begin ] --START--
INFO: Run Behavior\ReadHtmlCacheBehavior [ RunTime:0.003594s ]
INFO: [ app_begin ] --END-- [ RunTime:0.004717s ]
INFO: [ app_end ] --START--
INFO: Run Behavior\ShowPageTraceBehavior [ RunTime:0.002217s ]
INFO: [ app_end ] --END-- [ RunTime:0.002596s ]

[ 2017-01-14T22:39:29+08:00 ] ::1 /westylegit/code/index.php/Admin/Index/about_us.shtml
INFO: [ app_init ] --START--
INFO: Run Behavior\BuildLiteBehavior [ RunTime:0.000073s ]
INFO: [ app_init ] --END-- [ RunTime:0.001054s ]
INFO: [ app_begin ] --START--
INFO: Run Behavior\ReadHtmlCacheBehavior [ RunTime:0.002174s ]
INFO: [ app_begin ] --END-- [ RunTime:0.002580s ]
INFO: [ app_end ] --START--
INFO: Run Behavior\ShowPageTraceBehavior [ RunTime:0.002204s ]
INFO: [ app_end ] --END-- [ RunTime:0.002562s ]

[ 2017-01-14T22:39:29+08:00 ] ::1 /westylegit/code/index.php/Admin/Index/top_menu.shtml
INFO: [ app_init ] --START--
INFO: Run Behavior\BuildLiteBehavior [ RunTime:0.000082s ]
INFO: [ app_init ] --END-- [ RunTime:0.001153s ]
INFO: [ app_begin ] --START--
INFO: Run Behavior\ReadHtmlCacheBehavior [ RunTime:0.001967s ]
INFO: [ app_begin ] --END-- [ RunTime:0.002333s ]
NOTIC: [8] Undefined index: pid F:\wamp\www\westylegit\code\Application\Admin\Controller\IndexController.class.php 第 109 行.
NOTIC: [8] Undefined index: pid F:\wamp\www\westylegit\code\Application\Admin\Controller\IndexController.class.php 第 109 行.
NOTIC: [8] Undefined index: pid F:\wamp\www\westylegit\code\Application\Admin\Controller\IndexController.class.php 第 109 行.
NOTIC: [8] Undefined index: pid F:\wamp\www\westylegit\code\Application\Admin\Controller\IndexController.class.php 第 109 行.
NOTIC: [2] Missing argument 1 for Think\Controller::show(), called in F:\wamp\www\westylegit\code\Application\Admin\Controller\IndexController.class.php on line 124 and defined F:\wamp\www\westylegit\code\ThinkPHP\Library\Think\Controller.class.php 第 68 行.
NOTIC: [8] Undefined variable: content F:\wamp\www\westylegit\code\ThinkPHP\Library\Think\Controller.class.php 第 69 行.
INFO: [ view_parse ] --START--
INFO: [ template_filter ] --START--
INFO: Run Behavior\ContentReplaceBehavior [ RunTime:0.000178s ]
INFO: [ template_filter ] --END-- [ RunTime:0.000509s ]
INFO: Run Behavior\ParseTemplateBehavior [ RunTime:0.024503s ]
INFO: [ view_parse ] --END-- [ RunTime:0.025047s ]
INFO: [ view_filter ] --START--
INFO: Run Behavior\WriteHtmlCacheBehavior [ RunTime:0.001950s ]
INFO: Run Behavior\TokenBuildBehavior [ RunTime:0.002039s ]
INFO: [ view_filter ] --END-- [ RunTime:0.004695s ]
INFO: [ app_end ] --START--
INFO: Run Behavior\ShowPageTraceBehavior [ RunTime:0.002059s ]
INFO: [ app_end ] --END-- [ RunTime:0.003507s ]

[ 2017-01-14T22:39:33+08:00 ] ::1 /westylegit/code/index.php/Admin/Index/left_menu?pid=2
INFO: [ app_init ] --START--
INFO: Run Behavior\BuildLiteBehavior [ RunTime:0.000038s ]
INFO: [ app_init ] --END-- [ RunTime:0.000787s ]
INFO: [ app_begin ] --START--
INFO: Run Behavior\ReadHtmlCacheBehavior [ RunTime:0.001805s ]
INFO: [ app_begin ] --END-- [ RunTime:0.002171s ]
NOTIC: [8] Undefined index: pid F:\wamp\www\westylegit\code\Application\Admin\Controller\IndexController.class.php 第 131 行.
NOTIC: [8] Undefined index: pid F:\wamp\www\westylegit\code\Application\Admin\Controller\IndexController.class.php 第 131 行.
NOTIC: [8] Undefined index: pid F:\wamp\www\westylegit\code\Application\Admin\Controller\IndexController.class.php 第 131 行.
NOTIC: [8] Undefined index: pid F:\wamp\www\westylegit\code\Application\Admin\Controller\IndexController.class.php 第 131 行.
NOTIC: [2] Missing argument 1 for Think\Controller::show(), called in F:\wamp\www\westylegit\code\Application\Admin\Controller\IndexController.class.php on line 146 and defined F:\wamp\www\westylegit\code\ThinkPHP\Library\Think\Controller.class.php 第 68 行.
NOTIC: [8] Undefined variable: content F:\wamp\www\westylegit\code\ThinkPHP\Library\Think\Controller.class.php 第 69 行.
INFO: [ view_parse ] --START--
INFO: [ template_filter ] --START--
INFO: Run Behavior\ContentReplaceBehavior [ RunTime:0.000181s ]
INFO: [ template_filter ] --END-- [ RunTime:0.000545s ]
INFO: Run Behavior\ParseTemplateBehavior [ RunTime:0.019240s ]
INFO: [ view_parse ] --END-- [ RunTime:0.019593s ]
INFO: [ view_filter ] --START--
INFO: Run Behavior\WriteHtmlCacheBehavior [ RunTime:0.001662s ]
INFO: Run Behavior\TokenBuildBehavior [ RunTime:0.001578s ]
INFO: [ view_filter ] --END-- [ RunTime:0.003604s ]
INFO: [ app_end ] --START--
INFO: Run Behavior\ShowPageTraceBehavior [ RunTime:0.001468s ]
INFO: [ app_end ] --END-- [ RunTime:0.001728s ]

[ 2017-01-14T22:39:33+08:00 ] ::1 /westylegit/code/index.php/Admin/Index/left_menu?pid=7
INFO: [ app_init ] --START--
INFO: Run Behavior\BuildLiteBehavior [ RunTime:0.000036s ]
INFO: [ app_init ] --END-- [ RunTime:0.000621s ]
INFO: [ app_begin ] --START--
INFO: Run Behavior\ReadHtmlCacheBehavior [ RunTime:0.001298s ]
INFO: [ app_begin ] --END-- [ RunTime:0.001570s ]
NOTIC: [8] Undefined index: pid F:\wamp\www\westylegit\code\Application\Admin\Controller\IndexController.class.php 第 131 行.
NOTIC: [8] Undefined index: pid F:\wamp\www\westylegit\code\Application\Admin\Controller\IndexController.class.php 第 131 行.
NOTIC: [8] Undefined index: pid F:\wamp\www\westylegit\code\Application\Admin\Controller\IndexController.class.php 第 131 行.
NOTIC: [8] Undefined index: pid F:\wamp\www\westylegit\code\Application\Admin\Controller\IndexController.class.php 第 131 行.
NOTIC: [2] Missing argument 1 for Think\Controller::show(), called in F:\wamp\www\westylegit\code\Application\Admin\Controller\IndexController.class.php on line 146 and defined F:\wamp\www\westylegit\code\ThinkPHP\Library\Think\Controller.class.php 第 68 行.
NOTIC: [8] Undefined variable: content F:\wamp\www\westylegit\code\ThinkPHP\Library\Think\Controller.class.php 第 69 行.
INFO: [ view_parse ] --START--
INFO: [ template_filter ] --START--
INFO: Run Behavior\ContentReplaceBehavior [ RunTime:0.000081s ]
INFO: [ template_filter ] --END-- [ RunTime:0.000237s ]
INFO: Run Behavior\ParseTemplateBehavior [ RunTime:0.010663s ]
INFO: [ view_parse ] --END-- [ RunTime:0.010830s ]
INFO: [ view_filter ] --START--
INFO: Run Behavior\WriteHtmlCacheBehavior [ RunTime:0.001043s ]
INFO: Run Behavior\TokenBuildBehavior [ RunTime:0.001242s ]
INFO: [ view_filter ] --END-- [ RunTime:0.002554s ]
INFO: [ app_end ] --START--
INFO: Run Behavior\ShowPageTraceBehavior [ RunTime:0.001086s ]
INFO: [ app_end ] --END-- [ RunTime:0.001245s ]

[ 2017-01-14T22:39:35+08:00 ] ::1 /westylegit/code/index.php/Admin/AdminGroup/admin_group.shtml
INFO: [ app_init ] --START--
INFO: Run Behavior\BuildLiteBehavior [ RunTime:0.000036s ]
INFO: [ app_init ] --END-- [ RunTime:0.000626s ]
INFO: [ app_begin ] --START--
INFO: Run Behavior\ReadHtmlCacheBehavior [ RunTime:0.001577s ]
INFO: [ app_begin ] --END-- [ RunTime:0.002036s ]
SQL: SHOW COLUMNS FROM `westyle_admin_node` [ RunTime:0.0085s ]
SQL: SELECT * FROM `westyle_admin_node` WHERE `controller` = 'AdminGroup' ORDER BY sort LIMIT 1   [ RunTime:0.0005s ]
SQL: SHOW COLUMNS FROM `westyle_admin_group` [ RunTime:0.0046s ]
SQL: SELECT * FROM `westyle_admin_group` ORDER BY id  [ RunTime:0.0006s ]
INFO: [ view_parse ] --START--
INFO: [ template_filter ] --START--
INFO: Run Behavior\ContentReplaceBehavior [ RunTime:0.000167s ]
INFO: [ template_filter ] --END-- [ RunTime:0.000476s ]
INFO: Run Behavior\ParseTemplateBehavior [ RunTime:0.017275s ]
INFO: [ view_parse ] --END-- [ RunTime:0.017488s ]
INFO: [ view_filter ] --START--
INFO: Run Behavior\WriteHtmlCacheBehavior [ RunTime:0.001204s ]
INFO: Run Behavior\TokenBuildBehavior [ RunTime:0.001775s ]
INFO: [ view_filter ] --END-- [ RunTime:0.003457s ]
INFO: [ app_end ] --START--
INFO: Run Behavior\ShowPageTraceBehavior [ RunTime:0.001902s ]
INFO: [ app_end ] --END-- [ RunTime:0.002284s ]

[ 2017-01-14T22:39:38+08:00 ] ::1 /westylegit/code/index.php/Admin/AdminGroup/post.shtml?method=delete&id=2
INFO: [ app_init ] --START--
INFO: Run Behavior\BuildLiteBehavior [ RunTime:0.000034s ]
INFO: [ app_init ] --END-- [ RunTime:0.000647s ]
INFO: [ app_begin ] --START--
INFO: Run Behavior\ReadHtmlCacheBehavior [ RunTime:0.001536s ]
INFO: [ app_begin ] --END-- [ RunTime:0.001805s ]
SQL: SHOW COLUMNS FROM `westyle_admin_node` [ RunTime:0.0093s ]
SQL: SELECT * FROM `westyle_admin_node` WHERE `controller` = 'AdminGroup' ORDER BY sort LIMIT 1   [ RunTime:0.0006s ]
SQL: SHOW COLUMNS FROM `westyle_admin_group` [ RunTime:0.0050s ]
SQL: DELETE FROM `westyle_admin_group` WHERE ( id=2 ) [ RunTime:0.2419s ]

[ 2017-01-14T22:39:40+08:00 ] ::1 /westylegit/code/index.php/Admin/AdminGroup/admin_group.shtml
INFO: [ app_init ] --START--
INFO: Run Behavior\BuildLiteBehavior [ RunTime:0.000115s ]
INFO: [ app_init ] --END-- [ RunTime:0.002186s ]
INFO: [ app_begin ] --START--
INFO: Run Behavior\ReadHtmlCacheBehavior [ RunTime:0.005371s ]
INFO: [ app_begin ] --END-- [ RunTime:0.006724s ]
SQL: SHOW COLUMNS FROM `westyle_admin_node` [ RunTime:0.0134s ]
SQL: SELECT * FROM `westyle_admin_node` WHERE `controller` = 'AdminGroup' ORDER BY sort LIMIT 1   [ RunTime:0.0017s ]
SQL: SHOW COLUMNS FROM `westyle_admin_group` [ RunTime:0.0123s ]
SQL: SELECT * FROM `westyle_admin_group` ORDER BY id  [ RunTime:0.0011s ]
INFO: [ view_parse ] --START--
INFO: [ template_filter ] --START--
INFO: Run Behavior\ContentReplaceBehavior [ RunTime:0.000523s ]
INFO: [ template_filter ] --END-- [ RunTime:0.001504s ]
INFO: Run Behavior\ParseTemplateBehavior [ RunTime:0.056143s ]
INFO: [ view_parse ] --END-- [ RunTime:0.056648s ]
INFO: [ view_filter ] --START--
INFO: Run Behavior\WriteHtmlCacheBehavior [ RunTime:0.001712s ]
INFO: Run Behavior\TokenBuildBehavior [ RunTime:0.002073s ]
INFO: [ view_filter ] --END-- [ RunTime:0.004257s ]
INFO: [ app_end ] --START--
INFO: Run Behavior\ShowPageTraceBehavior [ RunTime:0.002159s ]
INFO: [ app_end ] --END-- [ RunTime:0.002607s ]

[ 2017-01-14T22:39:42+08:00 ] ::1 /westylegit/code/index.php/Admin/Index/left_menu?pid=16
INFO: [ app_init ] --START--
INFO: Run Behavior\BuildLiteBehavior [ RunTime:0.000078s ]
INFO: [ app_init ] --END-- [ RunTime:0.000981s ]
INFO: [ app_begin ] --START--
INFO: Run Behavior\ReadHtmlCacheBehavior [ RunTime:0.001471s ]
INFO: [ app_begin ] --END-- [ RunTime:0.001953s ]
NOTIC: [8] Undefined index: pid F:\wamp\www\westylegit\code\Application\Admin\Controller\IndexController.class.php 第 131 行.
NOTIC: [8] Undefined index: pid F:\wamp\www\westylegit\code\Application\Admin\Controller\IndexController.class.php 第 131 行.
NOTIC: [8] Undefined index: pid F:\wamp\www\westylegit\code\Application\Admin\Controller\IndexController.class.php 第 131 行.
NOTIC: [8] Undefined index: pid F:\wamp\www\westylegit\code\Application\Admin\Controller\IndexController.class.php 第 131 行.
NOTIC: [2] Missing argument 1 for Think\Controller::show(), called in F:\wamp\www\westylegit\code\Application\Admin\Controller\IndexController.class.php on line 146 and defined F:\wamp\www\westylegit\code\ThinkPHP\Library\Think\Controller.class.php 第 68 行.
NOTIC: [8] Undefined variable: content F:\wamp\www\westylegit\code\ThinkPHP\Library\Think\Controller.class.php 第 69 行.
INFO: [ view_parse ] --START--
INFO: [ template_filter ] --START--
INFO: Run Behavior\ContentReplaceBehavior [ RunTime:0.000097s ]
INFO: [ template_filter ] --END-- [ RunTime:0.000274s ]
INFO: Run Behavior\ParseTemplateBehavior [ RunTime:0.011776s ]
INFO: [ view_parse ] --END-- [ RunTime:0.011960s ]
INFO: [ view_filter ] --START--
INFO: Run Behavior\WriteHtmlCacheBehavior [ RunTime:0.000893s ]
INFO: Run Behavior\TokenBuildBehavior [ RunTime:0.001059s ]
INFO: [ view_filter ] --END-- [ RunTime:0.002223s ]
INFO: [ app_end ] --START--
INFO: Run Behavior\ShowPageTraceBehavior [ RunTime:0.001101s ]
INFO: [ app_end ] --END-- [ RunTime:0.001261s ]

[ 2017-01-14T22:39:44+08:00 ] ::1 /westylegit/code/index.php/Admin/AlipayTrade/alipay_trade.shtml
INFO: [ app_init ] --START--
INFO: Run Behavior\BuildLiteBehavior [ RunTime:0.000074s ]
INFO: [ app_init ] --END-- [ RunTime:0.001178s ]
INFO: [ app_begin ] --START--
INFO: Run Behavior\ReadHtmlCacheBehavior [ RunTime:0.001904s ]
INFO: [ app_begin ] --END-- [ RunTime:0.002287s ]
SQL: SHOW COLUMNS FROM `westyle_admin_node` [ RunTime:0.0046s ]
SQL: SELECT * FROM `westyle_admin_node` WHERE `controller` = 'AlipayTrade' ORDER BY sort LIMIT 1   [ RunTime:0.0005s ]
SQL: SHOW COLUMNS FROM `westyle_alipay_trade` [ RunTime:0.0058s ]
SQL: SELECT * FROM `westyle_alipay_trade` ORDER BY trans_create_time desc LIMIT 0,20   [ RunTime:0.0013s ]
SQL: SELECT COUNT(*) AS tp_count FROM `westyle_alipay_trade` LIMIT 1   [ RunTime:0.0004s ]
NOTIC: [2] Missing argument 1 for Think\Controller::show(), called in F:\wamp\www\westylegit\code\Application\Admin\Controller\AlipayTradeController.class.php on line 33 and defined F:\wamp\www\westylegit\code\ThinkPHP\Library\Think\Controller.class.php 第 68 行.
NOTIC: [8] Undefined variable: content F:\wamp\www\westylegit\code\ThinkPHP\Library\Think\Controller.class.php 第 69 行.
INFO: [ view_parse ] --START--
INFO: [ template_filter ] --START--
INFO: Run Behavior\ContentReplaceBehavior [ RunTime:0.000388s ]
INFO: [ template_filter ] --END-- [ RunTime:0.000945s ]
INFO: Run Behavior\ParseTemplateBehavior [ RunTime:0.102416s ]
INFO: [ view_parse ] --END-- [ RunTime:0.102912s ]
INFO: [ view_filter ] --START--
INFO: Run Behavior\WriteHtmlCacheBehavior [ RunTime:0.001898s ]
INFO: Run Behavior\TokenBuildBehavior [ RunTime:0.002478s ]
INFO: [ view_filter ] --END-- [ RunTime:0.004865s ]
INFO: [ app_end ] --START--
INFO: Run Behavior\ShowPageTraceBehavior [ RunTime:0.002089s ]
INFO: [ app_end ] --END-- [ RunTime:0.002477s ]

[ 2017-01-14T22:39:49+08:00 ] ::1 /westylegit/code/index.php/Admin/AlipayTrade/alipay_trade.shtml?page=2
INFO: [ app_init ] --START--
INFO: Run Behavior\BuildLiteBehavior [ RunTime:0.000034s ]
INFO: [ app_init ] --END-- [ RunTime:0.000609s ]
INFO: [ app_begin ] --START--
INFO: Run Behavior\ReadHtmlCacheBehavior [ RunTime:0.001551s ]
INFO: [ app_begin ] --END-- [ RunTime:0.001783s ]
SQL: SHOW COLUMNS FROM `westyle_admin_node` [ RunTime:0.0087s ]
SQL: SELECT * FROM `westyle_admin_node` WHERE `controller` = 'AlipayTrade' ORDER BY sort LIMIT 1   [ RunTime:0.0005s ]
SQL: SHOW COLUMNS FROM `westyle_alipay_trade` [ RunTime:0.0055s ]
SQL: SELECT * FROM `westyle_alipay_trade` ORDER BY trans_create_time desc LIMIT 20,20   [ RunTime:0.0011s ]
SQL: SELECT COUNT(*) AS tp_count FROM `westyle_alipay_trade` LIMIT 1   [ RunTime:0.0005s ]
NOTIC: [2] Missing argument 1 for Think\Controller::show(), called in F:\wamp\www\westylegit\code\Application\Admin\Controller\AlipayTradeController.class.php on line 33 and defined F:\wamp\www\westylegit\code\ThinkPHP\Library\Think\Controller.class.php 第 68 行.
NOTIC: [8] Undefined variable: content F:\wamp\www\westylegit\code\ThinkPHP\Library\Think\Controller.class.php 第 69 行.
INFO: [ view_parse ] --START--
INFO: [ template_filter ] --START--
INFO: Run Behavior\ContentReplaceBehavior [ RunTime:0.000098s ]
INFO: [ template_filter ] --END-- [ RunTime:0.000259s ]
INFO: Run Behavior\ParseTemplateBehavior [ RunTime:0.015682s ]
INFO: [ view_parse ] --END-- [ RunTime:0.015867s ]
INFO: [ view_filter ] --START--
INFO: Run Behavior\WriteHtmlCacheBehavior [ RunTime:0.000901s ]
INFO: Run Behavior\TokenBuildBehavior [ RunTime:0.001300s ]
INFO: [ view_filter ] --END-- [ RunTime:0.002443s ]
INFO: [ app_end ] --START--
INFO: Run Behavior\ShowPageTraceBehavior [ RunTime:0.001046s ]
INFO: [ app_end ] --END-- [ RunTime:0.001197s ]

[ 2017-01-14T22:39:51+08:00 ] ::1 /westylegit/code/index.php/Admin/AlipayTrade/alipay_trade.shtml?page=1
INFO: [ app_init ] --START--
INFO: Run Behavior\BuildLiteBehavior [ RunTime:0.000037s ]
INFO: [ app_init ] --END-- [ RunTime:0.000713s ]
INFO: [ app_begin ] --START--
INFO: Run Behavior\ReadHtmlCacheBehavior [ RunTime:0.001704s ]
INFO: [ app_begin ] --END-- [ RunTime:0.001904s ]
SQL: SHOW COLUMNS FROM `westyle_admin_node` [ RunTime:0.0057s ]
SQL: SELECT * FROM `westyle_admin_node` WHERE `controller` = 'AlipayTrade' ORDER BY sort LIMIT 1   [ RunTime:0.0006s ]
SQL: SHOW COLUMNS FROM `westyle_alipay_trade` [ RunTime:0.0053s ]
SQL: SELECT * FROM `westyle_alipay_trade` ORDER BY trans_create_time desc LIMIT 0,20   [ RunTime:0.0010s ]
SQL: SELECT COUNT(*) AS tp_count FROM `westyle_alipay_trade` LIMIT 1   [ RunTime:0.0005s ]
NOTIC: [2] Missing argument 1 for Think\Controller::show(), called in F:\wamp\www\westylegit\code\Application\Admin\Controller\AlipayTradeController.class.php on line 33 and defined F:\wamp\www\westylegit\code\ThinkPHP\Library\Think\Controller.class.php 第 68 行.
NOTIC: [8] Undefined variable: content F:\wamp\www\westylegit\code\ThinkPHP\Library\Think\Controller.class.php 第 69 行.
INFO: [ view_parse ] --START--
INFO: [ template_filter ] --START--
INFO: Run Behavior\ContentReplaceBehavior [ RunTime:0.000103s ]
INFO: [ template_filter ] --END-- [ RunTime:0.000277s ]
INFO: Run Behavior\ParseTemplateBehavior [ RunTime:0.016261s ]
INFO: [ view_parse ] --END-- [ RunTime:0.016461s ]
INFO: [ view_filter ] --START--
INFO: Run Behavior\WriteHtmlCacheBehavior [ RunTime:0.000885s ]
INFO: Run Behavior\TokenBuildBehavior [ RunTime:0.001316s ]
INFO: [ view_filter ] --END-- [ RunTime:0.002447s ]
INFO: [ app_end ] --START--
INFO: Run Behavior\ShowPageTraceBehavior [ RunTime:0.001076s ]
INFO: [ app_end ] --END-- [ RunTime:0.001228s ]

[ 2017-01-14T22:39:52+08:00 ] ::1 /westylegit/code/index.php/Admin/AlipayTrade/search.shtml
INFO: [ app_init ] --START--
INFO: Run Behavior\BuildLiteBehavior [ RunTime:0.000064s ]
INFO: [ app_init ] --END-- [ RunTime:0.001236s ]
INFO: [ app_begin ] --START--
INFO: Run Behavior\ReadHtmlCacheBehavior [ RunTime:0.001460s ]
INFO: [ app_begin ] --END-- [ RunTime:0.001652s ]
SQL: SHOW COLUMNS FROM `westyle_admin_node` [ RunTime:0.2299s ]
SQL: SELECT * FROM `westyle_admin_node` WHERE `controller` = 'AlipayTrade' ORDER BY sort LIMIT 1   [ RunTime:0.0005s ]
NOTIC: [2] Missing argument 1 for Think\Controller::show(), called in F:\wamp\www\westylegit\code\Application\Admin\Controller\AlipayTradeController.class.php on line 62 and defined F:\wamp\www\westylegit\code\ThinkPHP\Library\Think\Controller.class.php 第 68 行.
NOTIC: [8] Undefined variable: content F:\wamp\www\westylegit\code\ThinkPHP\Library\Think\Controller.class.php 第 69 行.
INFO: [ view_parse ] --START--
INFO: [ template_filter ] --START--
INFO: Run Behavior\ContentReplaceBehavior [ RunTime:0.000118s ]
INFO: [ template_filter ] --END-- [ RunTime:0.000296s ]
NOTIC: [8] Undefined variable: trade_list F:\wamp\www\westylegit\code\Application\Runtime\Cache\Admin\b5484c0ea27c3a6786fc4ec6140208bd.php 第 56 行.
INFO: Run Behavior\ParseTemplateBehavior [ RunTime:0.038501s ]
INFO: [ view_parse ] --END-- [ RunTime:0.038667s ]
INFO: [ view_filter ] --START--
INFO: Run Behavior\WriteHtmlCacheBehavior [ RunTime:0.000885s ]
INFO: Run Behavior\TokenBuildBehavior [ RunTime:0.001420s ]
INFO: [ view_filter ] --END-- [ RunTime:0.002667s ]
INFO: [ app_end ] --START--
INFO: Run Behavior\ShowPageTraceBehavior [ RunTime:0.001238s ]
INFO: [ app_end ] --END-- [ RunTime:0.001408s ]

[ 2017-01-14T22:40:04+08:00 ] ::1 /westylegit/code/index.php/Admin/VoucherTrade/voucher_trade.shtml
INFO: [ app_init ] --START--
INFO: Run Behavior\BuildLiteBehavior [ RunTime:0.000038s ]
INFO: [ app_init ] --END-- [ RunTime:0.000673s ]
INFO: [ app_begin ] --START--
INFO: Run Behavior\ReadHtmlCacheBehavior [ RunTime:0.001108s ]
INFO: [ app_begin ] --END-- [ RunTime:0.001284s ]
SQL: SHOW COLUMNS FROM `westyle_admin_node` [ RunTime:0.0058s ]
SQL: SELECT * FROM `westyle_admin_node` WHERE `controller` = 'VoucherTrade' ORDER BY sort LIMIT 1   [ RunTime:0.0007s ]
SQL: SHOW COLUMNS FROM `westyle_voucher_trade` [ RunTime:0.0054s ]
SQL: SHOW COLUMNS FROM `westyle_voucher` [ RunTime:0.0050s ]
SQL: SELECT VoucherTrade._id AS _id,VoucherTrade.trader_email AS trader_email,VoucherTrade.voucher_id AS voucher_id,VoucherTrade.trans_amount AS trans_amount,VoucherTrade.trans_create_time AS trans_create_time,VoucherTrade.voucher_detail AS voucher_detail,Voucher.voucher_name AS voucher_name,Voucher.voucher_code AS voucher_code,Voucher.commision AS commision FROM westyle_voucher_trade VoucherTrade  JOIN westyle_voucher Voucher ON Voucher._id=VoucherTrade.voucher_id ORDER BY VoucherTrade.trans_create_time desc LIMIT 0,20   [ RunTime:0.0054s ]
SQL: SELECT COUNT(*) AS tp_count FROM westyle_voucher_trade VoucherTrade  JOIN westyle_voucher Voucher ON Voucher._id=VoucherTrade.voucher_id LIMIT 1   [ RunTime:0.0302s ]
NOTIC: [2] Missing argument 1 for Think\Controller::show(), called in F:\wamp\www\westylegit\code\Application\Admin\Controller\VoucherTradeController.class.php on line 35 and defined F:\wamp\www\westylegit\code\ThinkPHP\Library\Think\Controller.class.php 第 68 行.
NOTIC: [8] Undefined variable: content F:\wamp\www\westylegit\code\ThinkPHP\Library\Think\Controller.class.php 第 69 行.
INFO: [ view_parse ] --START--
INFO: [ template_filter ] --START--
INFO: Run Behavior\ContentReplaceBehavior [ RunTime:0.000102s ]
INFO: [ template_filter ] --END-- [ RunTime:0.000283s ]
INFO: Run Behavior\ParseTemplateBehavior [ RunTime:0.040547s ]
INFO: [ view_parse ] --END-- [ RunTime:0.040836s ]
INFO: [ view_filter ] --START--
INFO: Run Behavior\WriteHtmlCacheBehavior [ RunTime:0.001384s ]
INFO: Run Behavior\TokenBuildBehavior [ RunTime:0.001290s ]
INFO: [ view_filter ] --END-- [ RunTime:0.003114s ]
INFO: [ app_end ] --START--
INFO: Run Behavior\ShowPageTraceBehavior [ RunTime:0.001163s ]
INFO: [ app_end ] --END-- [ RunTime:0.001331s ]

