[ 2017-02-11T07:14:04+08:00 ] ::1 /westylegit/code/index.php/Admin/Index/
INFO: [ app_init ] --START--
INFO: Run Behavior\BuildLiteBehavior [ RunTime:0.000036s ]
INFO: [ app_init ] --END-- [ RunTime:0.000665s ]
INFO: [ app_begin ] --START--
INFO: Run Behavior\ReadHtmlCacheBehavior [ RunTime:0.001265s ]
INFO: [ app_begin ] --END-- [ RunTime:0.001607s ]
SQL: SHOW COLUMNS FROM `westyle_admin_node` [ RunTime:0.1157s ]
SQL: SELECT * FROM `westyle_admin_node` WHERE `controller` = 'Index' ORDER BY sort LIMIT 1   [ RunTime:0.0021s ]

[ 2017-02-11T07:14:06+08:00 ] ::1 /westylegit/code/index.php/Admin/Login/index.shtml
INFO: [ app_init ] --START--
INFO: Run Behavior\BuildLiteBehavior [ RunTime:0.000068s ]
INFO: [ app_init ] --END-- [ RunTime:0.000907s ]
INFO: [ app_begin ] --START--
INFO: Run Behavior\ReadHtmlCacheBehavior [ RunTime:0.000636s ]
INFO: [ app_begin ] --END-- [ RunTime:0.000807s ]
INFO: [ view_parse ] --START--
INFO: [ template_filter ] --START--
INFO: Run Behavior\ContentReplaceBehavior [ RunTime:0.032816s ]
INFO: [ template_filter ] --END-- [ RunTime:0.033081s ]
INFO: Run Behavior\ParseTemplateBehavior [ RunTime:0.150168s ]
INFO: [ view_parse ] --END-- [ RunTime:0.150353s ]
INFO: [ view_filter ] --START--
INFO: Run Behavior\WriteHtmlCacheBehavior [ RunTime:0.022905s ]
INFO: Run Behavior\TokenBuildBehavior [ RunTime:0.002210s ]
INFO: [ view_filter ] --END-- [ RunTime:0.025389s ]
INFO: [ app_end ] --START--
INFO: Run Behavior\ShowPageTraceBehavior [ RunTime:0.001471s ]
INFO: [ app_end ] --END-- [ RunTime:0.001642s ]

