[ 2017-06-29T05:28:38+08:00 ] ::1 /whateat/index.php/Admin/Index/
INFO: [ app_init ] --START--
INFO: Run Behavior\BuildLiteBehavior [ RunTime:0.000040s ]
INFO: [ app_init ] --END-- [ RunTime:0.017695s ]
INFO: [ app_begin ] --START--
INFO: Run Behavior\ReadHtmlCacheBehavior [ RunTime:0.002376s ]
INFO: [ app_begin ] --END-- [ RunTime:0.002717s ]
SQL: SHOW COLUMNS FROM `whateat_admin_node` [ RunTime:0.3231s ]
SQL: SELECT * FROM `whateat_admin_node` WHERE `controller` = 'Index' ORDER BY sort LIMIT 1   [ RunTime:0.3003s ]
NOTIC: [2] Missing argument 1 for Think\Controller::show(), called in F:\wamp\www\whateat\Application\Admin\Controller\IndexController.class.php on line 90 and defined F:\wamp\www\whateat\ThinkPHP\Library\Think\Controller.class.php 第 68 行.
NOTIC: [8] Undefined variable: content F:\wamp\www\whateat\ThinkPHP\Library\Think\Controller.class.php 第 69 行.
INFO: [ view_parse ] --START--
INFO: [ template_filter ] --START--
INFO: Run Behavior\ContentReplaceBehavior [ RunTime:0.012453s ]
INFO: [ template_filter ] --END-- [ RunTime:0.012668s ]
INFO: Run Behavior\ParseTemplateBehavior [ RunTime:0.070440s ]
INFO: [ view_parse ] --END-- [ RunTime:0.070754s ]
INFO: [ view_filter ] --START--
INFO: Run Behavior\WriteHtmlCacheBehavior [ RunTime:0.017541s ]
INFO: Run Behavior\TokenBuildBehavior [ RunTime:0.001919s ]
INFO: [ view_filter ] --END-- [ RunTime:0.019767s ]
INFO: [ app_end ] --START--
INFO: Run Behavior\ShowPageTraceBehavior [ RunTime:0.005891s ]
INFO: [ app_end ] --END-- [ RunTime:0.006079s ]

[ 2017-06-29T05:28:39+08:00 ] ::1 /whateat/index.php/Admin/Index/top_menu.shtml
INFO: [ app_init ] --START--
INFO: Run Behavior\BuildLiteBehavior [ RunTime:0.000064s ]
INFO: [ app_init ] --END-- [ RunTime:0.001269s ]
INFO: [ app_begin ] --START--
INFO: Run Behavior\ReadHtmlCacheBehavior [ RunTime:0.004600s ]
INFO: [ app_begin ] --END-- [ RunTime:0.005019s ]
NOTIC: [8] Undefined index: pid F:\wamp\www\whateat\Application\Admin\Controller\IndexController.class.php 第 43 行.
NOTIC: [8] Undefined index: pid F:\wamp\www\whateat\Application\Admin\Controller\IndexController.class.php 第 43 行.
NOTIC: [8] Undefined index: pid F:\wamp\www\whateat\Application\Admin\Controller\IndexController.class.php 第 43 行.
NOTIC: [8] Undefined index: pid F:\wamp\www\whateat\Application\Admin\Controller\IndexController.class.php 第 43 行.
NOTIC: [2] Missing argument 1 for Think\Controller::show(), called in F:\wamp\www\whateat\Application\Admin\Controller\IndexController.class.php on line 58 and defined F:\wamp\www\whateat\ThinkPHP\Library\Think\Controller.class.php 第 68 行.
NOTIC: [8] Undefined variable: content F:\wamp\www\whateat\ThinkPHP\Library\Think\Controller.class.php 第 69 行.
INFO: [ view_parse ] --START--
INFO: [ template_filter ] --START--
INFO: Run Behavior\ContentReplaceBehavior [ RunTime:0.000105s ]
INFO: [ template_filter ] --END-- [ RunTime:0.000301s ]
INFO: Run Behavior\ParseTemplateBehavior [ RunTime:0.277658s ]
INFO: [ view_parse ] --END-- [ RunTime:0.277846s ]
INFO: [ view_filter ] --START--
INFO: Run Behavior\WriteHtmlCacheBehavior [ RunTime:0.001197s ]
INFO: Run Behavior\TokenBuildBehavior [ RunTime:0.001834s ]
INFO: [ view_filter ] --END-- [ RunTime:0.003327s ]
INFO: [ app_end ] --START--
INFO: Run Behavior\ShowPageTraceBehavior [ RunTime:0.002296s ]
INFO: [ app_end ] --END-- [ RunTime:0.002577s ]

[ 2017-06-29T05:28:39+08:00 ] ::1 /whateat/index.php/Admin/Index/about_us.shtml
INFO: [ app_init ] --START--
INFO: Run Behavior\BuildLiteBehavior [ RunTime:0.000064s ]
INFO: [ app_init ] --END-- [ RunTime:0.001547s ]
INFO: [ app_begin ] --START--
INFO: Run Behavior\ReadHtmlCacheBehavior [ RunTime:0.005224s ]
INFO: [ app_begin ] --END-- [ RunTime:0.005651s ]
INFO: [ app_end ] --START--
INFO: Run Behavior\ShowPageTraceBehavior [ RunTime:0.002393s ]
INFO: [ app_end ] --END-- [ RunTime:0.002737s ]

[ 2017-06-29T05:28:39+08:00 ] ::1 /whateat/index.php/Admin/Index/home.shtml
INFO: [ app_init ] --START--
INFO: Run Behavior\BuildLiteBehavior [ RunTime:0.000062s ]
INFO: [ app_init ] --END-- [ RunTime:0.001107s ]
INFO: [ app_begin ] --START--
INFO: Run Behavior\ReadHtmlCacheBehavior [ RunTime:0.001955s ]
INFO: [ app_begin ] --END-- [ RunTime:0.002394s ]
INFO: [ app_end ] --START--
INFO: Run Behavior\ShowPageTraceBehavior [ RunTime:0.001772s ]
INFO: [ app_end ] --END-- [ RunTime:0.002163s ]

[ 2017-06-29T05:31:35+08:00 ] ::1 /whateat/index.php/Admin
INFO: [ app_init ] --START--
INFO: Run Behavior\BuildLiteBehavior [ RunTime:0.000040s ]
INFO: [ app_init ] --END-- [ RunTime:0.000977s ]
INFO: [ app_begin ] --START--
INFO: Run Behavior\ReadHtmlCacheBehavior [ RunTime:0.001568s ]
INFO: [ app_begin ] --END-- [ RunTime:0.001870s ]
SQL: SHOW COLUMNS FROM `whateat_admin_node` [ RunTime:0.2862s ]
SQL: SELECT * FROM `whateat_admin_node` WHERE `controller` = 'Index' ORDER BY sort LIMIT 1   [ RunTime:0.2865s ]
NOTIC: [2] Missing argument 1 for Think\Controller::show(), called in F:\wamp\www\whateat\Application\Admin\Controller\IndexController.class.php on line 90 and defined F:\wamp\www\whateat\ThinkPHP\Library\Think\Controller.class.php 第 68 行.
NOTIC: [8] Undefined variable: content F:\wamp\www\whateat\ThinkPHP\Library\Think\Controller.class.php 第 69 行.
INFO: [ view_parse ] --START--
INFO: [ template_filter ] --START--
INFO: Run Behavior\ContentReplaceBehavior [ RunTime:0.000176s ]
INFO: [ template_filter ] --END-- [ RunTime:0.000541s ]
INFO: Run Behavior\ParseTemplateBehavior [ RunTime:0.024899s ]
INFO: [ view_parse ] --END-- [ RunTime:0.025105s ]
INFO: [ view_filter ] --START--
INFO: Run Behavior\WriteHtmlCacheBehavior [ RunTime:0.000906s ]
INFO: Run Behavior\TokenBuildBehavior [ RunTime:0.001276s ]
INFO: [ view_filter ] --END-- [ RunTime:0.002529s ]
INFO: [ app_end ] --START--
INFO: Run Behavior\ShowPageTraceBehavior [ RunTime:0.001051s ]
INFO: [ app_end ] --END-- [ RunTime:0.001218s ]

[ 2017-06-29T05:31:35+08:00 ] ::1 /whateat/index.php/Admin/Index/top_menu.shtml
INFO: [ app_init ] --START--
INFO: Run Behavior\BuildLiteBehavior [ RunTime:0.000077s ]
INFO: [ app_init ] --END-- [ RunTime:0.001189s ]
INFO: [ app_begin ] --START--
INFO: Run Behavior\ReadHtmlCacheBehavior [ RunTime:0.001599s ]
INFO: [ app_begin ] --END-- [ RunTime:0.002011s ]
NOTIC: [8] Undefined index: pid F:\wamp\www\whateat\Application\Admin\Controller\IndexController.class.php 第 43 行.
NOTIC: [8] Undefined index: pid F:\wamp\www\whateat\Application\Admin\Controller\IndexController.class.php 第 43 行.
NOTIC: [8] Undefined index: pid F:\wamp\www\whateat\Application\Admin\Controller\IndexController.class.php 第 43 行.
NOTIC: [8] Undefined index: pid F:\wamp\www\whateat\Application\Admin\Controller\IndexController.class.php 第 43 行.
NOTIC: [2] Missing argument 1 for Think\Controller::show(), called in F:\wamp\www\whateat\Application\Admin\Controller\IndexController.class.php on line 58 and defined F:\wamp\www\whateat\ThinkPHP\Library\Think\Controller.class.php 第 68 行.
NOTIC: [8] Undefined variable: content F:\wamp\www\whateat\ThinkPHP\Library\Think\Controller.class.php 第 69 行.
INFO: [ view_parse ] --START--
INFO: [ template_filter ] --START--
INFO: Run Behavior\ContentReplaceBehavior [ RunTime:0.000187s ]
INFO: [ template_filter ] --END-- [ RunTime:0.000569s ]
INFO: Run Behavior\ParseTemplateBehavior [ RunTime:0.030063s ]
INFO: [ view_parse ] --END-- [ RunTime:0.030555s ]
INFO: [ view_filter ] --START--
INFO: Run Behavior\WriteHtmlCacheBehavior [ RunTime:0.001377s ]
INFO: Run Behavior\TokenBuildBehavior [ RunTime:0.001689s ]
INFO: [ view_filter ] --END-- [ RunTime:0.003617s ]
INFO: [ app_end ] --START--
INFO: Run Behavior\ShowPageTraceBehavior [ RunTime:0.001609s ]
INFO: [ app_end ] --END-- [ RunTime:0.001946s ]

[ 2017-06-29T05:31:35+08:00 ] ::1 /whateat/index.php/Admin/Index/home.shtml
INFO: [ app_init ] --START--
INFO: Run Behavior\BuildLiteBehavior [ RunTime:0.000072s ]
INFO: [ app_init ] --END-- [ RunTime:0.001314s ]
INFO: [ app_begin ] --START--
INFO: Run Behavior\ReadHtmlCacheBehavior [ RunTime:0.002222s ]
INFO: [ app_begin ] --END-- [ RunTime:0.002590s ]
INFO: [ app_end ] --START--
INFO: Run Behavior\ShowPageTraceBehavior [ RunTime:0.002349s ]
INFO: [ app_end ] --END-- [ RunTime:0.002734s ]

[ 2017-06-29T05:31:35+08:00 ] ::1 /whateat/index.php/Admin/Index/about_us.shtml
INFO: [ app_init ] --START--
INFO: Run Behavior\BuildLiteBehavior [ RunTime:0.000075s ]
INFO: [ app_init ] --END-- [ RunTime:0.001452s ]
INFO: [ app_begin ] --START--
INFO: Run Behavior\ReadHtmlCacheBehavior [ RunTime:0.002131s ]
INFO: [ app_begin ] --END-- [ RunTime:0.002492s ]
INFO: [ app_end ] --START--
INFO: Run Behavior\ShowPageTraceBehavior [ RunTime:0.002331s ]
INFO: [ app_end ] --END-- [ RunTime:0.002727s ]

[ 2017-06-29T05:31:37+08:00 ] ::1 /whateat/index.php/Admin/Index/left_menu?pid=16
INFO: [ app_init ] --START--
INFO: Run Behavior\BuildLiteBehavior [ RunTime:0.000038s ]
INFO: [ app_init ] --END-- [ RunTime:0.001134s ]
INFO: [ app_begin ] --START--
INFO: Run Behavior\ReadHtmlCacheBehavior [ RunTime:0.001500s ]
INFO: [ app_begin ] --END-- [ RunTime:0.001696s ]
NOTIC: [8] Undefined index: pid F:\wamp\www\whateat\Application\Admin\Controller\IndexController.class.php 第 65 行.
NOTIC: [8] Undefined index: pid F:\wamp\www\whateat\Application\Admin\Controller\IndexController.class.php 第 65 行.
NOTIC: [8] Undefined index: pid F:\wamp\www\whateat\Application\Admin\Controller\IndexController.class.php 第 65 行.
NOTIC: [8] Undefined index: pid F:\wamp\www\whateat\Application\Admin\Controller\IndexController.class.php 第 65 行.
NOTIC: [2] Missing argument 1 for Think\Controller::show(), called in F:\wamp\www\whateat\Application\Admin\Controller\IndexController.class.php on line 80 and defined F:\wamp\www\whateat\ThinkPHP\Library\Think\Controller.class.php 第 68 行.
NOTIC: [8] Undefined variable: content F:\wamp\www\whateat\ThinkPHP\Library\Think\Controller.class.php 第 69 行.
INFO: [ view_parse ] --START--
INFO: [ template_filter ] --START--
INFO: Run Behavior\ContentReplaceBehavior [ RunTime:0.000198s ]
INFO: [ template_filter ] --END-- [ RunTime:0.000574s ]
INFO: Run Behavior\ParseTemplateBehavior [ RunTime:0.018902s ]
INFO: [ view_parse ] --END-- [ RunTime:0.019168s ]
INFO: [ view_filter ] --START--
INFO: Run Behavior\WriteHtmlCacheBehavior [ RunTime:0.001162s ]
INFO: Run Behavior\TokenBuildBehavior [ RunTime:0.001498s ]
INFO: [ view_filter ] --END-- [ RunTime:0.003024s ]
INFO: [ app_end ] --START--
INFO: Run Behavior\ShowPageTraceBehavior [ RunTime:0.001618s ]
INFO: [ app_end ] --END-- [ RunTime:0.001893s ]

[ 2017-06-29T05:31:41+08:00 ] ::1 /whateat/index.php/Admin/Dish/dish.shtml
INFO: [ app_init ] --START--
INFO: Run Behavior\BuildLiteBehavior [ RunTime:0.000039s ]
INFO: [ app_init ] --END-- [ RunTime:0.000807s ]
INFO: [ app_begin ] --START--
INFO: Run Behavior\ReadHtmlCacheBehavior [ RunTime:0.001992s ]
INFO: [ app_begin ] --END-- [ RunTime:0.002246s ]
SQL: SHOW COLUMNS FROM `whateat_admin_node` [ RunTime:0.2969s ]
SQL: SELECT * FROM `whateat_admin_node` WHERE `controller` = 'Dish' ORDER BY sort LIMIT 1   [ RunTime:0.2979s ]
SQL: SHOW COLUMNS FROM `whateat_dish` [ RunTime:0.2983s ]
SQL: SELECT * FROM `whateat_dish` ORDER BY id desc  [ RunTime:0.2965s ]
NOTIC: [8] Undefined variable: shop_list F:\wamp\www\whateat\Application\Admin\Controller\DishController.class.php 第 18 行.
NOTIC: [2] Invalid argument supplied for foreach() F:\wamp\www\whateat\Application\Admin\Controller\DishController.class.php 第 18 行.
INFO: [ view_parse ] --START--
INFO: [ template_filter ] --START--
INFO: Run Behavior\ContentReplaceBehavior [ RunTime:0.000178s ]
INFO: [ template_filter ] --END-- [ RunTime:0.000529s ]
INFO: Run Behavior\ParseTemplateBehavior [ RunTime:0.198208s ]
INFO: [ view_parse ] --END-- [ RunTime:0.198569s ]
INFO: [ view_filter ] --START--
INFO: Run Behavior\WriteHtmlCacheBehavior [ RunTime:0.001149s ]
INFO: Run Behavior\TokenBuildBehavior [ RunTime:0.001288s ]
INFO: [ view_filter ] --END-- [ RunTime:0.002697s ]
INFO: [ app_end ] --START--
INFO: Run Behavior\ShowPageTraceBehavior [ RunTime:0.001524s ]
INFO: [ app_end ] --END-- [ RunTime:0.001796s ]

[ 2017-06-29T05:31:43+08:00 ] ::1 /whateat/index.php/Admin/Ingredient/ingredient.shtml
INFO: [ app_init ] --START--
INFO: Run Behavior\BuildLiteBehavior [ RunTime:0.000039s ]
INFO: [ app_init ] --END-- [ RunTime:0.000828s ]
INFO: [ app_begin ] --START--
INFO: Run Behavior\ReadHtmlCacheBehavior [ RunTime:0.001469s ]
INFO: [ app_begin ] --END-- [ RunTime:0.001681s ]
SQL: SHOW COLUMNS FROM `whateat_admin_node` [ RunTime:0.2973s ]
SQL: SELECT * FROM `whateat_admin_node` WHERE `controller` = 'Ingredient' ORDER BY sort LIMIT 1   [ RunTime:0.3004s ]
SQL: SHOW COLUMNS FROM `whateat_ingredient` [ RunTime:0.2895s ]
SQL: SELECT * FROM `whateat_ingredient` ORDER BY id desc  [ RunTime:0.2898s ]
NOTIC: [8] Undefined variable: shop_list F:\wamp\www\whateat\Application\Admin\Controller\IngredientController.class.php 第 18 行.
NOTIC: [2] Invalid argument supplied for foreach() F:\wamp\www\whateat\Application\Admin\Controller\IngredientController.class.php 第 18 行.
INFO: [ view_parse ] --START--
INFO: [ template_filter ] --START--
INFO: Run Behavior\ContentReplaceBehavior [ RunTime:0.000101s ]
INFO: [ template_filter ] --END-- [ RunTime:0.000292s ]
INFO: Run Behavior\ParseTemplateBehavior [ RunTime:0.042480s ]
INFO: [ view_parse ] --END-- [ RunTime:0.042813s ]
INFO: [ view_filter ] --START--
INFO: Run Behavior\WriteHtmlCacheBehavior [ RunTime:0.001132s ]
INFO: Run Behavior\TokenBuildBehavior [ RunTime:0.001396s ]
INFO: [ view_filter ] --END-- [ RunTime:0.002801s ]
INFO: [ app_end ] --START--
INFO: Run Behavior\ShowPageTraceBehavior [ RunTime:0.001379s ]
INFO: [ app_end ] --END-- [ RunTime:0.001546s ]

[ 2017-06-29T05:31:50+08:00 ] ::1 /whateat/index.php/Admin/Dish/dish.shtml
INFO: [ app_init ] --START--
INFO: Run Behavior\BuildLiteBehavior [ RunTime:0.000075s ]
INFO: [ app_init ] --END-- [ RunTime:0.001530s ]
INFO: [ app_begin ] --START--
INFO: Run Behavior\ReadHtmlCacheBehavior [ RunTime:0.001383s ]
INFO: [ app_begin ] --END-- [ RunTime:0.001572s ]
SQL: SHOW COLUMNS FROM `whateat_admin_node` [ RunTime:0.5356s ]
SQL: SELECT * FROM `whateat_admin_node` WHERE `controller` = 'Dish' ORDER BY sort LIMIT 1   [ RunTime:0.3128s ]
SQL: SHOW COLUMNS FROM `whateat_dish` [ RunTime:0.3041s ]
SQL: SELECT * FROM `whateat_dish` ORDER BY id desc  [ RunTime:0.3026s ]
NOTIC: [8] Undefined variable: shop_list F:\wamp\www\whateat\Application\Admin\Controller\DishController.class.php 第 18 行.
NOTIC: [2] Invalid argument supplied for foreach() F:\wamp\www\whateat\Application\Admin\Controller\DishController.class.php 第 18 行.
INFO: [ view_parse ] --START--
INFO: [ template_filter ] --START--
INFO: Run Behavior\ContentReplaceBehavior [ RunTime:0.000105s ]
INFO: [ template_filter ] --END-- [ RunTime:0.000297s ]
INFO: Run Behavior\ParseTemplateBehavior [ RunTime:0.017552s ]
INFO: [ view_parse ] --END-- [ RunTime:0.017867s ]
INFO: [ view_filter ] --START--
INFO: Run Behavior\WriteHtmlCacheBehavior [ RunTime:0.001398s ]
INFO: Run Behavior\TokenBuildBehavior [ RunTime:0.001324s ]
INFO: [ view_filter ] --END-- [ RunTime:0.003087s ]
INFO: [ app_end ] --START--
INFO: Run Behavior\ShowPageTraceBehavior [ RunTime:0.001999s ]
INFO: [ app_end ] --END-- [ RunTime:0.002271s ]

[ 2017-06-29T05:35:40+08:00 ] ::1 /whateat/index.php/Admin
INFO: [ app_init ] --START--
INFO: Run Behavior\BuildLiteBehavior [ RunTime:0.000038s ]
INFO: [ app_init ] --END-- [ RunTime:0.000828s ]
INFO: [ app_begin ] --START--
INFO: Run Behavior\ReadHtmlCacheBehavior [ RunTime:0.001861s ]
INFO: [ app_begin ] --END-- [ RunTime:0.002158s ]
SQL: SHOW COLUMNS FROM `whateat_admin_node` [ RunTime:0.2942s ]
SQL: SELECT * FROM `whateat_admin_node` WHERE `controller` = 'Index' ORDER BY sort LIMIT 1   [ RunTime:0.2917s ]
NOTIC: [2] Missing argument 1 for Think\Controller::show(), called in F:\wamp\www\whateat\Application\Admin\Controller\IndexController.class.php on line 90 and defined F:\wamp\www\whateat\ThinkPHP\Library\Think\Controller.class.php 第 68 行.
NOTIC: [8] Undefined variable: content F:\wamp\www\whateat\ThinkPHP\Library\Think\Controller.class.php 第 69 行.
INFO: [ view_parse ] --START--
INFO: [ template_filter ] --START--
INFO: Run Behavior\ContentReplaceBehavior [ RunTime:0.000169s ]
INFO: [ template_filter ] --END-- [ RunTime:0.000515s ]
INFO: Run Behavior\ParseTemplateBehavior [ RunTime:0.016323s ]
INFO: [ view_parse ] --END-- [ RunTime:0.016623s ]
INFO: [ view_filter ] --START--
INFO: Run Behavior\WriteHtmlCacheBehavior [ RunTime:0.001555s ]
INFO: Run Behavior\TokenBuildBehavior [ RunTime:0.001475s ]
INFO: [ view_filter ] --END-- [ RunTime:0.003473s ]
INFO: [ app_end ] --START--
INFO: Run Behavior\ShowPageTraceBehavior [ RunTime:0.001358s ]
INFO: [ app_end ] --END-- [ RunTime:0.001539s ]

[ 2017-06-29T05:35:41+08:00 ] ::1 /whateat/index.php/Admin/Index/top_menu.shtml
INFO: [ app_init ] --START--
INFO: Run Behavior\BuildLiteBehavior [ RunTime:0.000198s ]
INFO: [ app_init ] --END-- [ RunTime:0.002300s ]
INFO: [ app_begin ] --START--
INFO: Run Behavior\ReadHtmlCacheBehavior [ RunTime:0.002289s ]
INFO: [ app_begin ] --END-- [ RunTime:0.002629s ]
NOTIC: [8] Undefined index: pid F:\wamp\www\whateat\Application\Admin\Controller\IndexController.class.php 第 43 行.
NOTIC: [8] Undefined index: pid F:\wamp\www\whateat\Application\Admin\Controller\IndexController.class.php 第 43 行.
NOTIC: [8] Undefined index: pid F:\wamp\www\whateat\Application\Admin\Controller\IndexController.class.php 第 43 行.
NOTIC: [8] Undefined index: pid F:\wamp\www\whateat\Application\Admin\Controller\IndexController.class.php 第 43 行.
NOTIC: [2] Missing argument 1 for Think\Controller::show(), called in F:\wamp\www\whateat\Application\Admin\Controller\IndexController.class.php on line 58 and defined F:\wamp\www\whateat\ThinkPHP\Library\Think\Controller.class.php 第 68 行.
NOTIC: [8] Undefined variable: content F:\wamp\www\whateat\ThinkPHP\Library\Think\Controller.class.php 第 69 行.
INFO: [ view_parse ] --START--
INFO: [ template_filter ] --START--
INFO: Run Behavior\ContentReplaceBehavior [ RunTime:0.000186s ]
INFO: [ template_filter ] --END-- [ RunTime:0.001065s ]
INFO: Run Behavior\ParseTemplateBehavior [ RunTime:0.029259s ]
INFO: [ view_parse ] --END-- [ RunTime:0.029603s ]
INFO: [ view_filter ] --START--
INFO: Run Behavior\WriteHtmlCacheBehavior [ RunTime:0.001757s ]
INFO: Run Behavior\TokenBuildBehavior [ RunTime:0.002264s ]
INFO: [ view_filter ] --END-- [ RunTime:0.004577s ]
INFO: [ app_end ] --START--
INFO: Run Behavior\ShowPageTraceBehavior [ RunTime:0.001666s ]
INFO: [ app_end ] --END-- [ RunTime:0.001889s ]

[ 2017-06-29T05:35:41+08:00 ] ::1 /whateat/index.php/Admin/Index/about_us.shtml
INFO: [ app_init ] --START--
INFO: Run Behavior\BuildLiteBehavior [ RunTime:0.000251s ]
INFO: [ app_init ] --END-- [ RunTime:0.004135s ]
INFO: [ app_begin ] --START--
INFO: Run Behavior\ReadHtmlCacheBehavior [ RunTime:0.002546s ]
INFO: [ app_begin ] --END-- [ RunTime:0.003260s ]
INFO: [ app_end ] --START--
INFO: Run Behavior\ShowPageTraceBehavior [ RunTime:0.002367s ]
INFO: [ app_end ] --END-- [ RunTime:0.002751s ]

[ 2017-06-29T05:35:41+08:00 ] ::1 /whateat/index.php/Admin/Index/home.shtml
INFO: [ app_init ] --START--
INFO: Run Behavior\BuildLiteBehavior [ RunTime:0.000072s ]
INFO: [ app_init ] --END-- [ RunTime:0.001397s ]
INFO: [ app_begin ] --START--
INFO: Run Behavior\ReadHtmlCacheBehavior [ RunTime:0.002240s ]
INFO: [ app_begin ] --END-- [ RunTime:0.002594s ]
INFO: [ app_end ] --START--
INFO: Run Behavior\ShowPageTraceBehavior [ RunTime:0.001765s ]
INFO: [ app_end ] --END-- [ RunTime:0.002032s ]

[ 2017-06-29T05:35:42+08:00 ] ::1 /whateat/index.php/Admin/Index/left_menu?pid=16
INFO: [ app_init ] --START--
INFO: Run Behavior\BuildLiteBehavior [ RunTime:0.000037s ]
INFO: [ app_init ] --END-- [ RunTime:0.000697s ]
INFO: [ app_begin ] --START--
INFO: Run Behavior\ReadHtmlCacheBehavior [ RunTime:0.001025s ]
INFO: [ app_begin ] --END-- [ RunTime:0.001215s ]
NOTIC: [8] Undefined index: pid F:\wamp\www\whateat\Application\Admin\Controller\IndexController.class.php 第 65 行.
NOTIC: [8] Undefined index: pid F:\wamp\www\whateat\Application\Admin\Controller\IndexController.class.php 第 65 行.
NOTIC: [8] Undefined index: pid F:\wamp\www\whateat\Application\Admin\Controller\IndexController.class.php 第 65 行.
NOTIC: [8] Undefined index: pid F:\wamp\www\whateat\Application\Admin\Controller\IndexController.class.php 第 65 行.
NOTIC: [2] Missing argument 1 for Think\Controller::show(), called in F:\wamp\www\whateat\Application\Admin\Controller\IndexController.class.php on line 80 and defined F:\wamp\www\whateat\ThinkPHP\Library\Think\Controller.class.php 第 68 行.
NOTIC: [8] Undefined variable: content F:\wamp\www\whateat\ThinkPHP\Library\Think\Controller.class.php 第 69 行.
INFO: [ view_parse ] --START--
INFO: [ template_filter ] --START--
INFO: Run Behavior\ContentReplaceBehavior [ RunTime:0.000092s ]
INFO: [ template_filter ] --END-- [ RunTime:0.000268s ]
INFO: Run Behavior\ParseTemplateBehavior [ RunTime:0.014540s ]
INFO: [ view_parse ] --END-- [ RunTime:0.014838s ]
INFO: [ view_filter ] --START--
INFO: Run Behavior\WriteHtmlCacheBehavior [ RunTime:0.000997s ]
INFO: Run Behavior\TokenBuildBehavior [ RunTime:0.001067s ]
INFO: [ view_filter ] --END-- [ RunTime:0.002347s ]
INFO: [ app_end ] --START--
INFO: Run Behavior\ShowPageTraceBehavior [ RunTime:0.001094s ]
INFO: [ app_end ] --END-- [ RunTime:0.001279s ]

[ 2017-06-29T05:35:46+08:00 ] ::1 /whateat/index.php/Admin/Dish/dish.shtml
INFO: [ app_init ] --START--
INFO: Run Behavior\BuildLiteBehavior [ RunTime:0.000039s ]
INFO: [ app_init ] --END-- [ RunTime:0.000707s ]
INFO: [ app_begin ] --START--
INFO: Run Behavior\ReadHtmlCacheBehavior [ RunTime:0.001099s ]
INFO: [ app_begin ] --END-- [ RunTime:0.001393s ]
SQL: SHOW COLUMNS FROM `whateat_admin_node` [ RunTime:0.3090s ]
SQL: SELECT * FROM `whateat_admin_node` WHERE `controller` = 'Dish' ORDER BY sort LIMIT 1   [ RunTime:0.3102s ]
SQL: SHOW COLUMNS FROM `whateat_dish` [ RunTime:0.3079s ]
SQL: SELECT * FROM `whateat_dish` ORDER BY id desc  [ RunTime:0.3091s ]
NOTIC: [8] Undefined variable: shop_list F:\wamp\www\whateat\Application\Admin\Controller\DishController.class.php 第 18 行.
NOTIC: [2] Invalid argument supplied for foreach() F:\wamp\www\whateat\Application\Admin\Controller\DishController.class.php 第 18 行.
INFO: [ view_parse ] --START--
INFO: [ template_filter ] --START--
INFO: Run Behavior\ContentReplaceBehavior [ RunTime:0.000104s ]
INFO: [ template_filter ] --END-- [ RunTime:0.000292s ]
INFO: Run Behavior\ParseTemplateBehavior [ RunTime:0.015479s ]
INFO: [ view_parse ] --END-- [ RunTime:0.015670s ]
INFO: [ view_filter ] --START--
INFO: Run Behavior\WriteHtmlCacheBehavior [ RunTime:0.000767s ]
INFO: Run Behavior\TokenBuildBehavior [ RunTime:0.000963s ]
INFO: [ view_filter ] --END-- [ RunTime:0.001980s ]
INFO: [ app_end ] --START--
INFO: Run Behavior\ShowPageTraceBehavior [ RunTime:0.001015s ]
INFO: [ app_end ] --END-- [ RunTime:0.001178s ]

[ 2017-06-29T05:35:50+08:00 ] ::1 /whateat/index.php/Admin/Ingredient/ingredient.shtml
INFO: [ app_init ] --START--
INFO: Run Behavior\BuildLiteBehavior [ RunTime:0.000038s ]
INFO: [ app_init ] --END-- [ RunTime:0.000722s ]
INFO: [ app_begin ] --START--
INFO: Run Behavior\ReadHtmlCacheBehavior [ RunTime:0.001523s ]
INFO: [ app_begin ] --END-- [ RunTime:0.001890s ]
SQL: SHOW COLUMNS FROM `whateat_admin_node` [ RunTime:0.2906s ]
SQL: SELECT * FROM `whateat_admin_node` WHERE `controller` = 'Ingredient' ORDER BY sort LIMIT 1   [ RunTime:0.2913s ]
SQL: SHOW COLUMNS FROM `whateat_ingredient` [ RunTime:0.2897s ]
SQL: SELECT * FROM `whateat_ingredient` ORDER BY id desc  [ RunTime:0.2877s ]
NOTIC: [8] Undefined variable: shop_list F:\wamp\www\whateat\Application\Admin\Controller\IngredientController.class.php 第 18 行.
NOTIC: [2] Invalid argument supplied for foreach() F:\wamp\www\whateat\Application\Admin\Controller\IngredientController.class.php 第 18 行.
INFO: [ view_parse ] --START--
INFO: [ template_filter ] --START--
INFO: Run Behavior\ContentReplaceBehavior [ RunTime:0.000101s ]
INFO: [ template_filter ] --END-- [ RunTime:0.000276s ]
INFO: Run Behavior\ParseTemplateBehavior [ RunTime:0.015111s ]
INFO: [ view_parse ] --END-- [ RunTime:0.015405s ]
INFO: [ view_filter ] --START--
INFO: Run Behavior\WriteHtmlCacheBehavior [ RunTime:0.001063s ]
INFO: Run Behavior\TokenBuildBehavior [ RunTime:0.001078s ]
INFO: [ view_filter ] --END-- [ RunTime:0.002545s ]
INFO: [ app_end ] --START--
INFO: Run Behavior\ShowPageTraceBehavior [ RunTime:0.001064s ]
INFO: [ app_end ] --END-- [ RunTime:0.001301s ]

[ 2017-06-29T05:35:54+08:00 ] ::1 /whateat/index.php/Admin/Flavour/flavour.shtml
INFO: [ app_init ] --START--
INFO: Run Behavior\BuildLiteBehavior [ RunTime:0.000064s ]
INFO: [ app_init ] --END-- [ RunTime:0.001093s ]
INFO: [ app_begin ] --START--
INFO: Run Behavior\ReadHtmlCacheBehavior [ RunTime:0.001379s ]
INFO: [ app_begin ] --END-- [ RunTime:0.001751s ]
SQL: SHOW COLUMNS FROM `whateat_admin_node` [ RunTime:0.2943s ]
SQL: SELECT * FROM `whateat_admin_node` WHERE `controller` = 'Flavour' ORDER BY sort LIMIT 1   [ RunTime:0.2926s ]
SQL: SHOW COLUMNS FROM `whateat_flavour` [ RunTime:0.2921s ]
SQL: SELECT * FROM `whateat_flavour` ORDER BY id desc  [ RunTime:0.2924s ]
NOTIC: [8] Undefined variable: shop_list F:\wamp\www\whateat\Application\Admin\Controller\FlavourController.class.php 第 18 行.
NOTIC: [2] Invalid argument supplied for foreach() F:\wamp\www\whateat\Application\Admin\Controller\FlavourController.class.php 第 18 行.
INFO: [ view_parse ] --START--
INFO: [ template_filter ] --START--
INFO: Run Behavior\ContentReplaceBehavior [ RunTime:0.000099s ]
INFO: [ template_filter ] --END-- [ RunTime:0.000276s ]
INFO: Run Behavior\ParseTemplateBehavior [ RunTime:0.016138s ]
INFO: [ view_parse ] --END-- [ RunTime:0.016412s ]
INFO: [ view_filter ] --START--
INFO: Run Behavior\WriteHtmlCacheBehavior [ RunTime:0.000786s ]
INFO: Run Behavior\TokenBuildBehavior [ RunTime:0.000992s ]
INFO: [ view_filter ] --END-- [ RunTime:0.002031s ]
INFO: [ app_end ] --START--
INFO: Run Behavior\ShowPageTraceBehavior [ RunTime:0.001024s ]
INFO: [ app_end ] --END-- [ RunTime:0.001186s ]

[ 2017-06-29T05:35:58+08:00 ] ::1 /whateat/index.php/Admin/Dish/dish.shtml
INFO: [ app_init ] --START--
INFO: Run Behavior\BuildLiteBehavior [ RunTime:0.000039s ]
INFO: [ app_init ] --END-- [ RunTime:0.000771s ]
INFO: [ app_begin ] --START--
INFO: Run Behavior\ReadHtmlCacheBehavior [ RunTime:0.000991s ]
INFO: [ app_begin ] --END-- [ RunTime:0.001180s ]
SQL: SHOW COLUMNS FROM `whateat_admin_node` [ RunTime:0.3126s ]
SQL: SELECT * FROM `whateat_admin_node` WHERE `controller` = 'Dish' ORDER BY sort LIMIT 1   [ RunTime:0.3155s ]
SQL: SHOW COLUMNS FROM `whateat_dish` [ RunTime:0.3129s ]
SQL: SELECT * FROM `whateat_dish` ORDER BY id desc  [ RunTime:0.3151s ]
NOTIC: [8] Undefined variable: shop_list F:\wamp\www\whateat\Application\Admin\Controller\DishController.class.php 第 18 行.
NOTIC: [2] Invalid argument supplied for foreach() F:\wamp\www\whateat\Application\Admin\Controller\DishController.class.php 第 18 行.
INFO: [ view_parse ] --START--
INFO: [ template_filter ] --START--
INFO: Run Behavior\ContentReplaceBehavior [ RunTime:0.000185s ]
INFO: [ template_filter ] --END-- [ RunTime:0.000581s ]
INFO: Run Behavior\ParseTemplateBehavior [ RunTime:0.022399s ]
INFO: [ view_parse ] --END-- [ RunTime:0.022740s ]
INFO: [ view_filter ] --START--
INFO: Run Behavior\WriteHtmlCacheBehavior [ RunTime:0.000847s ]
INFO: Run Behavior\TokenBuildBehavior [ RunTime:0.001057s ]
INFO: [ view_filter ] --END-- [ RunTime:0.002259s ]
INFO: [ app_end ] --START--
INFO: Run Behavior\ShowPageTraceBehavior [ RunTime:0.001023s ]
INFO: [ app_end ] --END-- [ RunTime:0.001185s ]

[ 2017-06-29T05:36:03+08:00 ] ::1 /whateat/index.php/Admin/Dish/create.shtml
INFO: [ app_init ] --START--
INFO: Run Behavior\BuildLiteBehavior [ RunTime:0.000038s ]
INFO: [ app_init ] --END-- [ RunTime:0.000770s ]
INFO: [ app_begin ] --START--
INFO: Run Behavior\ReadHtmlCacheBehavior [ RunTime:0.001541s ]
INFO: [ app_begin ] --END-- [ RunTime:0.001896s ]
SQL: SHOW COLUMNS FROM `whateat_admin_node` [ RunTime:0.2969s ]
SQL: SELECT * FROM `whateat_admin_node` WHERE `controller` = 'Dish' ORDER BY sort LIMIT 1   [ RunTime:0.2980s ]
SQL: SHOW COLUMNS FROM `whateat_ingredient` [ RunTime:0.2982s ]
SQL: SELECT * FROM `whateat_ingredient` ORDER BY id desc  [ RunTime:0.2962s ]
SQL: SHOW COLUMNS FROM `whateat_flavour` [ RunTime:0.2959s ]
SQL: SELECT * FROM `whateat_flavour` ORDER BY id desc  [ RunTime:0.2969s ]
NOTIC: [2] Missing argument 1 for Think\Controller::show(), called in F:\wamp\www\whateat\Application\Admin\Controller\DishController.class.php on line 33 and defined F:\wamp\www\whateat\ThinkPHP\Library\Think\Controller.class.php 第 68 行.
NOTIC: [8] Undefined variable: content F:\wamp\www\whateat\ThinkPHP\Library\Think\Controller.class.php 第 69 行.
INFO: [ view_parse ] --START--
INFO: [ template_filter ] --START--
INFO: Run Behavior\ContentReplaceBehavior [ RunTime:0.000181s ]
INFO: [ template_filter ] --END-- [ RunTime:0.000392s ]
INFO: Run Behavior\ParseTemplateBehavior [ RunTime:0.012248s ]
INFO: [ view_parse ] --END-- [ RunTime:0.012439s ]
INFO: [ view_filter ] --START--
INFO: Run Behavior\WriteHtmlCacheBehavior [ RunTime:0.000765s ]
INFO: Run Behavior\TokenBuildBehavior [ RunTime:0.001002s ]
INFO: [ view_filter ] --END-- [ RunTime:0.002017s ]
INFO: [ app_end ] --START--
INFO: Run Behavior\ShowPageTraceBehavior [ RunTime:0.001027s ]
INFO: [ app_end ] --END-- [ RunTime:0.001252s ]

[ 2017-06-29T05:36:08+08:00 ] ::1 /whateat/index.php/Admin/Dish/dish.shtml
INFO: [ app_init ] --START--
INFO: Run Behavior\BuildLiteBehavior [ RunTime:0.000070s ]
INFO: [ app_init ] --END-- [ RunTime:0.001585s ]
INFO: [ app_begin ] --START--
INFO: Run Behavior\ReadHtmlCacheBehavior [ RunTime:0.001496s ]
INFO: [ app_begin ] --END-- [ RunTime:0.001839s ]
SQL: SHOW COLUMNS FROM `whateat_admin_node` [ RunTime:0.2907s ]
SQL: SELECT * FROM `whateat_admin_node` WHERE `controller` = 'Dish' ORDER BY sort LIMIT 1   [ RunTime:0.2933s ]
SQL: SHOW COLUMNS FROM `whateat_dish` [ RunTime:0.3051s ]
SQL: SELECT * FROM `whateat_dish` ORDER BY id desc  [ RunTime:0.2904s ]
NOTIC: [8] Undefined variable: shop_list F:\wamp\www\whateat\Application\Admin\Controller\DishController.class.php 第 18 行.
NOTIC: [2] Invalid argument supplied for foreach() F:\wamp\www\whateat\Application\Admin\Controller\DishController.class.php 第 18 行.
INFO: [ view_parse ] --START--
INFO: [ template_filter ] --START--
INFO: Run Behavior\ContentReplaceBehavior [ RunTime:0.000099s ]
INFO: [ template_filter ] --END-- [ RunTime:0.000276s ]
INFO: Run Behavior\ParseTemplateBehavior [ RunTime:0.015946s ]
INFO: [ view_parse ] --END-- [ RunTime:0.016135s ]
INFO: [ view_filter ] --START--
INFO: Run Behavior\WriteHtmlCacheBehavior [ RunTime:0.000774s ]
INFO: Run Behavior\TokenBuildBehavior [ RunTime:0.000934s ]
INFO: [ view_filter ] --END-- [ RunTime:0.001960s ]
INFO: [ app_end ] --START--
INFO: Run Behavior\ShowPageTraceBehavior [ RunTime:0.001010s ]
INFO: [ app_end ] --END-- [ RunTime:0.001175s ]

[ 2017-06-29T05:42:52+08:00 ] ::1 /whateat/index.php/Admin/Dish/dish.shtml
INFO: [ app_init ] --START--
INFO: Run Behavior\BuildLiteBehavior [ RunTime:0.000072s ]
INFO: [ app_init ] --END-- [ RunTime:0.001166s ]
INFO: [ app_begin ] --START--
INFO: Run Behavior\ReadHtmlCacheBehavior [ RunTime:0.001077s ]
INFO: [ app_begin ] --END-- [ RunTime:0.001259s ]
SQL: SHOW COLUMNS FROM `whateat_admin_node` [ RunTime:0.3125s ]
SQL: SELECT * FROM `whateat_admin_node` WHERE `controller` = 'Dish' ORDER BY sort LIMIT 1   [ RunTime:0.3124s ]
SQL: SHOW COLUMNS FROM `whateat_dish` [ RunTime:0.3110s ]
SQL: SELECT * FROM `whateat_dish` ORDER BY id desc  [ RunTime:0.3102s ]
NOTIC: [8] Undefined variable: shop_list F:\wamp\www\whateat\Application\Admin\Controller\DishController.class.php 第 18 行.
NOTIC: [2] Invalid argument supplied for foreach() F:\wamp\www\whateat\Application\Admin\Controller\DishController.class.php 第 18 行.
INFO: [ view_parse ] --START--
INFO: [ template_filter ] --START--
INFO: Run Behavior\ContentReplaceBehavior [ RunTime:0.000117s ]
INFO: [ template_filter ] --END-- [ RunTime:0.000300s ]
INFO: Run Behavior\ParseTemplateBehavior [ RunTime:0.015701s ]
INFO: [ view_parse ] --END-- [ RunTime:0.015896s ]
INFO: [ view_filter ] --START--
INFO: Run Behavior\WriteHtmlCacheBehavior [ RunTime:0.000770s ]
INFO: Run Behavior\TokenBuildBehavior [ RunTime:0.000951s ]
INFO: [ view_filter ] --END-- [ RunTime:0.001980s ]
INFO: [ app_end ] --START--
INFO: Run Behavior\ShowPageTraceBehavior [ RunTime:0.001041s ]
INFO: [ app_end ] --END-- [ RunTime:0.001211s ]

[ 2017-06-29T05:42:56+08:00 ] ::1 /whateat/index.php/Admin/Dish/create.shtml
INFO: [ app_init ] --START--
INFO: Run Behavior\BuildLiteBehavior [ RunTime:0.000039s ]
INFO: [ app_init ] --END-- [ RunTime:0.000854s ]
INFO: [ app_begin ] --START--
INFO: Run Behavior\ReadHtmlCacheBehavior [ RunTime:0.001641s ]
INFO: [ app_begin ] --END-- [ RunTime:0.001923s ]
SQL: SHOW COLUMNS FROM `whateat_admin_node` [ RunTime:0.3051s ]
SQL: SELECT * FROM `whateat_admin_node` WHERE `controller` = 'Dish' ORDER BY sort LIMIT 1   [ RunTime:0.3061s ]
SQL: SHOW COLUMNS FROM `whateat_ingredient` [ RunTime:0.3061s ]
SQL: SELECT * FROM `whateat_ingredient` ORDER BY id desc  [ RunTime:0.3059s ]
SQL: SHOW COLUMNS FROM `whateat_flavour` [ RunTime:0.3057s ]
SQL: SELECT * FROM `whateat_flavour` ORDER BY id desc  [ RunTime:0.3072s ]
NOTIC: [2] Missing argument 1 for Think\Controller::show(), called in F:\wamp\www\whateat\Application\Admin\Controller\DishController.class.php on line 33 and defined F:\wamp\www\whateat\ThinkPHP\Library\Think\Controller.class.php 第 68 行.
NOTIC: [8] Undefined variable: content F:\wamp\www\whateat\ThinkPHP\Library\Think\Controller.class.php 第 69 行.
INFO: [ view_parse ] --START--
INFO: [ template_filter ] --START--
INFO: Run Behavior\ContentReplaceBehavior [ RunTime:0.000105s ]
INFO: [ template_filter ] --END-- [ RunTime:0.000315s ]
INFO: Run Behavior\ParseTemplateBehavior [ RunTime:0.090682s ]
INFO: [ view_parse ] --END-- [ RunTime:0.090900s ]
INFO: [ view_filter ] --START--
INFO: Run Behavior\WriteHtmlCacheBehavior [ RunTime:0.001032s ]
INFO: Run Behavior\TokenBuildBehavior [ RunTime:0.001222s ]
INFO: [ view_filter ] --END-- [ RunTime:0.002523s ]
INFO: [ app_end ] --START--
INFO: Run Behavior\ShowPageTraceBehavior [ RunTime:0.001268s ]
INFO: [ app_end ] --END-- [ RunTime:0.001433s ]

[ 2017-06-29T05:43:03+08:00 ] ::1 /whateat/index.php/Admin
INFO: [ app_init ] --START--
INFO: Run Behavior\BuildLiteBehavior [ RunTime:0.000075s ]
INFO: [ app_init ] --END-- [ RunTime:0.001104s ]
INFO: [ app_begin ] --START--
INFO: Run Behavior\ReadHtmlCacheBehavior [ RunTime:0.001281s ]
INFO: [ app_begin ] --END-- [ RunTime:0.001468s ]
SQL: SHOW COLUMNS FROM `whateat_admin_node` [ RunTime:0.3002s ]
SQL: SELECT * FROM `whateat_admin_node` WHERE `controller` = 'Index' ORDER BY sort LIMIT 1   [ RunTime:0.3016s ]
NOTIC: [2] Missing argument 1 for Think\Controller::show(), called in F:\wamp\www\whateat\Application\Admin\Controller\IndexController.class.php on line 90 and defined F:\wamp\www\whateat\ThinkPHP\Library\Think\Controller.class.php 第 68 行.
NOTIC: [8] Undefined variable: content F:\wamp\www\whateat\ThinkPHP\Library\Think\Controller.class.php 第 69 行.
INFO: [ view_parse ] --START--
INFO: [ template_filter ] --START--
INFO: Run Behavior\ContentReplaceBehavior [ RunTime:0.000093s ]
INFO: [ template_filter ] --END-- [ RunTime:0.000284s ]
INFO: Run Behavior\ParseTemplateBehavior [ RunTime:0.012313s ]
INFO: [ view_parse ] --END-- [ RunTime:0.012529s ]
INFO: [ view_filter ] --START--
INFO: Run Behavior\WriteHtmlCacheBehavior [ RunTime:0.001502s ]
INFO: Run Behavior\TokenBuildBehavior [ RunTime:0.001827s ]
INFO: [ view_filter ] --END-- [ RunTime:0.003861s ]
INFO: [ app_end ] --START--
INFO: Run Behavior\ShowPageTraceBehavior [ RunTime:0.001871s ]
INFO: [ app_end ] --END-- [ RunTime:0.002230s ]

[ 2017-06-29T05:43:03+08:00 ] ::1 /whateat/index.php/Admin/Index/about_us.shtml
INFO: [ app_init ] --START--
INFO: Run Behavior\BuildLiteBehavior [ RunTime:0.000074s ]
INFO: [ app_init ] --END-- [ RunTime:0.001265s ]
INFO: [ app_begin ] --START--
INFO: Run Behavior\ReadHtmlCacheBehavior [ RunTime:0.001770s ]
INFO: [ app_begin ] --END-- [ RunTime:0.002147s ]
INFO: [ app_end ] --START--
INFO: Run Behavior\ShowPageTraceBehavior [ RunTime:0.002208s ]
INFO: [ app_end ] --END-- [ RunTime:0.002566s ]

[ 2017-06-29T05:43:03+08:00 ] ::1 /whateat/index.php/Admin/Index/top_menu.shtml
INFO: [ app_init ] --START--
INFO: Run Behavior\BuildLiteBehavior [ RunTime:0.000075s ]
INFO: [ app_init ] --END-- [ RunTime:0.001382s ]
INFO: [ app_begin ] --START--
INFO: Run Behavior\ReadHtmlCacheBehavior [ RunTime:0.001989s ]
INFO: [ app_begin ] --END-- [ RunTime:0.002351s ]
NOTIC: [8] Undefined index: pid F:\wamp\www\whateat\Application\Admin\Controller\IndexController.class.php 第 43 行.
NOTIC: [8] Undefined index: pid F:\wamp\www\whateat\Application\Admin\Controller\IndexController.class.php 第 43 行.
NOTIC: [8] Undefined index: pid F:\wamp\www\whateat\Application\Admin\Controller\IndexController.class.php 第 43 行.
NOTIC: [8] Undefined index: pid F:\wamp\www\whateat\Application\Admin\Controller\IndexController.class.php 第 43 行.
NOTIC: [2] Missing argument 1 for Think\Controller::show(), called in F:\wamp\www\whateat\Application\Admin\Controller\IndexController.class.php on line 58 and defined F:\wamp\www\whateat\ThinkPHP\Library\Think\Controller.class.php 第 68 行.
NOTIC: [8] Undefined variable: content F:\wamp\www\whateat\ThinkPHP\Library\Think\Controller.class.php 第 69 行.
INFO: [ view_parse ] --START--
INFO: [ template_filter ] --START--
INFO: Run Behavior\ContentReplaceBehavior [ RunTime:0.000101s ]
INFO: [ template_filter ] --END-- [ RunTime:0.000285s ]
INFO: Run Behavior\ParseTemplateBehavior [ RunTime:0.024313s ]
INFO: [ view_parse ] --END-- [ RunTime:0.024597s ]
INFO: [ view_filter ] --START--
INFO: Run Behavior\WriteHtmlCacheBehavior [ RunTime:0.001794s ]
INFO: Run Behavior\TokenBuildBehavior [ RunTime:0.001453s ]
INFO: [ view_filter ] --END-- [ RunTime:0.003754s ]
INFO: [ app_end ] --START--
INFO: Run Behavior\ShowPageTraceBehavior [ RunTime:0.002534s ]
INFO: [ app_end ] --END-- [ RunTime:0.002902s ]

[ 2017-06-29T05:43:03+08:00 ] ::1 /whateat/index.php/Admin/Index/home.shtml
INFO: [ app_init ] --START--
INFO: Run Behavior\BuildLiteBehavior [ RunTime:0.000041s ]
INFO: [ app_init ] --END-- [ RunTime:0.001114s ]
INFO: [ app_begin ] --START--
INFO: Run Behavior\ReadHtmlCacheBehavior [ RunTime:0.002282s ]
INFO: [ app_begin ] --END-- [ RunTime:0.002645s ]
INFO: [ app_end ] --START--
INFO: Run Behavior\ShowPageTraceBehavior [ RunTime:0.002022s ]
INFO: [ app_end ] --END-- [ RunTime:0.002396s ]

[ 2017-06-29T05:43:07+08:00 ] ::1 /whateat/index.php/Admin/Index/left_menu?pid=16
INFO: [ app_init ] --START--
INFO: Run Behavior\BuildLiteBehavior [ RunTime:0.000081s ]
INFO: [ app_init ] --END-- [ RunTime:0.001620s ]
INFO: [ app_begin ] --START--
INFO: Run Behavior\ReadHtmlCacheBehavior [ RunTime:0.001334s ]
INFO: [ app_begin ] --END-- [ RunTime:0.001604s ]
NOTIC: [8] Undefined index: pid F:\wamp\www\whateat\Application\Admin\Controller\IndexController.class.php 第 65 行.
NOTIC: [8] Undefined index: pid F:\wamp\www\whateat\Application\Admin\Controller\IndexController.class.php 第 65 行.
NOTIC: [8] Undefined index: pid F:\wamp\www\whateat\Application\Admin\Controller\IndexController.class.php 第 65 行.
NOTIC: [8] Undefined index: pid F:\wamp\www\whateat\Application\Admin\Controller\IndexController.class.php 第 65 行.
NOTIC: [2] Missing argument 1 for Think\Controller::show(), called in F:\wamp\www\whateat\Application\Admin\Controller\IndexController.class.php on line 80 and defined F:\wamp\www\whateat\ThinkPHP\Library\Think\Controller.class.php 第 68 行.
NOTIC: [8] Undefined variable: content F:\wamp\www\whateat\ThinkPHP\Library\Think\Controller.class.php 第 69 行.
INFO: [ view_parse ] --START--
INFO: [ template_filter ] --START--
INFO: Run Behavior\ContentReplaceBehavior [ RunTime:0.000092s ]
INFO: [ template_filter ] --END-- [ RunTime:0.000274s ]
INFO: Run Behavior\ParseTemplateBehavior [ RunTime:0.017241s ]
INFO: [ view_parse ] --END-- [ RunTime:0.017426s ]
INFO: [ view_filter ] --START--
INFO: Run Behavior\WriteHtmlCacheBehavior [ RunTime:0.001423s ]
INFO: Run Behavior\TokenBuildBehavior [ RunTime:0.001420s ]
INFO: [ view_filter ] --END-- [ RunTime:0.003397s ]
INFO: [ app_end ] --START--
INFO: Run Behavior\ShowPageTraceBehavior [ RunTime:0.001720s ]
INFO: [ app_end ] --END-- [ RunTime:0.001901s ]

[ 2017-06-29T05:43:11+08:00 ] ::1 /whateat/index.php/Admin/Dish/dish.shtml
INFO: [ app_init ] --START--
INFO: Run Behavior\BuildLiteBehavior [ RunTime:0.000039s ]
INFO: [ app_init ] --END-- [ RunTime:0.000818s ]
INFO: [ app_begin ] --START--
INFO: Run Behavior\ReadHtmlCacheBehavior [ RunTime:0.002098s ]
INFO: [ app_begin ] --END-- [ RunTime:0.002385s ]
SQL: SHOW COLUMNS FROM `whateat_admin_node` [ RunTime:0.3128s ]
SQL: SELECT * FROM `whateat_admin_node` WHERE `controller` = 'Dish' ORDER BY sort LIMIT 1   [ RunTime:0.3119s ]
SQL: SHOW COLUMNS FROM `whateat_dish` [ RunTime:0.3127s ]
SQL: SELECT * FROM `whateat_dish` ORDER BY id desc  [ RunTime:0.3111s ]
NOTIC: [8] Undefined variable: shop_list F:\wamp\www\whateat\Application\Admin\Controller\DishController.class.php 第 18 行.
NOTIC: [2] Invalid argument supplied for foreach() F:\wamp\www\whateat\Application\Admin\Controller\DishController.class.php 第 18 行.
INFO: [ view_parse ] --START--
INFO: [ template_filter ] --START--
INFO: Run Behavior\ContentReplaceBehavior [ RunTime:0.000101s ]
INFO: [ template_filter ] --END-- [ RunTime:0.000280s ]
INFO: Run Behavior\ParseTemplateBehavior [ RunTime:0.016258s ]
INFO: [ view_parse ] --END-- [ RunTime:0.016444s ]
INFO: [ view_filter ] --START--
INFO: Run Behavior\WriteHtmlCacheBehavior [ RunTime:0.001404s ]
INFO: Run Behavior\TokenBuildBehavior [ RunTime:0.001696s ]
INFO: [ view_filter ] --END-- [ RunTime:0.003572s ]
INFO: [ app_end ] --START--
INFO: Run Behavior\ShowPageTraceBehavior [ RunTime:0.001315s ]
INFO: [ app_end ] --END-- [ RunTime:0.001486s ]

[ 2017-06-29T05:43:15+08:00 ] ::1 /whateat/index.php/Admin/Dish/create.shtml
INFO: [ app_init ] --START--
INFO: Run Behavior\BuildLiteBehavior [ RunTime:0.000040s ]
INFO: [ app_init ] --END-- [ RunTime:0.000842s ]
INFO: [ app_begin ] --START--
INFO: Run Behavior\ReadHtmlCacheBehavior [ RunTime:0.001259s ]
INFO: [ app_begin ] --END-- [ RunTime:0.001436s ]
SQL: SHOW COLUMNS FROM `whateat_admin_node` [ RunTime:0.3007s ]
SQL: SELECT * FROM `whateat_admin_node` WHERE `controller` = 'Dish' ORDER BY sort LIMIT 1   [ RunTime:0.3018s ]
SQL: SHOW COLUMNS FROM `whateat_ingredient` [ RunTime:0.3007s ]
SQL: SELECT * FROM `whateat_ingredient` ORDER BY id desc  [ RunTime:0.3002s ]
SQL: SHOW COLUMNS FROM `whateat_flavour` [ RunTime:0.3019s ]
SQL: SELECT * FROM `whateat_flavour` ORDER BY id desc  [ RunTime:0.3005s ]
NOTIC: [2] Missing argument 1 for Think\Controller::show(), called in F:\wamp\www\whateat\Application\Admin\Controller\DishController.class.php on line 33 and defined F:\wamp\www\whateat\ThinkPHP\Library\Think\Controller.class.php 第 68 行.
NOTIC: [8] Undefined variable: content F:\wamp\www\whateat\ThinkPHP\Library\Think\Controller.class.php 第 69 行.
INFO: [ view_parse ] --START--
INFO: [ template_filter ] --START--
INFO: Run Behavior\ContentReplaceBehavior [ RunTime:0.000114s ]
INFO: [ template_filter ] --END-- [ RunTime:0.000304s ]
INFO: Run Behavior\ParseTemplateBehavior [ RunTime:0.014348s ]
INFO: [ view_parse ] --END-- [ RunTime:0.014633s ]
INFO: [ view_filter ] --START--
INFO: Run Behavior\WriteHtmlCacheBehavior [ RunTime:0.001439s ]
INFO: Run Behavior\TokenBuildBehavior [ RunTime:0.001334s ]
INFO: [ view_filter ] --END-- [ RunTime:0.003118s ]
INFO: [ app_end ] --START--
INFO: Run Behavior\ShowPageTraceBehavior [ RunTime:0.001237s ]
INFO: [ app_end ] --END-- [ RunTime:0.001403s ]

[ 2017-06-29T05:44:37+08:00 ] ::1 /whateat/index.php/Admin/Dish/dish.shtml
INFO: [ app_init ] --START--
INFO: Run Behavior\BuildLiteBehavior [ RunTime:0.000039s ]
INFO: [ app_init ] --END-- [ RunTime:0.000798s ]
INFO: [ app_begin ] --START--
INFO: Run Behavior\ReadHtmlCacheBehavior [ RunTime:0.001269s ]
INFO: [ app_begin ] --END-- [ RunTime:0.001453s ]
SQL: SHOW COLUMNS FROM `whateat_admin_node` [ RunTime:0.3220s ]
SQL: SELECT * FROM `whateat_admin_node` WHERE `controller` = 'Dish' ORDER BY sort LIMIT 1   [ RunTime:0.2982s ]
SQL: SHOW COLUMNS FROM `whateat_dish` [ RunTime:0.2991s ]
SQL: SELECT * FROM `whateat_dish` ORDER BY id desc  [ RunTime:0.2976s ]
NOTIC: [8] Undefined variable: shop_list F:\wamp\www\whateat\Application\Admin\Controller\DishController.class.php 第 18 行.
NOTIC: [2] Invalid argument supplied for foreach() F:\wamp\www\whateat\Application\Admin\Controller\DishController.class.php 第 18 行.
INFO: [ view_parse ] --START--
INFO: [ template_filter ] --START--
INFO: Run Behavior\ContentReplaceBehavior [ RunTime:0.000199s ]
INFO: [ template_filter ] --END-- [ RunTime:0.000566s ]
INFO: Run Behavior\ParseTemplateBehavior [ RunTime:0.021796s ]
INFO: [ view_parse ] --END-- [ RunTime:0.022069s ]
INFO: [ view_filter ] --START--
INFO: Run Behavior\WriteHtmlCacheBehavior [ RunTime:0.001449s ]
INFO: Run Behavior\TokenBuildBehavior [ RunTime:0.001889s ]
INFO: [ view_filter ] --END-- [ RunTime:0.003873s ]
INFO: [ app_end ] --START--
INFO: Run Behavior\ShowPageTraceBehavior [ RunTime:0.001902s ]
INFO: [ app_end ] --END-- [ RunTime:0.002158s ]

[ 2017-06-29T05:44:42+08:00 ] ::1 /whateat/index.php/Admin/Dish/create.shtml
INFO: [ app_init ] --START--
INFO: Run Behavior\BuildLiteBehavior [ RunTime:0.000038s ]
INFO: [ app_init ] --END-- [ RunTime:0.000836s ]
INFO: [ app_begin ] --START--
INFO: Run Behavior\ReadHtmlCacheBehavior [ RunTime:0.001916s ]
INFO: [ app_begin ] --END-- [ RunTime:0.002279s ]
SQL: SHOW COLUMNS FROM `whateat_admin_node` [ RunTime:0.3059s ]
SQL: SELECT * FROM `whateat_admin_node` WHERE `controller` = 'Dish' ORDER BY sort LIMIT 1   [ RunTime:0.3083s ]
SQL: SHOW COLUMNS FROM `whateat_ingredient` [ RunTime:0.3100s ]
SQL: SELECT * FROM `whateat_ingredient` ORDER BY id desc  [ RunTime:0.3058s ]
SQL: SHOW COLUMNS FROM `whateat_flavour` [ RunTime:0.3052s ]
SQL: SELECT * FROM `whateat_flavour` ORDER BY id desc  [ RunTime:0.3048s ]
NOTIC: [2] Missing argument 1 for Think\Controller::show(), called in F:\wamp\www\whateat\Application\Admin\Controller\DishController.class.php on line 33 and defined F:\wamp\www\whateat\ThinkPHP\Library\Think\Controller.class.php 第 68 行.
NOTIC: [8] Undefined variable: content F:\wamp\www\whateat\ThinkPHP\Library\Think\Controller.class.php 第 69 行.
INFO: [ view_parse ] --START--
INFO: [ template_filter ] --START--
INFO: Run Behavior\ContentReplaceBehavior [ RunTime:0.000119s ]
INFO: [ template_filter ] --END-- [ RunTime:0.000301s ]
INFO: Run Behavior\ParseTemplateBehavior [ RunTime:0.012952s ]
INFO: [ view_parse ] --END-- [ RunTime:0.013137s ]
INFO: [ view_filter ] --START--
INFO: Run Behavior\WriteHtmlCacheBehavior [ RunTime:0.001021s ]
INFO: Run Behavior\TokenBuildBehavior [ RunTime:0.001273s ]
INFO: [ view_filter ] --END-- [ RunTime:0.002564s ]
INFO: [ app_end ] --START--
INFO: Run Behavior\ShowPageTraceBehavior [ RunTime:0.001702s ]
INFO: [ app_end ] --END-- [ RunTime:0.001958s ]

[ 2017-06-29T05:44:47+08:00 ] ::1 /whateat/index.php/Admin
INFO: [ app_init ] --START--
INFO: Run Behavior\BuildLiteBehavior [ RunTime:0.000042s ]
INFO: [ app_init ] --END-- [ RunTime:0.001071s ]
INFO: [ app_begin ] --START--
INFO: Run Behavior\ReadHtmlCacheBehavior [ RunTime:0.001873s ]
INFO: [ app_begin ] --END-- [ RunTime:0.002238s ]
SQL: SHOW COLUMNS FROM `whateat_admin_node` [ RunTime:0.3138s ]
SQL: SELECT * FROM `whateat_admin_node` WHERE `controller` = 'Index' ORDER BY sort LIMIT 1   [ RunTime:0.3133s ]
NOTIC: [2] Missing argument 1 for Think\Controller::show(), called in F:\wamp\www\whateat\Application\Admin\Controller\IndexController.class.php on line 90 and defined F:\wamp\www\whateat\ThinkPHP\Library\Think\Controller.class.php 第 68 行.
NOTIC: [8] Undefined variable: content F:\wamp\www\whateat\ThinkPHP\Library\Think\Controller.class.php 第 69 行.
INFO: [ view_parse ] --START--
INFO: [ template_filter ] --START--
INFO: Run Behavior\ContentReplaceBehavior [ RunTime:0.000105s ]
INFO: [ template_filter ] --END-- [ RunTime:0.000314s ]
INFO: Run Behavior\ParseTemplateBehavior [ RunTime:0.015382s ]
INFO: [ view_parse ] --END-- [ RunTime:0.015567s ]
INFO: [ view_filter ] --START--
INFO: Run Behavior\WriteHtmlCacheBehavior [ RunTime:0.001160s ]
INFO: Run Behavior\TokenBuildBehavior [ RunTime:0.001722s ]
INFO: [ view_filter ] --END-- [ RunTime:0.003345s ]
INFO: [ app_end ] --START--
INFO: Run Behavior\ShowPageTraceBehavior [ RunTime:0.001660s ]
INFO: [ app_end ] --END-- [ RunTime:0.001898s ]

[ 2017-06-29T05:44:47+08:00 ] ::1 /whateat/index.php/Admin/Index/top_menu.shtml
INFO: [ app_init ] --START--
INFO: Run Behavior\BuildLiteBehavior [ RunTime:0.000072s ]
INFO: [ app_init ] --END-- [ RunTime:0.001354s ]
INFO: [ app_begin ] --START--
INFO: Run Behavior\ReadHtmlCacheBehavior [ RunTime:0.002120s ]
INFO: [ app_begin ] --END-- [ RunTime:0.002579s ]
NOTIC: [8] Undefined index: pid F:\wamp\www\whateat\Application\Admin\Controller\IndexController.class.php 第 43 行.
NOTIC: [8] Undefined index: pid F:\wamp\www\whateat\Application\Admin\Controller\IndexController.class.php 第 43 行.
NOTIC: [8] Undefined index: pid F:\wamp\www\whateat\Application\Admin\Controller\IndexController.class.php 第 43 行.
NOTIC: [8] Undefined index: pid F:\wamp\www\whateat\Application\Admin\Controller\IndexController.class.php 第 43 行.
NOTIC: [2] Missing argument 1 for Think\Controller::show(), called in F:\wamp\www\whateat\Application\Admin\Controller\IndexController.class.php on line 58 and defined F:\wamp\www\whateat\ThinkPHP\Library\Think\Controller.class.php 第 68 行.
NOTIC: [8] Undefined variable: content F:\wamp\www\whateat\ThinkPHP\Library\Think\Controller.class.php 第 69 行.
INFO: [ view_parse ] --START--
INFO: [ template_filter ] --START--
INFO: Run Behavior\ContentReplaceBehavior [ RunTime:0.000102s ]
INFO: [ template_filter ] --END-- [ RunTime:0.000291s ]
INFO: Run Behavior\ParseTemplateBehavior [ RunTime:0.023253s ]
INFO: [ view_parse ] --END-- [ RunTime:0.023603s ]
INFO: [ view_filter ] --START--
INFO: Run Behavior\WriteHtmlCacheBehavior [ RunTime:0.001945s ]
INFO: Run Behavior\TokenBuildBehavior [ RunTime:0.001998s ]
INFO: [ view_filter ] --END-- [ RunTime:0.004418s ]
INFO: [ app_end ] --START--
INFO: Run Behavior\ShowPageTraceBehavior [ RunTime:0.001564s ]
INFO: [ app_end ] --END-- [ RunTime:0.001755s ]

[ 2017-06-29T05:44:47+08:00 ] ::1 /whateat/index.php/Admin/Index/about_us.shtml
INFO: [ app_init ] --START--
INFO: Run Behavior\BuildLiteBehavior [ RunTime:0.000068s ]
INFO: [ app_init ] --END-- [ RunTime:0.001299s ]
INFO: [ app_begin ] --START--
INFO: Run Behavior\ReadHtmlCacheBehavior [ RunTime:0.002245s ]
INFO: [ app_begin ] --END-- [ RunTime:0.002608s ]
INFO: [ app_end ] --START--
INFO: Run Behavior\ShowPageTraceBehavior [ RunTime:0.002244s ]
INFO: [ app_end ] --END-- [ RunTime:0.002533s ]

[ 2017-06-29T05:44:47+08:00 ] ::1 /whateat/index.php/Admin/Index/home.shtml
INFO: [ app_init ] --START--
INFO: Run Behavior\BuildLiteBehavior [ RunTime:0.000071s ]
INFO: [ app_init ] --END-- [ RunTime:0.001371s ]
INFO: [ app_begin ] --START--
INFO: Run Behavior\ReadHtmlCacheBehavior [ RunTime:0.002803s ]
INFO: [ app_begin ] --END-- [ RunTime:0.003262s ]
INFO: [ app_end ] --START--
INFO: Run Behavior\ShowPageTraceBehavior [ RunTime:0.002667s ]
INFO: [ app_end ] --END-- [ RunTime:0.003461s ]

[ 2017-06-29T05:44:49+08:00 ] ::1 /whateat/index.php/Admin/Index/left_menu?pid=16
INFO: [ app_init ] --START--
INFO: Run Behavior\BuildLiteBehavior [ RunTime:0.000039s ]
INFO: [ app_init ] --END-- [ RunTime:0.000818s ]
INFO: [ app_begin ] --START--
INFO: Run Behavior\ReadHtmlCacheBehavior [ RunTime:0.001381s ]
INFO: [ app_begin ] --END-- [ RunTime:0.001560s ]
NOTIC: [8] Undefined index: pid F:\wamp\www\whateat\Application\Admin\Controller\IndexController.class.php 第 65 行.
NOTIC: [8] Undefined index: pid F:\wamp\www\whateat\Application\Admin\Controller\IndexController.class.php 第 65 行.
NOTIC: [8] Undefined index: pid F:\wamp\www\whateat\Application\Admin\Controller\IndexController.class.php 第 65 行.
NOTIC: [8] Undefined index: pid F:\wamp\www\whateat\Application\Admin\Controller\IndexController.class.php 第 65 行.
NOTIC: [2] Missing argument 1 for Think\Controller::show(), called in F:\wamp\www\whateat\Application\Admin\Controller\IndexController.class.php on line 80 and defined F:\wamp\www\whateat\ThinkPHP\Library\Think\Controller.class.php 第 68 行.
NOTIC: [8] Undefined variable: content F:\wamp\www\whateat\ThinkPHP\Library\Think\Controller.class.php 第 69 行.
INFO: [ view_parse ] --START--
INFO: [ template_filter ] --START--
INFO: Run Behavior\ContentReplaceBehavior [ RunTime:0.000093s ]
INFO: [ template_filter ] --END-- [ RunTime:0.000269s ]
INFO: Run Behavior\ParseTemplateBehavior [ RunTime:0.013564s ]
INFO: [ view_parse ] --END-- [ RunTime:0.013765s ]
INFO: [ view_filter ] --START--
INFO: Run Behavior\WriteHtmlCacheBehavior [ RunTime:0.001095s ]
INFO: Run Behavior\TokenBuildBehavior [ RunTime:0.001714s ]
INFO: [ view_filter ] --END-- [ RunTime:0.003191s ]
INFO: [ app_end ] --START--
INFO: Run Behavior\ShowPageTraceBehavior [ RunTime:0.002148s ]
INFO: [ app_end ] --END-- [ RunTime:0.002501s ]

[ 2017-06-29T05:44:53+08:00 ] ::1 /whateat/index.php/Admin/Dish/dish.shtml
INFO: [ app_init ] --START--
INFO: Run Behavior\BuildLiteBehavior [ RunTime:0.000041s ]
INFO: [ app_init ] --END-- [ RunTime:0.001142s ]
INFO: [ app_begin ] --START--
INFO: Run Behavior\ReadHtmlCacheBehavior [ RunTime:0.001350s ]
INFO: [ app_begin ] --END-- [ RunTime:0.001527s ]
SQL: SHOW COLUMNS FROM `whateat_admin_node` [ RunTime:0.3014s ]
SQL: SELECT * FROM `whateat_admin_node` WHERE `controller` = 'Dish' ORDER BY sort LIMIT 1   [ RunTime:0.3030s ]
SQL: SHOW COLUMNS FROM `whateat_dish` [ RunTime:0.2980s ]
SQL: SELECT * FROM `whateat_dish` ORDER BY id desc  [ RunTime:0.2977s ]
NOTIC: [8] Undefined variable: shop_list F:\wamp\www\whateat\Application\Admin\Controller\DishController.class.php 第 18 行.
NOTIC: [2] Invalid argument supplied for foreach() F:\wamp\www\whateat\Application\Admin\Controller\DishController.class.php 第 18 行.
INFO: [ view_parse ] --START--
INFO: [ template_filter ] --START--
INFO: Run Behavior\ContentReplaceBehavior [ RunTime:0.000174s ]
INFO: [ template_filter ] --END-- [ RunTime:0.000445s ]
INFO: Run Behavior\ParseTemplateBehavior [ RunTime:0.019892s ]
INFO: [ view_parse ] --END-- [ RunTime:0.020087s ]
INFO: [ view_filter ] --START--
INFO: Run Behavior\WriteHtmlCacheBehavior [ RunTime:0.001376s ]
INFO: Run Behavior\TokenBuildBehavior [ RunTime:0.002076s ]
INFO: [ view_filter ] --END-- [ RunTime:0.003919s ]
INFO: [ app_end ] --START--
INFO: Run Behavior\ShowPageTraceBehavior [ RunTime:0.002101s ]
INFO: [ app_end ] --END-- [ RunTime:0.002437s ]

[ 2017-06-29T05:44:57+08:00 ] ::1 /whateat/index.php/Admin/Dish/create.shtml
INFO: [ app_init ] --START--
INFO: Run Behavior\BuildLiteBehavior [ RunTime:0.000051s ]
INFO: [ app_init ] --END-- [ RunTime:0.001003s ]
INFO: [ app_begin ] --START--
INFO: Run Behavior\ReadHtmlCacheBehavior [ RunTime:0.001857s ]
INFO: [ app_begin ] --END-- [ RunTime:0.002126s ]
SQL: SHOW COLUMNS FROM `whateat_admin_node` [ RunTime:0.3112s ]
SQL: SELECT * FROM `whateat_admin_node` WHERE `controller` = 'Dish' ORDER BY sort LIMIT 1   [ RunTime:0.3105s ]
SQL: SHOW COLUMNS FROM `whateat_ingredient` [ RunTime:0.3096s ]
SQL: SELECT * FROM `whateat_ingredient` ORDER BY id desc  [ RunTime:0.3234s ]
SQL: SHOW COLUMNS FROM `whateat_flavour` [ RunTime:0.3123s ]
SQL: SELECT * FROM `whateat_flavour` ORDER BY id desc  [ RunTime:0.3093s ]
NOTIC: [2] Missing argument 1 for Think\Controller::show(), called in F:\wamp\www\whateat\Application\Admin\Controller\DishController.class.php on line 33 and defined F:\wamp\www\whateat\ThinkPHP\Library\Think\Controller.class.php 第 68 行.
NOTIC: [8] Undefined variable: content F:\wamp\www\whateat\ThinkPHP\Library\Think\Controller.class.php 第 69 行.
INFO: [ view_parse ] --START--
INFO: [ template_filter ] --START--
INFO: Run Behavior\ContentReplaceBehavior [ RunTime:0.000203s ]
INFO: [ template_filter ] --END-- [ RunTime:0.000561s ]
INFO: Run Behavior\ParseTemplateBehavior [ RunTime:0.015534s ]
INFO: [ view_parse ] --END-- [ RunTime:0.015814s ]
INFO: [ view_filter ] --START--
INFO: Run Behavior\WriteHtmlCacheBehavior [ RunTime:0.001340s ]
INFO: Run Behavior\TokenBuildBehavior [ RunTime:0.001743s ]
INFO: [ view_filter ] --END-- [ RunTime:0.003552s ]
INFO: [ app_end ] --START--
INFO: Run Behavior\ShowPageTraceBehavior [ RunTime:0.002064s ]
INFO: [ app_end ] --END-- [ RunTime:0.002401s ]

[ 2017-06-29T05:45:07+08:00 ] ::1 /whateat/index.php/Admin/Dish/create.shtml
INFO: [ app_init ] --START--
INFO: Run Behavior\BuildLiteBehavior [ RunTime:0.000043s ]
INFO: [ app_init ] --END-- [ RunTime:0.000835s ]
INFO: [ app_begin ] --START--
INFO: Run Behavior\ReadHtmlCacheBehavior [ RunTime:0.002033s ]
INFO: [ app_begin ] --END-- [ RunTime:0.002324s ]
SQL: SHOW COLUMNS FROM `whateat_admin_node` [ RunTime:0.2965s ]
SQL: SELECT * FROM `whateat_admin_node` WHERE `controller` = 'Dish' ORDER BY sort LIMIT 1   [ RunTime:0.2952s ]
SQL: SHOW COLUMNS FROM `whateat_ingredient` [ RunTime:0.2928s ]
SQL: SELECT * FROM `whateat_ingredient` ORDER BY id desc  [ RunTime:0.2965s ]
SQL: SHOW COLUMNS FROM `whateat_flavour` [ RunTime:0.3236s ]
SQL: SELECT * FROM `whateat_flavour` ORDER BY id desc  [ RunTime:0.2937s ]
NOTIC: [2] Missing argument 1 for Think\Controller::show(), called in F:\wamp\www\whateat\Application\Admin\Controller\DishController.class.php on line 33 and defined F:\wamp\www\whateat\ThinkPHP\Library\Think\Controller.class.php 第 68 行.
NOTIC: [8] Undefined variable: content F:\wamp\www\whateat\ThinkPHP\Library\Think\Controller.class.php 第 69 行.
INFO: [ view_parse ] --START--
INFO: [ template_filter ] --START--
INFO: Run Behavior\ContentReplaceBehavior [ RunTime:0.000164s ]
INFO: [ template_filter ] --END-- [ RunTime:0.000487s ]
INFO: Run Behavior\ParseTemplateBehavior [ RunTime:0.013379s ]
INFO: [ view_parse ] --END-- [ RunTime:0.013666s ]
INFO: [ view_filter ] --START--
INFO: Run Behavior\WriteHtmlCacheBehavior [ RunTime:0.001136s ]
INFO: Run Behavior\TokenBuildBehavior [ RunTime:0.001265s ]
INFO: [ view_filter ] --END-- [ RunTime:0.002831s ]
INFO: [ app_end ] --START--
INFO: Run Behavior\ShowPageTraceBehavior [ RunTime:0.001079s ]
INFO: [ app_end ] --END-- [ RunTime:0.001244s ]

[ 2017-06-29T05:49:38+08:00 ] ::1 /whateat/index.php/Admin/Dish/create.shtml
INFO: [ app_init ] --START--
INFO: Run Behavior\BuildLiteBehavior [ RunTime:0.000067s ]
INFO: [ app_init ] --END-- [ RunTime:0.001075s ]
INFO: [ app_begin ] --START--
INFO: Run Behavior\ReadHtmlCacheBehavior [ RunTime:0.001603s ]
INFO: [ app_begin ] --END-- [ RunTime:0.001811s ]
SQL: SHOW COLUMNS FROM `whateat_admin_node` [ RunTime:0.3232s ]
SQL: SELECT * FROM `whateat_admin_node` WHERE `controller` = 'Dish' ORDER BY sort LIMIT 1   [ RunTime:0.3260s ]
SQL: SHOW COLUMNS FROM `whateat_ingredient` [ RunTime:0.3162s ]
SQL: SELECT * FROM `whateat_ingredient` ORDER BY id desc  [ RunTime:0.3148s ]
SQL: SHOW COLUMNS FROM `whateat_flavour` [ RunTime:0.3179s ]
SQL: SELECT * FROM `whateat_flavour` ORDER BY id desc  [ RunTime:0.3208s ]
NOTIC: [2] Missing argument 1 for Think\Controller::show(), called in F:\wamp\www\whateat\Application\Admin\Controller\DishController.class.php on line 33 and defined F:\wamp\www\whateat\ThinkPHP\Library\Think\Controller.class.php 第 68 行.
NOTIC: [8] Undefined variable: content F:\wamp\www\whateat\ThinkPHP\Library\Think\Controller.class.php 第 69 行.
INFO: [ view_parse ] --START--
INFO: [ template_filter ] --START--
INFO: Run Behavior\ContentReplaceBehavior [ RunTime:0.000194s ]
INFO: [ template_filter ] --END-- [ RunTime:0.000558s ]
INFO: Run Behavior\ParseTemplateBehavior [ RunTime:0.012835s ]
INFO: [ view_parse ] --END-- [ RunTime:0.013120s ]
INFO: [ view_filter ] --START--
INFO: Run Behavior\WriteHtmlCacheBehavior [ RunTime:0.001069s ]
INFO: Run Behavior\TokenBuildBehavior [ RunTime:0.001304s ]
INFO: [ view_filter ] --END-- [ RunTime:0.002831s ]
INFO: [ app_end ] --START--
INFO: Run Behavior\ShowPageTraceBehavior [ RunTime:0.001517s ]
INFO: [ app_end ] --END-- [ RunTime:0.001844s ]

