[ 2017-07-07T06:05:41+08:00 ] ::1 /whateat/index.php/Admin
INFO: [ app_init ] --START--
INFO: Run Behavior\BuildLiteBehavior [ RunTime:0.000040s ]
INFO: [ app_init ] --END-- [ RunTime:0.001023s ]
INFO: [ app_begin ] --START--
INFO: Run Behavior\ReadHtmlCacheBehavior [ RunTime:0.013257s ]
INFO: [ app_begin ] --END-- [ RunTime:0.013462s ]
SQL: SHOW COLUMNS FROM `whateat_admin_node` [ RunTime:0.2326s ]
SQL: SELECT * FROM `whateat_admin_node` WHERE `controller` = 'Index' ORDER BY sort LIMIT 1   [ RunTime:0.2603s ]

[ 2017-07-07T06:05:44+08:00 ] ::1 /whateat/index.php/Admin/Login/index.shtml
INFO: [ app_init ] --START--
INFO: Run Behavior\BuildLiteBehavior [ RunTime:0.000039s ]
INFO: [ app_init ] --END-- [ RunTime:0.000636s ]
INFO: [ app_begin ] --START--
INFO: Run Behavior\ReadHtmlCacheBehavior [ RunTime:0.000997s ]
INFO: [ app_begin ] --END-- [ RunTime:0.001522s ]
INFO: [ view_parse ] --START--
INFO: [ template_filter ] --START--
INFO: Run Behavior\ContentReplaceBehavior [ RunTime:0.000108s ]
INFO: [ template_filter ] --END-- [ RunTime:0.000284s ]
INFO: Run Behavior\ParseTemplateBehavior [ RunTime:0.334160s ]
INFO: [ view_parse ] --END-- [ RunTime:0.334345s ]
INFO: [ view_filter ] --START--
INFO: Run Behavior\WriteHtmlCacheBehavior [ RunTime:0.012036s ]
INFO: Run Behavior\TokenBuildBehavior [ RunTime:0.011479s ]
INFO: [ view_filter ] --END-- [ RunTime:0.023909s ]
INFO: [ app_end ] --START--
INFO: Run Behavior\ShowPageTraceBehavior [ RunTime:0.001866s ]
INFO: [ app_end ] --END-- [ RunTime:0.002036s ]

[ 2017-07-07T06:05:49+08:00 ] ::1 /whateat/index.php/Admin/Login/index.shtml
INFO: [ app_init ] --START--
INFO: Run Behavior\BuildLiteBehavior [ RunTime:0.000040s ]
INFO: [ app_init ] --END-- [ RunTime:0.000692s ]
INFO: [ app_begin ] --START--
INFO: Run Behavior\ReadHtmlCacheBehavior [ RunTime:0.000947s ]
INFO: [ app_begin ] --END-- [ RunTime:0.001280s ]
INFO: [ view_parse ] --START--
INFO: [ template_filter ] --START--
INFO: Run Behavior\ContentReplaceBehavior [ RunTime:0.000110s ]
INFO: [ template_filter ] --END-- [ RunTime:0.000342s ]
INFO: Run Behavior\ParseTemplateBehavior [ RunTime:0.010006s ]
INFO: [ view_parse ] --END-- [ RunTime:0.010181s ]
INFO: [ view_filter ] --START--
INFO: Run Behavior\WriteHtmlCacheBehavior [ RunTime:0.000763s ]
INFO: Run Behavior\TokenBuildBehavior [ RunTime:0.000997s ]
INFO: [ view_filter ] --END-- [ RunTime:0.002016s ]
INFO: [ app_end ] --START--
INFO: Run Behavior\ShowPageTraceBehavior [ RunTime:0.000971s ]
INFO: [ app_end ] --END-- [ RunTime:0.001133s ]

[ 2017-07-07T06:05:50+08:00 ] ::1 /whateat/index.php/Admin/Login/index.shtml
INFO: [ app_init ] --START--
INFO: Run Behavior\BuildLiteBehavior [ RunTime:0.000076s ]
INFO: [ app_init ] --END-- [ RunTime:0.001077s ]
INFO: [ app_begin ] --START--
INFO: Run Behavior\ReadHtmlCacheBehavior [ RunTime:0.000713s ]
INFO: [ app_begin ] --END-- [ RunTime:0.000898s ]
INFO: [ view_parse ] --START--
INFO: [ template_filter ] --START--
INFO: Run Behavior\ContentReplaceBehavior [ RunTime:0.000111s ]
INFO: [ template_filter ] --END-- [ RunTime:0.000282s ]
INFO: Run Behavior\ParseTemplateBehavior [ RunTime:0.007818s ]
INFO: [ view_parse ] --END-- [ RunTime:0.008059s ]
INFO: [ view_filter ] --START--
INFO: Run Behavior\WriteHtmlCacheBehavior [ RunTime:0.001918s ]
INFO: Run Behavior\TokenBuildBehavior [ RunTime:0.001840s ]
INFO: [ view_filter ] --END-- [ RunTime:0.004172s ]
INFO: [ app_end ] --START--
INFO: Run Behavior\ShowPageTraceBehavior [ RunTime:0.001635s ]
INFO: [ app_end ] --END-- [ RunTime:0.001993s ]

[ 2017-07-07T06:05:51+08:00 ] ::1 /whateat/index.php/Admin/Login/index.shtml
INFO: [ app_init ] --START--
INFO: Run Behavior\BuildLiteBehavior [ RunTime:0.000046s ]
INFO: [ app_init ] --END-- [ RunTime:0.001317s ]
INFO: [ app_begin ] --START--
INFO: Run Behavior\ReadHtmlCacheBehavior [ RunTime:0.000959s ]
INFO: [ app_begin ] --END-- [ RunTime:0.001319s ]
INFO: [ view_parse ] --START--
INFO: [ template_filter ] --START--
INFO: Run Behavior\ContentReplaceBehavior [ RunTime:0.000221s ]
INFO: [ template_filter ] --END-- [ RunTime:0.000844s ]
INFO: Run Behavior\ParseTemplateBehavior [ RunTime:0.013066s ]
INFO: [ view_parse ] --END-- [ RunTime:0.013340s ]
INFO: [ view_filter ] --START--
INFO: Run Behavior\WriteHtmlCacheBehavior [ RunTime:0.001108s ]
INFO: Run Behavior\TokenBuildBehavior [ RunTime:0.001495s ]
INFO: [ view_filter ] --END-- [ RunTime:0.003112s ]
INFO: [ app_end ] --START--
INFO: Run Behavior\ShowPageTraceBehavior [ RunTime:0.001467s ]
INFO: [ app_end ] --END-- [ RunTime:0.001805s ]

[ 2017-07-07T06:06:07+08:00 ] ::1 /whateat/index.php/Admin/Login/verify.shtml
INFO: [ app_init ] --START--
INFO: Run Behavior\BuildLiteBehavior [ RunTime:0.000038s ]
INFO: [ app_init ] --END-- [ RunTime:0.000685s ]
INFO: [ app_begin ] --START--
INFO: Run Behavior\ReadHtmlCacheBehavior [ RunTime:0.000879s ]
INFO: [ app_begin ] --END-- [ RunTime:0.001034s ]
SQL: SHOW COLUMNS FROM `whateat_admin_user` [ RunTime:0.2650s ]
SQL: SELECT * FROM `whateat_admin_user` WHERE `username` = 'admin' LIMIT 1   [ RunTime:0.2571s ]
SQL: UPDATE `whateat_admin_user` SET `id`='1',`admin_group_id`='1',`username`='admin',`password`='0192023a7bbd73250516f069df18b500',`email`='',`last_login_time`='2017-07-07 06:06:05',`encrypt`='',`status`='0',`last_login_ip`='::1',`login_num`='15' WHERE ( id=1 ) [ RunTime:0.2570s ]
SQL: SHOW COLUMNS FROM `whateat_admin_node` [ RunTime:0.2526s ]
SQL: SELECT * FROM `whateat_admin_node` ORDER BY id  [ RunTime:0.2528s ]
SQL: SELECT `admin_group_id` FROM `whateat_admin_user` WHERE `username` = 'admin' LIMIT 1   [ RunTime:0.2522s ]
SQL: SHOW COLUMNS FROM `whateat_admin_group` [ RunTime:0.2527s ]
SQL: SELECT * FROM `whateat_admin_group` WHERE `id` = 1 LIMIT 1   [ RunTime:0.2512s ]

[ 2017-07-07T06:06:10+08:00 ] ::1 /whateat/index.php/Admin/Login/verify.shtml
INFO: [ app_init ] --START--
INFO: Run Behavior\BuildLiteBehavior [ RunTime:0.000042s ]
INFO: [ app_init ] --END-- [ RunTime:0.000935s ]
INFO: [ app_begin ] --START--
INFO: Run Behavior\ReadHtmlCacheBehavior [ RunTime:0.000940s ]
INFO: [ app_begin ] --END-- [ RunTime:0.001094s ]
SQL: SHOW COLUMNS FROM `whateat_admin_user` [ RunTime:0.2589s ]
SQL: SELECT * FROM `whateat_admin_user` WHERE `username` = 'admin' LIMIT 1   [ RunTime:0.2525s ]
SQL: UPDATE `whateat_admin_user` SET `id`='1',`admin_group_id`='1',`username`='admin',`password`='0192023a7bbd73250516f069df18b500',`email`='',`last_login_time`='2017-07-07 06:06:09',`encrypt`='',`status`='0',`last_login_ip`='::1',`login_num`='16' WHERE ( id=1 ) [ RunTime:0.2595s ]
SQL: SHOW COLUMNS FROM `whateat_admin_node` [ RunTime:0.2560s ]
SQL: SELECT * FROM `whateat_admin_node` ORDER BY id  [ RunTime:0.2539s ]
SQL: SELECT `admin_group_id` FROM `whateat_admin_user` WHERE `username` = 'admin' LIMIT 1   [ RunTime:0.2514s ]
SQL: SHOW COLUMNS FROM `whateat_admin_group` [ RunTime:0.2521s ]
SQL: SELECT * FROM `whateat_admin_group` WHERE `id` = 1 LIMIT 1   [ RunTime:0.2511s ]

[ 2017-07-07T06:06:12+08:00 ] ::1 /whateat/index.php/Admin/Index/index.shtml
INFO: [ app_init ] --START--
INFO: Run Behavior\BuildLiteBehavior [ RunTime:0.000038s ]
INFO: [ app_init ] --END-- [ RunTime:0.000624s ]
INFO: [ app_begin ] --START--
INFO: Run Behavior\ReadHtmlCacheBehavior [ RunTime:0.000970s ]
INFO: [ app_begin ] --END-- [ RunTime:0.001308s ]
SQL: SHOW COLUMNS FROM `whateat_admin_node` [ RunTime:0.2521s ]
SQL: SELECT * FROM `whateat_admin_node` WHERE `controller` = 'Index' ORDER BY sort LIMIT 1   [ RunTime:0.2551s ]
NOTIC: [2] Missing argument 1 for Think\Controller::show(), called in F:\wamp\www\whateat\Application\Admin\Controller\IndexController.class.php on line 90 and defined F:\wamp\www\whateat\ThinkPHP\Library\Think\Controller.class.php 第 68 行.
NOTIC: [8] Undefined variable: content F:\wamp\www\whateat\ThinkPHP\Library\Think\Controller.class.php 第 69 行.
INFO: [ view_parse ] --START--
INFO: [ template_filter ] --START--
INFO: Run Behavior\ContentReplaceBehavior [ RunTime:0.000090s ]
INFO: [ template_filter ] --END-- [ RunTime:0.000264s ]
INFO: Run Behavior\ParseTemplateBehavior [ RunTime:0.016518s ]
INFO: [ view_parse ] --END-- [ RunTime:0.016858s ]
INFO: [ view_filter ] --START--
INFO: Run Behavior\WriteHtmlCacheBehavior [ RunTime:0.001162s ]
INFO: Run Behavior\TokenBuildBehavior [ RunTime:0.001349s ]
INFO: [ view_filter ] --END-- [ RunTime:0.002988s ]
INFO: [ app_end ] --START--
INFO: Run Behavior\ShowPageTraceBehavior [ RunTime:0.002534s ]
INFO: [ app_end ] --END-- [ RunTime:0.002799s ]

[ 2017-07-07T06:06:13+08:00 ] ::1 /whateat/index.php/Admin/Index/index.shtml
INFO: [ app_init ] --START--
INFO: Run Behavior\BuildLiteBehavior [ RunTime:0.000074s ]
INFO: [ app_init ] --END-- [ RunTime:0.000973s ]
INFO: [ app_begin ] --START--
INFO: Run Behavior\ReadHtmlCacheBehavior [ RunTime:0.001022s ]
INFO: [ app_begin ] --END-- [ RunTime:0.001391s ]
SQL: SHOW COLUMNS FROM `whateat_admin_node` [ RunTime:0.2520s ]
SQL: SELECT * FROM `whateat_admin_node` WHERE `controller` = 'Index' ORDER BY sort LIMIT 1   [ RunTime:0.2586s ]
NOTIC: [2] Missing argument 1 for Think\Controller::show(), called in F:\wamp\www\whateat\Application\Admin\Controller\IndexController.class.php on line 90 and defined F:\wamp\www\whateat\ThinkPHP\Library\Think\Controller.class.php 第 68 行.
NOTIC: [8] Undefined variable: content F:\wamp\www\whateat\ThinkPHP\Library\Think\Controller.class.php 第 69 行.
INFO: [ view_parse ] --START--
INFO: [ template_filter ] --START--
INFO: Run Behavior\ContentReplaceBehavior [ RunTime:0.000099s ]
INFO: [ template_filter ] --END-- [ RunTime:0.000283s ]
INFO: Run Behavior\ParseTemplateBehavior [ RunTime:0.009979s ]
INFO: [ view_parse ] --END-- [ RunTime:0.010175s ]
INFO: [ view_filter ] --START--
INFO: Run Behavior\WriteHtmlCacheBehavior [ RunTime:0.000786s ]
INFO: Run Behavior\TokenBuildBehavior [ RunTime:0.000942s ]
INFO: [ view_filter ] --END-- [ RunTime:0.001994s ]
INFO: [ app_end ] --START--
INFO: Run Behavior\ShowPageTraceBehavior [ RunTime:0.001003s ]
INFO: [ app_end ] --END-- [ RunTime:0.001165s ]

[ 2017-07-07T06:06:14+08:00 ] ::1 /whateat/index.php/Admin/Index/top_menu.shtml
INFO: [ app_init ] --START--
INFO: Run Behavior\BuildLiteBehavior [ RunTime:0.000101s ]
INFO: [ app_init ] --END-- [ RunTime:0.001379s ]
INFO: [ app_begin ] --START--
INFO: Run Behavior\ReadHtmlCacheBehavior [ RunTime:0.000989s ]
INFO: [ app_begin ] --END-- [ RunTime:0.001344s ]
NOTIC: [8] Undefined index: pid F:\wamp\www\whateat\Application\Admin\Controller\IndexController.class.php 第 43 行.
NOTIC: [8] Undefined index: pid F:\wamp\www\whateat\Application\Admin\Controller\IndexController.class.php 第 43 行.
NOTIC: [8] Undefined index: pid F:\wamp\www\whateat\Application\Admin\Controller\IndexController.class.php 第 43 行.
NOTIC: [8] Undefined index: pid F:\wamp\www\whateat\Application\Admin\Controller\IndexController.class.php 第 43 行.
NOTIC: [2] Missing argument 1 for Think\Controller::show(), called in F:\wamp\www\whateat\Application\Admin\Controller\IndexController.class.php on line 58 and defined F:\wamp\www\whateat\ThinkPHP\Library\Think\Controller.class.php 第 68 行.
NOTIC: [8] Undefined variable: content F:\wamp\www\whateat\ThinkPHP\Library\Think\Controller.class.php 第 69 行.
INFO: [ view_parse ] --START--
INFO: [ template_filter ] --START--
INFO: Run Behavior\ContentReplaceBehavior [ RunTime:0.000198s ]
INFO: [ template_filter ] --END-- [ RunTime:0.000596s ]
INFO: Run Behavior\ParseTemplateBehavior [ RunTime:0.150161s ]
INFO: [ view_parse ] --END-- [ RunTime:0.150536s ]
INFO: [ view_filter ] --START--
INFO: Run Behavior\WriteHtmlCacheBehavior [ RunTime:0.001136s ]
INFO: Run Behavior\TokenBuildBehavior [ RunTime:0.001777s ]
INFO: [ view_filter ] --END-- [ RunTime:0.003578s ]
INFO: [ app_end ] --START--
INFO: Run Behavior\ShowPageTraceBehavior [ RunTime:0.001791s ]
INFO: [ app_end ] --END-- [ RunTime:0.002152s ]

[ 2017-07-07T06:06:14+08:00 ] ::1 /whateat/index.php/Admin/Index/about_us.shtml
INFO: [ app_init ] --START--
INFO: Run Behavior\BuildLiteBehavior [ RunTime:0.000074s ]
INFO: [ app_init ] --END-- [ RunTime:0.001042s ]
INFO: [ app_begin ] --START--
INFO: Run Behavior\ReadHtmlCacheBehavior [ RunTime:0.000959s ]
INFO: [ app_begin ] --END-- [ RunTime:0.001323s ]
INFO: [ app_end ] --START--
INFO: Run Behavior\ShowPageTraceBehavior [ RunTime:0.005326s ]
INFO: [ app_end ] --END-- [ RunTime:0.005900s ]

[ 2017-07-07T06:06:14+08:00 ] ::1 /whateat/index.php/Admin/Index/home.shtml
INFO: [ app_init ] --START--
INFO: Run Behavior\BuildLiteBehavior [ RunTime:0.000097s ]
INFO: [ app_init ] --END-- [ RunTime:0.004007s ]
INFO: [ app_begin ] --START--
INFO: Run Behavior\ReadHtmlCacheBehavior [ RunTime:0.001912s ]
INFO: [ app_begin ] --END-- [ RunTime:0.002504s ]
INFO: [ app_end ] --START--
INFO: Run Behavior\ShowPageTraceBehavior [ RunTime:0.001724s ]
INFO: [ app_end ] --END-- [ RunTime:0.002108s ]

[ 2017-07-07T06:06:15+08:00 ] ::1 /whateat/index.php/Admin/Login/index.shtml
INFO: [ app_init ] --START--
INFO: Run Behavior\BuildLiteBehavior [ RunTime:0.000075s ]
INFO: [ app_init ] --END-- [ RunTime:0.001022s ]
INFO: [ app_begin ] --START--
INFO: Run Behavior\ReadHtmlCacheBehavior [ RunTime:0.000989s ]
INFO: [ app_begin ] --END-- [ RunTime:0.001266s ]
INFO: [ view_parse ] --START--
INFO: [ template_filter ] --START--
INFO: Run Behavior\ContentReplaceBehavior [ RunTime:0.000111s ]
INFO: [ template_filter ] --END-- [ RunTime:0.000304s ]
INFO: Run Behavior\ParseTemplateBehavior [ RunTime:0.008314s ]
INFO: [ view_parse ] --END-- [ RunTime:0.008494s ]
INFO: [ view_filter ] --START--
INFO: Run Behavior\WriteHtmlCacheBehavior [ RunTime:0.000785s ]
INFO: Run Behavior\TokenBuildBehavior [ RunTime:0.001040s ]
INFO: [ view_filter ] --END-- [ RunTime:0.002077s ]
INFO: [ app_end ] --START--
INFO: Run Behavior\ShowPageTraceBehavior [ RunTime:0.001000s ]
INFO: [ app_end ] --END-- [ RunTime:0.001160s ]

[ 2017-07-07T06:06:20+08:00 ] ::1 /whateat/index.php/Admin/Index/left_menu?pid=7
INFO: [ app_init ] --START--
INFO: Run Behavior\BuildLiteBehavior [ RunTime:0.000042s ]
INFO: [ app_init ] --END-- [ RunTime:0.000967s ]
INFO: [ app_begin ] --START--
INFO: Run Behavior\ReadHtmlCacheBehavior [ RunTime:0.000955s ]
INFO: [ app_begin ] --END-- [ RunTime:0.001174s ]
NOTIC: [8] Undefined index: pid F:\wamp\www\whateat\Application\Admin\Controller\IndexController.class.php 第 65 行.
NOTIC: [8] Undefined index: pid F:\wamp\www\whateat\Application\Admin\Controller\IndexController.class.php 第 65 行.
NOTIC: [8] Undefined index: pid F:\wamp\www\whateat\Application\Admin\Controller\IndexController.class.php 第 65 行.
NOTIC: [8] Undefined index: pid F:\wamp\www\whateat\Application\Admin\Controller\IndexController.class.php 第 65 行.
NOTIC: [2] Missing argument 1 for Think\Controller::show(), called in F:\wamp\www\whateat\Application\Admin\Controller\IndexController.class.php on line 80 and defined F:\wamp\www\whateat\ThinkPHP\Library\Think\Controller.class.php 第 68 行.
NOTIC: [8] Undefined variable: content F:\wamp\www\whateat\ThinkPHP\Library\Think\Controller.class.php 第 69 行.
INFO: [ view_parse ] --START--
INFO: [ template_filter ] --START--
INFO: Run Behavior\ContentReplaceBehavior [ RunTime:0.000101s ]
INFO: [ template_filter ] --END-- [ RunTime:0.000294s ]
INFO: Run Behavior\ParseTemplateBehavior [ RunTime:0.023268s ]
INFO: [ view_parse ] --END-- [ RunTime:0.023570s ]
INFO: [ view_filter ] --START--
INFO: Run Behavior\WriteHtmlCacheBehavior [ RunTime:0.001007s ]
INFO: Run Behavior\TokenBuildBehavior [ RunTime:0.001293s ]
INFO: [ view_filter ] --END-- [ RunTime:0.002700s ]
INFO: [ app_end ] --START--
INFO: Run Behavior\ShowPageTraceBehavior [ RunTime:0.001307s ]
INFO: [ app_end ] --END-- [ RunTime:0.001637s ]

[ 2017-07-07T06:06:21+08:00 ] ::1 /whateat/index.php/Admin/Index/left_menu?pid=16
INFO: [ app_init ] --START--
INFO: Run Behavior\BuildLiteBehavior [ RunTime:0.000039s ]
INFO: [ app_init ] --END-- [ RunTime:0.000628s ]
INFO: [ app_begin ] --START--
INFO: Run Behavior\ReadHtmlCacheBehavior [ RunTime:0.000605s ]
INFO: [ app_begin ] --END-- [ RunTime:0.000774s ]
NOTIC: [8] Undefined index: pid F:\wamp\www\whateat\Application\Admin\Controller\IndexController.class.php 第 65 行.
NOTIC: [8] Undefined index: pid F:\wamp\www\whateat\Application\Admin\Controller\IndexController.class.php 第 65 行.
NOTIC: [8] Undefined index: pid F:\wamp\www\whateat\Application\Admin\Controller\IndexController.class.php 第 65 行.
NOTIC: [8] Undefined index: pid F:\wamp\www\whateat\Application\Admin\Controller\IndexController.class.php 第 65 行.
NOTIC: [2] Missing argument 1 for Think\Controller::show(), called in F:\wamp\www\whateat\Application\Admin\Controller\IndexController.class.php on line 80 and defined F:\wamp\www\whateat\ThinkPHP\Library\Think\Controller.class.php 第 68 行.
NOTIC: [8] Undefined variable: content F:\wamp\www\whateat\ThinkPHP\Library\Think\Controller.class.php 第 69 行.
INFO: [ view_parse ] --START--
INFO: [ template_filter ] --START--
INFO: Run Behavior\ContentReplaceBehavior [ RunTime:0.000165s ]
INFO: [ template_filter ] --END-- [ RunTime:0.000487s ]
INFO: Run Behavior\ParseTemplateBehavior [ RunTime:0.014081s ]
INFO: [ view_parse ] --END-- [ RunTime:0.014377s ]
INFO: [ view_filter ] --START--
INFO: Run Behavior\WriteHtmlCacheBehavior [ RunTime:0.000417s ]
INFO: Run Behavior\TokenBuildBehavior [ RunTime:0.000571s ]
INFO: [ view_filter ] --END-- [ RunTime:0.001232s ]
INFO: [ app_end ] --START--
INFO: Run Behavior\ShowPageTraceBehavior [ RunTime:0.000622s ]
INFO: [ app_end ] --END-- [ RunTime:0.000780s ]

[ 2017-07-07T06:06:24+08:00 ] ::1 /whateat/index.php/Admin/Dish/dish.shtml
INFO: [ app_init ] --START--
INFO: Run Behavior\BuildLiteBehavior [ RunTime:0.000067s ]
INFO: [ app_init ] --END-- [ RunTime:0.000942s ]
INFO: [ app_begin ] --START--
INFO: Run Behavior\ReadHtmlCacheBehavior [ RunTime:0.000914s ]
INFO: [ app_begin ] --END-- [ RunTime:0.001195s ]
SQL: SHOW COLUMNS FROM `whateat_admin_node` [ RunTime:0.2553s ]
SQL: SELECT * FROM `whateat_admin_node` WHERE `controller` = 'Dish' ORDER BY sort LIMIT 1   [ RunTime:0.2542s ]
SQL: SHOW COLUMNS FROM `whateat_dish` [ RunTime:0.2542s ]
SQL: SELECT * FROM `whateat_dish` ORDER BY id desc  [ RunTime:0.2520s ]
NOTIC: [8] Undefined variable: shop_list F:\wamp\www\whateat\Application\Admin\Controller\DishController.class.php 第 18 行.
NOTIC: [2] Invalid argument supplied for foreach() F:\wamp\www\whateat\Application\Admin\Controller\DishController.class.php 第 18 行.
INFO: [ view_parse ] --START--
INFO: [ template_filter ] --START--
INFO: Run Behavior\ContentReplaceBehavior [ RunTime:0.000190s ]
INFO: [ template_filter ] --END-- [ RunTime:0.000580s ]
INFO: Run Behavior\ParseTemplateBehavior [ RunTime:0.088982s ]
INFO: [ view_parse ] --END-- [ RunTime:0.089175s ]
INFO: [ view_filter ] --START--
INFO: Run Behavior\WriteHtmlCacheBehavior [ RunTime:0.000400s ]
INFO: Run Behavior\TokenBuildBehavior [ RunTime:0.000562s ]
INFO: [ view_filter ] --END-- [ RunTime:0.001220s ]
INFO: [ app_end ] --START--
INFO: Run Behavior\ShowPageTraceBehavior [ RunTime:0.000599s ]
INFO: [ app_end ] --END-- [ RunTime:0.000757s ]

[ 2017-07-07T06:06:29+08:00 ] ::1 /whateat/index.php/Admin/Dish/create.shtml
INFO: [ app_init ] --START--
INFO: Run Behavior\BuildLiteBehavior [ RunTime:0.000066s ]
INFO: [ app_init ] --END-- [ RunTime:0.000930s ]
INFO: [ app_begin ] --START--
INFO: Run Behavior\ReadHtmlCacheBehavior [ RunTime:0.000617s ]
INFO: [ app_begin ] --END-- [ RunTime:0.000788s ]
SQL: SHOW COLUMNS FROM `whateat_admin_node` [ RunTime:0.2032s ]
SQL: SELECT * FROM `whateat_admin_node` WHERE `controller` = 'Dish' ORDER BY sort LIMIT 1   [ RunTime:0.2040s ]
SQL: SHOW COLUMNS FROM `whateat_ingredient` [ RunTime:0.2102s ]
SQL: SELECT * FROM `whateat_ingredient` ORDER BY id desc  [ RunTime:0.2027s ]
SQL: SHOW COLUMNS FROM `whateat_flavour` [ RunTime:0.2027s ]
SQL: SELECT * FROM `whateat_flavour` ORDER BY id desc  [ RunTime:0.2015s ]
NOTIC: [2] Missing argument 1 for Think\Controller::show(), called in F:\wamp\www\whateat\Application\Admin\Controller\DishController.class.php on line 34 and defined F:\wamp\www\whateat\ThinkPHP\Library\Think\Controller.class.php 第 68 行.
NOTIC: [8] Undefined variable: content F:\wamp\www\whateat\ThinkPHP\Library\Think\Controller.class.php 第 69 行.
INFO: [ view_parse ] --START--
INFO: [ template_filter ] --START--
INFO: Run Behavior\ContentReplaceBehavior [ RunTime:0.000238s ]
INFO: [ template_filter ] --END-- [ RunTime:0.000598s ]
INFO: Run Behavior\ParseTemplateBehavior [ RunTime:0.159350s ]
INFO: [ view_parse ] --END-- [ RunTime:0.159612s ]
INFO: [ view_filter ] --START--
INFO: Run Behavior\WriteHtmlCacheBehavior [ RunTime:0.000569s ]
INFO: Run Behavior\TokenBuildBehavior [ RunTime:0.000798s ]
INFO: [ view_filter ] --END-- [ RunTime:0.001675s ]
INFO: [ app_end ] --START--
INFO: Run Behavior\ShowPageTraceBehavior [ RunTime:0.000614s ]
INFO: [ app_end ] --END-- [ RunTime:0.000774s ]

[ 2017-07-07T06:06:39+08:00 ] ::1 /whateat/index.php/Admin/Dish/create.shtml
INFO: [ app_init ] --START--
INFO: Run Behavior\BuildLiteBehavior [ RunTime:0.000184s ]
INFO: [ app_init ] --END-- [ RunTime:0.002178s ]
INFO: [ app_begin ] --START--
INFO: Run Behavior\ReadHtmlCacheBehavior [ RunTime:0.000617s ]
INFO: [ app_begin ] --END-- [ RunTime:0.000767s ]
SQL: SHOW COLUMNS FROM `whateat_admin_node` [ RunTime:0.2723s ]
SQL: SELECT * FROM `whateat_admin_node` WHERE `controller` = 'Dish' ORDER BY sort LIMIT 1   [ RunTime:0.2537s ]
NOTIC: [8] Undefined index: step F:\wamp\www\whateat\Application\Admin\Controller\DishController.class.php 第 40 行.

[ 2017-07-07T06:08:08+08:00 ] ::1 /whateat/index.php/Admin/Dish/create.shtml
INFO: [ app_init ] --START--
INFO: Run Behavior\BuildLiteBehavior [ RunTime:0.000073s ]
INFO: [ app_init ] --END-- [ RunTime:0.000991s ]
INFO: [ app_begin ] --START--
INFO: Run Behavior\ReadHtmlCacheBehavior [ RunTime:0.001117s ]
INFO: [ app_begin ] --END-- [ RunTime:0.001420s ]
SQL: SHOW COLUMNS FROM `whateat_admin_node` [ RunTime:0.2589s ]
SQL: SELECT * FROM `whateat_admin_node` WHERE `controller` = 'Dish' ORDER BY sort LIMIT 1   [ RunTime:0.2613s ]
NOTIC: [8] Undefined index: name F:\wamp\www\whateat\Application\Admin\Controller\DishController.class.php 第 40 行.

[ 2017-07-07T06:08:41+08:00 ] ::1 /whateat/index.php/Admin/Dish/create.shtml
INFO: [ app_init ] --START--
INFO: Run Behavior\BuildLiteBehavior [ RunTime:0.000067s ]
INFO: [ app_init ] --END-- [ RunTime:0.001149s ]
INFO: [ app_begin ] --START--
INFO: Run Behavior\ReadHtmlCacheBehavior [ RunTime:0.000979s ]
INFO: [ app_begin ] --END-- [ RunTime:0.001149s ]
SQL: SHOW COLUMNS FROM `whateat_admin_node` [ RunTime:0.2787s ]
SQL: SELECT * FROM `whateat_admin_node` WHERE `controller` = 'Dish' ORDER BY sort LIMIT 1   [ RunTime:0.2591s ]

[ 2017-07-07T06:09:16+08:00 ] ::1 /whateat/index.php/Admin/Dish/create.shtml
INFO: [ app_init ] --START--
INFO: Run Behavior\BuildLiteBehavior [ RunTime:0.000073s ]
INFO: [ app_init ] --END-- [ RunTime:0.001098s ]
INFO: [ app_begin ] --START--
INFO: Run Behavior\ReadHtmlCacheBehavior [ RunTime:0.000619s ]
INFO: [ app_begin ] --END-- [ RunTime:0.000771s ]
SQL: SHOW COLUMNS FROM `whateat_admin_node` [ RunTime:0.1970s ]
SQL: SELECT * FROM `whateat_admin_node` WHERE `controller` = 'Dish' ORDER BY sort LIMIT 1   [ RunTime:0.2062s ]

[ 2017-07-07T06:11:35+08:00 ] ::1 /whateat/index.php/Admin/Dish/create.shtml
INFO: [ app_init ] --START--
INFO: Run Behavior\BuildLiteBehavior [ RunTime:0.000089s ]
INFO: [ app_init ] --END-- [ RunTime:0.003106s ]
INFO: [ app_begin ] --START--
INFO: Run Behavior\ReadHtmlCacheBehavior [ RunTime:0.001168s ]
INFO: [ app_begin ] --END-- [ RunTime:0.001391s ]
SQL: SHOW COLUMNS FROM `whateat_admin_node` [ RunTime:0.2008s ]
SQL: SELECT * FROM `whateat_admin_node` WHERE `controller` = 'Dish' ORDER BY sort LIMIT 1   [ RunTime:0.2014s ]
NOTIC: [2] Illegal string offset 'steps' F:\wamp\www\whateat\Application\Admin\Controller\DishController.class.php 第 40 行.
NOTIC: [8] Uninitialized string offset: 1 F:\wamp\www\whateat\Application\Admin\Controller\DishController.class.php 第 40 行.

[ 2017-07-07T06:11:48+08:00 ] ::1 /whateat/index.php/Admin/Dish/create.shtml
INFO: [ app_init ] --START--
INFO: Run Behavior\BuildLiteBehavior [ RunTime:0.000038s ]
INFO: [ app_init ] --END-- [ RunTime:0.000597s ]
INFO: [ app_begin ] --START--
INFO: Run Behavior\ReadHtmlCacheBehavior [ RunTime:0.000909s ]
INFO: [ app_begin ] --END-- [ RunTime:0.001198s ]
SQL: SHOW COLUMNS FROM `whateat_admin_node` [ RunTime:0.2586s ]
SQL: SELECT * FROM `whateat_admin_node` WHERE `controller` = 'Dish' ORDER BY sort LIMIT 1   [ RunTime:0.2665s ]
NOTIC: [2] Illegal string offset 'steps' F:\wamp\www\whateat\Application\Admin\Controller\DishController.class.php 第 40 行.
NOTIC: [8] Uninitialized string offset: 1 F:\wamp\www\whateat\Application\Admin\Controller\DishController.class.php 第 40 行.

[ 2017-07-07T06:12:31+08:00 ] ::1 /whateat/index.php/Admin/Dish/create.shtml
INFO: [ app_init ] --START--
INFO: Run Behavior\BuildLiteBehavior [ RunTime:0.000061s ]
INFO: [ app_init ] --END-- [ RunTime:0.000929s ]
INFO: [ app_begin ] --START--
INFO: Run Behavior\ReadHtmlCacheBehavior [ RunTime:0.002984s ]
INFO: [ app_begin ] --END-- [ RunTime:0.003483s ]
SQL: SHOW COLUMNS FROM `whateat_admin_node` [ RunTime:0.2053s ]
SQL: SELECT * FROM `whateat_admin_node` WHERE `controller` = 'Dish' ORDER BY sort LIMIT 1   [ RunTime:0.2026s ]
NOTIC: [2] Illegal string offset 'steps' F:\wamp\www\whateat\Application\Admin\Controller\DishController.class.php 第 40 行.
NOTIC: [2] Illegal string offset 'content' F:\wamp\www\whateat\Application\Admin\Controller\DishController.class.php 第 40 行.

[ 2017-07-07T06:13:33+08:00 ] ::1 /whateat/index.php/Admin/Dish/create.shtml
INFO: [ app_init ] --START--
INFO: Run Behavior\BuildLiteBehavior [ RunTime:0.000038s ]
INFO: [ app_init ] --END-- [ RunTime:0.000617s ]
INFO: [ app_begin ] --START--
INFO: Run Behavior\ReadHtmlCacheBehavior [ RunTime:0.000879s ]
INFO: [ app_begin ] --END-- [ RunTime:0.001139s ]
SQL: SHOW COLUMNS FROM `whateat_admin_node` [ RunTime:0.2691s ]
SQL: SELECT * FROM `whateat_admin_node` WHERE `controller` = 'Dish' ORDER BY sort LIMIT 1   [ RunTime:0.2561s ]
NOTIC: [2] Illegal string offset 'steps' F:\wamp\www\whateat\Application\Admin\Controller\DishController.class.php 第 40 行.

[ 2017-07-07T06:13:48+08:00 ] ::1 /whateat/index.php/Admin/Dish/create.shtml
INFO: [ app_init ] --START--
INFO: Run Behavior\BuildLiteBehavior [ RunTime:0.000040s ]
INFO: [ app_init ] --END-- [ RunTime:0.000741s ]
INFO: [ app_begin ] --START--
INFO: Run Behavior\ReadHtmlCacheBehavior [ RunTime:0.000880s ]
INFO: [ app_begin ] --END-- [ RunTime:0.001029s ]
SQL: SHOW COLUMNS FROM `whateat_admin_node` [ RunTime:0.2964s ]
SQL: SELECT * FROM `whateat_admin_node` WHERE `controller` = 'Dish' ORDER BY sort LIMIT 1   [ RunTime:0.2607s ]
NOTIC: [2] Illegal string offset 'steps' F:\wamp\www\whateat\Application\Admin\Controller\DishController.class.php 第 40 行.

[ 2017-07-07T06:14:04+08:00 ] ::1 /whateat/index.php/Admin/Dish/create.shtml
INFO: [ app_init ] --START--
INFO: Run Behavior\BuildLiteBehavior [ RunTime:0.000043s ]
INFO: [ app_init ] --END-- [ RunTime:0.001048s ]
INFO: [ app_begin ] --START--
INFO: Run Behavior\ReadHtmlCacheBehavior [ RunTime:0.000624s ]
INFO: [ app_begin ] --END-- [ RunTime:0.000775s ]
SQL: SHOW COLUMNS FROM `whateat_admin_node` [ RunTime:0.2709s ]
SQL: SELECT * FROM `whateat_admin_node` WHERE `controller` = 'Dish' ORDER BY sort LIMIT 1   [ RunTime:0.2546s ]
NOTIC: [2] Illegal string offset 'steps' F:\wamp\www\whateat\Application\Admin\Controller\DishController.class.php 第 40 行.

[ 2017-07-07T06:14:23+08:00 ] ::1 /whateat/index.php/Admin/Dish/create.shtml
INFO: [ app_init ] --START--
INFO: Run Behavior\BuildLiteBehavior [ RunTime:0.000038s ]
INFO: [ app_init ] --END-- [ RunTime:0.000612s ]
INFO: [ app_begin ] --START--
INFO: Run Behavior\ReadHtmlCacheBehavior [ RunTime:0.000588s ]
INFO: [ app_begin ] --END-- [ RunTime:0.000732s ]
SQL: SHOW COLUMNS FROM `whateat_admin_node` [ RunTime:0.2629s ]
SQL: SELECT * FROM `whateat_admin_node` WHERE `controller` = 'Dish' ORDER BY sort LIMIT 1   [ RunTime:0.2883s ]
NOTIC: [2] Illegal string offset 'name' F:\wamp\www\whateat\Application\Admin\Controller\DishController.class.php 第 40 行.

[ 2017-07-07T06:14:36+08:00 ] ::1 /whateat/index.php/Admin/Dish/create.shtml
INFO: [ app_init ] --START--
INFO: Run Behavior\BuildLiteBehavior [ RunTime:0.000038s ]
INFO: [ app_init ] --END-- [ RunTime:0.000622s ]
INFO: [ app_begin ] --START--
INFO: Run Behavior\ReadHtmlCacheBehavior [ RunTime:0.000611s ]
INFO: [ app_begin ] --END-- [ RunTime:0.000769s ]
SQL: SHOW COLUMNS FROM `whateat_admin_node` [ RunTime:0.2510s ]
SQL: SELECT * FROM `whateat_admin_node` WHERE `controller` = 'Dish' ORDER BY sort LIMIT 1   [ RunTime:0.2520s ]
NOTIC: [2] Illegal string offset 'name' F:\wamp\www\whateat\Application\Admin\Controller\DishController.class.php 第 40 行.

[ 2017-07-07T06:14:40+08:00 ] ::1 /whateat/index.php/Admin/Index/index.shtml
INFO: [ app_init ] --START--
INFO: Run Behavior\BuildLiteBehavior [ RunTime:0.000038s ]
INFO: [ app_init ] --END-- [ RunTime:0.000585s ]
INFO: [ app_begin ] --START--
INFO: Run Behavior\ReadHtmlCacheBehavior [ RunTime:0.000941s ]
INFO: [ app_begin ] --END-- [ RunTime:0.001225s ]
SQL: SHOW COLUMNS FROM `whateat_admin_node` [ RunTime:0.2607s ]
SQL: SELECT * FROM `whateat_admin_node` WHERE `controller` = 'Index' ORDER BY sort LIMIT 1   [ RunTime:0.2511s ]
NOTIC: [2] Missing argument 1 for Think\Controller::show(), called in F:\wamp\www\whateat\Application\Admin\Controller\IndexController.class.php on line 90 and defined F:\wamp\www\whateat\ThinkPHP\Library\Think\Controller.class.php 第 68 行.
NOTIC: [8] Undefined variable: content F:\wamp\www\whateat\ThinkPHP\Library\Think\Controller.class.php 第 69 行.
INFO: [ view_parse ] --START--
INFO: [ template_filter ] --START--
INFO: Run Behavior\ContentReplaceBehavior [ RunTime:0.000099s ]
INFO: [ template_filter ] --END-- [ RunTime:0.000296s ]
INFO: Run Behavior\ParseTemplateBehavior [ RunTime:0.011078s ]
INFO: [ view_parse ] --END-- [ RunTime:0.011333s ]
INFO: [ view_filter ] --START--
INFO: Run Behavior\WriteHtmlCacheBehavior [ RunTime:0.000822s ]
INFO: Run Behavior\TokenBuildBehavior [ RunTime:0.001366s ]
INFO: [ view_filter ] --END-- [ RunTime:0.002715s ]
INFO: [ app_end ] --START--
INFO: Run Behavior\ShowPageTraceBehavior [ RunTime:0.000980s ]
INFO: [ app_end ] --END-- [ RunTime:0.001220s ]

[ 2017-07-07T06:14:40+08:00 ] ::1 /whateat/index.php/Admin/Index/top_menu.shtml
INFO: [ app_init ] --START--
INFO: Run Behavior\BuildLiteBehavior [ RunTime:0.000079s ]
INFO: [ app_init ] --END-- [ RunTime:0.001084s ]
INFO: [ app_begin ] --START--
INFO: Run Behavior\ReadHtmlCacheBehavior [ RunTime:0.001015s ]
INFO: [ app_begin ] --END-- [ RunTime:0.001376s ]
NOTIC: [8] Undefined index: pid F:\wamp\www\whateat\Application\Admin\Controller\IndexController.class.php 第 43 行.
NOTIC: [8] Undefined index: pid F:\wamp\www\whateat\Application\Admin\Controller\IndexController.class.php 第 43 行.
NOTIC: [8] Undefined index: pid F:\wamp\www\whateat\Application\Admin\Controller\IndexController.class.php 第 43 行.
NOTIC: [8] Undefined index: pid F:\wamp\www\whateat\Application\Admin\Controller\IndexController.class.php 第 43 行.
NOTIC: [2] Missing argument 1 for Think\Controller::show(), called in F:\wamp\www\whateat\Application\Admin\Controller\IndexController.class.php on line 58 and defined F:\wamp\www\whateat\ThinkPHP\Library\Think\Controller.class.php 第 68 行.
NOTIC: [8] Undefined variable: content F:\wamp\www\whateat\ThinkPHP\Library\Think\Controller.class.php 第 69 行.
INFO: [ view_parse ] --START--
INFO: [ template_filter ] --START--
INFO: Run Behavior\ContentReplaceBehavior [ RunTime:0.000190s ]
INFO: [ template_filter ] --END-- [ RunTime:0.000557s ]
INFO: Run Behavior\ParseTemplateBehavior [ RunTime:0.020053s ]
INFO: [ view_parse ] --END-- [ RunTime:0.020433s ]
INFO: [ view_filter ] --START--
INFO: Run Behavior\WriteHtmlCacheBehavior [ RunTime:0.001100s ]
INFO: Run Behavior\TokenBuildBehavior [ RunTime:0.001676s ]
INFO: [ view_filter ] --END-- [ RunTime:0.003328s ]
INFO: [ app_end ] --START--
INFO: Run Behavior\ShowPageTraceBehavior [ RunTime:0.000948s ]
INFO: [ app_end ] --END-- [ RunTime:0.001295s ]

[ 2017-07-07T06:14:40+08:00 ] ::1 /whateat/index.php/Admin/Index/about_us.shtml
INFO: [ app_init ] --START--
INFO: Run Behavior\BuildLiteBehavior [ RunTime:0.000072s ]
INFO: [ app_init ] --END-- [ RunTime:0.021274s ]
INFO: [ app_begin ] --START--
INFO: Run Behavior\ReadHtmlCacheBehavior [ RunTime:0.001417s ]
INFO: [ app_begin ] --END-- [ RunTime:0.001774s ]
INFO: [ app_end ] --START--
INFO: Run Behavior\ShowPageTraceBehavior [ RunTime:0.001545s ]
INFO: [ app_end ] --END-- [ RunTime:0.001882s ]

[ 2017-07-07T06:14:40+08:00 ] ::1 /whateat/index.php/Admin/Index/home.shtml
INFO: [ app_init ] --START--
INFO: Run Behavior\BuildLiteBehavior [ RunTime:0.000081s ]
INFO: [ app_init ] --END-- [ RunTime:0.006096s ]
INFO: [ app_begin ] --START--
INFO: Run Behavior\ReadHtmlCacheBehavior [ RunTime:0.001426s ]
INFO: [ app_begin ] --END-- [ RunTime:0.001792s ]
INFO: [ app_end ] --START--
INFO: Run Behavior\ShowPageTraceBehavior [ RunTime:0.001798s ]
INFO: [ app_end ] --END-- [ RunTime:0.002203s ]

[ 2017-07-07T06:14:42+08:00 ] ::1 /whateat/index.php/Admin/Index/left_menu?pid=16
INFO: [ app_init ] --START--
INFO: Run Behavior\BuildLiteBehavior [ RunTime:0.000037s ]
INFO: [ app_init ] --END-- [ RunTime:0.000595s ]
INFO: [ app_begin ] --START--
INFO: Run Behavior\ReadHtmlCacheBehavior [ RunTime:0.000953s ]
INFO: [ app_begin ] --END-- [ RunTime:0.001234s ]
NOTIC: [8] Undefined index: pid F:\wamp\www\whateat\Application\Admin\Controller\IndexController.class.php 第 65 行.
NOTIC: [8] Undefined index: pid F:\wamp\www\whateat\Application\Admin\Controller\IndexController.class.php 第 65 行.
NOTIC: [8] Undefined index: pid F:\wamp\www\whateat\Application\Admin\Controller\IndexController.class.php 第 65 行.
NOTIC: [8] Undefined index: pid F:\wamp\www\whateat\Application\Admin\Controller\IndexController.class.php 第 65 行.
NOTIC: [2] Missing argument 1 for Think\Controller::show(), called in F:\wamp\www\whateat\Application\Admin\Controller\IndexController.class.php on line 80 and defined F:\wamp\www\whateat\ThinkPHP\Library\Think\Controller.class.php 第 68 行.
NOTIC: [8] Undefined variable: content F:\wamp\www\whateat\ThinkPHP\Library\Think\Controller.class.php 第 69 行.
INFO: [ view_parse ] --START--
INFO: [ template_filter ] --START--
INFO: Run Behavior\ContentReplaceBehavior [ RunTime:0.000099s ]
INFO: [ template_filter ] --END-- [ RunTime:0.000303s ]
INFO: Run Behavior\ParseTemplateBehavior [ RunTime:0.013456s ]
INFO: [ view_parse ] --END-- [ RunTime:0.013662s ]
INFO: [ view_filter ] --START--
INFO: Run Behavior\WriteHtmlCacheBehavior [ RunTime:0.000747s ]
INFO: Run Behavior\TokenBuildBehavior [ RunTime:0.000927s ]
INFO: [ view_filter ] --END-- [ RunTime:0.001953s ]
INFO: [ app_end ] --START--
INFO: Run Behavior\ShowPageTraceBehavior [ RunTime:0.000731s ]
INFO: [ app_end ] --END-- [ RunTime:0.000906s ]

[ 2017-07-07T06:14:45+08:00 ] ::1 /whateat/index.php/Admin/Dish/dish.shtml
INFO: [ app_init ] --START--
INFO: Run Behavior\BuildLiteBehavior [ RunTime:0.000042s ]
INFO: [ app_init ] --END-- [ RunTime:0.000773s ]
INFO: [ app_begin ] --START--
INFO: Run Behavior\ReadHtmlCacheBehavior [ RunTime:0.000647s ]
INFO: [ app_begin ] --END-- [ RunTime:0.000825s ]
SQL: SHOW COLUMNS FROM `whateat_admin_node` [ RunTime:0.2502s ]
SQL: SELECT * FROM `whateat_admin_node` WHERE `controller` = 'Dish' ORDER BY sort LIMIT 1   [ RunTime:0.2534s ]
SQL: SHOW COLUMNS FROM `whateat_dish` [ RunTime:0.2514s ]
SQL: SELECT * FROM `whateat_dish` ORDER BY id desc  [ RunTime:0.2587s ]
NOTIC: [8] Undefined variable: shop_list F:\wamp\www\whateat\Application\Admin\Controller\DishController.class.php 第 18 行.
NOTIC: [2] Invalid argument supplied for foreach() F:\wamp\www\whateat\Application\Admin\Controller\DishController.class.php 第 18 行.
INFO: [ view_parse ] --START--
INFO: [ template_filter ] --START--
INFO: Run Behavior\ContentReplaceBehavior [ RunTime:0.000115s ]
INFO: [ template_filter ] --END-- [ RunTime:0.000346s ]
INFO: Run Behavior\ParseTemplateBehavior [ RunTime:0.012498s ]
INFO: [ view_parse ] --END-- [ RunTime:0.012781s ]
INFO: [ view_filter ] --START--
INFO: Run Behavior\WriteHtmlCacheBehavior [ RunTime:0.001114s ]
INFO: Run Behavior\TokenBuildBehavior [ RunTime:0.001399s ]
INFO: [ view_filter ] --END-- [ RunTime:0.003035s ]
INFO: [ app_end ] --START--
INFO: Run Behavior\ShowPageTraceBehavior [ RunTime:0.000744s ]
INFO: [ app_end ] --END-- [ RunTime:0.000909s ]

[ 2017-07-07T06:14:49+08:00 ] ::1 /whateat/index.php/Admin/Dish/create.shtml
INFO: [ app_init ] --START--
INFO: Run Behavior\BuildLiteBehavior [ RunTime:0.000065s ]
INFO: [ app_init ] --END-- [ RunTime:0.000858s ]
INFO: [ app_begin ] --START--
INFO: Run Behavior\ReadHtmlCacheBehavior [ RunTime:0.001007s ]
INFO: [ app_begin ] --END-- [ RunTime:0.001369s ]
SQL: SHOW COLUMNS FROM `whateat_admin_node` [ RunTime:0.2581s ]
SQL: SELECT * FROM `whateat_admin_node` WHERE `controller` = 'Dish' ORDER BY sort LIMIT 1   [ RunTime:0.2681s ]
SQL: SHOW COLUMNS FROM `whateat_ingredient` [ RunTime:0.2819s ]
SQL: SELECT * FROM `whateat_ingredient` ORDER BY id desc  [ RunTime:0.2549s ]
SQL: SHOW COLUMNS FROM `whateat_flavour` [ RunTime:0.2595s ]
SQL: SELECT * FROM `whateat_flavour` ORDER BY id desc  [ RunTime:0.2561s ]
NOTIC: [2] Missing argument 1 for Think\Controller::show(), called in F:\wamp\www\whateat\Application\Admin\Controller\DishController.class.php on line 34 and defined F:\wamp\www\whateat\ThinkPHP\Library\Think\Controller.class.php 第 68 行.
NOTIC: [8] Undefined variable: content F:\wamp\www\whateat\ThinkPHP\Library\Think\Controller.class.php 第 69 行.
INFO: [ view_parse ] --START--
INFO: [ template_filter ] --START--
INFO: Run Behavior\ContentReplaceBehavior [ RunTime:0.000145s ]
INFO: [ template_filter ] --END-- [ RunTime:0.000344s ]
INFO: Run Behavior\ParseTemplateBehavior [ RunTime:0.010603s ]
INFO: [ view_parse ] --END-- [ RunTime:0.010788s ]
INFO: [ view_filter ] --START--
INFO: Run Behavior\WriteHtmlCacheBehavior [ RunTime:0.000765s ]
INFO: Run Behavior\TokenBuildBehavior [ RunTime:0.001116s ]
INFO: [ view_filter ] --END-- [ RunTime:0.002156s ]
INFO: [ app_end ] --START--
INFO: Run Behavior\ShowPageTraceBehavior [ RunTime:0.000729s ]
INFO: [ app_end ] --END-- [ RunTime:0.000887s ]

[ 2017-07-07T06:14:54+08:00 ] ::1 /whateat/index.php/Admin/Dish/create.shtml
INFO: [ app_init ] --START--
INFO: Run Behavior\BuildLiteBehavior [ RunTime:0.000075s ]
INFO: [ app_init ] --END-- [ RunTime:0.001223s ]
INFO: [ app_begin ] --START--
INFO: Run Behavior\ReadHtmlCacheBehavior [ RunTime:0.000675s ]
INFO: [ app_begin ] --END-- [ RunTime:0.000832s ]
SQL: SHOW COLUMNS FROM `whateat_admin_node` [ RunTime:0.2712s ]
SQL: SELECT * FROM `whateat_admin_node` WHERE `controller` = 'Dish' ORDER BY sort LIMIT 1   [ RunTime:0.2535s ]
NOTIC: [2] Illegal string offset 'name' F:\wamp\www\whateat\Application\Admin\Controller\DishController.class.php 第 40 行.

[ 2017-07-07T06:15:42+08:00 ] ::1 /whateat/index.php/Admin/Dish/create.shtml
INFO: [ app_init ] --START--
INFO: Run Behavior\BuildLiteBehavior [ RunTime:0.000038s ]
INFO: [ app_init ] --END-- [ RunTime:0.000621s ]
INFO: [ app_begin ] --START--
INFO: Run Behavior\ReadHtmlCacheBehavior [ RunTime:0.000611s ]
INFO: [ app_begin ] --END-- [ RunTime:0.000757s ]
SQL: SHOW COLUMNS FROM `whateat_admin_node` [ RunTime:0.2628s ]
SQL: SELECT * FROM `whateat_admin_node` WHERE `controller` = 'Dish' ORDER BY sort LIMIT 1   [ RunTime:0.2577s ]

[ 2017-07-07T06:16:08+08:00 ] ::1 /whateat/index.php/Admin/Dish/create.shtml
INFO: [ app_init ] --START--
INFO: Run Behavior\BuildLiteBehavior [ RunTime:0.000038s ]
INFO: [ app_init ] --END-- [ RunTime:0.000596s ]
INFO: [ app_begin ] --START--
INFO: Run Behavior\ReadHtmlCacheBehavior [ RunTime:0.001018s ]
INFO: [ app_begin ] --END-- [ RunTime:0.001299s ]
SQL: SHOW COLUMNS FROM `whateat_admin_node` [ RunTime:0.2027s ]
SQL: SELECT * FROM `whateat_admin_node` WHERE `controller` = 'Dish' ORDER BY sort LIMIT 1   [ RunTime:0.2085s ]
NOTIC: [2] Illegal string offset 'name' F:\wamp\www\whateat\Application\Admin\Controller\DishController.class.php 第 40 行.

[ 2017-07-07T06:16:51+08:00 ] ::1 /whateat/index.php/Admin/Dish/create.shtml
INFO: [ app_init ] --START--
INFO: Run Behavior\BuildLiteBehavior [ RunTime:0.000040s ]
INFO: [ app_init ] --END-- [ RunTime:0.000698s ]
INFO: [ app_begin ] --START--
INFO: Run Behavior\ReadHtmlCacheBehavior [ RunTime:0.002288s ]
INFO: [ app_begin ] --END-- [ RunTime:0.002686s ]
SQL: SHOW COLUMNS FROM `whateat_admin_node` [ RunTime:0.2532s ]
SQL: SELECT * FROM `whateat_admin_node` WHERE `controller` = 'Dish' ORDER BY sort LIMIT 1   [ RunTime:0.2539s ]

[ 2017-07-07T06:17:17+08:00 ] ::1 /whateat/index.php/Admin/Dish/create.shtml
INFO: [ app_init ] --START--
INFO: Run Behavior\BuildLiteBehavior [ RunTime:0.000072s ]
INFO: [ app_init ] --END-- [ RunTime:0.001778s ]
INFO: [ app_begin ] --START--
INFO: Run Behavior\ReadHtmlCacheBehavior [ RunTime:0.000668s ]
INFO: [ app_begin ] --END-- [ RunTime:0.000989s ]
SQL: SHOW COLUMNS FROM `whateat_admin_node` [ RunTime:0.2016s ]
SQL: SELECT * FROM `whateat_admin_node` WHERE `controller` = 'Dish' ORDER BY sort LIMIT 1   [ RunTime:0.2192s ]

[ 2017-07-07T06:17:37+08:00 ] ::1 /whateat/index.php/Admin/Dish/create.shtml
INFO: [ app_init ] --START--
INFO: Run Behavior\BuildLiteBehavior [ RunTime:0.000042s ]
INFO: [ app_init ] --END-- [ RunTime:0.000796s ]
INFO: [ app_begin ] --START--
INFO: Run Behavior\ReadHtmlCacheBehavior [ RunTime:0.000617s ]
INFO: [ app_begin ] --END-- [ RunTime:0.000768s ]
SQL: SHOW COLUMNS FROM `whateat_admin_node` [ RunTime:0.2355s ]
SQL: SELECT * FROM `whateat_admin_node` WHERE `controller` = 'Dish' ORDER BY sort LIMIT 1   [ RunTime:0.2145s ]

[ 2017-07-07T06:18:17+08:00 ] ::1 /whateat/index.php/Admin/Dish/create.shtml
INFO: [ app_init ] --START--
INFO: Run Behavior\BuildLiteBehavior [ RunTime:0.000068s ]
INFO: [ app_init ] --END-- [ RunTime:0.000918s ]
INFO: [ app_begin ] --START--
INFO: Run Behavior\ReadHtmlCacheBehavior [ RunTime:0.001386s ]
INFO: [ app_begin ] --END-- [ RunTime:0.001570s ]
SQL: SHOW COLUMNS FROM `whateat_admin_node` [ RunTime:0.2032s ]
SQL: SELECT * FROM `whateat_admin_node` WHERE `controller` = 'Dish' ORDER BY sort LIMIT 1   [ RunTime:0.2088s ]

[ 2017-07-07T06:18:33+08:00 ] ::1 /whateat/index.php/Admin/Dish/create.shtml
INFO: [ app_init ] --START--
INFO: Run Behavior\BuildLiteBehavior [ RunTime:0.000038s ]
INFO: [ app_init ] --END-- [ RunTime:0.000604s ]
INFO: [ app_begin ] --START--
INFO: Run Behavior\ReadHtmlCacheBehavior [ RunTime:0.000606s ]
INFO: [ app_begin ] --END-- [ RunTime:0.000750s ]
SQL: SHOW COLUMNS FROM `whateat_admin_node` [ RunTime:0.2567s ]
SQL: SELECT * FROM `whateat_admin_node` WHERE `controller` = 'Dish' ORDER BY sort LIMIT 1   [ RunTime:0.2530s ]

[ 2017-07-07T06:19:49+08:00 ] ::1 /whateat/index.php/Admin/Dish/create.shtml
INFO: [ app_init ] --START--
INFO: Run Behavior\BuildLiteBehavior [ RunTime:0.000078s ]
INFO: [ app_init ] --END-- [ RunTime:0.001525s ]
INFO: [ app_begin ] --START--
INFO: Run Behavior\ReadHtmlCacheBehavior [ RunTime:0.001388s ]
INFO: [ app_begin ] --END-- [ RunTime:0.001618s ]
SQL: SHOW COLUMNS FROM `whateat_admin_node` [ RunTime:0.2522s ]
SQL: SELECT * FROM `whateat_admin_node` WHERE `controller` = 'Dish' ORDER BY sort LIMIT 1   [ RunTime:0.2527s ]

[ 2017-07-07T06:20:01+08:00 ] ::1 /whateat/index.php/Admin/Dish/create.shtml
INFO: [ app_init ] --START--
INFO: Run Behavior\BuildLiteBehavior [ RunTime:0.000038s ]
INFO: [ app_init ] --END-- [ RunTime:0.000609s ]
INFO: [ app_begin ] --START--
INFO: Run Behavior\ReadHtmlCacheBehavior [ RunTime:0.000623s ]
INFO: [ app_begin ] --END-- [ RunTime:0.000771s ]
SQL: SHOW COLUMNS FROM `whateat_admin_node` [ RunTime:0.2584s ]
SQL: SELECT * FROM `whateat_admin_node` WHERE `controller` = 'Dish' ORDER BY sort LIMIT 1   [ RunTime:0.2782s ]

[ 2017-07-07T06:20:11+08:00 ] ::1 /whateat/index.php/Admin/Dish/create.shtml
INFO: [ app_init ] --START--
INFO: Run Behavior\BuildLiteBehavior [ RunTime:0.000039s ]
INFO: [ app_init ] --END-- [ RunTime:0.000597s ]
INFO: [ app_begin ] --START--
INFO: Run Behavior\ReadHtmlCacheBehavior [ RunTime:0.000599s ]
INFO: [ app_begin ] --END-- [ RunTime:0.000742s ]
SQL: SHOW COLUMNS FROM `whateat_admin_node` [ RunTime:0.2029s ]
SQL: SELECT * FROM `whateat_admin_node` WHERE `controller` = 'Dish' ORDER BY sort LIMIT 1   [ RunTime:0.1990s ]

[ 2017-07-07T06:20:23+08:00 ] ::1 /whateat/index.php/Admin/Dish/create.shtml
INFO: [ app_init ] --START--
INFO: Run Behavior\BuildLiteBehavior [ RunTime:0.000090s ]
INFO: [ app_init ] --END-- [ RunTime:0.001915s ]
INFO: [ app_begin ] --START--
INFO: Run Behavior\ReadHtmlCacheBehavior [ RunTime:0.000609s ]
INFO: [ app_begin ] --END-- [ RunTime:0.000763s ]
SQL: SHOW COLUMNS FROM `whateat_admin_node` [ RunTime:0.2577s ]
SQL: SELECT * FROM `whateat_admin_node` WHERE `controller` = 'Dish' ORDER BY sort LIMIT 1   [ RunTime:0.2600s ]

[ 2017-07-07T06:20:44+08:00 ] ::1 /whateat/index.php/Admin/Dish/create.shtml
INFO: [ app_init ] --START--
INFO: Run Behavior\BuildLiteBehavior [ RunTime:0.000090s ]
INFO: [ app_init ] --END-- [ RunTime:0.001757s ]
INFO: [ app_begin ] --START--
INFO: Run Behavior\ReadHtmlCacheBehavior [ RunTime:0.000961s ]
INFO: [ app_begin ] --END-- [ RunTime:0.001250s ]
SQL: SHOW COLUMNS FROM `whateat_admin_node` [ RunTime:0.2045s ]
SQL: SELECT * FROM `whateat_admin_node` WHERE `controller` = 'Dish' ORDER BY sort LIMIT 1   [ RunTime:0.2043s ]

[ 2017-07-07T06:35:23+08:00 ] ::1 /whateat/index.php/Admin/Dish/create.shtml
INFO: [ app_init ] --START--
INFO: Run Behavior\BuildLiteBehavior [ RunTime:0.000040s ]
INFO: [ app_init ] --END-- [ RunTime:0.000702s ]
INFO: [ app_begin ] --START--
INFO: Run Behavior\ReadHtmlCacheBehavior [ RunTime:0.004458s ]
INFO: [ app_begin ] --END-- [ RunTime:0.004763s ]
SQL: SHOW COLUMNS FROM `whateat_admin_node` [ RunTime:0.2521s ]
SQL: SELECT * FROM `whateat_admin_node` WHERE `controller` = 'Dish' ORDER BY sort LIMIT 1   [ RunTime:0.2513s ]
SQL: SHOW COLUMNS FROM `whateat_dish` [ RunTime:0.2518s ]
NOTIC: [8] Undefined index: validate F:\wamp\www\whateat\ThinkPHP\Library\Think\Model.class.php 第 1185 行.
NOTIC: [8] Undefined index: hash F:\wamp\www\whateat\Application\Admin\Controller\DishController.class.php 第 68 行.

[ 2017-07-07T06:35:37+08:00 ] ::1 /whateat/index.php/Admin/Dish/create.shtml
INFO: [ app_init ] --START--
INFO: Run Behavior\BuildLiteBehavior [ RunTime:0.000038s ]
INFO: [ app_init ] --END-- [ RunTime:0.000596s ]
INFO: [ app_begin ] --START--
INFO: Run Behavior\ReadHtmlCacheBehavior [ RunTime:0.000653s ]
INFO: [ app_begin ] --END-- [ RunTime:0.000800s ]
SQL: SHOW COLUMNS FROM `whateat_admin_node` [ RunTime:0.2538s ]
SQL: SELECT * FROM `whateat_admin_node` WHERE `controller` = 'Dish' ORDER BY sort LIMIT 1   [ RunTime:0.2695s ]
SQL: SHOW COLUMNS FROM `whateat_dish` [ RunTime:0.2523s ]
NOTIC: [8] Undefined index: validate F:\wamp\www\whateat\ThinkPHP\Library\Think\Model.class.php 第 1185 行.
NOTIC: [8] Undefined index: _hash F:\wamp\www\whateat\Application\Admin\Controller\DishController.class.php 第 68 行.

[ 2017-07-07T06:35:46+08:00 ] ::1 /whateat/index.php/Admin/Dish/create.shtml
INFO: [ app_init ] --START--
INFO: Run Behavior\BuildLiteBehavior [ RunTime:0.000064s ]
INFO: [ app_init ] --END-- [ RunTime:0.000996s ]
INFO: [ app_begin ] --START--
INFO: Run Behavior\ReadHtmlCacheBehavior [ RunTime:0.000889s ]
INFO: [ app_begin ] --END-- [ RunTime:0.001153s ]
SQL: SHOW COLUMNS FROM `whateat_admin_node` [ RunTime:0.2011s ]
SQL: SELECT * FROM `whateat_admin_node` WHERE `controller` = 'Dish' ORDER BY sort LIMIT 1   [ RunTime:0.2030s ]
SQL: SHOW COLUMNS FROM `whateat_dish` [ RunTime:0.2059s ]
NOTIC: [8] Undefined index: validate F:\wamp\www\whateat\ThinkPHP\Library\Think\Model.class.php 第 1185 行.
NOTIC: [8] Undefined index: __hash F:\wamp\www\whateat\Application\Admin\Controller\DishController.class.php 第 68 行.

[ 2017-07-07T06:36:37+08:00 ] ::1 /whateat/index.php/Admin/Dish/create.shtml
INFO: [ app_init ] --START--
INFO: Run Behavior\BuildLiteBehavior [ RunTime:0.000040s ]
INFO: [ app_init ] --END-- [ RunTime:0.000852s ]
INFO: [ app_begin ] --START--
INFO: Run Behavior\ReadHtmlCacheBehavior [ RunTime:0.002170s ]
INFO: [ app_begin ] --END-- [ RunTime:0.002721s ]
SQL: SHOW COLUMNS FROM `whateat_admin_node` [ RunTime:0.2516s ]
SQL: SELECT * FROM `whateat_admin_node` WHERE `controller` = 'Dish' ORDER BY sort LIMIT 1   [ RunTime:0.2532s ]
SQL: SHOW COLUMNS FROM `whateat_dish` [ RunTime:0.2505s ]
NOTIC: [8] Undefined index: validate F:\wamp\www\whateat\ThinkPHP\Library\Think\Model.class.php 第 1185 行.

[ 2017-07-07T06:37:11+08:00 ] ::1 /whateat/index.php/Admin/Dish/dish.shtml
INFO: [ app_init ] --START--
INFO: Run Behavior\BuildLiteBehavior [ RunTime:0.000039s ]
INFO: [ app_init ] --END-- [ RunTime:0.000796s ]
INFO: [ app_begin ] --START--
INFO: Run Behavior\ReadHtmlCacheBehavior [ RunTime:0.000636s ]
INFO: [ app_begin ] --END-- [ RunTime:0.000825s ]
SQL: SHOW COLUMNS FROM `whateat_admin_node` [ RunTime:0.2529s ]
SQL: SELECT * FROM `whateat_admin_node` WHERE `controller` = 'Dish' ORDER BY sort LIMIT 1   [ RunTime:0.2631s ]
SQL: SHOW COLUMNS FROM `whateat_dish` [ RunTime:0.2522s ]
SQL: SELECT * FROM `whateat_dish` ORDER BY id desc  [ RunTime:0.2531s ]
NOTIC: [8] Undefined variable: shop_list F:\wamp\www\whateat\Application\Admin\Controller\DishController.class.php 第 18 行.
NOTIC: [2] Invalid argument supplied for foreach() F:\wamp\www\whateat\Application\Admin\Controller\DishController.class.php 第 18 行.
INFO: [ view_parse ] --START--
INFO: [ template_filter ] --START--
INFO: Run Behavior\ContentReplaceBehavior [ RunTime:0.000099s ]
INFO: [ template_filter ] --END-- [ RunTime:0.000280s ]
INFO: Run Behavior\ParseTemplateBehavior [ RunTime:0.012196s ]
INFO: [ view_parse ] --END-- [ RunTime:0.012394s ]
INFO: [ view_filter ] --START--
INFO: Run Behavior\WriteHtmlCacheBehavior [ RunTime:0.000751s ]
INFO: Run Behavior\TokenBuildBehavior [ RunTime:0.000889s ]
INFO: [ view_filter ] --END-- [ RunTime:0.001905s ]
INFO: [ app_end ] --START--
INFO: Run Behavior\ShowPageTraceBehavior [ RunTime:0.000857s ]
INFO: [ app_end ] --END-- [ RunTime:0.001098s ]

[ 2017-07-07T06:37:14+08:00 ] ::1 /whateat/index.php/Admin/Dish/create.shtml
INFO: [ app_init ] --START--
INFO: Run Behavior\BuildLiteBehavior [ RunTime:0.000037s ]
INFO: [ app_init ] --END-- [ RunTime:0.000590s ]
INFO: [ app_begin ] --START--
INFO: Run Behavior\ReadHtmlCacheBehavior [ RunTime:0.000695s ]
INFO: [ app_begin ] --END-- [ RunTime:0.000870s ]
SQL: SHOW COLUMNS FROM `whateat_admin_node` [ RunTime:0.2506s ]
SQL: SELECT * FROM `whateat_admin_node` WHERE `controller` = 'Dish' ORDER BY sort LIMIT 1   [ RunTime:0.2529s ]
SQL: SHOW COLUMNS FROM `whateat_ingredient` [ RunTime:0.2499s ]
SQL: SELECT * FROM `whateat_ingredient` ORDER BY id desc  [ RunTime:0.2514s ]
SQL: SHOW COLUMNS FROM `whateat_flavour` [ RunTime:0.2497s ]
SQL: SELECT * FROM `whateat_flavour` ORDER BY id desc  [ RunTime:0.2510s ]
NOTIC: [2] Missing argument 1 for Think\Controller::show(), called in F:\wamp\www\whateat\Application\Admin\Controller\DishController.class.php on line 34 and defined F:\wamp\www\whateat\ThinkPHP\Library\Think\Controller.class.php 第 68 行.
NOTIC: [8] Undefined variable: content F:\wamp\www\whateat\ThinkPHP\Library\Think\Controller.class.php 第 69 行.
INFO: [ view_parse ] --START--
INFO: [ template_filter ] --START--
INFO: Run Behavior\ContentReplaceBehavior [ RunTime:0.000256s ]
INFO: [ template_filter ] --END-- [ RunTime:0.000588s ]
INFO: Run Behavior\ParseTemplateBehavior [ RunTime:0.010664s ]
INFO: [ view_parse ] --END-- [ RunTime:0.010837s ]
INFO: [ view_filter ] --START--
INFO: Run Behavior\WriteHtmlCacheBehavior [ RunTime:0.000837s ]
INFO: Run Behavior\TokenBuildBehavior [ RunTime:0.001210s ]
INFO: [ view_filter ] --END-- [ RunTime:0.002373s ]
INFO: [ app_end ] --START--
INFO: Run Behavior\ShowPageTraceBehavior [ RunTime:0.000752s ]
INFO: [ app_end ] --END-- [ RunTime:0.001003s ]

[ 2017-07-07T06:39:24+08:00 ] ::1 /whateat/index.php/Admin/Dish/create.shtml
INFO: [ app_init ] --START--
INFO: Run Behavior\BuildLiteBehavior [ RunTime:0.000039s ]
INFO: [ app_init ] --END-- [ RunTime:0.000752s ]
INFO: [ app_begin ] --START--
INFO: Run Behavior\ReadHtmlCacheBehavior [ RunTime:0.000893s ]
INFO: [ app_begin ] --END-- [ RunTime:0.001046s ]
SQL: SHOW COLUMNS FROM `whateat_admin_node` [ RunTime:0.2601s ]
SQL: SELECT * FROM `whateat_admin_node` WHERE `controller` = 'Dish' ORDER BY sort LIMIT 1   [ RunTime:0.2560s ]
SQL: SHOW COLUMNS FROM `whateat_dish` [ RunTime:0.2599s ]
NOTIC: [8] Undefined index: validate F:\wamp\www\whateat\ThinkPHP\Library\Think\Model.class.php 第 1185 行.

[ 2017-07-07T06:41:55+08:00 ] ::1 /whateat/index.php/Admin/Dish/create.shtml
INFO: [ app_init ] --START--
INFO: Run Behavior\BuildLiteBehavior [ RunTime:0.000071s ]
INFO: [ app_init ] --END-- [ RunTime:0.001099s ]
INFO: [ app_begin ] --START--
INFO: Run Behavior\ReadHtmlCacheBehavior [ RunTime:0.000950s ]
INFO: [ app_begin ] --END-- [ RunTime:0.001108s ]
SQL: SHOW COLUMNS FROM `whateat_admin_node` [ RunTime:0.2576s ]
SQL: SELECT * FROM `whateat_admin_node` WHERE `controller` = 'Dish' ORDER BY sort LIMIT 1   [ RunTime:0.2525s ]
SQL: SHOW COLUMNS FROM `whateat_dish` [ RunTime:0.2532s ]
NOTIC: [8] Undefined index: __hash__ F:\wamp\www\whateat\Application\Admin\Controller\DishController.class.php 第 46 行.
NOTIC: [8] Undefined index: validate F:\wamp\www\whateat\ThinkPHP\Library\Think\Model.class.php 第 1185 行.

[ 2017-07-07T06:44:47+08:00 ] ::1 /whateat/index.php/Admin/Dish/create.shtml
INFO: [ app_init ] --START--
INFO: Run Behavior\BuildLiteBehavior [ RunTime:0.000037s ]
INFO: [ app_init ] --END-- [ RunTime:0.000696s ]
INFO: [ app_begin ] --START--
INFO: Run Behavior\ReadHtmlCacheBehavior [ RunTime:0.002277s ]
INFO: [ app_begin ] --END-- [ RunTime:0.002732s ]
SQL: SHOW COLUMNS FROM `whateat_admin_node` [ RunTime:0.2509s ]
SQL: SELECT * FROM `whateat_admin_node` WHERE `controller` = 'Dish' ORDER BY sort LIMIT 1   [ RunTime:0.2674s ]
SQL: SHOW COLUMNS FROM `whateat_dish` [ RunTime:0.2785s ]
NOTIC: [8] Undefined index: __hash__ F:\wamp\www\whateat\Application\Admin\Controller\DishController.class.php 第 46 行.

[ 2017-07-07T06:46:01+08:00 ] ::1 /whateat/index.php/Admin/Dish/create.shtml
INFO: [ app_init ] --START--
INFO: Run Behavior\BuildLiteBehavior [ RunTime:0.000067s ]
INFO: [ app_init ] --END-- [ RunTime:0.000962s ]
INFO: [ app_begin ] --START--
INFO: Run Behavior\ReadHtmlCacheBehavior [ RunTime:0.000660s ]
INFO: [ app_begin ] --END-- [ RunTime:0.000817s ]
SQL: SHOW COLUMNS FROM `whateat_admin_node` [ RunTime:0.2565s ]
SQL: SELECT * FROM `whateat_admin_node` WHERE `controller` = 'Dish' ORDER BY sort LIMIT 1   [ RunTime:0.2629s ]
SQL: SHOW COLUMNS FROM `whateat_dish` [ RunTime:0.2614s ]
NOTIC: [8] Undefined index: __hash__ F:\wamp\www\whateat\Application\Admin\Controller\DishController.class.php 第 46 行.
NOTIC: [8] Undefined index: validate F:\wamp\www\whateat\ThinkPHP\Library\Think\Model.class.php 第 1185 行.
NOTIC: [8] Undefined index: auto F:\wamp\www\whateat\ThinkPHP\Library\Think\Model.class.php 第 1128 行.
SQL: INSERT INTO `whateat_dish` (`name`,`description`,`owner`) VALUES ('','好吃','admin') [ RunTime:0.2517s ]
SQL: SHOW COLUMNS FROM `whateat_step` [ RunTime:0.2511s ]
NOTIC: [8] Undefined index: validate F:\wamp\www\whateat\ThinkPHP\Library\Think\Model.class.php 第 1185 行.
NOTIC: [8] Undefined index: auto F:\wamp\www\whateat\ThinkPHP\Library\Think\Model.class.php 第 1128 行.
SQL: INSERT INTO `whateat_step` (`dish_id`,`description`,`sort`) VALUES ('1','chaotant','0') [ RunTime:0.2530s ]

[ 2017-07-07T06:48:28+08:00 ] ::1 /whateat/index.php/Admin/Dish/create.shtml
INFO: [ app_init ] --START--
INFO: Run Behavior\BuildLiteBehavior [ RunTime:0.000039s ]
INFO: [ app_init ] --END-- [ RunTime:0.000720s ]
INFO: [ app_begin ] --START--
INFO: Run Behavior\ReadHtmlCacheBehavior [ RunTime:0.000877s ]
INFO: [ app_begin ] --END-- [ RunTime:0.001041s ]
SQL: SHOW COLUMNS FROM `whateat_admin_node` [ RunTime:0.2524s ]
SQL: SELECT * FROM `whateat_admin_node` WHERE `controller` = 'Dish' ORDER BY sort LIMIT 1   [ RunTime:0.2515s ]
SQL: SHOW COLUMNS FROM `whateat_dish` [ RunTime:0.2626s ]
NOTIC: [8] Undefined index: validate F:\wamp\www\whateat\ThinkPHP\Library\Think\Model.class.php 第 1185 行.
NOTIC: [8] Undefined index: auto F:\wamp\www\whateat\ThinkPHP\Library\Think\Model.class.php 第 1128 行.
SQL: INSERT INTO `whateat_dish` (`name`,`description`,`owner`) VALUES ('','好吃','admin') [ RunTime:0.2520s ]
SQL: SHOW COLUMNS FROM `whateat_step` [ RunTime:0.2507s ]
NOTIC: [8] Undefined index: validate F:\wamp\www\whateat\ThinkPHP\Library\Think\Model.class.php 第 1185 行.
NOTIC: [8] Undefined index: auto F:\wamp\www\whateat\ThinkPHP\Library\Think\Model.class.php 第 1128 行.
SQL: INSERT INTO `whateat_step` (`dish_id`,`description`,`sort`) VALUES ('2','chaotant','0') [ RunTime:0.2524s ]

[ 2017-07-07T06:48:51+08:00 ] ::1 /whateat/index.php/Admin/Dish/create.shtml
INFO: [ app_init ] --START--
INFO: Run Behavior\BuildLiteBehavior [ RunTime:0.000038s ]
INFO: [ app_init ] --END-- [ RunTime:0.000617s ]
INFO: [ app_begin ] --START--
INFO: Run Behavior\ReadHtmlCacheBehavior [ RunTime:0.000926s ]
INFO: [ app_begin ] --END-- [ RunTime:0.001253s ]
SQL: SHOW COLUMNS FROM `whateat_admin_node` [ RunTime:0.2058s ]
SQL: SELECT * FROM `whateat_admin_node` WHERE `controller` = 'Dish' ORDER BY sort LIMIT 1   [ RunTime:0.2044s ]
SQL: SHOW COLUMNS FROM `whateat_dish` [ RunTime:0.2137s ]
NOTIC: [8] Undefined index: validate F:\wamp\www\whateat\ThinkPHP\Library\Think\Model.class.php 第 1185 行.
NOTIC: [8] Undefined index: auto F:\wamp\www\whateat\ThinkPHP\Library\Think\Model.class.php 第 1128 行.
SQL: INSERT INTO `whateat_dish` (`name`,`description`,`owner`) VALUES ('','好吃','admin') [ RunTime:0.2049s ]
SQL: SHOW COLUMNS FROM `whateat_step` [ RunTime:0.2092s ]
NOTIC: [8] Undefined index: validate F:\wamp\www\whateat\ThinkPHP\Library\Think\Model.class.php 第 1185 行.
NOTIC: [8] Undefined index: auto F:\wamp\www\whateat\ThinkPHP\Library\Think\Model.class.php 第 1128 行.
SQL: INSERT INTO `whateat_step` (`dish_id`,`description`,`sort`) VALUES ('3','chaotant','0') [ RunTime:0.2041s ]

[ 2017-07-07T06:55:36+08:00 ] ::1 /whateat/index.php/Admin/Dish/create.shtml
INFO: [ app_init ] --START--
INFO: Run Behavior\BuildLiteBehavior [ RunTime:0.000040s ]
INFO: [ app_init ] --END-- [ RunTime:0.000781s ]
INFO: [ app_begin ] --START--
INFO: Run Behavior\ReadHtmlCacheBehavior [ RunTime:0.000938s ]
INFO: [ app_begin ] --END-- [ RunTime:0.001099s ]
SQL: SHOW COLUMNS FROM `whateat_admin_node` [ RunTime:0.2058s ]
SQL: SELECT * FROM `whateat_admin_node` WHERE `controller` = 'Dish' ORDER BY sort LIMIT 1   [ RunTime:0.2169s ]
SQL: SHOW COLUMNS FROM `whateat_dish` [ RunTime:0.2011s ]
NOTIC: [8] Undefined index: validate F:\wamp\www\whateat\ThinkPHP\Library\Think\Model.class.php 第 1185 行.
NOTIC: [8] Undefined index: auto F:\wamp\www\whateat\ThinkPHP\Library\Think\Model.class.php 第 1128 行.
SQL: INSERT INTO `whateat_dish` (`name`,`description`,`owner`) VALUES ('','好吃','admin') [ RunTime:0.2026s ]
SQL: SHOW COLUMNS FROM `whateat_step` [ RunTime:0.2149s ]
NOTIC: [8] Undefined index: validate F:\wamp\www\whateat\ThinkPHP\Library\Think\Model.class.php 第 1185 行.
NOTIC: [8] Undefined index: auto F:\wamp\www\whateat\ThinkPHP\Library\Think\Model.class.php 第 1128 行.
SQL: INSERT INTO `whateat_step` (`dish_id`,`description`,`sort`) VALUES ('4','chaotant','0') [ RunTime:0.2462s ]
SQL: SHOW COLUMNS FROM `whateat_ingredient` [ RunTime:0.2008s ]
NOTIC: [8] Undefined index: validate F:\wamp\www\whateat\ThinkPHP\Library\Think\Model.class.php 第 1185 行.
NOTIC: [8] Undefined index: auto F:\wamp\www\whateat\ThinkPHP\Library\Think\Model.class.php 第 1128 行.

[ 2017-07-07T06:55:43+08:00 ] ::1 /whateat/index.php/Admin/Dish/create.shtml
INFO: [ app_init ] --START--
INFO: Run Behavior\BuildLiteBehavior [ RunTime:0.000041s ]
INFO: [ app_init ] --END-- [ RunTime:0.000659s ]
INFO: [ app_begin ] --START--
INFO: Run Behavior\ReadHtmlCacheBehavior [ RunTime:0.000981s ]
INFO: [ app_begin ] --END-- [ RunTime:0.001266s ]
SQL: SHOW COLUMNS FROM `whateat_admin_node` [ RunTime:0.2012s ]
SQL: SELECT * FROM `whateat_admin_node` WHERE `controller` = 'Dish' ORDER BY sort LIMIT 1   [ RunTime:0.2070s ]
SQL: SHOW COLUMNS FROM `whateat_ingredient` [ RunTime:0.2018s ]
SQL: SELECT * FROM `whateat_ingredient` ORDER BY id desc  [ RunTime:0.2011s ]
SQL: SHOW COLUMNS FROM `whateat_flavour` [ RunTime:0.2097s ]
SQL: SELECT * FROM `whateat_flavour` ORDER BY id desc  [ RunTime:0.2004s ]
NOTIC: [2] Missing argument 1 for Think\Controller::show(), called in F:\wamp\www\whateat\Application\Admin\Controller\DishController.class.php on line 34 and defined F:\wamp\www\whateat\ThinkPHP\Library\Think\Controller.class.php 第 68 行.
NOTIC: [8] Undefined variable: content F:\wamp\www\whateat\ThinkPHP\Library\Think\Controller.class.php 第 69 行.
INFO: [ view_parse ] --START--
INFO: [ template_filter ] --START--
INFO: Run Behavior\ContentReplaceBehavior [ RunTime:0.000270s ]
INFO: [ template_filter ] --END-- [ RunTime:0.000638s ]
INFO: Run Behavior\ParseTemplateBehavior [ RunTime:0.015652s ]
INFO: [ view_parse ] --END-- [ RunTime:0.015962s ]
INFO: [ view_filter ] --START--
INFO: Run Behavior\WriteHtmlCacheBehavior [ RunTime:0.001085s ]
INFO: Run Behavior\TokenBuildBehavior [ RunTime:0.001309s ]
INFO: [ view_filter ] --END-- [ RunTime:0.002742s ]
INFO: [ app_end ] --START--
INFO: Run Behavior\ShowPageTraceBehavior [ RunTime:0.000826s ]
INFO: [ app_end ] --END-- [ RunTime:0.000987s ]

[ 2017-07-07T06:56:00+08:00 ] ::1 /whateat/index.php/Admin/Dish/create.shtml
INFO: [ app_init ] --START--
INFO: Run Behavior\BuildLiteBehavior [ RunTime:0.000087s ]
INFO: [ app_init ] --END-- [ RunTime:0.001426s ]
INFO: [ app_begin ] --START--
INFO: Run Behavior\ReadHtmlCacheBehavior [ RunTime:0.000686s ]
INFO: [ app_begin ] --END-- [ RunTime:0.000904s ]
SQL: SHOW COLUMNS FROM `whateat_admin_node` [ RunTime:0.2528s ]
SQL: SELECT * FROM `whateat_admin_node` WHERE `controller` = 'Dish' ORDER BY sort LIMIT 1   [ RunTime:0.2550s ]
SQL: SHOW COLUMNS FROM `whateat_dish` [ RunTime:0.2631s ]
NOTIC: [8] Undefined index: validate F:\wamp\www\whateat\ThinkPHP\Library\Think\Model.class.php 第 1185 行.
NOTIC: [8] Undefined index: auto F:\wamp\www\whateat\ThinkPHP\Library\Think\Model.class.php 第 1128 行.
SQL: INSERT INTO `whateat_dish` (`name`,`description`,`owner`) VALUES ('','好吃','admin') [ RunTime:0.2531s ]
SQL: SHOW COLUMNS FROM `whateat_step` [ RunTime:0.2527s ]
NOTIC: [8] Undefined index: validate F:\wamp\www\whateat\ThinkPHP\Library\Think\Model.class.php 第 1185 行.
NOTIC: [8] Undefined index: auto F:\wamp\www\whateat\ThinkPHP\Library\Think\Model.class.php 第 1128 行.
SQL: INSERT INTO `whateat_step` (`dish_id`,`description`,`sort`) VALUES ('5','chaotant','0') [ RunTime:0.2591s ]
SQL: SHOW COLUMNS FROM `whateat_ingredient` [ RunTime:0.2569s ]
NOTIC: [8] Undefined index: validate F:\wamp\www\whateat\ThinkPHP\Library\Think\Model.class.php 第 1185 行.
NOTIC: [8] Undefined index: auto F:\wamp\www\whateat\ThinkPHP\Library\Think\Model.class.php 第 1128 行.

[ 2017-07-07T06:58:05+08:00 ] ::1 /whateat/index.php/Admin/Ingredient/ingredient.shtml
INFO: [ app_init ] --START--
INFO: Run Behavior\BuildLiteBehavior [ RunTime:0.000071s ]
INFO: [ app_init ] --END-- [ RunTime:0.001049s ]
INFO: [ app_begin ] --START--
INFO: Run Behavior\ReadHtmlCacheBehavior [ RunTime:0.000937s ]
INFO: [ app_begin ] --END-- [ RunTime:0.001151s ]
SQL: SHOW COLUMNS FROM `whateat_admin_node` [ RunTime:0.2022s ]
SQL: SELECT * FROM `whateat_admin_node` WHERE `controller` = 'Ingredient' ORDER BY sort LIMIT 1   [ RunTime:0.1996s ]
SQL: SHOW COLUMNS FROM `whateat_ingredient` [ RunTime:0.1977s ]
SQL: SELECT * FROM `whateat_ingredient` ORDER BY id desc  [ RunTime:0.1972s ]
NOTIC: [8] Undefined variable: shop_list F:\wamp\www\whateat\Application\Admin\Controller\IngredientController.class.php 第 18 行.
NOTIC: [2] Invalid argument supplied for foreach() F:\wamp\www\whateat\Application\Admin\Controller\IngredientController.class.php 第 18 行.
INFO: [ view_parse ] --START--
INFO: [ template_filter ] --START--
INFO: Run Behavior\ContentReplaceBehavior [ RunTime:0.000113s ]
INFO: [ template_filter ] --END-- [ RunTime:0.000317s ]
INFO: Run Behavior\ParseTemplateBehavior [ RunTime:0.032872s ]
INFO: [ view_parse ] --END-- [ RunTime:0.033249s ]
INFO: [ view_filter ] --START--
INFO: Run Behavior\WriteHtmlCacheBehavior [ RunTime:0.001129s ]
INFO: Run Behavior\TokenBuildBehavior [ RunTime:0.001482s ]
INFO: [ view_filter ] --END-- [ RunTime:0.003152s ]
INFO: [ app_end ] --START--
INFO: Run Behavior\ShowPageTraceBehavior [ RunTime:0.001248s ]
INFO: [ app_end ] --END-- [ RunTime:0.001502s ]

[ 2017-07-07T06:58:07+08:00 ] ::1 /whateat/index.php/Admin/Ingredient/create.shtml
INFO: [ app_init ] --START--
INFO: Run Behavior\BuildLiteBehavior [ RunTime:0.000040s ]
INFO: [ app_init ] --END-- [ RunTime:0.000623s ]
INFO: [ app_begin ] --START--
INFO: Run Behavior\ReadHtmlCacheBehavior [ RunTime:0.001452s ]
INFO: [ app_begin ] --END-- [ RunTime:0.001825s ]
SQL: SHOW COLUMNS FROM `whateat_admin_node` [ RunTime:0.2020s ]
SQL: SELECT * FROM `whateat_admin_node` WHERE `controller` = 'Ingredient' ORDER BY sort LIMIT 1   [ RunTime:0.2260s ]
NOTIC: [2] Missing argument 1 for Think\Controller::show(), called in F:\wamp\www\whateat\Application\Admin\Controller\IngredientController.class.php on line 27 and defined F:\wamp\www\whateat\ThinkPHP\Library\Think\Controller.class.php 第 68 行.
NOTIC: [8] Undefined variable: content F:\wamp\www\whateat\ThinkPHP\Library\Think\Controller.class.php 第 69 行.
INFO: [ view_parse ] --START--
INFO: [ template_filter ] --START--
INFO: Run Behavior\ContentReplaceBehavior [ RunTime:0.000204s ]
INFO: [ template_filter ] --END-- [ RunTime:0.000600s ]
INFO: Run Behavior\ParseTemplateBehavior [ RunTime:0.029797s ]
INFO: [ view_parse ] --END-- [ RunTime:0.030136s ]
INFO: [ view_filter ] --START--
INFO: Run Behavior\WriteHtmlCacheBehavior [ RunTime:0.001097s ]
INFO: Run Behavior\TokenBuildBehavior [ RunTime:0.001303s ]
INFO: [ view_filter ] --END-- [ RunTime:0.002817s ]
INFO: [ app_end ] --START--
INFO: Run Behavior\ShowPageTraceBehavior [ RunTime:0.000739s ]
INFO: [ app_end ] --END-- [ RunTime:0.000900s ]

[ 2017-07-07T06:58:21+08:00 ] ::1 /whateat/index.php/Admin/Ingredient/post.shtml?method=create
INFO: [ app_init ] --START--
INFO: Run Behavior\BuildLiteBehavior [ RunTime:0.000037s ]
INFO: [ app_init ] --END-- [ RunTime:0.000610s ]
INFO: [ app_begin ] --START--
INFO: Run Behavior\ReadHtmlCacheBehavior [ RunTime:0.000985s ]
INFO: [ app_begin ] --END-- [ RunTime:0.001345s ]
SQL: SHOW COLUMNS FROM `whateat_admin_node` [ RunTime:0.2543s ]
SQL: SELECT * FROM `whateat_admin_node` WHERE `controller` = 'Ingredient' ORDER BY sort LIMIT 1   [ RunTime:0.2547s ]
SQL: SHOW COLUMNS FROM `whateat_ingredient` [ RunTime:0.2557s ]
NOTIC: [8] Undefined index: validate F:\wamp\www\whateat\ThinkPHP\Library\Think\Model.class.php 第 1185 行.
NOTIC: [8] Undefined index: auto F:\wamp\www\whateat\ThinkPHP\Library\Think\Model.class.php 第 1128 行.
SQL: INSERT INTO `whateat_ingredient` (`name`,`description`) VALUES ('土豆','土里的苹果') [ RunTime:0.2531s ]

[ 2017-07-07T06:58:24+08:00 ] ::1 /whateat/index.php/Admin/Ingredient/ingredient.shtml
INFO: [ app_init ] --START--
INFO: Run Behavior\BuildLiteBehavior [ RunTime:0.000040s ]
INFO: [ app_init ] --END-- [ RunTime:0.000599s ]
INFO: [ app_begin ] --START--
INFO: Run Behavior\ReadHtmlCacheBehavior [ RunTime:0.000635s ]
INFO: [ app_begin ] --END-- [ RunTime:0.000809s ]
SQL: SHOW COLUMNS FROM `whateat_admin_node` [ RunTime:0.2023s ]
SQL: SELECT * FROM `whateat_admin_node` WHERE `controller` = 'Ingredient' ORDER BY sort LIMIT 1   [ RunTime:0.2056s ]
SQL: SHOW COLUMNS FROM `whateat_ingredient` [ RunTime:0.2026s ]
SQL: SELECT * FROM `whateat_ingredient` ORDER BY id desc  [ RunTime:0.2017s ]
NOTIC: [8] Undefined variable: shop_list F:\wamp\www\whateat\Application\Admin\Controller\IngredientController.class.php 第 18 行.
NOTIC: [2] Invalid argument supplied for foreach() F:\wamp\www\whateat\Application\Admin\Controller\IngredientController.class.php 第 18 行.
INFO: [ view_parse ] --START--
INFO: [ template_filter ] --START--
INFO: Run Behavior\ContentReplaceBehavior [ RunTime:0.000185s ]
INFO: [ template_filter ] --END-- [ RunTime:0.000574s ]
INFO: Run Behavior\ParseTemplateBehavior [ RunTime:0.013526s ]
INFO: [ view_parse ] --END-- [ RunTime:0.013708s ]
INFO: [ view_filter ] --START--
INFO: Run Behavior\WriteHtmlCacheBehavior [ RunTime:0.000760s ]
INFO: Run Behavior\TokenBuildBehavior [ RunTime:0.001182s ]
INFO: [ view_filter ] --END-- [ RunTime:0.002260s ]
INFO: [ app_end ] --START--
INFO: Run Behavior\ShowPageTraceBehavior [ RunTime:0.001093s ]
INFO: [ app_end ] --END-- [ RunTime:0.001376s ]

[ 2017-07-07T06:58:28+08:00 ] ::1 /whateat/index.php/Admin/Flavour/flavour.shtml
INFO: [ app_init ] --START--
INFO: Run Behavior\BuildLiteBehavior [ RunTime:0.000051s ]
INFO: [ app_init ] --END-- [ RunTime:0.000632s ]
INFO: [ app_begin ] --START--
INFO: Run Behavior\ReadHtmlCacheBehavior [ RunTime:0.000611s ]
INFO: [ app_begin ] --END-- [ RunTime:0.000781s ]
SQL: SHOW COLUMNS FROM `whateat_admin_node` [ RunTime:0.2508s ]
SQL: SELECT * FROM `whateat_admin_node` WHERE `controller` = 'Flavour' ORDER BY sort LIMIT 1   [ RunTime:0.2532s ]
SQL: SHOW COLUMNS FROM `whateat_flavour` [ RunTime:0.2521s ]
SQL: SELECT * FROM `whateat_flavour` ORDER BY id desc  [ RunTime:0.2533s ]
NOTIC: [8] Undefined variable: shop_list F:\wamp\www\whateat\Application\Admin\Controller\FlavourController.class.php 第 18 行.
NOTIC: [2] Invalid argument supplied for foreach() F:\wamp\www\whateat\Application\Admin\Controller\FlavourController.class.php 第 18 行.
INFO: [ view_parse ] --START--
INFO: [ template_filter ] --START--
INFO: Run Behavior\ContentReplaceBehavior [ RunTime:0.000226s ]
INFO: [ template_filter ] --END-- [ RunTime:0.000618s ]
INFO: Run Behavior\ParseTemplateBehavior [ RunTime:0.030825s ]
INFO: [ view_parse ] --END-- [ RunTime:0.031106s ]
INFO: [ view_filter ] --START--
INFO: Run Behavior\WriteHtmlCacheBehavior [ RunTime:0.000774s ]
INFO: Run Behavior\TokenBuildBehavior [ RunTime:0.000930s ]
INFO: [ view_filter ] --END-- [ RunTime:0.001985s ]
INFO: [ app_end ] --START--
INFO: Run Behavior\ShowPageTraceBehavior [ RunTime:0.000718s ]
INFO: [ app_end ] --END-- [ RunTime:0.000876s ]

[ 2017-07-07T06:58:44+08:00 ] ::1 /whateat/index.php/Admin/Flavour/create.shtml
INFO: [ app_init ] --START--
INFO: Run Behavior\BuildLiteBehavior [ RunTime:0.000067s ]
INFO: [ app_init ] --END-- [ RunTime:0.000955s ]
INFO: [ app_begin ] --START--
INFO: Run Behavior\ReadHtmlCacheBehavior [ RunTime:0.001027s ]
INFO: [ app_begin ] --END-- [ RunTime:0.001395s ]
SQL: SHOW COLUMNS FROM `whateat_admin_node` [ RunTime:0.2060s ]
SQL: SELECT * FROM `whateat_admin_node` WHERE `controller` = 'Flavour' ORDER BY sort LIMIT 1   [ RunTime:0.2121s ]
NOTIC: [2] Missing argument 1 for Think\Controller::show(), called in F:\wamp\www\whateat\Application\Admin\Controller\FlavourController.class.php on line 27 and defined F:\wamp\www\whateat\ThinkPHP\Library\Think\Controller.class.php 第 68 行.
NOTIC: [8] Undefined variable: content F:\wamp\www\whateat\ThinkPHP\Library\Think\Controller.class.php 第 69 行.
INFO: [ view_parse ] --START--
INFO: [ template_filter ] --START--
INFO: Run Behavior\ContentReplaceBehavior [ RunTime:0.000106s ]
INFO: [ template_filter ] --END-- [ RunTime:0.000311s ]
INFO: Run Behavior\ParseTemplateBehavior [ RunTime:0.089872s ]
INFO: [ view_parse ] --END-- [ RunTime:0.090168s ]
INFO: [ view_filter ] --START--
INFO: Run Behavior\WriteHtmlCacheBehavior [ RunTime:0.001049s ]
INFO: Run Behavior\TokenBuildBehavior [ RunTime:0.001397s ]
INFO: [ view_filter ] --END-- [ RunTime:0.002944s ]
INFO: [ app_end ] --START--
INFO: Run Behavior\ShowPageTraceBehavior [ RunTime:0.000935s ]
INFO: [ app_end ] --END-- [ RunTime:0.001177s ]

[ 2017-07-07T06:58:56+08:00 ] ::1 /whateat/index.php/Admin/Flavour/post.shtml?method=create
INFO: [ app_init ] --START--
INFO: Run Behavior\BuildLiteBehavior [ RunTime:0.000037s ]
INFO: [ app_init ] --END-- [ RunTime:0.000589s ]
INFO: [ app_begin ] --START--
INFO: Run Behavior\ReadHtmlCacheBehavior [ RunTime:0.000621s ]
INFO: [ app_begin ] --END-- [ RunTime:0.000800s ]
SQL: SHOW COLUMNS FROM `whateat_admin_node` [ RunTime:0.2521s ]
SQL: SELECT * FROM `whateat_admin_node` WHERE `controller` = 'Flavour' ORDER BY sort LIMIT 1   [ RunTime:0.2525s ]
SQL: SHOW COLUMNS FROM `whateat_flavour` [ RunTime:0.2699s ]
NOTIC: [8] Undefined index: validate F:\wamp\www\whateat\ThinkPHP\Library\Think\Model.class.php 第 1185 行.
NOTIC: [8] Undefined index: auto F:\wamp\www\whateat\ThinkPHP\Library\Think\Model.class.php 第 1128 行.
SQL: INSERT INTO `whateat_flavour` (`name`,`description`) VALUES ('酱油','酱油呀') [ RunTime:0.2517s ]

[ 2017-07-07T06:59:00+08:00 ] ::1 /whateat/index.php/Admin/Flavour/flavour.shtml
INFO: [ app_init ] --START--
INFO: Run Behavior\BuildLiteBehavior [ RunTime:0.000043s ]
INFO: [ app_init ] --END-- [ RunTime:0.000711s ]
INFO: [ app_begin ] --START--
INFO: Run Behavior\ReadHtmlCacheBehavior [ RunTime:0.000640s ]
INFO: [ app_begin ] --END-- [ RunTime:0.000816s ]
SQL: SHOW COLUMNS FROM `whateat_admin_node` [ RunTime:0.2097s ]
SQL: SELECT * FROM `whateat_admin_node` WHERE `controller` = 'Flavour' ORDER BY sort LIMIT 1   [ RunTime:0.2048s ]
SQL: SHOW COLUMNS FROM `whateat_flavour` [ RunTime:0.2116s ]
SQL: SELECT * FROM `whateat_flavour` ORDER BY id desc  [ RunTime:0.2080s ]
NOTIC: [8] Undefined variable: shop_list F:\wamp\www\whateat\Application\Admin\Controller\FlavourController.class.php 第 18 行.
NOTIC: [2] Invalid argument supplied for foreach() F:\wamp\www\whateat\Application\Admin\Controller\FlavourController.class.php 第 18 行.
INFO: [ view_parse ] --START--
INFO: [ template_filter ] --START--
INFO: Run Behavior\ContentReplaceBehavior [ RunTime:0.000116s ]
INFO: [ template_filter ] --END-- [ RunTime:0.000321s ]
INFO: Run Behavior\ParseTemplateBehavior [ RunTime:0.011038s ]
INFO: [ view_parse ] --END-- [ RunTime:0.011219s ]
INFO: [ view_filter ] --START--
INFO: Run Behavior\WriteHtmlCacheBehavior [ RunTime:0.000766s ]
INFO: Run Behavior\TokenBuildBehavior [ RunTime:0.000959s ]
INFO: [ view_filter ] --END-- [ RunTime:0.001988s ]
INFO: [ app_end ] --START--
INFO: Run Behavior\ShowPageTraceBehavior [ RunTime:0.001160s ]
INFO: [ app_end ] --END-- [ RunTime:0.001438s ]

[ 2017-07-07T06:59:02+08:00 ] ::1 /whateat/index.php/Admin/Dish/dish.shtml
INFO: [ app_init ] --START--
INFO: Run Behavior\BuildLiteBehavior [ RunTime:0.000075s ]
INFO: [ app_init ] --END-- [ RunTime:0.000953s ]
INFO: [ app_begin ] --START--
INFO: Run Behavior\ReadHtmlCacheBehavior [ RunTime:0.000637s ]
INFO: [ app_begin ] --END-- [ RunTime:0.000820s ]
SQL: SHOW COLUMNS FROM `whateat_admin_node` [ RunTime:0.2016s ]
SQL: SELECT * FROM `whateat_admin_node` WHERE `controller` = 'Dish' ORDER BY sort LIMIT 1   [ RunTime:0.2002s ]
SQL: SHOW COLUMNS FROM `whateat_dish` [ RunTime:0.2129s ]
SQL: SELECT * FROM `whateat_dish` ORDER BY id desc  [ RunTime:0.2550s ]
NOTIC: [8] Undefined variable: shop_list F:\wamp\www\whateat\Application\Admin\Controller\DishController.class.php 第 18 行.
NOTIC: [2] Invalid argument supplied for foreach() F:\wamp\www\whateat\Application\Admin\Controller\DishController.class.php 第 18 行.
INFO: [ view_parse ] --START--
INFO: [ template_filter ] --START--
INFO: Run Behavior\ContentReplaceBehavior [ RunTime:0.000203s ]
INFO: [ template_filter ] --END-- [ RunTime:0.000595s ]
INFO: Run Behavior\ParseTemplateBehavior [ RunTime:0.016655s ]
INFO: [ view_parse ] --END-- [ RunTime:0.016921s ]
INFO: [ view_filter ] --START--
INFO: Run Behavior\WriteHtmlCacheBehavior [ RunTime:0.000748s ]
INFO: Run Behavior\TokenBuildBehavior [ RunTime:0.000990s ]
INFO: [ view_filter ] --END-- [ RunTime:0.001986s ]
INFO: [ app_end ] --START--
INFO: Run Behavior\ShowPageTraceBehavior [ RunTime:0.000712s ]
INFO: [ app_end ] --END-- [ RunTime:0.000872s ]

[ 2017-07-07T06:59:12+08:00 ] ::1 /whateat/index.php/Admin/Dish/create.shtml
INFO: [ app_init ] --START--
INFO: Run Behavior\BuildLiteBehavior [ RunTime:0.000036s ]
INFO: [ app_init ] --END-- [ RunTime:0.000596s ]
INFO: [ app_begin ] --START--
INFO: Run Behavior\ReadHtmlCacheBehavior [ RunTime:0.001010s ]
INFO: [ app_begin ] --END-- [ RunTime:0.001307s ]
SQL: SHOW COLUMNS FROM `whateat_admin_node` [ RunTime:0.2089s ]
SQL: SELECT * FROM `whateat_admin_node` WHERE `controller` = 'Dish' ORDER BY sort LIMIT 1   [ RunTime:0.2104s ]
SQL: SHOW COLUMNS FROM `whateat_ingredient` [ RunTime:0.2035s ]
SQL: SELECT * FROM `whateat_ingredient` ORDER BY id desc  [ RunTime:0.2040s ]
SQL: SHOW COLUMNS FROM `whateat_flavour` [ RunTime:0.2067s ]
SQL: SELECT * FROM `whateat_flavour` ORDER BY id desc  [ RunTime:0.2155s ]
NOTIC: [2] Missing argument 1 for Think\Controller::show(), called in F:\wamp\www\whateat\Application\Admin\Controller\DishController.class.php on line 34 and defined F:\wamp\www\whateat\ThinkPHP\Library\Think\Controller.class.php 第 68 行.
NOTIC: [8] Undefined variable: content F:\wamp\www\whateat\ThinkPHP\Library\Think\Controller.class.php 第 69 行.
INFO: [ view_parse ] --START--
INFO: [ template_filter ] --START--
INFO: Run Behavior\ContentReplaceBehavior [ RunTime:0.000156s ]
INFO: [ template_filter ] --END-- [ RunTime:0.000370s ]
INFO: Run Behavior\ParseTemplateBehavior [ RunTime:0.009319s ]
INFO: [ view_parse ] --END-- [ RunTime:0.009586s ]
INFO: [ view_filter ] --START--
INFO: Run Behavior\WriteHtmlCacheBehavior [ RunTime:0.001083s ]
INFO: Run Behavior\TokenBuildBehavior [ RunTime:0.001730s ]
INFO: [ view_filter ] --END-- [ RunTime:0.003350s ]
INFO: [ app_end ] --START--
INFO: Run Behavior\ShowPageTraceBehavior [ RunTime:0.000956s ]
INFO: [ app_end ] --END-- [ RunTime:0.001212s ]

[ 2017-07-07T06:59:40+08:00 ] ::1 /whateat/index.php/Admin/Dish/create.shtml
INFO: [ app_init ] --START--
INFO: Run Behavior\BuildLiteBehavior [ RunTime:0.000038s ]
INFO: [ app_init ] --END-- [ RunTime:0.000634s ]
INFO: [ app_begin ] --START--
INFO: Run Behavior\ReadHtmlCacheBehavior [ RunTime:0.000618s ]
INFO: [ app_begin ] --END-- [ RunTime:0.000766s ]
SQL: SHOW COLUMNS FROM `whateat_admin_node` [ RunTime:0.2669s ]
SQL: SELECT * FROM `whateat_admin_node` WHERE `controller` = 'Dish' ORDER BY sort LIMIT 1   [ RunTime:0.2535s ]
SQL: SHOW COLUMNS FROM `whateat_dish` [ RunTime:0.2610s ]
NOTIC: [8] Undefined index: validate F:\wamp\www\whateat\ThinkPHP\Library\Think\Model.class.php 第 1185 行.
NOTIC: [8] Undefined index: auto F:\wamp\www\whateat\ThinkPHP\Library\Think\Model.class.php 第 1128 行.
SQL: INSERT INTO `whateat_dish` (`name`,`description`,`owner`) VALUES ('红烧土豆','好吃','admin') [ RunTime:0.2554s ]
SQL: SHOW COLUMNS FROM `whateat_step` [ RunTime:0.2497s ]
NOTIC: [8] Undefined index: validate F:\wamp\www\whateat\ThinkPHP\Library\Think\Model.class.php 第 1185 行.
NOTIC: [8] Undefined index: auto F:\wamp\www\whateat\ThinkPHP\Library\Think\Model.class.php 第 1128 行.
SQL: INSERT INTO `whateat_step` (`dish_id`,`description`,`sort`) VALUES ('6','chaotant','0') [ RunTime:0.2515s ]
SQL: SHOW COLUMNS FROM `whateat_dish_ingredient` [ RunTime:0.2514s ]
NOTIC: [8] Undefined index: validate F:\wamp\www\whateat\ThinkPHP\Library\Think\Model.class.php 第 1185 行.
NOTIC: [8] Undefined index: auto F:\wamp\www\whateat\ThinkPHP\Library\Think\Model.class.php 第 1128 行.
SQL: INSERT INTO `whateat_dish_ingredient` (`dish_id`,`ingredient_id`,`quantity`,`level`) VALUES ('6','1','300g','1') [ RunTime:0.2506s ]
SQL: SHOW COLUMNS FROM `whateat_dish_flavour` [ RunTime:0.2518s ]
NOTIC: [8] Undefined index: validate F:\wamp\www\whateat\ThinkPHP\Library\Think\Model.class.php 第 1185 行.
NOTIC: [8] Undefined index: auto F:\wamp\www\whateat\ThinkPHP\Library\Think\Model.class.php 第 1128 行.
SQL: INSERT INTO `whateat_dish_flavour` (`dish_id`,`flavour_id`,`quantity`,`level`) VALUES ('6','1','一丢丢','0') [ RunTime:0.2542s ]

[ 2017-07-07T07:00:12+08:00 ] ::1 /whateat/index.php/Admin/Flavour/flavour.shtml
INFO: [ app_init ] --START--
INFO: Run Behavior\BuildLiteBehavior [ RunTime:0.000065s ]
INFO: [ app_init ] --END-- [ RunTime:0.001054s ]
INFO: [ app_begin ] --START--
INFO: Run Behavior\ReadHtmlCacheBehavior [ RunTime:0.001282s ]
INFO: [ app_begin ] --END-- [ RunTime:0.001538s ]
SQL: SHOW COLUMNS FROM `whateat_admin_node` [ RunTime:0.1982s ]
SQL: SELECT * FROM `whateat_admin_node` WHERE `controller` = 'Flavour' ORDER BY sort LIMIT 1   [ RunTime:0.1993s ]
SQL: SHOW COLUMNS FROM `whateat_flavour` [ RunTime:0.1995s ]
SQL: SELECT * FROM `whateat_flavour` ORDER BY id desc  [ RunTime:0.1984s ]
NOTIC: [8] Undefined variable: shop_list F:\wamp\www\whateat\Application\Admin\Controller\FlavourController.class.php 第 18 行.
NOTIC: [2] Invalid argument supplied for foreach() F:\wamp\www\whateat\Application\Admin\Controller\FlavourController.class.php 第 18 行.
INFO: [ view_parse ] --START--
INFO: [ template_filter ] --START--
INFO: Run Behavior\ContentReplaceBehavior [ RunTime:0.000106s ]
INFO: [ template_filter ] --END-- [ RunTime:0.000305s ]
INFO: Run Behavior\ParseTemplateBehavior [ RunTime:0.013247s ]
INFO: [ view_parse ] --END-- [ RunTime:0.013600s ]
INFO: [ view_filter ] --START--
INFO: Run Behavior\WriteHtmlCacheBehavior [ RunTime:0.001121s ]
INFO: Run Behavior\TokenBuildBehavior [ RunTime:0.001503s ]
INFO: [ view_filter ] --END-- [ RunTime:0.003082s ]
INFO: [ app_end ] --START--
INFO: Run Behavior\ShowPageTraceBehavior [ RunTime:0.001242s ]
INFO: [ app_end ] --END-- [ RunTime:0.001561s ]

[ 2017-07-07T07:00:16+08:00 ] ::1 /whateat/index.php/Admin/Ingredient/ingredient.shtml
INFO: [ app_init ] --START--
INFO: Run Behavior\BuildLiteBehavior [ RunTime:0.000073s ]
INFO: [ app_init ] --END-- [ RunTime:0.000946s ]
INFO: [ app_begin ] --START--
INFO: Run Behavior\ReadHtmlCacheBehavior [ RunTime:0.000966s ]
INFO: [ app_begin ] --END-- [ RunTime:0.001325s ]
SQL: SHOW COLUMNS FROM `whateat_admin_node` [ RunTime:0.2014s ]
SQL: SELECT * FROM `whateat_admin_node` WHERE `controller` = 'Ingredient' ORDER BY sort LIMIT 1   [ RunTime:0.2033s ]
SQL: SHOW COLUMNS FROM `whateat_ingredient` [ RunTime:0.2014s ]
SQL: SELECT * FROM `whateat_ingredient` ORDER BY id desc  [ RunTime:0.2015s ]
NOTIC: [8] Undefined variable: shop_list F:\wamp\www\whateat\Application\Admin\Controller\IngredientController.class.php 第 18 行.
NOTIC: [2] Invalid argument supplied for foreach() F:\wamp\www\whateat\Application\Admin\Controller\IngredientController.class.php 第 18 行.
INFO: [ view_parse ] --START--
INFO: [ template_filter ] --START--
INFO: Run Behavior\ContentReplaceBehavior [ RunTime:0.000109s ]
INFO: [ template_filter ] --END-- [ RunTime:0.000388s ]
INFO: Run Behavior\ParseTemplateBehavior [ RunTime:0.013140s ]
INFO: [ view_parse ] --END-- [ RunTime:0.013327s ]
INFO: [ view_filter ] --START--
INFO: Run Behavior\WriteHtmlCacheBehavior [ RunTime:0.000780s ]
INFO: Run Behavior\TokenBuildBehavior [ RunTime:0.000929s ]
INFO: [ view_filter ] --END-- [ RunTime:0.001960s ]
INFO: [ app_end ] --START--
INFO: Run Behavior\ShowPageTraceBehavior [ RunTime:0.000740s ]
INFO: [ app_end ] --END-- [ RunTime:0.000898s ]

[ 2017-07-07T07:00:18+08:00 ] ::1 /whateat/index.php/Admin/Dish/dish.shtml
INFO: [ app_init ] --START--
INFO: Run Behavior\BuildLiteBehavior [ RunTime:0.000040s ]
INFO: [ app_init ] --END-- [ RunTime:0.000819s ]
INFO: [ app_begin ] --START--
INFO: Run Behavior\ReadHtmlCacheBehavior [ RunTime:0.001201s ]
INFO: [ app_begin ] --END-- [ RunTime:0.001484s ]
SQL: SHOW COLUMNS FROM `whateat_admin_node` [ RunTime:0.2171s ]
SQL: SELECT * FROM `whateat_admin_node` WHERE `controller` = 'Dish' ORDER BY sort LIMIT 1   [ RunTime:0.2439s ]
SQL: SHOW COLUMNS FROM `whateat_dish` [ RunTime:0.2022s ]
SQL: SELECT * FROM `whateat_dish` ORDER BY id desc  [ RunTime:0.2015s ]
NOTIC: [8] Undefined variable: shop_list F:\wamp\www\whateat\Application\Admin\Controller\DishController.class.php 第 18 行.
NOTIC: [2] Invalid argument supplied for foreach() F:\wamp\www\whateat\Application\Admin\Controller\DishController.class.php 第 18 行.
INFO: [ view_parse ] --START--
INFO: [ template_filter ] --START--
INFO: Run Behavior\ContentReplaceBehavior [ RunTime:0.000100s ]
INFO: [ template_filter ] --END-- [ RunTime:0.000271s ]
INFO: Run Behavior\ParseTemplateBehavior [ RunTime:0.015061s ]
INFO: [ view_parse ] --END-- [ RunTime:0.015491s ]
INFO: [ view_filter ] --START--
INFO: Run Behavior\WriteHtmlCacheBehavior [ RunTime:0.001431s ]
INFO: Run Behavior\TokenBuildBehavior [ RunTime:0.001732s ]
INFO: [ view_filter ] --END-- [ RunTime:0.003697s ]
INFO: [ app_end ] --START--
INFO: Run Behavior\ShowPageTraceBehavior [ RunTime:0.001186s ]
INFO: [ app_end ] --END-- [ RunTime:0.001447s ]

[ 2017-07-07T07:00:20+08:00 ] ::1 /whateat/index.php/Admin/Dish/dish.shtml
INFO: [ app_init ] --START--
INFO: Run Behavior\BuildLiteBehavior [ RunTime:0.000037s ]
INFO: [ app_init ] --END-- [ RunTime:0.000606s ]
INFO: [ app_begin ] --START--
INFO: Run Behavior\ReadHtmlCacheBehavior [ RunTime:0.000693s ]
INFO: [ app_begin ] --END-- [ RunTime:0.000948s ]
SQL: SHOW COLUMNS FROM `whateat_admin_node` [ RunTime:0.2084s ]
SQL: SELECT * FROM `whateat_admin_node` WHERE `controller` = 'Dish' ORDER BY sort LIMIT 1   [ RunTime:0.2024s ]
SQL: SHOW COLUMNS FROM `whateat_dish` [ RunTime:0.2026s ]
SQL: SELECT * FROM `whateat_dish` ORDER BY id desc  [ RunTime:0.2000s ]
NOTIC: [8] Undefined variable: shop_list F:\wamp\www\whateat\Application\Admin\Controller\DishController.class.php 第 18 行.
NOTIC: [2] Invalid argument supplied for foreach() F:\wamp\www\whateat\Application\Admin\Controller\DishController.class.php 第 18 行.
INFO: [ view_parse ] --START--
INFO: [ template_filter ] --START--
INFO: Run Behavior\ContentReplaceBehavior [ RunTime:0.000210s ]
INFO: [ template_filter ] --END-- [ RunTime:0.000595s ]
INFO: Run Behavior\ParseTemplateBehavior [ RunTime:0.013535s ]
INFO: [ view_parse ] --END-- [ RunTime:0.013730s ]
INFO: [ view_filter ] --START--
INFO: Run Behavior\WriteHtmlCacheBehavior [ RunTime:0.000686s ]
INFO: Run Behavior\TokenBuildBehavior [ RunTime:0.001184s ]
INFO: [ view_filter ] --END-- [ RunTime:0.002126s ]
INFO: [ app_end ] --START--
INFO: Run Behavior\ShowPageTraceBehavior [ RunTime:0.000913s ]
INFO: [ app_end ] --END-- [ RunTime:0.001151s ]

[ 2017-07-07T07:00:23+08:00 ] ::1 /whateat/index.php/Admin/Dish/post.shtml?method=delete&id=5
INFO: [ app_init ] --START--
INFO: Run Behavior\BuildLiteBehavior [ RunTime:0.000072s ]
INFO: [ app_init ] --END-- [ RunTime:0.001008s ]
INFO: [ app_begin ] --START--
INFO: Run Behavior\ReadHtmlCacheBehavior [ RunTime:0.000968s ]
INFO: [ app_begin ] --END-- [ RunTime:0.001309s ]
SQL: SHOW COLUMNS FROM `whateat_admin_node` [ RunTime:0.2634s ]
SQL: SELECT * FROM `whateat_admin_node` WHERE `controller` = 'Dish' ORDER BY sort LIMIT 1   [ RunTime:0.2601s ]
SQL: SHOW COLUMNS FROM `whateat_dish` [ RunTime:0.3028s ]
ERR: 1146:Table 'admin_whateat.whateat_operator' doesn't exist
 [ SQL语句 ] : SHOW COLUMNS FROM `whateat_operator`
ERR: 1146:Table 'admin_whateat.whateat_operator' doesn't exist
 [ SQL语句 ] : SHOW COLUMNS FROM `whateat_operator`

