[ 2017-01-20T04:48:58+08:00 ] ::1 /westylegit/code/index.php/Admin/Index/
INFO: [ app_init ] --START--
INFO: Run Behavior\BuildLiteBehavior [ RunTime:0.000044s ]
INFO: [ app_init ] --END-- [ RunTime:0.031469s ]
INFO: [ app_begin ] --START--
INFO: Run Behavior\ReadHtmlCacheBehavior [ RunTime:0.010614s ]
INFO: [ app_begin ] --END-- [ RunTime:0.011336s ]
SQL: SHOW COLUMNS FROM `westyle_admin_node` [ RunTime:0.1960s ]
SQL: SELECT * FROM `westyle_admin_node` WHERE `controller` = 'Index' ORDER BY sort LIMIT 1   [ RunTime:0.0277s ]
NOTIC: [2] Missing argument 1 for Think\Controller::show(), called in F:\wamp\www\westylegit\code\Application\Admin\Controller\IndexController.class.php on line 156 and defined F:\wamp\www\westylegit\code\ThinkPHP\Library\Think\Controller.class.php 第 68 行.
NOTIC: [8] Undefined variable: content F:\wamp\www\westylegit\code\ThinkPHP\Library\Think\Controller.class.php 第 69 行.
INFO: [ view_parse ] --START--
INFO: [ template_filter ] --START--
INFO: Run Behavior\ContentReplaceBehavior [ RunTime:0.003331s ]
INFO: [ template_filter ] --END-- [ RunTime:0.004061s ]
INFO: Run Behavior\ParseTemplateBehavior [ RunTime:0.295905s ]
INFO: [ view_parse ] --END-- [ RunTime:0.296530s ]
INFO: [ view_filter ] --START--
INFO: Run Behavior\WriteHtmlCacheBehavior [ RunTime:0.026800s ]
INFO: Run Behavior\TokenBuildBehavior [ RunTime:0.014686s ]
INFO: [ view_filter ] --END-- [ RunTime:0.042011s ]
INFO: [ app_end ] --START--
INFO: Run Behavior\ShowPageTraceBehavior [ RunTime:0.007427s ]
INFO: [ app_end ] --END-- [ RunTime:0.007614s ]

[ 2017-01-20T04:48:59+08:00 ] ::1 /westylegit/code/index.php/Admin/Index/about_us.shtml
INFO: [ app_init ] --START--
INFO: Run Behavior\BuildLiteBehavior [ RunTime:0.000034s ]
INFO: [ app_init ] --END-- [ RunTime:0.000621s ]
INFO: [ app_begin ] --START--
INFO: Run Behavior\ReadHtmlCacheBehavior [ RunTime:0.001905s ]
INFO: [ app_begin ] --END-- [ RunTime:0.002282s ]
INFO: [ app_end ] --START--
INFO: Run Behavior\ShowPageTraceBehavior [ RunTime:0.002431s ]
INFO: [ app_end ] --END-- [ RunTime:0.002805s ]

[ 2017-01-20T04:48:59+08:00 ] ::1 /westylegit/code/index.php/Admin/Index/home.shtml
INFO: [ app_init ] --START--
INFO: Run Behavior\BuildLiteBehavior [ RunTime:0.000075s ]
INFO: [ app_init ] --END-- [ RunTime:0.001528s ]
INFO: [ app_begin ] --START--
INFO: Run Behavior\ReadHtmlCacheBehavior [ RunTime:0.009677s ]
INFO: [ app_begin ] --END-- [ RunTime:0.010831s ]
INFO: [ app_end ] --START--
INFO: Run Behavior\ShowPageTraceBehavior [ RunTime:0.002063s ]
INFO: [ app_end ] --END-- [ RunTime:0.002416s ]

[ 2017-01-20T04:49:00+08:00 ] ::1 /westylegit/code/index.php/Admin/Index/top_menu.shtml
INFO: [ app_init ] --START--
INFO: Run Behavior\BuildLiteBehavior [ RunTime:0.001162s ]
INFO: [ app_init ] --END-- [ RunTime:0.002630s ]
INFO: [ app_begin ] --START--
INFO: Run Behavior\ReadHtmlCacheBehavior [ RunTime:0.009593s ]
INFO: [ app_begin ] --END-- [ RunTime:0.011781s ]
NOTIC: [8] Undefined index: pid F:\wamp\www\westylegit\code\Application\Admin\Controller\IndexController.class.php 第 109 行.
NOTIC: [8] Undefined index: pid F:\wamp\www\westylegit\code\Application\Admin\Controller\IndexController.class.php 第 109 行.
NOTIC: [8] Undefined index: pid F:\wamp\www\westylegit\code\Application\Admin\Controller\IndexController.class.php 第 109 行.
NOTIC: [8] Undefined index: pid F:\wamp\www\westylegit\code\Application\Admin\Controller\IndexController.class.php 第 109 行.
NOTIC: [2] Missing argument 1 for Think\Controller::show(), called in F:\wamp\www\westylegit\code\Application\Admin\Controller\IndexController.class.php on line 124 and defined F:\wamp\www\westylegit\code\ThinkPHP\Library\Think\Controller.class.php 第 68 行.
NOTIC: [8] Undefined variable: content F:\wamp\www\westylegit\code\ThinkPHP\Library\Think\Controller.class.php 第 69 行.
INFO: [ view_parse ] --START--
INFO: [ template_filter ] --START--
INFO: Run Behavior\ContentReplaceBehavior [ RunTime:0.000101s ]
INFO: [ template_filter ] --END-- [ RunTime:0.000337s ]
INFO: Run Behavior\ParseTemplateBehavior [ RunTime:0.187723s ]
INFO: [ view_parse ] --END-- [ RunTime:0.187917s ]
INFO: [ view_filter ] --START--
INFO: Run Behavior\WriteHtmlCacheBehavior [ RunTime:0.001457s ]
INFO: Run Behavior\TokenBuildBehavior [ RunTime:0.001716s ]
INFO: [ view_filter ] --END-- [ RunTime:0.003552s ]
INFO: [ app_end ] --START--
INFO: Run Behavior\ShowPageTraceBehavior [ RunTime:0.001724s ]
INFO: [ app_end ] --END-- [ RunTime:0.001920s ]

[ 2017-01-20T04:49:08+08:00 ] ::1 /westylegit/code/index.php/Admin/Index/left_menu?pid=16
INFO: [ app_init ] --START--
INFO: Run Behavior\BuildLiteBehavior [ RunTime:0.000035s ]
INFO: [ app_init ] --END-- [ RunTime:0.000720s ]
INFO: [ app_begin ] --START--
INFO: Run Behavior\ReadHtmlCacheBehavior [ RunTime:0.001144s ]
INFO: [ app_begin ] --END-- [ RunTime:0.001308s ]
NOTIC: [8] Undefined index: pid F:\wamp\www\westylegit\code\Application\Admin\Controller\IndexController.class.php 第 131 行.
NOTIC: [8] Undefined index: pid F:\wamp\www\westylegit\code\Application\Admin\Controller\IndexController.class.php 第 131 行.
NOTIC: [8] Undefined index: pid F:\wamp\www\westylegit\code\Application\Admin\Controller\IndexController.class.php 第 131 行.
NOTIC: [8] Undefined index: pid F:\wamp\www\westylegit\code\Application\Admin\Controller\IndexController.class.php 第 131 行.
NOTIC: [2] Missing argument 1 for Think\Controller::show(), called in F:\wamp\www\westylegit\code\Application\Admin\Controller\IndexController.class.php on line 146 and defined F:\wamp\www\westylegit\code\ThinkPHP\Library\Think\Controller.class.php 第 68 行.
NOTIC: [8] Undefined variable: content F:\wamp\www\westylegit\code\ThinkPHP\Library\Think\Controller.class.php 第 69 行.
INFO: [ view_parse ] --START--
INFO: [ template_filter ] --START--
INFO: Run Behavior\ContentReplaceBehavior [ RunTime:0.000094s ]
INFO: [ template_filter ] --END-- [ RunTime:0.000282s ]
INFO: Run Behavior\ParseTemplateBehavior [ RunTime:0.044782s ]
INFO: [ view_parse ] --END-- [ RunTime:0.045012s ]
INFO: [ view_filter ] --START--
INFO: Run Behavior\WriteHtmlCacheBehavior [ RunTime:0.001071s ]
INFO: Run Behavior\TokenBuildBehavior [ RunTime:0.001566s ]
INFO: [ view_filter ] --END-- [ RunTime:0.002957s ]
INFO: [ app_end ] --START--
INFO: Run Behavior\ShowPageTraceBehavior [ RunTime:0.001396s ]
INFO: [ app_end ] --END-- [ RunTime:0.001621s ]

[ 2017-01-20T04:49:10+08:00 ] ::1 /westylegit/code/index.php/Admin/AlipayTrade/alipay_trade.shtml
INFO: [ app_init ] --START--
INFO: Run Behavior\BuildLiteBehavior [ RunTime:0.000079s ]
INFO: [ app_init ] --END-- [ RunTime:0.001856s ]
INFO: [ app_begin ] --START--
INFO: Run Behavior\ReadHtmlCacheBehavior [ RunTime:0.007792s ]
INFO: [ app_begin ] --END-- [ RunTime:0.008163s ]
SQL: SHOW COLUMNS FROM `westyle_admin_node` [ RunTime:0.0053s ]
SQL: SELECT * FROM `westyle_admin_node` WHERE `controller` = 'AlipayTrade' ORDER BY sort LIMIT 1   [ RunTime:0.0008s ]
SQL: SHOW COLUMNS FROM `westyle_alipay_trade` [ RunTime:0.0055s ]
SQL: SELECT * FROM `westyle_alipay_trade` ORDER BY trans_create_time desc LIMIT 0,20   [ RunTime:0.0956s ]
SQL: SELECT COUNT(*) AS tp_count FROM `westyle_alipay_trade` LIMIT 1   [ RunTime:0.1029s ]
NOTIC: [2] Missing argument 1 for Think\Controller::show(), called in F:\wamp\www\westylegit\code\Application\Admin\Controller\AlipayTradeController.class.php on line 37 and defined F:\wamp\www\westylegit\code\ThinkPHP\Library\Think\Controller.class.php 第 68 行.
NOTIC: [8] Undefined variable: content F:\wamp\www\westylegit\code\ThinkPHP\Library\Think\Controller.class.php 第 69 行.
INFO: [ view_parse ] --START--
INFO: [ template_filter ] --START--
INFO: Run Behavior\ContentReplaceBehavior [ RunTime:0.000232s ]
INFO: [ template_filter ] --END-- [ RunTime:0.000711s ]
INFO: Run Behavior\ParseTemplateBehavior [ RunTime:0.118876s ]
INFO: [ view_parse ] --END-- [ RunTime:0.119316s ]
INFO: [ view_filter ] --START--
INFO: Run Behavior\WriteHtmlCacheBehavior [ RunTime:0.001847s ]
INFO: Run Behavior\TokenBuildBehavior [ RunTime:0.002586s ]
INFO: [ view_filter ] --END-- [ RunTime:0.004926s ]
INFO: [ app_end ] --START--
INFO: Run Behavior\ShowPageTraceBehavior [ RunTime:0.002274s ]
INFO: [ app_end ] --END-- [ RunTime:0.002581s ]

[ 2017-01-20T04:49:25+08:00 ] ::1 /westylegit/code/index.php/Admin/AlipayTrade/search.shtml
INFO: [ app_init ] --START--
INFO: Run Behavior\BuildLiteBehavior [ RunTime:0.000040s ]
INFO: [ app_init ] --END-- [ RunTime:0.000751s ]
INFO: [ app_begin ] --START--
INFO: Run Behavior\ReadHtmlCacheBehavior [ RunTime:0.001200s ]
INFO: [ app_begin ] --END-- [ RunTime:0.001383s ]
SQL: SHOW COLUMNS FROM `westyle_admin_node` [ RunTime:0.0062s ]
SQL: SELECT * FROM `westyle_admin_node` WHERE `controller` = 'AlipayTrade' ORDER BY sort LIMIT 1   [ RunTime:0.0006s ]
NOTIC: [2] Missing argument 1 for Think\Controller::show(), called in F:\wamp\www\westylegit\code\Application\Admin\Controller\AlipayTradeController.class.php on line 73 and defined F:\wamp\www\westylegit\code\ThinkPHP\Library\Think\Controller.class.php 第 68 行.
NOTIC: [8] Undefined variable: content F:\wamp\www\westylegit\code\ThinkPHP\Library\Think\Controller.class.php 第 69 行.
INFO: [ view_parse ] --START--
INFO: [ template_filter ] --START--
INFO: Run Behavior\ContentReplaceBehavior [ RunTime:0.000112s ]
INFO: [ template_filter ] --END-- [ RunTime:0.000280s ]
NOTIC: [8] Undefined variable: trade_list F:\wamp\www\westylegit\code\Application\Runtime\Cache\Admin\b5484c0ea27c3a6786fc4ec6140208bd.php 第 56 行.
INFO: Run Behavior\ParseTemplateBehavior [ RunTime:0.075493s ]
INFO: [ view_parse ] --END-- [ RunTime:0.075722s ]
INFO: [ view_filter ] --START--
INFO: Run Behavior\WriteHtmlCacheBehavior [ RunTime:0.000981s ]
INFO: Run Behavior\TokenBuildBehavior [ RunTime:0.009421s ]
INFO: [ view_filter ] --END-- [ RunTime:0.010682s ]
INFO: [ app_end ] --START--
INFO: Run Behavior\ShowPageTraceBehavior [ RunTime:0.001637s ]
INFO: [ app_end ] --END-- [ RunTime:0.001818s ]

[ 2017-01-20T04:49:28+08:00 ] ::1 /westylegit/code/index.php/Admin/AlipayTrade/alipay_trade.shtml
INFO: [ app_init ] --START--
INFO: Run Behavior\BuildLiteBehavior [ RunTime:0.000039s ]
INFO: [ app_init ] --END-- [ RunTime:0.000761s ]
INFO: [ app_begin ] --START--
INFO: Run Behavior\ReadHtmlCacheBehavior [ RunTime:0.001251s ]
INFO: [ app_begin ] --END-- [ RunTime:0.001503s ]
SQL: SHOW COLUMNS FROM `westyle_admin_node` [ RunTime:0.0086s ]
SQL: SELECT * FROM `westyle_admin_node` WHERE `controller` = 'AlipayTrade' ORDER BY sort LIMIT 1   [ RunTime:0.0005s ]
SQL: SHOW COLUMNS FROM `westyle_alipay_trade` [ RunTime:0.0063s ]
SQL: SELECT * FROM `westyle_alipay_trade` ORDER BY trans_create_time desc LIMIT 0,20   [ RunTime:0.0011s ]
SQL: SELECT COUNT(*) AS tp_count FROM `westyle_alipay_trade` LIMIT 1   [ RunTime:0.0005s ]
NOTIC: [2] Missing argument 1 for Think\Controller::show(), called in F:\wamp\www\westylegit\code\Application\Admin\Controller\AlipayTradeController.class.php on line 37 and defined F:\wamp\www\westylegit\code\ThinkPHP\Library\Think\Controller.class.php 第 68 行.
NOTIC: [8] Undefined variable: content F:\wamp\www\westylegit\code\ThinkPHP\Library\Think\Controller.class.php 第 69 行.
INFO: [ view_parse ] --START--
INFO: [ template_filter ] --START--
INFO: Run Behavior\ContentReplaceBehavior [ RunTime:0.000134s ]
INFO: [ template_filter ] --END-- [ RunTime:0.000319s ]
INFO: Run Behavior\ParseTemplateBehavior [ RunTime:0.018431s ]
INFO: [ view_parse ] --END-- [ RunTime:0.018620s ]
INFO: [ view_filter ] --START--
INFO: Run Behavior\WriteHtmlCacheBehavior [ RunTime:0.001157s ]
INFO: Run Behavior\TokenBuildBehavior [ RunTime:0.001572s ]
INFO: [ view_filter ] --END-- [ RunTime:0.002987s ]
INFO: [ app_end ] --START--
INFO: Run Behavior\ShowPageTraceBehavior [ RunTime:0.001631s ]
INFO: [ app_end ] --END-- [ RunTime:0.001827s ]

[ 2017-01-20T04:49:32+08:00 ] ::1 /westylegit/code/index.php/Admin/AlipayTrade/search.shtml
INFO: [ app_init ] --START--
INFO: Run Behavior\BuildLiteBehavior [ RunTime:0.000077s ]
INFO: [ app_init ] --END-- [ RunTime:0.000917s ]
INFO: [ app_begin ] --START--
INFO: Run Behavior\ReadHtmlCacheBehavior [ RunTime:0.001232s ]
INFO: [ app_begin ] --END-- [ RunTime:0.001423s ]
SQL: SHOW COLUMNS FROM `westyle_admin_node` [ RunTime:0.0058s ]
SQL: SELECT * FROM `westyle_admin_node` WHERE `controller` = 'AlipayTrade' ORDER BY sort LIMIT 1   [ RunTime:0.0005s ]
NOTIC: [2] Missing argument 1 for Think\Controller::show(), called in F:\wamp\www\westylegit\code\Application\Admin\Controller\AlipayTradeController.class.php on line 73 and defined F:\wamp\www\westylegit\code\ThinkPHP\Library\Think\Controller.class.php 第 68 行.
NOTIC: [8] Undefined variable: content F:\wamp\www\westylegit\code\ThinkPHP\Library\Think\Controller.class.php 第 69 行.
INFO: [ view_parse ] --START--
INFO: [ template_filter ] --START--
INFO: Run Behavior\ContentReplaceBehavior [ RunTime:0.000159s ]
INFO: [ template_filter ] --END-- [ RunTime:0.000399s ]
NOTIC: [8] Undefined variable: trade_list F:\wamp\www\westylegit\code\Application\Runtime\Cache\Admin\b5484c0ea27c3a6786fc4ec6140208bd.php 第 56 行.
INFO: Run Behavior\ParseTemplateBehavior [ RunTime:0.018563s ]
INFO: [ view_parse ] --END-- [ RunTime:0.018792s ]
INFO: [ view_filter ] --START--
INFO: Run Behavior\WriteHtmlCacheBehavior [ RunTime:0.001253s ]
INFO: Run Behavior\TokenBuildBehavior [ RunTime:0.001136s ]
INFO: [ view_filter ] --END-- [ RunTime:0.002711s ]
INFO: [ app_end ] --START--
INFO: Run Behavior\ShowPageTraceBehavior [ RunTime:0.001103s ]
INFO: [ app_end ] --END-- [ RunTime:0.001285s ]

[ 2017-01-20T04:49:36+08:00 ] ::1 /westylegit/code/index.php/Admin/AlipayTrade/search.shtml
INFO: [ app_init ] --START--
INFO: Run Behavior\BuildLiteBehavior [ RunTime:0.000056s ]
INFO: [ app_init ] --END-- [ RunTime:0.001144s ]
INFO: [ app_begin ] --START--
INFO: Run Behavior\ReadHtmlCacheBehavior [ RunTime:0.001735s ]
INFO: [ app_begin ] --END-- [ RunTime:0.002002s ]
SQL: SHOW COLUMNS FROM `westyle_admin_node` [ RunTime:0.2595s ]
SQL: SELECT * FROM `westyle_admin_node` WHERE `controller` = 'AlipayTrade' ORDER BY sort LIMIT 1   [ RunTime:0.0005s ]
SQL: SHOW COLUMNS FROM `westyle_alipay_trade` [ RunTime:0.1873s ]
SQL: SELECT * FROM `westyle_alipay_trade` WHERE `partner_trans_id` LIKE '%2017011651489%' AND `trader_email` LIKE '%%' AND `trans_amount` LIKE '%%' AND `subject` LIKE '%%' AND `exchange_rate` LIKE '%%' AND `alipay_buyer_login_id` LIKE '%%' AND `state` LIKE '%%' AND `method` LIKE '%%' ORDER BY trans_create_time desc  [ RunTime:0.0631s ]
NOTIC: [2] Missing argument 1 for Think\Controller::show(), called in F:\wamp\www\westylegit\code\Application\Admin\Controller\AlipayTradeController.class.php on line 73 and defined F:\wamp\www\westylegit\code\ThinkPHP\Library\Think\Controller.class.php 第 68 行.
NOTIC: [8] Undefined variable: content F:\wamp\www\westylegit\code\ThinkPHP\Library\Think\Controller.class.php 第 69 行.
INFO: [ view_parse ] --START--
INFO: [ template_filter ] --START--
INFO: Run Behavior\ContentReplaceBehavior [ RunTime:0.000111s ]
INFO: [ template_filter ] --END-- [ RunTime:0.000313s ]
INFO: Run Behavior\ParseTemplateBehavior [ RunTime:0.024774s ]
INFO: [ view_parse ] --END-- [ RunTime:0.025122s ]
INFO: [ view_filter ] --START--
INFO: Run Behavior\WriteHtmlCacheBehavior [ RunTime:0.001014s ]
INFO: Run Behavior\TokenBuildBehavior [ RunTime:0.001394s ]
INFO: [ view_filter ] --END-- [ RunTime:0.002667s ]
INFO: [ app_end ] --START--
INFO: Run Behavior\ShowPageTraceBehavior [ RunTime:0.001168s ]
INFO: [ app_end ] --END-- [ RunTime:0.001320s ]

[ 2017-01-20T04:49:41+08:00 ] ::1 /westylegit/code/index.php/Admin/AlipayTrade/search.shtml
INFO: [ app_init ] --START--
INFO: Run Behavior\BuildLiteBehavior [ RunTime:0.000044s ]
INFO: [ app_init ] --END-- [ RunTime:0.000834s ]
INFO: [ app_begin ] --START--
INFO: Run Behavior\ReadHtmlCacheBehavior [ RunTime:0.001103s ]
INFO: [ app_begin ] --END-- [ RunTime:0.001272s ]
SQL: SHOW COLUMNS FROM `westyle_admin_node` [ RunTime:0.0051s ]
SQL: SELECT * FROM `westyle_admin_node` WHERE `controller` = 'AlipayTrade' ORDER BY sort LIMIT 1   [ RunTime:0.0006s ]
SQL: SHOW COLUMNS FROM `westyle_alipay_trade` [ RunTime:0.0347s ]
SQL: SELECT * FROM `westyle_alipay_trade` WHERE `partner_trans_id` LIKE '%2017011651489852%' AND `trader_email` LIKE '%%' AND `trans_amount` LIKE '%%' AND `subject` LIKE '%%' AND `exchange_rate` LIKE '%%' AND `alipay_buyer_login_id` LIKE '%%' AND `state` LIKE '%%' AND `method` LIKE '%%' ORDER BY trans_create_time desc  [ RunTime:0.0012s ]
NOTIC: [2] Missing argument 1 for Think\Controller::show(), called in F:\wamp\www\westylegit\code\Application\Admin\Controller\AlipayTradeController.class.php on line 73 and defined F:\wamp\www\westylegit\code\ThinkPHP\Library\Think\Controller.class.php 第 68 行.
NOTIC: [8] Undefined variable: content F:\wamp\www\westylegit\code\ThinkPHP\Library\Think\Controller.class.php 第 69 行.
INFO: [ view_parse ] --START--
INFO: [ template_filter ] --START--
INFO: Run Behavior\ContentReplaceBehavior [ RunTime:0.000165s ]
INFO: [ template_filter ] --END-- [ RunTime:0.000375s ]
INFO: Run Behavior\ParseTemplateBehavior [ RunTime:0.016648s ]
INFO: [ view_parse ] --END-- [ RunTime:0.016856s ]
INFO: [ view_filter ] --START--
INFO: Run Behavior\WriteHtmlCacheBehavior [ RunTime:0.000958s ]
INFO: Run Behavior\TokenBuildBehavior [ RunTime:0.001180s ]
INFO: [ view_filter ] --END-- [ RunTime:0.002388s ]
INFO: [ app_end ] --START--
INFO: Run Behavior\ShowPageTraceBehavior [ RunTime:0.001143s ]
INFO: [ app_end ] --END-- [ RunTime:0.001290s ]

[ 2017-01-20T04:50:29+08:00 ] ::1 /westylegit/code/index.php/Admin/AlipayTrade/alipay_trade.shtml
INFO: [ app_init ] --START--
INFO: Run Behavior\BuildLiteBehavior [ RunTime:0.000040s ]
INFO: [ app_init ] --END-- [ RunTime:0.000833s ]
INFO: [ app_begin ] --START--
INFO: Run Behavior\ReadHtmlCacheBehavior [ RunTime:0.001117s ]
INFO: [ app_begin ] --END-- [ RunTime:0.001306s ]
SQL: SHOW COLUMNS FROM `westyle_admin_node` [ RunTime:0.0093s ]
SQL: SELECT * FROM `westyle_admin_node` WHERE `controller` = 'AlipayTrade' ORDER BY sort LIMIT 1   [ RunTime:0.0008s ]
SQL: SHOW COLUMNS FROM `westyle_alipay_trade` [ RunTime:0.0055s ]
SQL: SELECT * FROM `westyle_alipay_trade` ORDER BY trans_create_time desc LIMIT 0,20   [ RunTime:0.1218s ]
SQL: SELECT COUNT(*) AS tp_count FROM `westyle_alipay_trade` LIMIT 1   [ RunTime:0.0011s ]
NOTIC: [2] Missing argument 1 for Think\Controller::show(), called in F:\wamp\www\westylegit\code\Application\Admin\Controller\AlipayTradeController.class.php on line 37 and defined F:\wamp\www\westylegit\code\ThinkPHP\Library\Think\Controller.class.php 第 68 行.
NOTIC: [8] Undefined variable: content F:\wamp\www\westylegit\code\ThinkPHP\Library\Think\Controller.class.php 第 69 行.
INFO: [ view_parse ] --START--
INFO: [ template_filter ] --START--
INFO: Run Behavior\ContentReplaceBehavior [ RunTime:0.000177s ]
INFO: [ template_filter ] --END-- [ RunTime:0.000450s ]
INFO: Run Behavior\ParseTemplateBehavior [ RunTime:0.042615s ]
INFO: [ view_parse ] --END-- [ RunTime:0.043061s ]
INFO: [ view_filter ] --START--
INFO: Run Behavior\WriteHtmlCacheBehavior [ RunTime:0.001398s ]
INFO: Run Behavior\TokenBuildBehavior [ RunTime:0.002060s ]
INFO: [ view_filter ] --END-- [ RunTime:0.003867s ]
INFO: [ app_end ] --START--
INFO: Run Behavior\ShowPageTraceBehavior [ RunTime:0.001235s ]
INFO: [ app_end ] --END-- [ RunTime:0.001400s ]

[ 2017-01-20T04:50:32+08:00 ] ::1 /westylegit/code/index.php/Admin/AlipayTrade/alipay_trade.shtml
INFO: [ app_init ] --START--
INFO: Run Behavior\BuildLiteBehavior [ RunTime:0.000040s ]
INFO: [ app_init ] --END-- [ RunTime:0.000849s ]
INFO: [ app_begin ] --START--
INFO: Run Behavior\ReadHtmlCacheBehavior [ RunTime:0.001192s ]
INFO: [ app_begin ] --END-- [ RunTime:0.001361s ]
SQL: SHOW COLUMNS FROM `westyle_admin_node` [ RunTime:0.0060s ]
SQL: SELECT * FROM `westyle_admin_node` WHERE `controller` = 'AlipayTrade' ORDER BY sort LIMIT 1   [ RunTime:0.0008s ]
SQL: SHOW COLUMNS FROM `westyle_alipay_trade` [ RunTime:0.0075s ]
SQL: SELECT * FROM `westyle_alipay_trade` ORDER BY trans_create_time desc LIMIT 0,20   [ RunTime:0.1013s ]
SQL: SELECT COUNT(*) AS tp_count FROM `westyle_alipay_trade` LIMIT 1   [ RunTime:0.0004s ]
NOTIC: [2] Missing argument 1 for Think\Controller::show(), called in F:\wamp\www\westylegit\code\Application\Admin\Controller\AlipayTradeController.class.php on line 37 and defined F:\wamp\www\westylegit\code\ThinkPHP\Library\Think\Controller.class.php 第 68 行.
NOTIC: [8] Undefined variable: content F:\wamp\www\westylegit\code\ThinkPHP\Library\Think\Controller.class.php 第 69 行.
INFO: [ view_parse ] --START--
INFO: [ template_filter ] --START--
INFO: Run Behavior\ContentReplaceBehavior [ RunTime:0.000100s ]
INFO: [ template_filter ] --END-- [ RunTime:0.000261s ]
INFO: Run Behavior\ParseTemplateBehavior [ RunTime:0.019728s ]
INFO: [ view_parse ] --END-- [ RunTime:0.019928s ]
INFO: [ view_filter ] --START--
INFO: Run Behavior\WriteHtmlCacheBehavior [ RunTime:0.001218s ]
INFO: Run Behavior\TokenBuildBehavior [ RunTime:0.001414s ]
INFO: [ view_filter ] --END-- [ RunTime:0.002891s ]
INFO: [ app_end ] --START--
INFO: Run Behavior\ShowPageTraceBehavior [ RunTime:0.001348s ]
INFO: [ app_end ] --END-- [ RunTime:0.001517s ]

[ 2017-01-20T04:50:33+08:00 ] ::1 /westylegit/code/index.php/Admin/AlipayTrade/alipay_trade.shtml
INFO: [ app_init ] --START--
INFO: Run Behavior\BuildLiteBehavior [ RunTime:0.000060s ]
INFO: [ app_init ] --END-- [ RunTime:0.000950s ]
INFO: [ app_begin ] --START--
INFO: Run Behavior\ReadHtmlCacheBehavior [ RunTime:0.001308s ]
INFO: [ app_begin ] --END-- [ RunTime:0.001500s ]
SQL: SHOW COLUMNS FROM `westyle_admin_node` [ RunTime:0.0082s ]
SQL: SELECT * FROM `westyle_admin_node` WHERE `controller` = 'AlipayTrade' ORDER BY sort LIMIT 1   [ RunTime:0.0005s ]
SQL: SHOW COLUMNS FROM `westyle_alipay_trade` [ RunTime:0.0060s ]
SQL: SELECT * FROM `westyle_alipay_trade` ORDER BY trans_create_time desc LIMIT 0,20   [ RunTime:0.1116s ]
SQL: SELECT COUNT(*) AS tp_count FROM `westyle_alipay_trade` LIMIT 1   [ RunTime:0.0005s ]
NOTIC: [2] Missing argument 1 for Think\Controller::show(), called in F:\wamp\www\westylegit\code\Application\Admin\Controller\AlipayTradeController.class.php on line 37 and defined F:\wamp\www\westylegit\code\ThinkPHP\Library\Think\Controller.class.php 第 68 行.
NOTIC: [8] Undefined variable: content F:\wamp\www\westylegit\code\ThinkPHP\Library\Think\Controller.class.php 第 69 行.
INFO: [ view_parse ] --START--
INFO: [ template_filter ] --START--
INFO: Run Behavior\ContentReplaceBehavior [ RunTime:0.000098s ]
INFO: [ template_filter ] --END-- [ RunTime:0.000266s ]
INFO: Run Behavior\ParseTemplateBehavior [ RunTime:0.018800s ]
INFO: [ view_parse ] --END-- [ RunTime:0.018998s ]
INFO: [ view_filter ] --START--
INFO: Run Behavior\WriteHtmlCacheBehavior [ RunTime:0.001001s ]
INFO: Run Behavior\TokenBuildBehavior [ RunTime:0.001353s ]
INFO: [ view_filter ] --END-- [ RunTime:0.002603s ]
INFO: [ app_end ] --START--
INFO: Run Behavior\ShowPageTraceBehavior [ RunTime:0.001586s ]
INFO: [ app_end ] --END-- [ RunTime:0.001797s ]

[ 2017-01-20T04:50:34+08:00 ] ::1 /westylegit/code/index.php/Admin/AlipayTrade/search.shtml
INFO: [ app_init ] --START--
INFO: Run Behavior\BuildLiteBehavior [ RunTime:0.000078s ]
INFO: [ app_init ] --END-- [ RunTime:0.001111s ]
INFO: [ app_begin ] --START--
INFO: Run Behavior\ReadHtmlCacheBehavior [ RunTime:0.001651s ]
INFO: [ app_begin ] --END-- [ RunTime:0.002003s ]
SQL: SHOW COLUMNS FROM `westyle_admin_node` [ RunTime:0.0097s ]
SQL: SELECT * FROM `westyle_admin_node` WHERE `controller` = 'AlipayTrade' ORDER BY sort LIMIT 1   [ RunTime:0.0006s ]
NOTIC: [2] Missing argument 1 for Think\Controller::show(), called in F:\wamp\www\westylegit\code\Application\Admin\Controller\AlipayTradeController.class.php on line 74 and defined F:\wamp\www\westylegit\code\ThinkPHP\Library\Think\Controller.class.php 第 68 行.
NOTIC: [8] Undefined variable: content F:\wamp\www\westylegit\code\ThinkPHP\Library\Think\Controller.class.php 第 69 行.
INFO: [ view_parse ] --START--
INFO: [ template_filter ] --START--
INFO: Run Behavior\ContentReplaceBehavior [ RunTime:0.000247s ]
INFO: [ template_filter ] --END-- [ RunTime:0.000516s ]
NOTIC: [8] Undefined variable: trade_list F:\wamp\www\westylegit\code\Application\Runtime\Cache\Admin\b5484c0ea27c3a6786fc4ec6140208bd.php 第 56 行.
INFO: Run Behavior\ParseTemplateBehavior [ RunTime:0.021204s ]
INFO: [ view_parse ] --END-- [ RunTime:0.021446s ]
INFO: [ view_filter ] --START--
INFO: Run Behavior\WriteHtmlCacheBehavior [ RunTime:0.001465s ]
INFO: Run Behavior\TokenBuildBehavior [ RunTime:0.001749s ]
INFO: [ view_filter ] --END-- [ RunTime:0.003610s ]
INFO: [ app_end ] --START--
INFO: Run Behavior\ShowPageTraceBehavior [ RunTime:0.002792s ]
INFO: [ app_end ] --END-- [ RunTime:0.003032s ]

[ 2017-01-20T04:50:36+08:00 ] ::1 /westylegit/code/index.php/Admin/AlipayTrade/search.shtml
INFO: [ app_init ] --START--
INFO: Run Behavior\BuildLiteBehavior [ RunTime:0.000041s ]
INFO: [ app_init ] --END-- [ RunTime:0.000869s ]
INFO: [ app_begin ] --START--
INFO: Run Behavior\ReadHtmlCacheBehavior [ RunTime:0.001192s ]
INFO: [ app_begin ] --END-- [ RunTime:0.001380s ]
SQL: SHOW COLUMNS FROM `westyle_admin_node` [ RunTime:0.0083s ]
SQL: SELECT * FROM `westyle_admin_node` WHERE `controller` = 'AlipayTrade' ORDER BY sort LIMIT 1   [ RunTime:0.0005s ]
SQL: SHOW COLUMNS FROM `westyle_alipay_trade` [ RunTime:0.0059s ]
SQL: SELECT * FROM `westyle_alipay_trade` WHERE `partner_trans_id` LIKE '%2017011610253101%' ORDER BY trans_create_time desc  [ RunTime:0.0007s ]
NOTIC: [2] Missing argument 1 for Think\Controller::show(), called in F:\wamp\www\westylegit\code\Application\Admin\Controller\AlipayTradeController.class.php on line 74 and defined F:\wamp\www\westylegit\code\ThinkPHP\Library\Think\Controller.class.php 第 68 行.
NOTIC: [8] Undefined variable: content F:\wamp\www\westylegit\code\ThinkPHP\Library\Think\Controller.class.php 第 69 行.
INFO: [ view_parse ] --START--
INFO: [ template_filter ] --START--
INFO: Run Behavior\ContentReplaceBehavior [ RunTime:0.000110s ]
INFO: [ template_filter ] --END-- [ RunTime:0.000282s ]
INFO: Run Behavior\ParseTemplateBehavior [ RunTime:0.017554s ]
INFO: [ view_parse ] --END-- [ RunTime:0.017852s ]
INFO: [ view_filter ] --START--
INFO: Run Behavior\WriteHtmlCacheBehavior [ RunTime:0.001568s ]
INFO: Run Behavior\TokenBuildBehavior [ RunTime:0.001315s ]
INFO: [ view_filter ] --END-- [ RunTime:0.003319s ]
INFO: [ app_end ] --START--
INFO: Run Behavior\ShowPageTraceBehavior [ RunTime:0.001549s ]
INFO: [ app_end ] --END-- [ RunTime:0.001789s ]

[ 2017-01-20T04:50:39+08:00 ] ::1 /westylegit/code/index.php/Admin/AlipayTrade/search.shtml
INFO: [ app_init ] --START--
INFO: Run Behavior\BuildLiteBehavior [ RunTime:0.000043s ]
INFO: [ app_init ] --END-- [ RunTime:0.000960s ]
INFO: [ app_begin ] --START--
INFO: Run Behavior\ReadHtmlCacheBehavior [ RunTime:0.001296s ]
INFO: [ app_begin ] --END-- [ RunTime:0.001485s ]
SQL: SHOW COLUMNS FROM `westyle_admin_node` [ RunTime:0.1725s ]
SQL: SELECT * FROM `westyle_admin_node` WHERE `controller` = 'AlipayTrade' ORDER BY sort LIMIT 1   [ RunTime:0.0006s ]
SQL: SHOW COLUMNS FROM `westyle_alipay_trade` [ RunTime:0.1171s ]
SQL: SELECT * FROM `westyle_alipay_trade` WHERE `partner_trans_id` LIKE '%201701161025310%' ORDER BY trans_create_time desc  [ RunTime:0.0008s ]
NOTIC: [2] Missing argument 1 for Think\Controller::show(), called in F:\wamp\www\westylegit\code\Application\Admin\Controller\AlipayTradeController.class.php on line 74 and defined F:\wamp\www\westylegit\code\ThinkPHP\Library\Think\Controller.class.php 第 68 行.
NOTIC: [8] Undefined variable: content F:\wamp\www\westylegit\code\ThinkPHP\Library\Think\Controller.class.php 第 69 行.
INFO: [ view_parse ] --START--
INFO: [ template_filter ] --START--
INFO: Run Behavior\ContentReplaceBehavior [ RunTime:0.000122s ]
INFO: [ template_filter ] --END-- [ RunTime:0.000307s ]
INFO: Run Behavior\ParseTemplateBehavior [ RunTime:0.020574s ]
INFO: [ view_parse ] --END-- [ RunTime:0.020930s ]
INFO: [ view_filter ] --START--
INFO: Run Behavior\WriteHtmlCacheBehavior [ RunTime:0.001316s ]
INFO: Run Behavior\TokenBuildBehavior [ RunTime:0.001272s ]
INFO: [ view_filter ] --END-- [ RunTime:0.002937s ]
INFO: [ app_end ] --START--
INFO: Run Behavior\ShowPageTraceBehavior [ RunTime:0.001213s ]
INFO: [ app_end ] --END-- [ RunTime:0.001375s ]

[ 2017-01-20T04:50:44+08:00 ] ::1 /westylegit/code/index.php/Admin/AlipayTrade/search.shtml
INFO: [ app_init ] --START--
INFO: Run Behavior\BuildLiteBehavior [ RunTime:0.000062s ]
INFO: [ app_init ] --END-- [ RunTime:0.001065s ]
INFO: [ app_begin ] --START--
INFO: Run Behavior\ReadHtmlCacheBehavior [ RunTime:0.001726s ]
INFO: [ app_begin ] --END-- [ RunTime:0.002165s ]
SQL: SHOW COLUMNS FROM `westyle_admin_node` [ RunTime:0.0097s ]
SQL: SELECT * FROM `westyle_admin_node` WHERE `controller` = 'AlipayTrade' ORDER BY sort LIMIT 1   [ RunTime:0.0006s ]
SQL: SHOW COLUMNS FROM `westyle_alipay_trade` [ RunTime:0.0059s ]
SQL: SELECT * FROM `westyle_alipay_trade` WHERE `partner_trans_id` LIKE '%201701%' ORDER BY trans_create_time desc  [ RunTime:0.0011s ]
NOTIC: [2] Missing argument 1 for Think\Controller::show(), called in F:\wamp\www\westylegit\code\Application\Admin\Controller\AlipayTradeController.class.php on line 74 and defined F:\wamp\www\westylegit\code\ThinkPHP\Library\Think\Controller.class.php 第 68 行.
NOTIC: [8] Undefined variable: content F:\wamp\www\westylegit\code\ThinkPHP\Library\Think\Controller.class.php 第 69 行.
INFO: [ view_parse ] --START--
INFO: [ template_filter ] --START--
INFO: Run Behavior\ContentReplaceBehavior [ RunTime:0.000113s ]
INFO: [ template_filter ] --END-- [ RunTime:0.000283s ]
INFO: Run Behavior\ParseTemplateBehavior [ RunTime:0.016656s ]
INFO: [ view_parse ] --END-- [ RunTime:0.016843s ]
INFO: [ view_filter ] --START--
INFO: Run Behavior\WriteHtmlCacheBehavior [ RunTime:0.000946s ]
INFO: Run Behavior\TokenBuildBehavior [ RunTime:0.001232s ]
INFO: [ view_filter ] --END-- [ RunTime:0.002420s ]
INFO: [ app_end ] --START--
INFO: Run Behavior\ShowPageTraceBehavior [ RunTime:0.001151s ]
INFO: [ app_end ] --END-- [ RunTime:0.001322s ]

[ 2017-01-20T04:52:14+08:00 ] ::1 /westylegit/code/index.php/Admin/AlipayTrade/search.shtml
INFO: [ app_init ] --START--
INFO: Run Behavior\BuildLiteBehavior [ RunTime:0.000040s ]
INFO: [ app_init ] --END-- [ RunTime:0.000780s ]
INFO: [ app_begin ] --START--
INFO: Run Behavior\ReadHtmlCacheBehavior [ RunTime:0.001121s ]
INFO: [ app_begin ] --END-- [ RunTime:0.001282s ]
SQL: SHOW COLUMNS FROM `westyle_admin_node` [ RunTime:0.0049s ]
SQL: SELECT * FROM `westyle_admin_node` WHERE `controller` = 'AlipayTrade' ORDER BY sort LIMIT 1   [ RunTime:0.0005s ]
SQL: SHOW COLUMNS FROM `westyle_alipay_trade` [ RunTime:0.0146s ]
SQL: SELECT * FROM `westyle_alipay_trade` WHERE `partner_trans_id` LIKE '%20170116514898%' ORDER BY trans_create_time desc  [ RunTime:0.0021s ]
NOTIC: [2] Missing argument 1 for Think\Controller::show(), called in F:\wamp\www\westylegit\code\Application\Admin\Controller\AlipayTradeController.class.php on line 75 and defined F:\wamp\www\westylegit\code\ThinkPHP\Library\Think\Controller.class.php 第 68 行.
NOTIC: [8] Undefined variable: content F:\wamp\www\westylegit\code\ThinkPHP\Library\Think\Controller.class.php 第 69 行.
INFO: [ view_parse ] --START--
INFO: [ template_filter ] --START--
INFO: Run Behavior\ContentReplaceBehavior [ RunTime:0.000181s ]
INFO: [ template_filter ] --END-- [ RunTime:0.000451s ]
INFO: Run Behavior\ParseTemplateBehavior [ RunTime:0.034879s ]
INFO: [ view_parse ] --END-- [ RunTime:0.035295s ]
INFO: [ view_filter ] --START--
INFO: Run Behavior\WriteHtmlCacheBehavior [ RunTime:0.001716s ]
INFO: Run Behavior\TokenBuildBehavior [ RunTime:0.001351s ]
INFO: [ view_filter ] --END-- [ RunTime:0.003427s ]
INFO: [ app_end ] --START--
INFO: Run Behavior\ShowPageTraceBehavior [ RunTime:0.001278s ]
INFO: [ app_end ] --END-- [ RunTime:0.001459s ]

[ 2017-01-20T04:53:20+08:00 ] ::1 /westylegit/code/index.php/Admin/AlipayTrade/search.shtml
INFO: [ app_init ] --START--
INFO: Run Behavior\BuildLiteBehavior [ RunTime:0.000039s ]
INFO: [ app_init ] --END-- [ RunTime:0.000750s ]
INFO: [ app_begin ] --START--
INFO: Run Behavior\ReadHtmlCacheBehavior [ RunTime:0.001742s ]
INFO: [ app_begin ] --END-- [ RunTime:0.001971s ]
SQL: SHOW COLUMNS FROM `westyle_admin_node` [ RunTime:0.0061s ]
SQL: SELECT * FROM `westyle_admin_node` WHERE `controller` = 'AlipayTrade' ORDER BY sort LIMIT 1   [ RunTime:0.0007s ]
SQL: SHOW COLUMNS FROM `westyle_alipay_trade` [ RunTime:0.0057s ]
SQL: SELECT * FROM `westyle_alipay_trade` WHERE `partner_trans_id` LIKE '%20170116514898%' ORDER BY trans_create_time desc  [ RunTime:0.0008s ]
NOTIC: [2] Missing argument 1 for Think\Controller::show(), called in F:\wamp\www\westylegit\code\Application\Admin\Controller\AlipayTradeController.class.php on line 75 and defined F:\wamp\www\westylegit\code\ThinkPHP\Library\Think\Controller.class.php 第 68 行.
NOTIC: [8] Undefined variable: content F:\wamp\www\westylegit\code\ThinkPHP\Library\Think\Controller.class.php 第 69 行.
INFO: [ view_parse ] --START--
INFO: [ template_filter ] --START--
INFO: Run Behavior\ContentReplaceBehavior [ RunTime:0.000154s ]
INFO: [ template_filter ] --END-- [ RunTime:0.000431s ]
INFO: Run Behavior\ParseTemplateBehavior [ RunTime:0.022464s ]
INFO: [ view_parse ] --END-- [ RunTime:0.022740s ]
INFO: [ view_filter ] --START--
INFO: Run Behavior\WriteHtmlCacheBehavior [ RunTime:0.001515s ]
INFO: Run Behavior\TokenBuildBehavior [ RunTime:0.001370s ]
INFO: [ view_filter ] --END-- [ RunTime:0.003342s ]
INFO: [ app_end ] --START--
INFO: Run Behavior\ShowPageTraceBehavior [ RunTime:0.001251s ]
INFO: [ app_end ] --END-- [ RunTime:0.001418s ]

[ 2017-01-20T04:53:34+08:00 ] ::1 /westylegit/code/index.php/Admin/AlipayTrade/search.shtml
INFO: [ app_init ] --START--
INFO: Run Behavior\BuildLiteBehavior [ RunTime:0.000039s ]
INFO: [ app_init ] --END-- [ RunTime:0.000701s ]
INFO: [ app_begin ] --START--
INFO: Run Behavior\ReadHtmlCacheBehavior [ RunTime:0.001263s ]
INFO: [ app_begin ] --END-- [ RunTime:0.001456s ]
SQL: SHOW COLUMNS FROM `westyle_admin_node` [ RunTime:0.0085s ]
SQL: SELECT * FROM `westyle_admin_node` WHERE `controller` = 'AlipayTrade' ORDER BY sort LIMIT 1   [ RunTime:0.0006s ]
SQL: SHOW COLUMNS FROM `westyle_alipay_trade` [ RunTime:0.0061s ]
SQL: SELECT * FROM `westyle_alipay_trade` WHERE `state` LIKE '%2%' ORDER BY trans_create_time desc  [ RunTime:0.2784s ]
NOTIC: [2] Missing argument 1 for Think\Controller::show(), called in F:\wamp\www\westylegit\code\Application\Admin\Controller\AlipayTradeController.class.php on line 75 and defined F:\wamp\www\westylegit\code\ThinkPHP\Library\Think\Controller.class.php 第 68 行.
NOTIC: [8] Undefined variable: content F:\wamp\www\westylegit\code\ThinkPHP\Library\Think\Controller.class.php 第 69 行.
INFO: [ view_parse ] --START--
INFO: [ template_filter ] --START--
INFO: Run Behavior\ContentReplaceBehavior [ RunTime:0.000125s ]
INFO: [ template_filter ] --END-- [ RunTime:0.000317s ]
INFO: Run Behavior\ParseTemplateBehavior [ RunTime:0.045531s ]
INFO: [ view_parse ] --END-- [ RunTime:0.045920s ]
INFO: [ view_filter ] --START--
INFO: Run Behavior\WriteHtmlCacheBehavior [ RunTime:0.002016s ]
INFO: Run Behavior\TokenBuildBehavior [ RunTime:0.004481s ]
INFO: [ view_filter ] --END-- [ RunTime:0.007365s ]
INFO: [ app_end ] --START--
INFO: Run Behavior\ShowPageTraceBehavior [ RunTime:0.002300s ]
INFO: [ app_end ] --END-- [ RunTime:0.002684s ]

[ 2017-01-20T04:53:55+08:00 ] ::1 /westylegit/code/index.php/Admin/AlipayTrade/search.shtml
INFO: [ app_init ] --START--
INFO: Run Behavior\BuildLiteBehavior [ RunTime:0.000067s ]
INFO: [ app_init ] --END-- [ RunTime:0.000960s ]
INFO: [ app_begin ] --START--
INFO: Run Behavior\ReadHtmlCacheBehavior [ RunTime:0.001196s ]
INFO: [ app_begin ] --END-- [ RunTime:0.001403s ]
SQL: SHOW COLUMNS FROM `westyle_admin_node` [ RunTime:0.0084s ]
SQL: SELECT * FROM `westyle_admin_node` WHERE `controller` = 'AlipayTrade' ORDER BY sort LIMIT 1   [ RunTime:0.0006s ]
SQL: SHOW COLUMNS FROM `westyle_alipay_trade` [ RunTime:0.0060s ]
SQL: SELECT * FROM `westyle_alipay_trade` WHERE `state` = 2 ORDER BY trans_create_time desc  [ RunTime:0.2422s ]
NOTIC: [2] Missing argument 1 for Think\Controller::show(), called in F:\wamp\www\westylegit\code\Application\Admin\Controller\AlipayTradeController.class.php on line 75 and defined F:\wamp\www\westylegit\code\ThinkPHP\Library\Think\Controller.class.php 第 68 行.
NOTIC: [8] Undefined variable: content F:\wamp\www\westylegit\code\ThinkPHP\Library\Think\Controller.class.php 第 69 行.
INFO: [ view_parse ] --START--
INFO: [ template_filter ] --START--
INFO: Run Behavior\ContentReplaceBehavior [ RunTime:0.000145s ]
INFO: [ template_filter ] --END-- [ RunTime:0.000389s ]
INFO: Run Behavior\ParseTemplateBehavior [ RunTime:0.027556s ]
INFO: [ view_parse ] --END-- [ RunTime:0.027857s ]
INFO: [ view_filter ] --START--
INFO: Run Behavior\WriteHtmlCacheBehavior [ RunTime:0.001380s ]
INFO: Run Behavior\TokenBuildBehavior [ RunTime:0.002980s ]
INFO: [ view_filter ] --END-- [ RunTime:0.004891s ]
INFO: [ app_end ] --START--
INFO: Run Behavior\ShowPageTraceBehavior [ RunTime:0.002529s ]
INFO: [ app_end ] --END-- [ RunTime:0.003168s ]

