[ 2017-03-13T07:00:42+08:00 ] ::1 /westylegit/code/index.php/Admin/shop
INFO: [ app_init ] --START--
INFO: Run Behavior\BuildLiteBehavior [ RunTime:0.000134s ]
INFO: [ app_init ] --END-- [ RunTime:0.006317s ]
INFO: [ app_begin ] --START--
INFO: Run Behavior\ReadHtmlCacheBehavior [ RunTime:0.003985s ]
INFO: [ app_begin ] --END-- [ RunTime:0.004617s ]
ERR: 非法操作:index

[ 2017-03-13T07:00:51+08:00 ] ::1 /westylegit/code/index.php/Admin/shop/shop
INFO: [ app_init ] --START--
INFO: Run Behavior\BuildLiteBehavior [ RunTime:0.000034s ]
INFO: [ app_init ] --END-- [ RunTime:0.000530s ]
INFO: [ app_begin ] --START--
INFO: Run Behavior\ReadHtmlCacheBehavior [ RunTime:0.000660s ]
INFO: [ app_begin ] --END-- [ RunTime:0.000992s ]
SQL: SHOW COLUMNS FROM `westyle_admin_node` [ RunTime:0.0914s ]
SQL: SELECT * FROM `westyle_admin_node` WHERE `controller` = 'Shop' ORDER BY sort LIMIT 1   [ RunTime:0.0260s ]

[ 2017-03-13T07:00:52+08:00 ] ::1 /westylegit/code/index.php/Admin/Login/index.shtml
INFO: [ app_init ] --START--
INFO: Run Behavior\BuildLiteBehavior [ RunTime:0.000040s ]
INFO: [ app_init ] --END-- [ RunTime:0.000877s ]
INFO: [ app_begin ] --START--
INFO: Run Behavior\ReadHtmlCacheBehavior [ RunTime:0.000581s ]
INFO: [ app_begin ] --END-- [ RunTime:0.000744s ]
INFO: [ view_parse ] --START--
INFO: [ template_filter ] --START--
INFO: Run Behavior\ContentReplaceBehavior [ RunTime:0.023899s ]
INFO: [ template_filter ] --END-- [ RunTime:0.024251s ]
INFO: Run Behavior\ParseTemplateBehavior [ RunTime:0.116015s ]
INFO: [ view_parse ] --END-- [ RunTime:0.116341s ]
INFO: [ view_filter ] --START--
INFO: Run Behavior\WriteHtmlCacheBehavior [ RunTime:0.010144s ]
INFO: Run Behavior\TokenBuildBehavior [ RunTime:0.011151s ]
INFO: [ view_filter ] --END-- [ RunTime:0.022164s ]
INFO: [ app_end ] --START--
INFO: Run Behavior\ShowPageTraceBehavior [ RunTime:0.002895s ]
INFO: [ app_end ] --END-- [ RunTime:0.003309s ]

[ 2017-03-13T07:00:54+08:00 ] ::1 /westylegit/code/index.php/Admin/Login/verify.shtml
INFO: [ app_init ] --START--
INFO: Run Behavior\BuildLiteBehavior [ RunTime:0.000034s ]
INFO: [ app_init ] --END-- [ RunTime:0.000578s ]
INFO: [ app_begin ] --START--
INFO: Run Behavior\ReadHtmlCacheBehavior [ RunTime:0.000739s ]
INFO: [ app_begin ] --END-- [ RunTime:0.000882s ]
SQL: SHOW COLUMNS FROM `westyle_admin_user` [ RunTime:0.0838s ]
SQL: SELECT * FROM `westyle_admin_user` WHERE `username` = '1@2.3' LIMIT 1   [ RunTime:0.0012s ]

[ 2017-03-13T07:01:04+08:00 ] ::1 /westylegit/code/index.php/Admin/Login/verify.shtml
INFO: [ app_init ] --START--
INFO: Run Behavior\BuildLiteBehavior [ RunTime:0.000033s ]
INFO: [ app_init ] --END-- [ RunTime:0.000514s ]
INFO: [ app_begin ] --START--
INFO: Run Behavior\ReadHtmlCacheBehavior [ RunTime:0.000656s ]
INFO: [ app_begin ] --END-- [ RunTime:0.000817s ]
SQL: SHOW COLUMNS FROM `westyle_admin_user` [ RunTime:0.0046s ]
SQL: SHOW COLUMNS FROM `westyle_admin_node` [ RunTime:0.0048s ]
SQL: SELECT * FROM `westyle_admin_node` ORDER BY id  [ RunTime:0.0007s ]

[ 2017-03-13T07:01:04+08:00 ] ::1 /westylegit/code/index.php/Admin/Index/index.shtml
INFO: [ app_init ] --START--
INFO: Run Behavior\BuildLiteBehavior [ RunTime:0.000045s ]
INFO: [ app_init ] --END-- [ RunTime:0.000539s ]
INFO: [ app_begin ] --START--
INFO: Run Behavior\ReadHtmlCacheBehavior [ RunTime:0.000590s ]
INFO: [ app_begin ] --END-- [ RunTime:0.000782s ]
SQL: SHOW COLUMNS FROM `westyle_admin_node` [ RunTime:0.2130s ]
SQL: SELECT * FROM `westyle_admin_node` WHERE `controller` = 'Index' ORDER BY sort LIMIT 1   [ RunTime:0.0012s ]
NOTIC: [2] Missing argument 1 for Think\Controller::show(), called in F:\wamp\www\westylegit\code\Application\Admin\Controller\IndexController.class.php on line 156 and defined F:\wamp\www\westylegit\code\ThinkPHP\Library\Think\Controller.class.php 第 68 行.
NOTIC: [8] Undefined variable: content F:\wamp\www\westylegit\code\ThinkPHP\Library\Think\Controller.class.php 第 69 行.
INFO: [ view_parse ] --START--
INFO: [ template_filter ] --START--
INFO: Run Behavior\ContentReplaceBehavior [ RunTime:0.000095s ]
INFO: [ template_filter ] --END-- [ RunTime:0.000330s ]
INFO: Run Behavior\ParseTemplateBehavior [ RunTime:0.026285s ]
INFO: [ view_parse ] --END-- [ RunTime:0.026707s ]
INFO: [ view_filter ] --START--
INFO: Run Behavior\WriteHtmlCacheBehavior [ RunTime:0.000846s ]
INFO: Run Behavior\TokenBuildBehavior [ RunTime:0.000868s ]
INFO: [ view_filter ] --END-- [ RunTime:0.002100s ]
INFO: [ app_end ] --START--
INFO: Run Behavior\ShowPageTraceBehavior [ RunTime:0.000893s ]
INFO: [ app_end ] --END-- [ RunTime:0.001048s ]

[ 2017-03-13T07:01:04+08:00 ] ::1 /westylegit/code/index.php/Admin/Index/about_us.shtml
INFO: [ app_init ] --START--
INFO: Run Behavior\BuildLiteBehavior [ RunTime:0.000069s ]
INFO: [ app_init ] --END-- [ RunTime:0.000952s ]
INFO: [ app_begin ] --START--
INFO: Run Behavior\ReadHtmlCacheBehavior [ RunTime:0.000923s ]
INFO: [ app_begin ] --END-- [ RunTime:0.001305s ]
INFO: [ app_end ] --START--
INFO: Run Behavior\ShowPageTraceBehavior [ RunTime:0.001462s ]
INFO: [ app_end ] --END-- [ RunTime:0.001878s ]

[ 2017-03-13T07:01:04+08:00 ] ::1 /westylegit/code/index.php/Admin/Index/home.shtml
INFO: [ app_init ] --START--
INFO: Run Behavior\BuildLiteBehavior [ RunTime:0.000040s ]
INFO: [ app_init ] --END-- [ RunTime:0.000679s ]
INFO: [ app_begin ] --START--
INFO: Run Behavior\ReadHtmlCacheBehavior [ RunTime:0.000918s ]
INFO: [ app_begin ] --END-- [ RunTime:0.001237s ]
INFO: [ app_end ] --START--
INFO: Run Behavior\ShowPageTraceBehavior [ RunTime:0.000805s ]
INFO: [ app_end ] --END-- [ RunTime:0.000982s ]

[ 2017-03-13T07:01:04+08:00 ] ::1 /westylegit/code/index.php/Admin/Index/top_menu.shtml
INFO: [ app_init ] --START--
INFO: Run Behavior\BuildLiteBehavior [ RunTime:0.000064s ]
INFO: [ app_init ] --END-- [ RunTime:0.000889s ]
INFO: [ app_begin ] --START--
INFO: Run Behavior\ReadHtmlCacheBehavior [ RunTime:0.000929s ]
INFO: [ app_begin ] --END-- [ RunTime:0.001271s ]
NOTIC: [8] Undefined index: pid F:\wamp\www\westylegit\code\Application\Admin\Controller\IndexController.class.php 第 109 行.
NOTIC: [8] Undefined index: pid F:\wamp\www\westylegit\code\Application\Admin\Controller\IndexController.class.php 第 109 行.
NOTIC: [8] Undefined index: pid F:\wamp\www\westylegit\code\Application\Admin\Controller\IndexController.class.php 第 109 行.
NOTIC: [8] Undefined index: pid F:\wamp\www\westylegit\code\Application\Admin\Controller\IndexController.class.php 第 109 行.
NOTIC: [2] Missing argument 1 for Think\Controller::show(), called in F:\wamp\www\westylegit\code\Application\Admin\Controller\IndexController.class.php on line 124 and defined F:\wamp\www\westylegit\code\ThinkPHP\Library\Think\Controller.class.php 第 68 行.
NOTIC: [8] Undefined variable: content F:\wamp\www\westylegit\code\ThinkPHP\Library\Think\Controller.class.php 第 69 行.
INFO: [ view_parse ] --START--
INFO: [ template_filter ] --START--
INFO: Run Behavior\ContentReplaceBehavior [ RunTime:0.000097s ]
INFO: [ template_filter ] --END-- [ RunTime:0.000272s ]
INFO: Run Behavior\ParseTemplateBehavior [ RunTime:0.108069s ]
INFO: [ view_parse ] --END-- [ RunTime:0.108384s ]
INFO: [ view_filter ] --START--
INFO: Run Behavior\WriteHtmlCacheBehavior [ RunTime:0.001175s ]
INFO: Run Behavior\TokenBuildBehavior [ RunTime:0.001590s ]
INFO: [ view_filter ] --END-- [ RunTime:0.003174s ]
INFO: [ app_end ] --START--
INFO: Run Behavior\ShowPageTraceBehavior [ RunTime:0.001154s ]
INFO: [ app_end ] --END-- [ RunTime:0.001452s ]

[ 2017-03-13T07:01:06+08:00 ] ::1 /westylegit/code/index.php/Admin/Index/left_menu?pid=16
INFO: [ app_init ] --START--
INFO: Run Behavior\BuildLiteBehavior [ RunTime:0.000038s ]
INFO: [ app_init ] --END-- [ RunTime:0.000611s ]
INFO: [ app_begin ] --START--
INFO: Run Behavior\ReadHtmlCacheBehavior [ RunTime:0.000578s ]
INFO: [ app_begin ] --END-- [ RunTime:0.000765s ]
NOTIC: [8] Undefined index: pid F:\wamp\www\westylegit\code\Application\Admin\Controller\IndexController.class.php 第 131 行.
NOTIC: [8] Undefined index: pid F:\wamp\www\westylegit\code\Application\Admin\Controller\IndexController.class.php 第 131 行.
NOTIC: [8] Undefined index: pid F:\wamp\www\westylegit\code\Application\Admin\Controller\IndexController.class.php 第 131 行.
NOTIC: [8] Undefined index: pid F:\wamp\www\westylegit\code\Application\Admin\Controller\IndexController.class.php 第 131 行.
NOTIC: [2] Missing argument 1 for Think\Controller::show(), called in F:\wamp\www\westylegit\code\Application\Admin\Controller\IndexController.class.php on line 146 and defined F:\wamp\www\westylegit\code\ThinkPHP\Library\Think\Controller.class.php 第 68 行.
NOTIC: [8] Undefined variable: content F:\wamp\www\westylegit\code\ThinkPHP\Library\Think\Controller.class.php 第 69 行.
INFO: [ view_parse ] --START--
INFO: [ template_filter ] --START--
INFO: Run Behavior\ContentReplaceBehavior [ RunTime:0.000156s ]
INFO: [ template_filter ] --END-- [ RunTime:0.000471s ]
INFO: Run Behavior\ParseTemplateBehavior [ RunTime:0.011997s ]
INFO: [ view_parse ] --END-- [ RunTime:0.012191s ]
INFO: [ view_filter ] --START--
INFO: Run Behavior\WriteHtmlCacheBehavior [ RunTime:0.000681s ]
INFO: Run Behavior\TokenBuildBehavior [ RunTime:0.000994s ]
INFO: [ view_filter ] --END-- [ RunTime:0.001919s ]
INFO: [ app_end ] --START--
INFO: Run Behavior\ShowPageTraceBehavior [ RunTime:0.001074s ]
INFO: [ app_end ] --END-- [ RunTime:0.001241s ]

[ 2017-03-13T07:01:08+08:00 ] ::1 /westylegit/code/index.php/Admin/Index/left_menu?pid=2
INFO: [ app_init ] --START--
INFO: Run Behavior\BuildLiteBehavior [ RunTime:0.000035s ]
INFO: [ app_init ] --END-- [ RunTime:0.000532s ]
INFO: [ app_begin ] --START--
INFO: Run Behavior\ReadHtmlCacheBehavior [ RunTime:0.000526s ]
INFO: [ app_begin ] --END-- [ RunTime:0.000708s ]
NOTIC: [8] Undefined index: pid F:\wamp\www\westylegit\code\Application\Admin\Controller\IndexController.class.php 第 131 行.
NOTIC: [8] Undefined index: pid F:\wamp\www\westylegit\code\Application\Admin\Controller\IndexController.class.php 第 131 行.
NOTIC: [8] Undefined index: pid F:\wamp\www\westylegit\code\Application\Admin\Controller\IndexController.class.php 第 131 行.
NOTIC: [8] Undefined index: pid F:\wamp\www\westylegit\code\Application\Admin\Controller\IndexController.class.php 第 131 行.
NOTIC: [2] Missing argument 1 for Think\Controller::show(), called in F:\wamp\www\westylegit\code\Application\Admin\Controller\IndexController.class.php on line 146 and defined F:\wamp\www\westylegit\code\ThinkPHP\Library\Think\Controller.class.php 第 68 行.
NOTIC: [8] Undefined variable: content F:\wamp\www\westylegit\code\ThinkPHP\Library\Think\Controller.class.php 第 69 行.
INFO: [ view_parse ] --START--
INFO: [ template_filter ] --START--
INFO: Run Behavior\ContentReplaceBehavior [ RunTime:0.000088s ]
INFO: [ template_filter ] --END-- [ RunTime:0.000259s ]
INFO: Run Behavior\ParseTemplateBehavior [ RunTime:0.012851s ]
INFO: [ view_parse ] --END-- [ RunTime:0.013094s ]
INFO: [ view_filter ] --START--
INFO: Run Behavior\WriteHtmlCacheBehavior [ RunTime:0.000610s ]
INFO: Run Behavior\TokenBuildBehavior [ RunTime:0.000784s ]
INFO: [ view_filter ] --END-- [ RunTime:0.001643s ]
INFO: [ app_end ] --START--
INFO: Run Behavior\ShowPageTraceBehavior [ RunTime:0.001009s ]
INFO: [ app_end ] --END-- [ RunTime:0.001181s ]

[ 2017-03-13T07:01:11+08:00 ] ::1 /westylegit/code/index.php/Admin/Shop/shop.shtml
INFO: [ app_init ] --START--
INFO: Run Behavior\BuildLiteBehavior [ RunTime:0.000076s ]
INFO: [ app_init ] --END-- [ RunTime:0.000842s ]
INFO: [ app_begin ] --START--
INFO: Run Behavior\ReadHtmlCacheBehavior [ RunTime:0.000621s ]
INFO: [ app_begin ] --END-- [ RunTime:0.000818s ]
SQL: SHOW COLUMNS FROM `westyle_admin_node` [ RunTime:0.0113s ]
SQL: SELECT * FROM `westyle_admin_node` WHERE `controller` = 'Shop' ORDER BY sort LIMIT 1   [ RunTime:0.0005s ]
SQL: SHOW COLUMNS FROM `westyle_shop` [ RunTime:0.0163s ]
SQL: SHOW COLUMNS FROM `westyle_commercial_area` [ RunTime:0.0389s ]
SQL: SHOW COLUMNS FROM `westyle_city` [ RunTime:0.0234s ]
SQL: SELECT Shop.id AS id,Shop.name AS name,Shop.adr AS adr,Shop.tel AS tel,Shop.fax AS fax,Shop.email AS email,Shop.level AS level,Shop.longtitude AS longtitude,Shop.latitude AS latitude,Shop.description AS description,Shop.content AS content,Shop.tag AS tag,Shop.link AS link,Shop.sort AS sort,Shop.open_time AS open_time,Shop.tax_return AS tax_return,Shop.area AS area,Shop.city AS city,Shop.commercial_area_id AS commercial_area_id,Shop.Merchant_ID AS Merchant_ID,CommercialArea.area_name AS commercial_area_name,City.name AS city_name FROM westyle_shop Shop  JOIN westyle_commercial_area CommercialArea ON Shop.commercial_area_id = CommercialArea.id  JOIN westyle_city City ON Shop.city = City.id ORDER BY Shop.id desc  [ RunTime:0.0847s ]
INFO: [ view_parse ] --START--
INFO: [ template_filter ] --START--
INFO: Run Behavior\ContentReplaceBehavior [ RunTime:0.000292s ]
INFO: [ template_filter ] --END-- [ RunTime:0.000776s ]
INFO: Run Behavior\ParseTemplateBehavior [ RunTime:0.060772s ]
INFO: [ view_parse ] --END-- [ RunTime:0.061291s ]
INFO: [ view_filter ] --START--
INFO: Run Behavior\WriteHtmlCacheBehavior [ RunTime:0.001954s ]
INFO: Run Behavior\TokenBuildBehavior [ RunTime:0.003776s ]
INFO: [ view_filter ] --END-- [ RunTime:0.006661s ]
INFO: [ app_end ] --START--
INFO: Run Behavior\ShowPageTraceBehavior [ RunTime:0.002934s ]
INFO: [ app_end ] --END-- [ RunTime:0.003406s ]

[ 2017-03-13T07:02:40+08:00 ] ::1 /westylegit/code/index.php/Admin/Index/index.shtml
INFO: [ app_init ] --START--
INFO: Run Behavior\BuildLiteBehavior [ RunTime:0.000034s ]
INFO: [ app_init ] --END-- [ RunTime:0.000573s ]
INFO: [ app_begin ] --START--
INFO: Run Behavior\ReadHtmlCacheBehavior [ RunTime:0.000548s ]
INFO: [ app_begin ] --END-- [ RunTime:0.000711s ]
SQL: SHOW COLUMNS FROM `westyle_admin_node` [ RunTime:0.0457s ]
SQL: SELECT * FROM `westyle_admin_node` WHERE `controller` = 'Index' ORDER BY sort LIMIT 1   [ RunTime:0.0006s ]
NOTIC: [2] Missing argument 1 for Think\Controller::show(), called in F:\wamp\www\westylegit\code\Application\Admin\Controller\IndexController.class.php on line 156 and defined F:\wamp\www\westylegit\code\ThinkPHP\Library\Think\Controller.class.php 第 68 行.
NOTIC: [8] Undefined variable: content F:\wamp\www\westylegit\code\ThinkPHP\Library\Think\Controller.class.php 第 69 行.
INFO: [ view_parse ] --START--
INFO: [ template_filter ] --START--
INFO: Run Behavior\ContentReplaceBehavior [ RunTime:0.000202s ]
INFO: [ template_filter ] --END-- [ RunTime:0.000507s ]
INFO: Run Behavior\ParseTemplateBehavior [ RunTime:0.012791s ]
INFO: [ view_parse ] --END-- [ RunTime:0.013049s ]
INFO: [ view_filter ] --START--
INFO: Run Behavior\WriteHtmlCacheBehavior [ RunTime:0.000668s ]
INFO: Run Behavior\TokenBuildBehavior [ RunTime:0.000807s ]
INFO: [ view_filter ] --END-- [ RunTime:0.001716s ]
INFO: [ app_end ] --START--
INFO: Run Behavior\ShowPageTraceBehavior [ RunTime:0.000859s ]
INFO: [ app_end ] --END-- [ RunTime:0.001014s ]

[ 2017-03-13T07:02:40+08:00 ] ::1 /westylegit/code/index.php/Admin/Index/top_menu.shtml
INFO: [ app_init ] --START--
INFO: Run Behavior\BuildLiteBehavior [ RunTime:0.000074s ]
INFO: [ app_init ] --END-- [ RunTime:0.000945s ]
INFO: [ app_begin ] --START--
INFO: Run Behavior\ReadHtmlCacheBehavior [ RunTime:0.000919s ]
INFO: [ app_begin ] --END-- [ RunTime:0.001321s ]
NOTIC: [8] Undefined index: pid F:\wamp\www\westylegit\code\Application\Admin\Controller\IndexController.class.php 第 109 行.
NOTIC: [8] Undefined index: pid F:\wamp\www\westylegit\code\Application\Admin\Controller\IndexController.class.php 第 109 行.
NOTIC: [8] Undefined index: pid F:\wamp\www\westylegit\code\Application\Admin\Controller\IndexController.class.php 第 109 行.
NOTIC: [8] Undefined index: pid F:\wamp\www\westylegit\code\Application\Admin\Controller\IndexController.class.php 第 109 行.
NOTIC: [2] Missing argument 1 for Think\Controller::show(), called in F:\wamp\www\westylegit\code\Application\Admin\Controller\IndexController.class.php on line 124 and defined F:\wamp\www\westylegit\code\ThinkPHP\Library\Think\Controller.class.php 第 68 行.
NOTIC: [8] Undefined variable: content F:\wamp\www\westylegit\code\ThinkPHP\Library\Think\Controller.class.php 第 69 行.
INFO: [ view_parse ] --START--
INFO: [ template_filter ] --START--
INFO: Run Behavior\ContentReplaceBehavior [ RunTime:0.000099s ]
INFO: [ template_filter ] --END-- [ RunTime:0.000289s ]
INFO: Run Behavior\ParseTemplateBehavior [ RunTime:0.018825s ]
INFO: [ view_parse ] --END-- [ RunTime:0.019518s ]
INFO: [ view_filter ] --START--
INFO: Run Behavior\WriteHtmlCacheBehavior [ RunTime:0.000794s ]
INFO: Run Behavior\TokenBuildBehavior [ RunTime:0.001146s ]
INFO: [ view_filter ] --END-- [ RunTime:0.002286s ]
INFO: [ app_end ] --START--
INFO: Run Behavior\ShowPageTraceBehavior [ RunTime:0.001115s ]
INFO: [ app_end ] --END-- [ RunTime:0.001351s ]

[ 2017-03-13T07:02:40+08:00 ] ::1 /westylegit/code/index.php/Admin/Index/about_us.shtml
INFO: [ app_init ] --START--
INFO: Run Behavior\BuildLiteBehavior [ RunTime:0.000064s ]
INFO: [ app_init ] --END-- [ RunTime:0.000909s ]
INFO: [ app_begin ] --START--
INFO: Run Behavior\ReadHtmlCacheBehavior [ RunTime:0.000884s ]
INFO: [ app_begin ] --END-- [ RunTime:0.001204s ]
INFO: [ app_end ] --START--
INFO: Run Behavior\ShowPageTraceBehavior [ RunTime:0.001304s ]
INFO: [ app_end ] --END-- [ RunTime:0.001713s ]

[ 2017-03-13T07:02:40+08:00 ] ::1 /westylegit/code/index.php/Admin/Index/home.shtml
INFO: [ app_init ] --START--
INFO: Run Behavior\BuildLiteBehavior [ RunTime:0.000075s ]
INFO: [ app_init ] --END-- [ RunTime:0.000978s ]
INFO: [ app_begin ] --START--
INFO: Run Behavior\ReadHtmlCacheBehavior [ RunTime:0.001046s ]
INFO: [ app_begin ] --END-- [ RunTime:0.001413s ]
INFO: [ app_end ] --START--
INFO: Run Behavior\ShowPageTraceBehavior [ RunTime:0.001056s ]
INFO: [ app_end ] --END-- [ RunTime:0.001280s ]

[ 2017-03-13T07:02:42+08:00 ] ::1 /westylegit/code/index.php/Admin/Index/left_menu?pid=2
INFO: [ app_init ] --START--
INFO: Run Behavior\BuildLiteBehavior [ RunTime:0.000037s ]
INFO: [ app_init ] --END-- [ RunTime:0.000564s ]
INFO: [ app_begin ] --START--
INFO: Run Behavior\ReadHtmlCacheBehavior [ RunTime:0.000543s ]
INFO: [ app_begin ] --END-- [ RunTime:0.000708s ]
NOTIC: [8] Undefined index: pid F:\wamp\www\westylegit\code\Application\Admin\Controller\IndexController.class.php 第 131 行.
NOTIC: [8] Undefined index: pid F:\wamp\www\westylegit\code\Application\Admin\Controller\IndexController.class.php 第 131 行.
NOTIC: [8] Undefined index: pid F:\wamp\www\westylegit\code\Application\Admin\Controller\IndexController.class.php 第 131 行.
NOTIC: [8] Undefined index: pid F:\wamp\www\westylegit\code\Application\Admin\Controller\IndexController.class.php 第 131 行.
NOTIC: [2] Missing argument 1 for Think\Controller::show(), called in F:\wamp\www\westylegit\code\Application\Admin\Controller\IndexController.class.php on line 146 and defined F:\wamp\www\westylegit\code\ThinkPHP\Library\Think\Controller.class.php 第 68 行.
NOTIC: [8] Undefined variable: content F:\wamp\www\westylegit\code\ThinkPHP\Library\Think\Controller.class.php 第 69 行.
INFO: [ view_parse ] --START--
INFO: [ template_filter ] --START--
INFO: Run Behavior\ContentReplaceBehavior [ RunTime:0.000085s ]
INFO: [ template_filter ] --END-- [ RunTime:0.000280s ]
INFO: Run Behavior\ParseTemplateBehavior [ RunTime:0.012887s ]
INFO: [ view_parse ] --END-- [ RunTime:0.013102s ]
INFO: [ view_filter ] --START--
INFO: Run Behavior\WriteHtmlCacheBehavior [ RunTime:0.000666s ]
INFO: Run Behavior\TokenBuildBehavior [ RunTime:0.000806s ]
INFO: [ view_filter ] --END-- [ RunTime:0.001755s ]
INFO: [ app_end ] --START--
INFO: Run Behavior\ShowPageTraceBehavior [ RunTime:0.000849s ]
INFO: [ app_end ] --END-- [ RunTime:0.001006s ]

[ 2017-03-13T07:02:43+08:00 ] ::1 /westylegit/code/index.php/Admin/Shop/shop.shtml
INFO: [ app_init ] --START--
INFO: Run Behavior\BuildLiteBehavior [ RunTime:0.000040s ]
INFO: [ app_init ] --END-- [ RunTime:0.000642s ]
INFO: [ app_begin ] --START--
INFO: Run Behavior\ReadHtmlCacheBehavior [ RunTime:0.000670s ]
INFO: [ app_begin ] --END-- [ RunTime:0.000870s ]
SQL: SHOW COLUMNS FROM `westyle_admin_node` [ RunTime:0.0044s ]
SQL: SELECT * FROM `westyle_admin_node` WHERE `controller` = 'Shop' ORDER BY sort LIMIT 1   [ RunTime:0.0005s ]
SQL: SHOW COLUMNS FROM `westyle_shop` [ RunTime:0.0055s ]
SQL: SHOW COLUMNS FROM `westyle_commercial_area` [ RunTime:0.0061s ]
SQL: SHOW COLUMNS FROM `westyle_city` [ RunTime:0.1940s ]
SQL: SELECT Shop.id AS id,Shop.name AS name,Shop.adr AS adr,Shop.tel AS tel,Shop.fax AS fax,Shop.email AS email,Shop.level AS level,Shop.longtitude AS longtitude,Shop.latitude AS latitude,Shop.description AS description,Shop.content AS content,Shop.tag AS tag,Shop.link AS link,Shop.sort AS sort,Shop.open_time AS open_time,Shop.tax_return AS tax_return,Shop.area AS area,Shop.city AS city,Shop.commercial_area_id AS commercial_area_id,Shop.Merchant_ID AS Merchant_ID,CommercialArea.area_name AS commercial_area_name,City.name AS city_name FROM westyle_shop Shop  JOIN westyle_commercial_area CommercialArea ON Shop.commercial_area_id = CommercialArea.id  JOIN westyle_city City ON Shop.city = City.id ORDER BY Shop.id desc  [ RunTime:0.1169s ]
INFO: [ view_parse ] --START--
INFO: [ template_filter ] --START--
INFO: Run Behavior\ContentReplaceBehavior [ RunTime:0.000101s ]
INFO: [ template_filter ] --END-- [ RunTime:0.000271s ]
INFO: Run Behavior\ParseTemplateBehavior [ RunTime:0.014757s ]
INFO: [ view_parse ] --END-- [ RunTime:0.014939s ]
INFO: [ view_filter ] --START--
INFO: Run Behavior\WriteHtmlCacheBehavior [ RunTime:0.000624s ]
INFO: Run Behavior\TokenBuildBehavior [ RunTime:0.000856s ]
INFO: [ view_filter ] --END-- [ RunTime:0.001712s ]
INFO: [ app_end ] --START--
INFO: Run Behavior\ShowPageTraceBehavior [ RunTime:0.000861s ]
INFO: [ app_end ] --END-- [ RunTime:0.001030s ]

[ 2017-03-13T07:02:45+08:00 ] ::1 /westylegit/code/index.php/Admin/Shop/img_upload.shtml?id=1131
INFO: [ app_init ] --START--
INFO: Run Behavior\BuildLiteBehavior [ RunTime:0.000036s ]
INFO: [ app_init ] --END-- [ RunTime:0.000524s ]
INFO: [ app_begin ] --START--
INFO: Run Behavior\ReadHtmlCacheBehavior [ RunTime:0.000569s ]
INFO: [ app_begin ] --END-- [ RunTime:0.000732s ]
SQL: SHOW COLUMNS FROM `westyle_admin_node` [ RunTime:0.0044s ]
SQL: SELECT * FROM `westyle_admin_node` WHERE `controller` = 'Shop' ORDER BY sort LIMIT 1   [ RunTime:0.0004s ]
INFO: [ app_end ] --START--
INFO: Run Behavior\ShowPageTraceBehavior [ RunTime:0.001010s ]
INFO: [ app_end ] --END-- [ RunTime:0.001176s ]

[ 2017-03-13T07:07:15+08:00 ] ::1 /westylegit/code/index.php/Admin/Shop/shop.shtml
INFO: [ app_init ] --START--
INFO: Run Behavior\BuildLiteBehavior [ RunTime:0.000037s ]
INFO: [ app_init ] --END-- [ RunTime:0.000623s ]
INFO: [ app_begin ] --START--
INFO: Run Behavior\ReadHtmlCacheBehavior [ RunTime:0.000874s ]
INFO: [ app_begin ] --END-- [ RunTime:0.001109s ]
SQL: SHOW COLUMNS FROM `westyle_admin_node` [ RunTime:0.1049s ]
SQL: SELECT * FROM `westyle_admin_node` WHERE `controller` = 'Shop' ORDER BY sort LIMIT 1   [ RunTime:0.0007s ]
SQL: SHOW COLUMNS FROM `westyle_shop` [ RunTime:0.0360s ]
SQL: SHOW COLUMNS FROM `westyle_commercial_area` [ RunTime:0.0043s ]
SQL: SHOW COLUMNS FROM `westyle_city` [ RunTime:0.0038s ]
SQL: SELECT Shop.id AS id,Shop.name AS name,Shop.adr AS adr,Shop.tel AS tel,Shop.fax AS fax,Shop.email AS email,Shop.level AS level,Shop.longtitude AS longtitude,Shop.latitude AS latitude,Shop.description AS description,Shop.content AS content,Shop.tag AS tag,Shop.link AS link,Shop.sort AS sort,Shop.open_time AS open_time,Shop.tax_return AS tax_return,Shop.area AS area,Shop.city AS city,Shop.commercial_area_id AS commercial_area_id,Shop.Merchant_ID AS Merchant_ID,CommercialArea.area_name AS commercial_area_name,City.name AS city_name FROM westyle_shop Shop  JOIN westyle_commercial_area CommercialArea ON Shop.commercial_area_id = CommercialArea.id  JOIN westyle_city City ON Shop.city = City.id ORDER BY Shop.id desc  [ RunTime:0.0044s ]
INFO: [ view_parse ] --START--
INFO: [ template_filter ] --START--
INFO: Run Behavior\ContentReplaceBehavior [ RunTime:0.000108s ]
INFO: [ template_filter ] --END-- [ RunTime:0.000281s ]
INFO: Run Behavior\ParseTemplateBehavior [ RunTime:0.014886s ]
INFO: [ view_parse ] --END-- [ RunTime:0.015077s ]
INFO: [ view_filter ] --START--
INFO: Run Behavior\WriteHtmlCacheBehavior [ RunTime:0.000763s ]
INFO: Run Behavior\TokenBuildBehavior [ RunTime:0.000859s ]
INFO: [ view_filter ] --END-- [ RunTime:0.001854s ]
INFO: [ app_end ] --START--
INFO: Run Behavior\ShowPageTraceBehavior [ RunTime:0.000868s ]
INFO: [ app_end ] --END-- [ RunTime:0.001036s ]

[ 2017-03-13T07:07:16+08:00 ] ::1 /westylegit/code/index.php/Admin/Shop/img_upload.shtml?id=1131
INFO: [ app_init ] --START--
INFO: Run Behavior\BuildLiteBehavior [ RunTime:0.000035s ]
INFO: [ app_init ] --END-- [ RunTime:0.000505s ]
INFO: [ app_begin ] --START--
INFO: Run Behavior\ReadHtmlCacheBehavior [ RunTime:0.001118s ]
INFO: [ app_begin ] --END-- [ RunTime:0.001448s ]
SQL: SHOW COLUMNS FROM `westyle_admin_node` [ RunTime:0.0055s ]
SQL: SELECT * FROM `westyle_admin_node` WHERE `controller` = 'Shop' ORDER BY sort LIMIT 1   [ RunTime:0.0006s ]
NOTIC: [2] Missing argument 1 for Think\Controller::show(), called in F:\wamp\www\westylegit\code\Application\Admin\Controller\ShopController.class.php on line 66 and defined F:\wamp\www\westylegit\code\ThinkPHP\Library\Think\Controller.class.php 第 68 行.
NOTIC: [8] Undefined variable: content F:\wamp\www\westylegit\code\ThinkPHP\Library\Think\Controller.class.php 第 69 行.
INFO: [ view_parse ] --START--
INFO: [ template_filter ] --START--
INFO: Run Behavior\ContentReplaceBehavior [ RunTime:0.000102s ]
INFO: [ template_filter ] --END-- [ RunTime:0.000285s ]
NOTIC: [8] Undefined variable: shop F:\wamp\www\westylegit\code\Application\Runtime\Cache\Admin\3a825bdbf4ff8e553f1799eae96ff296.php 第 10 行.
NOTIC: [8] Undefined variable: shop F:\wamp\www\westylegit\code\Application\Runtime\Cache\Admin\3a825bdbf4ff8e553f1799eae96ff296.php 第 15 行.
NOTIC: [8] Undefined variable: shop F:\wamp\www\westylegit\code\Application\Runtime\Cache\Admin\3a825bdbf4ff8e553f1799eae96ff296.php 第 19 行.
NOTIC: [8] Undefined variable: shop F:\wamp\www\westylegit\code\Application\Runtime\Cache\Admin\3a825bdbf4ff8e553f1799eae96ff296.php 第 23 行.
NOTIC: [8] Undefined variable: shop F:\wamp\www\westylegit\code\Application\Runtime\Cache\Admin\3a825bdbf4ff8e553f1799eae96ff296.php 第 27 行.
NOTIC: [8] Undefined variable: shop F:\wamp\www\westylegit\code\Application\Runtime\Cache\Admin\3a825bdbf4ff8e553f1799eae96ff296.php 第 31 行.
NOTIC: [8] Undefined variable: shop F:\wamp\www\westylegit\code\Application\Runtime\Cache\Admin\3a825bdbf4ff8e553f1799eae96ff296.php 第 35 行.
INFO: Run Behavior\ParseTemplateBehavior [ RunTime:0.009915s ]
INFO: [ view_parse ] --END-- [ RunTime:0.010079s ]
INFO: [ view_filter ] --START--
INFO: Run Behavior\WriteHtmlCacheBehavior [ RunTime:0.000822s ]
INFO: Run Behavior\TokenBuildBehavior [ RunTime:0.000942s ]
INFO: [ view_filter ] --END-- [ RunTime:0.002028s ]
INFO: [ app_end ] --START--
INFO: Run Behavior\ShowPageTraceBehavior [ RunTime:0.000940s ]
INFO: [ app_end ] --END-- [ RunTime:0.001100s ]

[ 2017-03-13T07:07:57+08:00 ] ::1 /westylegit/code/index.php/Admin/Operator/operator.shtml
INFO: [ app_init ] --START--
INFO: Run Behavior\BuildLiteBehavior [ RunTime:0.000035s ]
INFO: [ app_init ] --END-- [ RunTime:0.000515s ]
INFO: [ app_begin ] --START--
INFO: Run Behavior\ReadHtmlCacheBehavior [ RunTime:0.000685s ]
INFO: [ app_begin ] --END-- [ RunTime:0.000954s ]
SQL: SHOW COLUMNS FROM `westyle_admin_node` [ RunTime:0.0047s ]
SQL: SELECT * FROM `westyle_admin_node` WHERE `controller` = 'Operator' ORDER BY sort LIMIT 1   [ RunTime:0.0006s ]
SQL: SHOW COLUMNS FROM `westyle_operator` [ RunTime:0.0210s ]
SQL: SHOW COLUMNS FROM `westyle_shop` [ RunTime:0.0043s ]
SQL: SELECT Operator._id AS _id,Operator.operator_email AS operator_email,Operator.operator_name AS operator_name,Operator.operator_password AS operator_password,Operator.shop_id AS shop_id,Shop.name AS shop_name FROM westyle_operator Operator  JOIN westyle_shop Shop ON Operator.shop_id=Shop.id ORDER BY Operator.shop_id desc  [ RunTime:0.0099s ]
INFO: [ view_parse ] --START--
INFO: [ template_filter ] --START--
INFO: Run Behavior\ContentReplaceBehavior [ RunTime:0.000099s ]
INFO: [ template_filter ] --END-- [ RunTime:0.000274s ]
INFO: Run Behavior\ParseTemplateBehavior [ RunTime:0.028632s ]
INFO: [ view_parse ] --END-- [ RunTime:0.028862s ]
INFO: [ view_filter ] --START--
INFO: Run Behavior\WriteHtmlCacheBehavior [ RunTime:0.000648s ]
INFO: Run Behavior\TokenBuildBehavior [ RunTime:0.000938s ]
INFO: [ view_filter ] --END-- [ RunTime:0.001876s ]
INFO: [ app_end ] --START--
INFO: Run Behavior\ShowPageTraceBehavior [ RunTime:0.000900s ]
INFO: [ app_end ] --END-- [ RunTime:0.001047s ]

[ 2017-03-13T07:07:58+08:00 ] ::1 /westylegit/code/index.php/Admin/Shop/shop.shtml
INFO: [ app_init ] --START--
INFO: Run Behavior\BuildLiteBehavior [ RunTime:0.000070s ]
INFO: [ app_init ] --END-- [ RunTime:0.001031s ]
INFO: [ app_begin ] --START--
INFO: Run Behavior\ReadHtmlCacheBehavior [ RunTime:0.000980s ]
INFO: [ app_begin ] --END-- [ RunTime:0.001380s ]
SQL: SHOW COLUMNS FROM `westyle_admin_node` [ RunTime:0.0075s ]
SQL: SELECT * FROM `westyle_admin_node` WHERE `controller` = 'Shop' ORDER BY sort LIMIT 1   [ RunTime:0.0005s ]
SQL: SHOW COLUMNS FROM `westyle_shop` [ RunTime:0.0046s ]
SQL: SHOW COLUMNS FROM `westyle_commercial_area` [ RunTime:0.0419s ]
SQL: SHOW COLUMNS FROM `westyle_city` [ RunTime:0.0041s ]
SQL: SELECT Shop.id AS id,Shop.name AS name,Shop.adr AS adr,Shop.tel AS tel,Shop.fax AS fax,Shop.email AS email,Shop.level AS level,Shop.longtitude AS longtitude,Shop.latitude AS latitude,Shop.description AS description,Shop.content AS content,Shop.tag AS tag,Shop.link AS link,Shop.sort AS sort,Shop.open_time AS open_time,Shop.tax_return AS tax_return,Shop.area AS area,Shop.city AS city,Shop.commercial_area_id AS commercial_area_id,Shop.Merchant_ID AS Merchant_ID,CommercialArea.area_name AS commercial_area_name,City.name AS city_name FROM westyle_shop Shop  JOIN westyle_commercial_area CommercialArea ON Shop.commercial_area_id = CommercialArea.id  JOIN westyle_city City ON Shop.city = City.id ORDER BY Shop.id desc  [ RunTime:0.0050s ]
INFO: [ view_parse ] --START--
INFO: [ template_filter ] --START--
INFO: Run Behavior\ContentReplaceBehavior [ RunTime:0.000121s ]
INFO: [ template_filter ] --END-- [ RunTime:0.000295s ]
INFO: Run Behavior\ParseTemplateBehavior [ RunTime:0.019119s ]
INFO: [ view_parse ] --END-- [ RunTime:0.019403s ]
INFO: [ view_filter ] --START--
INFO: Run Behavior\WriteHtmlCacheBehavior [ RunTime:0.000868s ]
INFO: Run Behavior\TokenBuildBehavior [ RunTime:0.000937s ]
INFO: [ view_filter ] --END-- [ RunTime:0.002156s ]
INFO: [ app_end ] --START--
INFO: Run Behavior\ShowPageTraceBehavior [ RunTime:0.001608s ]
INFO: [ app_end ] --END-- [ RunTime:0.001949s ]

[ 2017-03-13T07:07:59+08:00 ] ::1 /westylegit/code/index.php/Admin/Shop/img_upload.shtml?id=1131
INFO: [ app_init ] --START--
INFO: Run Behavior\BuildLiteBehavior [ RunTime:0.000035s ]
INFO: [ app_init ] --END-- [ RunTime:0.000570s ]
INFO: [ app_begin ] --START--
INFO: Run Behavior\ReadHtmlCacheBehavior [ RunTime:0.000774s ]
INFO: [ app_begin ] --END-- [ RunTime:0.000964s ]
SQL: SHOW COLUMNS FROM `westyle_admin_node` [ RunTime:0.0083s ]
SQL: SELECT * FROM `westyle_admin_node` WHERE `controller` = 'Shop' ORDER BY sort LIMIT 1   [ RunTime:0.0005s ]
NOTIC: [2] Missing argument 1 for Think\Controller::show(), called in F:\wamp\www\westylegit\code\Application\Admin\Controller\ShopController.class.php on line 66 and defined F:\wamp\www\westylegit\code\ThinkPHP\Library\Think\Controller.class.php 第 68 行.
NOTIC: [8] Undefined variable: content F:\wamp\www\westylegit\code\ThinkPHP\Library\Think\Controller.class.php 第 69 行.
INFO: [ view_parse ] --START--
INFO: [ template_filter ] --START--
INFO: Run Behavior\ContentReplaceBehavior [ RunTime:0.000114s ]
INFO: [ template_filter ] --END-- [ RunTime:0.000294s ]
NOTIC: [8] Undefined variable: shop F:\wamp\www\westylegit\code\Application\Runtime\Cache\Admin\3a825bdbf4ff8e553f1799eae96ff296.php 第 10 行.
NOTIC: [8] Undefined variable: shop F:\wamp\www\westylegit\code\Application\Runtime\Cache\Admin\3a825bdbf4ff8e553f1799eae96ff296.php 第 15 行.
NOTIC: [8] Undefined variable: shop F:\wamp\www\westylegit\code\Application\Runtime\Cache\Admin\3a825bdbf4ff8e553f1799eae96ff296.php 第 19 行.
NOTIC: [8] Undefined variable: shop F:\wamp\www\westylegit\code\Application\Runtime\Cache\Admin\3a825bdbf4ff8e553f1799eae96ff296.php 第 23 行.
NOTIC: [8] Undefined variable: shop F:\wamp\www\westylegit\code\Application\Runtime\Cache\Admin\3a825bdbf4ff8e553f1799eae96ff296.php 第 27 行.
NOTIC: [8] Undefined variable: shop F:\wamp\www\westylegit\code\Application\Runtime\Cache\Admin\3a825bdbf4ff8e553f1799eae96ff296.php 第 31 行.
NOTIC: [8] Undefined variable: shop F:\wamp\www\westylegit\code\Application\Runtime\Cache\Admin\3a825bdbf4ff8e553f1799eae96ff296.php 第 35 行.
INFO: Run Behavior\ParseTemplateBehavior [ RunTime:0.010099s ]
INFO: [ view_parse ] --END-- [ RunTime:0.010277s ]
INFO: [ view_filter ] --START--
INFO: Run Behavior\WriteHtmlCacheBehavior [ RunTime:0.000677s ]
INFO: Run Behavior\TokenBuildBehavior [ RunTime:0.000837s ]
INFO: [ view_filter ] --END-- [ RunTime:0.001751s ]
INFO: [ app_end ] --START--
INFO: Run Behavior\ShowPageTraceBehavior [ RunTime:0.001365s ]
INFO: [ app_end ] --END-- [ RunTime:0.001591s ]

[ 2017-03-13T07:08:01+08:00 ] ::1 /westylegit/code/index.php/Admin/Shop/img_handler?id=
INFO: [ app_init ] --START--
INFO: Run Behavior\BuildLiteBehavior [ RunTime:0.000072s ]
INFO: [ app_init ] --END-- [ RunTime:0.001133s ]
INFO: [ app_begin ] --START--
INFO: Run Behavior\ReadHtmlCacheBehavior [ RunTime:0.000655s ]
INFO: [ app_begin ] --END-- [ RunTime:0.000862s ]
SQL: SHOW COLUMNS FROM `westyle_admin_node` [ RunTime:0.1514s ]
SQL: SELECT * FROM `westyle_admin_node` WHERE `controller` = 'Shop' ORDER BY sort LIMIT 1   [ RunTime:0.0005s ]
INFO: [ app_end ] --START--
INFO: Run Behavior\ShowPageTraceBehavior [ RunTime:0.001283s ]
INFO: [ app_end ] --END-- [ RunTime:0.001476s ]

[ 2017-03-13T07:11:38+08:00 ] ::1 /westylegit/code/index.php/Admin/Shop/shop.shtml
INFO: [ app_init ] --START--
INFO: Run Behavior\BuildLiteBehavior [ RunTime:0.000034s ]
INFO: [ app_init ] --END-- [ RunTime:0.000619s ]
INFO: [ app_begin ] --START--
INFO: Run Behavior\ReadHtmlCacheBehavior [ RunTime:0.001260s ]
INFO: [ app_begin ] --END-- [ RunTime:0.001541s ]
SQL: SHOW COLUMNS FROM `westyle_admin_node` [ RunTime:0.0077s ]
SQL: SELECT * FROM `westyle_admin_node` WHERE `controller` = 'Shop' ORDER BY sort LIMIT 1   [ RunTime:0.0005s ]
SQL: SHOW COLUMNS FROM `westyle_shop` [ RunTime:0.0041s ]
SQL: SHOW COLUMNS FROM `westyle_commercial_area` [ RunTime:0.0419s ]
SQL: SHOW COLUMNS FROM `westyle_city` [ RunTime:0.0034s ]
SQL: SELECT Shop.id AS id,Shop.name AS name,Shop.adr AS adr,Shop.tel AS tel,Shop.fax AS fax,Shop.email AS email,Shop.level AS level,Shop.longtitude AS longtitude,Shop.latitude AS latitude,Shop.description AS description,Shop.content AS content,Shop.tag AS tag,Shop.link AS link,Shop.sort AS sort,Shop.open_time AS open_time,Shop.tax_return AS tax_return,Shop.area AS area,Shop.city AS city,Shop.commercial_area_id AS commercial_area_id,Shop.Merchant_ID AS Merchant_ID,CommercialArea.area_name AS commercial_area_name,City.name AS city_name FROM westyle_shop Shop  JOIN westyle_commercial_area CommercialArea ON Shop.commercial_area_id = CommercialArea.id  JOIN westyle_city City ON Shop.city = City.id ORDER BY Shop.id desc  [ RunTime:0.0038s ]
INFO: [ view_parse ] --START--
INFO: [ template_filter ] --START--
INFO: Run Behavior\ContentReplaceBehavior [ RunTime:0.000117s ]
INFO: [ template_filter ] --END-- [ RunTime:0.000299s ]
INFO: Run Behavior\ParseTemplateBehavior [ RunTime:0.014937s ]
INFO: [ view_parse ] --END-- [ RunTime:0.015171s ]
INFO: [ view_filter ] --START--
INFO: Run Behavior\WriteHtmlCacheBehavior [ RunTime:0.000590s ]
INFO: Run Behavior\TokenBuildBehavior [ RunTime:0.000867s ]
INFO: [ view_filter ] --END-- [ RunTime:0.001681s ]
INFO: [ app_end ] --START--
INFO: Run Behavior\ShowPageTraceBehavior [ RunTime:0.000881s ]
INFO: [ app_end ] --END-- [ RunTime:0.001053s ]

[ 2017-03-13T07:11:40+08:00 ] ::1 /westylegit/code/index.php/Admin/Shop/img_upload.shtml?id=1131
INFO: [ app_init ] --START--
INFO: Run Behavior\BuildLiteBehavior [ RunTime:0.000036s ]
INFO: [ app_init ] --END-- [ RunTime:0.000538s ]
INFO: [ app_begin ] --START--
INFO: Run Behavior\ReadHtmlCacheBehavior [ RunTime:0.001446s ]
INFO: [ app_begin ] --END-- [ RunTime:0.001724s ]
SQL: SHOW COLUMNS FROM `westyle_admin_node` [ RunTime:0.0083s ]
SQL: SELECT * FROM `westyle_admin_node` WHERE `controller` = 'Shop' ORDER BY sort LIMIT 1   [ RunTime:0.0006s ]
NOTIC: [2] Missing argument 1 for Think\Controller::show(), called in F:\wamp\www\westylegit\code\Application\Admin\Controller\ShopController.class.php on line 66 and defined F:\wamp\www\westylegit\code\ThinkPHP\Library\Think\Controller.class.php 第 68 行.
NOTIC: [8] Undefined variable: content F:\wamp\www\westylegit\code\ThinkPHP\Library\Think\Controller.class.php 第 69 行.
INFO: [ view_parse ] --START--
INFO: [ template_filter ] --START--
INFO: Run Behavior\ContentReplaceBehavior [ RunTime:0.000099s ]
INFO: [ template_filter ] --END-- [ RunTime:0.000270s ]
NOTIC: [8] Undefined variable: shop F:\wamp\www\westylegit\code\Application\Runtime\Cache\Admin\3a825bdbf4ff8e553f1799eae96ff296.php 第 10 行.
NOTIC: [8] Undefined variable: shop F:\wamp\www\westylegit\code\Application\Runtime\Cache\Admin\3a825bdbf4ff8e553f1799eae96ff296.php 第 19 行.
NOTIC: [8] Undefined variable: shop F:\wamp\www\westylegit\code\Application\Runtime\Cache\Admin\3a825bdbf4ff8e553f1799eae96ff296.php 第 23 行.
NOTIC: [8] Undefined variable: shop F:\wamp\www\westylegit\code\Application\Runtime\Cache\Admin\3a825bdbf4ff8e553f1799eae96ff296.php 第 27 行.
NOTIC: [8] Undefined variable: shop F:\wamp\www\westylegit\code\Application\Runtime\Cache\Admin\3a825bdbf4ff8e553f1799eae96ff296.php 第 31 行.
NOTIC: [8] Undefined variable: shop F:\wamp\www\westylegit\code\Application\Runtime\Cache\Admin\3a825bdbf4ff8e553f1799eae96ff296.php 第 35 行.
INFO: Run Behavior\ParseTemplateBehavior [ RunTime:0.009880s ]
INFO: [ view_parse ] --END-- [ RunTime:0.010048s ]
INFO: [ view_filter ] --START--
INFO: Run Behavior\WriteHtmlCacheBehavior [ RunTime:0.001131s ]
INFO: Run Behavior\TokenBuildBehavior [ RunTime:0.000883s ]
INFO: [ view_filter ] --END-- [ RunTime:0.002267s ]
INFO: [ app_end ] --START--
INFO: Run Behavior\ShowPageTraceBehavior [ RunTime:0.000883s ]
INFO: [ app_end ] --END-- [ RunTime:0.001034s ]

[ 2017-03-13T07:11:55+08:00 ] ::1 /westylegit/code/index.php/Admin/Shop/img_handler?id=
INFO: [ app_init ] --START--
INFO: Run Behavior\BuildLiteBehavior [ RunTime:0.000037s ]
INFO: [ app_init ] --END-- [ RunTime:0.000560s ]
INFO: [ app_begin ] --START--
INFO: Run Behavior\ReadHtmlCacheBehavior [ RunTime:0.000547s ]
INFO: [ app_begin ] --END-- [ RunTime:0.000700s ]
SQL: SHOW COLUMNS FROM `westyle_admin_node` [ RunTime:0.0044s ]
SQL: SELECT * FROM `westyle_admin_node` WHERE `controller` = 'Shop' ORDER BY sort LIMIT 1   [ RunTime:0.0005s ]
INFO: [ app_end ] --START--
INFO: Run Behavior\ShowPageTraceBehavior [ RunTime:0.001023s ]
INFO: [ app_end ] --END-- [ RunTime:0.001178s ]

[ 2017-03-13T07:12:19+08:00 ] ::1 /westylegit/code/index.php/Admin/Operator/operator.shtml
INFO: [ app_init ] --START--
INFO: Run Behavior\BuildLiteBehavior [ RunTime:0.000035s ]
INFO: [ app_init ] --END-- [ RunTime:0.000625s ]
INFO: [ app_begin ] --START--
INFO: Run Behavior\ReadHtmlCacheBehavior [ RunTime:0.000521s ]
INFO: [ app_begin ] --END-- [ RunTime:0.000683s ]
SQL: SHOW COLUMNS FROM `westyle_admin_node` [ RunTime:0.0050s ]
SQL: SELECT * FROM `westyle_admin_node` WHERE `controller` = 'Operator' ORDER BY sort LIMIT 1   [ RunTime:0.0005s ]
SQL: SHOW COLUMNS FROM `westyle_operator` [ RunTime:0.0044s ]
SQL: SHOW COLUMNS FROM `westyle_shop` [ RunTime:0.0046s ]
SQL: SELECT Operator._id AS _id,Operator.operator_email AS operator_email,Operator.operator_name AS operator_name,Operator.operator_password AS operator_password,Operator.shop_id AS shop_id,Shop.name AS shop_name FROM westyle_operator Operator  JOIN westyle_shop Shop ON Operator.shop_id=Shop.id ORDER BY Operator.shop_id desc  [ RunTime:0.0007s ]
INFO: [ view_parse ] --START--
INFO: [ template_filter ] --START--
INFO: Run Behavior\ContentReplaceBehavior [ RunTime:0.000098s ]
INFO: [ template_filter ] --END-- [ RunTime:0.000269s ]
INFO: Run Behavior\ParseTemplateBehavior [ RunTime:0.012427s ]
INFO: [ view_parse ] --END-- [ RunTime:0.012604s ]
INFO: [ view_filter ] --START--
INFO: Run Behavior\WriteHtmlCacheBehavior [ RunTime:0.001163s ]
INFO: Run Behavior\TokenBuildBehavior [ RunTime:0.000991s ]
INFO: [ view_filter ] --END-- [ RunTime:0.002610s ]
INFO: [ app_end ] --START--
INFO: Run Behavior\ShowPageTraceBehavior [ RunTime:0.000886s ]
INFO: [ app_end ] --END-- [ RunTime:0.001034s ]

[ 2017-03-13T07:12:21+08:00 ] ::1 /westylegit/code/index.php/Admin/Shop/shop.shtml
INFO: [ app_init ] --START--
INFO: Run Behavior\BuildLiteBehavior [ RunTime:0.000036s ]
INFO: [ app_init ] --END-- [ RunTime:0.000866s ]
INFO: [ app_begin ] --START--
INFO: Run Behavior\ReadHtmlCacheBehavior [ RunTime:0.000533s ]
INFO: [ app_begin ] --END-- [ RunTime:0.000688s ]
SQL: SHOW COLUMNS FROM `westyle_admin_node` [ RunTime:0.0050s ]
SQL: SELECT * FROM `westyle_admin_node` WHERE `controller` = 'Shop' ORDER BY sort LIMIT 1   [ RunTime:0.0005s ]
SQL: SHOW COLUMNS FROM `westyle_shop` [ RunTime:0.0047s ]
SQL: SHOW COLUMNS FROM `westyle_commercial_area` [ RunTime:0.0045s ]
SQL: SHOW COLUMNS FROM `westyle_city` [ RunTime:0.0040s ]
SQL: SELECT Shop.id AS id,Shop.name AS name,Shop.adr AS adr,Shop.tel AS tel,Shop.fax AS fax,Shop.email AS email,Shop.level AS level,Shop.longtitude AS longtitude,Shop.latitude AS latitude,Shop.description AS description,Shop.content AS content,Shop.tag AS tag,Shop.link AS link,Shop.sort AS sort,Shop.open_time AS open_time,Shop.tax_return AS tax_return,Shop.area AS area,Shop.city AS city,Shop.commercial_area_id AS commercial_area_id,Shop.Merchant_ID AS Merchant_ID,CommercialArea.area_name AS commercial_area_name,City.name AS city_name FROM westyle_shop Shop  JOIN westyle_commercial_area CommercialArea ON Shop.commercial_area_id = CommercialArea.id  JOIN westyle_city City ON Shop.city = City.id ORDER BY Shop.id desc  [ RunTime:0.0045s ]
INFO: [ view_parse ] --START--
INFO: [ template_filter ] --START--
INFO: Run Behavior\ContentReplaceBehavior [ RunTime:0.000099s ]
INFO: [ template_filter ] --END-- [ RunTime:0.000263s ]
INFO: Run Behavior\ParseTemplateBehavior [ RunTime:0.013729s ]
INFO: [ view_parse ] --END-- [ RunTime:0.013938s ]
INFO: [ view_filter ] --START--
INFO: Run Behavior\WriteHtmlCacheBehavior [ RunTime:0.000606s ]
INFO: Run Behavior\TokenBuildBehavior [ RunTime:0.000918s ]
INFO: [ view_filter ] --END-- [ RunTime:0.001810s ]
INFO: [ app_end ] --START--
INFO: Run Behavior\ShowPageTraceBehavior [ RunTime:0.000854s ]
INFO: [ app_end ] --END-- [ RunTime:0.001003s ]

[ 2017-03-13T07:12:22+08:00 ] ::1 /westylegit/code/index.php/Admin/Shop/img_upload.shtml?id=1131
INFO: [ app_init ] --START--
INFO: Run Behavior\BuildLiteBehavior [ RunTime:0.000038s ]
INFO: [ app_init ] --END-- [ RunTime:0.000660s ]
INFO: [ app_begin ] --START--
INFO: Run Behavior\ReadHtmlCacheBehavior [ RunTime:0.000688s ]
INFO: [ app_begin ] --END-- [ RunTime:0.000871s ]
SQL: SHOW COLUMNS FROM `westyle_admin_node` [ RunTime:0.0080s ]
SQL: SELECT * FROM `westyle_admin_node` WHERE `controller` = 'Shop' ORDER BY sort LIMIT 1   [ RunTime:0.0005s ]
NOTIC: [2] Missing argument 1 for Think\Controller::show(), called in F:\wamp\www\westylegit\code\Application\Admin\Controller\ShopController.class.php on line 66 and defined F:\wamp\www\westylegit\code\ThinkPHP\Library\Think\Controller.class.php 第 68 行.
NOTIC: [8] Undefined variable: content F:\wamp\www\westylegit\code\ThinkPHP\Library\Think\Controller.class.php 第 69 行.
INFO: [ view_parse ] --START--
INFO: [ template_filter ] --START--
INFO: Run Behavior\ContentReplaceBehavior [ RunTime:0.000097s ]
INFO: [ template_filter ] --END-- [ RunTime:0.000289s ]
NOTIC: [8] Undefined variable: shop F:\wamp\www\westylegit\code\Application\Runtime\Cache\Admin\3a825bdbf4ff8e553f1799eae96ff296.php 第 10 行.
NOTIC: [8] Undefined variable: shop F:\wamp\www\westylegit\code\Application\Runtime\Cache\Admin\3a825bdbf4ff8e553f1799eae96ff296.php 第 23 行.
NOTIC: [8] Undefined variable: shop F:\wamp\www\westylegit\code\Application\Runtime\Cache\Admin\3a825bdbf4ff8e553f1799eae96ff296.php 第 27 行.
NOTIC: [8] Undefined variable: shop F:\wamp\www\westylegit\code\Application\Runtime\Cache\Admin\3a825bdbf4ff8e553f1799eae96ff296.php 第 31 行.
NOTIC: [8] Undefined variable: shop F:\wamp\www\westylegit\code\Application\Runtime\Cache\Admin\3a825bdbf4ff8e553f1799eae96ff296.php 第 35 行.
INFO: Run Behavior\ParseTemplateBehavior [ RunTime:0.011013s ]
INFO: [ view_parse ] --END-- [ RunTime:0.011177s ]
INFO: [ view_filter ] --START--
INFO: Run Behavior\WriteHtmlCacheBehavior [ RunTime:0.000684s ]
INFO: Run Behavior\TokenBuildBehavior [ RunTime:0.000866s ]
INFO: [ view_filter ] --END-- [ RunTime:0.001790s ]
INFO: [ app_end ] --START--
INFO: Run Behavior\ShowPageTraceBehavior [ RunTime:0.000869s ]
INFO: [ app_end ] --END-- [ RunTime:0.001016s ]

[ 2017-03-13T07:12:24+08:00 ] ::1 /westylegit/code/index.php/Admin/Shop/img_handler?id=
INFO: [ app_init ] --START--
INFO: Run Behavior\BuildLiteBehavior [ RunTime:0.000037s ]
INFO: [ app_init ] --END-- [ RunTime:0.000569s ]
INFO: [ app_begin ] --START--
INFO: Run Behavior\ReadHtmlCacheBehavior [ RunTime:0.000538s ]
INFO: [ app_begin ] --END-- [ RunTime:0.000692s ]
SQL: SHOW COLUMNS FROM `westyle_admin_node` [ RunTime:0.0047s ]
SQL: SELECT * FROM `westyle_admin_node` WHERE `controller` = 'Shop' ORDER BY sort LIMIT 1   [ RunTime:0.0006s ]
INFO: [ app_end ] --START--
INFO: Run Behavior\ShowPageTraceBehavior [ RunTime:0.001149s ]
INFO: [ app_end ] --END-- [ RunTime:0.001434s ]

[ 2017-03-13T07:13:48+08:00 ] ::1 /westylegit/code/index.php/Admin/Shop/shop.shtml
INFO: [ app_init ] --START--
INFO: Run Behavior\BuildLiteBehavior [ RunTime:0.000037s ]
INFO: [ app_init ] --END-- [ RunTime:0.000643s ]
INFO: [ app_begin ] --START--
INFO: Run Behavior\ReadHtmlCacheBehavior [ RunTime:0.001523s ]
INFO: [ app_begin ] --END-- [ RunTime:0.001820s ]
SQL: SHOW COLUMNS FROM `westyle_admin_node` [ RunTime:0.0083s ]
SQL: SELECT * FROM `westyle_admin_node` WHERE `controller` = 'Shop' ORDER BY sort LIMIT 1   [ RunTime:0.0006s ]
SQL: SHOW COLUMNS FROM `westyle_shop` [ RunTime:0.0048s ]
SQL: SHOW COLUMNS FROM `westyle_commercial_area` [ RunTime:0.0429s ]
SQL: SHOW COLUMNS FROM `westyle_city` [ RunTime:0.0038s ]
SQL: SELECT Shop.id AS id,Shop.name AS name,Shop.adr AS adr,Shop.tel AS tel,Shop.fax AS fax,Shop.email AS email,Shop.level AS level,Shop.longtitude AS longtitude,Shop.latitude AS latitude,Shop.description AS description,Shop.content AS content,Shop.tag AS tag,Shop.link AS link,Shop.sort AS sort,Shop.open_time AS open_time,Shop.tax_return AS tax_return,Shop.area AS area,Shop.city AS city,Shop.commercial_area_id AS commercial_area_id,Shop.Merchant_ID AS Merchant_ID,CommercialArea.area_name AS commercial_area_name,City.name AS city_name FROM westyle_shop Shop  JOIN westyle_commercial_area CommercialArea ON Shop.commercial_area_id = CommercialArea.id  JOIN westyle_city City ON Shop.city = City.id ORDER BY Shop.id desc  [ RunTime:0.0037s ]
INFO: [ view_parse ] --START--
INFO: [ template_filter ] --START--
INFO: Run Behavior\ContentReplaceBehavior [ RunTime:0.000112s ]
INFO: [ template_filter ] --END-- [ RunTime:0.000290s ]
INFO: Run Behavior\ParseTemplateBehavior [ RunTime:0.014701s ]
INFO: [ view_parse ] --END-- [ RunTime:0.014913s ]
INFO: [ view_filter ] --START--
INFO: Run Behavior\WriteHtmlCacheBehavior [ RunTime:0.000660s ]
INFO: Run Behavior\TokenBuildBehavior [ RunTime:0.000895s ]
INFO: [ view_filter ] --END-- [ RunTime:0.001795s ]
INFO: [ app_end ] --START--
INFO: Run Behavior\ShowPageTraceBehavior [ RunTime:0.000863s ]
INFO: [ app_end ] --END-- [ RunTime:0.001020s ]

[ 2017-03-13T07:13:49+08:00 ] ::1 /westylegit/code/index.php/Admin/Shop/img_upload.shtml?id=1131
INFO: [ app_init ] --START--
INFO: Run Behavior\BuildLiteBehavior [ RunTime:0.000036s ]
INFO: [ app_init ] --END-- [ RunTime:0.000606s ]
INFO: [ app_begin ] --START--
INFO: Run Behavior\ReadHtmlCacheBehavior [ RunTime:0.000556s ]
INFO: [ app_begin ] --END-- [ RunTime:0.000716s ]
SQL: SHOW COLUMNS FROM `westyle_admin_node` [ RunTime:0.0074s ]
SQL: SELECT * FROM `westyle_admin_node` WHERE `controller` = 'Shop' ORDER BY sort LIMIT 1   [ RunTime:0.0005s ]
NOTIC: [2] Missing argument 1 for Think\Controller::show(), called in F:\wamp\www\westylegit\code\Application\Admin\Controller\ShopController.class.php on line 66 and defined F:\wamp\www\westylegit\code\ThinkPHP\Library\Think\Controller.class.php 第 68 行.
NOTIC: [8] Undefined variable: content F:\wamp\www\westylegit\code\ThinkPHP\Library\Think\Controller.class.php 第 69 行.
INFO: [ view_parse ] --START--
INFO: [ template_filter ] --START--
INFO: Run Behavior\ContentReplaceBehavior [ RunTime:0.000097s ]
INFO: [ template_filter ] --END-- [ RunTime:0.000261s ]
NOTIC: [8] Undefined variable: shop F:\wamp\www\westylegit\code\Application\Runtime\Cache\Admin\3a825bdbf4ff8e553f1799eae96ff296.php 第 10 行.
INFO: Run Behavior\ParseTemplateBehavior [ RunTime:0.010020s ]
INFO: [ view_parse ] --END-- [ RunTime:0.010249s ]
INFO: [ view_filter ] --START--
INFO: Run Behavior\WriteHtmlCacheBehavior [ RunTime:0.000616s ]
INFO: Run Behavior\TokenBuildBehavior [ RunTime:0.000821s ]
INFO: [ view_filter ] --END-- [ RunTime:0.001687s ]
INFO: [ app_end ] --START--
INFO: Run Behavior\ShowPageTraceBehavior [ RunTime:0.000842s ]
INFO: [ app_end ] --END-- [ RunTime:0.000990s ]

